2023-02-19 21:51:40,367 DEBUG    root            Loaded Command Group: ['gcloud', 'config']
2023-02-19 21:51:40,372 DEBUG    root            Loaded Command Group: ['gcloud', 'config', 'config_helper']
2023-02-19 21:51:40,374 DEBUG    root            Running [gcloud.config.config-helper] with arguments: [--format: "json", --quiet: "True", --verbosity: "warning"]
2023-02-19 21:51:40,383 DEBUG    root            Chosen display Format:default json
2023-02-19 21:51:40,383 INFO     root            Display format: "default json"
2023-02-19 21:51:40,384 INFO     ___FILE_ONLY___ {
  "configuration": {
    "active_configuration": "default",
    "properties": {
      "compute": {
        "region": "asia-southeast1-a"
      },
      "container": {
        "use_application_default_credentials": "true"
      },
      "core": {
        "account": "wongshennan@gmail.com",
        "disable_prompts": "True",
        "disable_usage_reporting": "True",
        "print_unhandled_tracebacks": "true",
        "project": "test",
        "verbosity": "warning"
      },
      "metrics": {
        "environment": "cloudcode.vscode",
        "environment_version": "1.21.3"
      }
    }
  },
  "credential": {
    "access_token": "ya29.a0AVvZVspHTCYkyJ3Y7VDglBGc5CuY_UV1ZieTm4gt1kNT4Nz6OaGZ6iVQRWdPcrLU1jarznpA0Z_7IKFMNQel8Y81IzhJ_pOIzbLYSpCV1JZDeqYfqE67Qf-QUxe9KPUsqAJhRBKRHqSKIVOfd_KjExym9WlhdzB2M-4HE-MaCgYKAYkSAQASFQGbdwaIFU8JaS7rXdDGFzNdbIDTaQ0174",
    "id_token": "eyJhbGciOiJSUzI1NiIsImtpZCI6IjU5NjJlN2EwNTljN2Y1YzBjMGQ1NmNiYWQ1MWZlNjRjZWVjYTY3YzYiLCJ0eXAiOiJKV1QifQ.eyJpc3MiOiJodHRwczovL2FjY291bnRzLmdvb2dsZS5jb20iLCJhenAiOiIzMjU1NTk0MDU1OS5hcHBzLmdvb2dsZXVzZXJjb250ZW50LmNvbSIsImF1ZCI6IjMyNTU1OTQwNTU5LmFwcHMuZ29vZ2xldXNlcmNvbnRlbnQuY29tIiwic3ViIjoiMTE0MTQ0MTEzNTczMTc4NjIzNzc1IiwiZW1haWwiOiJ3b25nc2hlbm5hbkBnbWFpbC5jb20iLCJlbWFpbF92ZXJpZmllZCI6dHJ1ZSwiYXRfaGFzaCI6IjVsMWhVLVpVWHZabnFvaWZSNERfVVEiLCJpYXQiOjE2NzY4MTIxOTUsImV4cCI6MTY3NjgxNTc5NX0.d_WI4XdZUTNv_eZQjQ_-nWWqQMjXr5jPnKfsJDMc3veB3V8x6rYbL0wbbZLlSKn-5Bcp5Ta05Cie9MG_hp7IMcDm-_zuu_KnuWcmaIcKBhkVMCst869zbbCwegSvd1jLDnT3L77APdjdfBsimzCLmElot_4b6H6VWY6kVu7d01W0XHX_D3QFiBtNoQgl_2H4yk23anzFl1msWDd5KGEMdQgt5nP8H7GY5SPGE7zP1cMfRbIcdxP5zivn9pkPq5QKJC-mNyDawFkfhMWWeIEahn5hlJvpeivIEY1oVQn8CYN0a5zTXGw3O7Tsu2WEZmUssfAkZI__BLG-XQ3CHru1ew",
    "token_expiry": "2023-02-19T14:09:54Z"
  },
  "sentinels": {
    "config_sentinel": "/Users/wongshennan/.config/gcloud/config_sentinel"
  }
}
2023-02-19 21:51:40,385 INFO     ___FILE_ONLY___ 

