2023-02-19 23:58:37,936 DEBUG    root            Loaded Command Group: ['gcloud', 'config']
2023-02-19 23:58:37,937 DEBUG    root            Loaded Command Group: ['gcloud', 'config', 'config_helper']
2023-02-19 23:58:37,939 DEBUG    root            Running [gcloud.config.config-helper] with arguments: [--format: "json"]
2023-02-19 23:58:37,943 DEBUG    root            Chosen display Format:default json
2023-02-19 23:58:37,943 INFO     root            Display format: "default json"
2023-02-19 23:58:37,944 INFO     ___FILE_ONLY___ {
  "configuration": {
    "active_configuration": "default",
    "properties": {
      "compute": {
        "region": "asia-southeast1-a"
      },
      "container": {
        "use_application_default_credentials": "true"
      },
      "core": {
        "account": "wongshennan@gmail.com",
        "disable_usage_reporting": "True",
        "print_unhandled_tracebacks": "true",
        "project": "test"
      },
      "metrics": {
        "environment": "cloudcode.vscode",
        "environment_version": "1.21.3"
      }
    }
  },
  "credential": {
    "access_token": "ya29.a0AVvZVsq43HhuhzGpx_noTnINQxV7ookofv0spYC6qS1ur22_eB351NE-rgOoh3yv7k0zIqon39MeY6zM3vLw4-bHTCVqji3gPyYiAQtYtaJ0G-TtLnDmJs-oVOCKOP-PhDzgwSdUye8zo3ybMYJmVUt-mrm7eM8KykuW2eAaCgYKAQ4SAQASFQGbdwaI76R5HXTSOm5DtINTVuveuQ0174",
    "id_token": "eyJhbGciOiJSUzI1NiIsImtpZCI6IjU5NjJlN2EwNTljN2Y1YzBjMGQ1NmNiYWQ1MWZlNjRjZWVjYTY3YzYiLCJ0eXAiOiJKV1QifQ.eyJpc3MiOiJodHRwczovL2FjY291bnRzLmdvb2dsZS5jb20iLCJhenAiOiIzMjU1NTk0MDU1OS5hcHBzLmdvb2dsZXVzZXJjb250ZW50LmNvbSIsImF1ZCI6IjMyNTU1OTQwNTU5LmFwcHMuZ29vZ2xldXNlcmNvbnRlbnQuY29tIiwic3ViIjoiMTE0MTQ0MTEzNTczMTc4NjIzNzc1IiwiZW1haWwiOiJ3b25nc2hlbm5hbkBnbWFpbC5jb20iLCJlbWFpbF92ZXJpZmllZCI6dHJ1ZSwiYXRfaGFzaCI6IkRLTHROcG5rNk5ORE54Q1RCc2NEdFEiLCJpYXQiOjE2NzY4MjIyMTQsImV4cCI6MTY3NjgyNTgxNH0.RVmLxuBtMeHNvA86d06Gq8kIv2MplbKLH6NKQc0CxBZARGxrx2NzKUTLquGabaTjl7l9EKxUjI2swRnNPsBuSiAGM7buR5LGEZ_H9_sb1grRyT7XMo2LnVEHQH28230Z3nzcstMm6DhLnciKqB5B3k2by6GE2T7KelpvlYkBw_22XkKrUQZwVBQXSko3t3i3DzTWUF1rSKBcZKE2UrnQfU7aW_cQO_wC97cYNMCGQxvgtO_4slMEtWX8KkwlrQ_tKg4yM4Euhu9yPKLHb5NdG20U0HLXCqqApkzQZIjQEjt0OuHMOkz2PicQsRfSUL2y7pTmbbdzNF-D76maWGQPsQ",
    "token_expiry": "2023-02-19T16:56:53Z"
  },
  "sentinels": {
    "config_sentinel": "/Users/wongshennan/.config/gcloud/config_sentinel"
  }
}
2023-02-19 23:58:37,944 INFO     ___FILE_ONLY___ 

