2023-03-13 17:24:58,312 DEBUG    root            Loaded Command Group: ['gcloud', 'config']
2023-03-13 17:24:58,316 DEBUG    root            Loaded Command Group: ['gcloud', 'config', 'config_helper']
2023-03-13 17:24:58,319 DEBUG    root            Running [gcloud.config.config-helper] with arguments: [--format: "json", --quiet: "True", --verbosity: "warning"]
2023-03-13 17:24:58,324 DEBUG    google.auth.transport.requests Making request: POST https://oauth2.googleapis.com/token
2023-03-13 17:24:58,465 DEBUG    urllib3.connectionpool Starting new HTTPS connection (1): oauth2.googleapis.com:443
2023-03-13 17:24:58,672 DEBUG    urllib3.connectionpool https://oauth2.googleapis.com:443 "POST /token HTTP/1.1" 200 None
2023-03-13 17:24:58,690 DEBUG    urllib3.connectionpool Starting new HTTPS connection (1): www.gstatic.com:443
2023-03-13 17:24:58,755 DEBUG    urllib3.connectionpool https://www.gstatic.com:443 "GET /cloudsdk/feature_flag_config_file.yaml HTTP/1.1" 200 101
2023-03-13 17:24:58,763 DEBUG    root            Chosen display Format:default json
2023-03-13 17:24:58,763 INFO     root            Display format: "default json"
2023-03-13 17:24:58,764 INFO     ___FILE_ONLY___ {
  "configuration": {
    "active_configuration": "default",
    "properties": {
      "compute": {
        "region": "asia-southeast1-a"
      },
      "container": {
        "use_application_default_credentials": "true"
      },
      "core": {
        "account": "wongshennan@gmail.com",
        "disable_prompts": "True",
        "disable_usage_reporting": "True",
        "print_unhandled_tracebacks": "true",
        "project": "test",
        "verbosity": "warning"
      },
      "metrics": {
        "environment": "cloudcode.vscode",
        "environment_version": "1.21.3"
      }
    }
  },
  "credential": {
    "access_token": "ya29.a0AVvZVsp-GAvOQmua5s07kR5xtCxwHTEyWeVT7E4y5NmJ4UuHWHxDIC9G1UsDE3yZ3UeNvW6YFop6METAYnjcRaSOpRPs8ivewvJ6h9op9QrsV1jXhvqpELVM0tVYnbJ2Ij9Pw-W0apL-iQQk7LpqFV86_DOgr_9GnvRPQT0aCgYKAfcSARMSFQGbdwaIK9IFoX36vafs1NF93c5p0Q0174",
    "id_token": "eyJhbGciOiJSUzI1NiIsImtpZCI6IjVkZjFmOTQ1ZmY5MDZhZWFlZmE5M2MyNzY5OGRiNDA2ZDYwNmIwZTgiLCJ0eXAiOiJKV1QifQ.eyJpc3MiOiJodHRwczovL2FjY291bnRzLmdvb2dsZS5jb20iLCJhenAiOiIzMjU1NTk0MDU1OS5hcHBzLmdvb2dsZXVzZXJjb250ZW50LmNvbSIsImF1ZCI6IjMyNTU1OTQwNTU5LmFwcHMuZ29vZ2xldXNlcmNvbnRlbnQuY29tIiwic3ViIjoiMTE0MTQ0MTEzNTczMTc4NjIzNzc1IiwiZW1haWwiOiJ3b25nc2hlbm5hbkBnbWFpbC5jb20iLCJlbWFpbF92ZXJpZmllZCI6dHJ1ZSwiYXRfaGFzaCI6Ilg5cVNEY2pBeXpaaXRJcjlWd2E3bFEiLCJpYXQiOjE2Nzg2OTk0OTgsImV4cCI6MTY3ODcwMzA5OH0.ZOo30jboA5uLHaqC6BrU7EpOAWl12X_tbTvgsWQX0n2ajB4pPqPy9Ved3oPHjOi68lTBa8whrvTnXXu9csrjHAAyVcOcbAaQMglMDVTIIk2lg5bDtxZDE93cOJRfEgGpfHHTCzpEVMBdgq55G5iHkuw93rMNYnHfd2YgxuocB4o5sgNfkMlrUBda2C6WrxpmvgdmnUH5JUNMLLyjjKtoXkifQueX1bW5aDZR48G9mIO63RQnJyExzOb3I0j48ULreaooQEp0VmXPi6u2ZVHjijpjjz0RC75Rm2TVCDRcSbd0wokE61F_HURgIQKMvKhAoyqSDSCIrLfYlsE0nduW2A",
    "token_expiry": "2023-03-13T10:24:57Z"
  },
  "sentinels": {
    "config_sentinel": "/Users/wongshennan/.config/gcloud/config_sentinel"
  }
}
2023-03-13 17:24:58,764 INFO     ___FILE_ONLY___ 

