2023-03-13 17:26:09,260 DEBUG    root            Loaded Command Group: ['gcloud', 'components']
2023-03-13 17:26:09,262 DEBUG    root            Loaded Command Group: ['gcloud', 'components', 'install']
2023-03-13 17:26:09,263 DEBUG    root            Running [gcloud.components.install] with arguments: [--quiet: "True", COMPONENT-IDS:7: "['alpha', 'beta', 'gke-gcloud-auth-plugin', 'kubectl', 'skaffold', 'minikube', 'gsutil']"]
2023-03-13 17:26:09,287 DEBUG    urllib3.connectionpool Starting new HTTPS connection (1): dl.google.com:443
2023-03-13 17:26:09,353 DEBUG    urllib3.connectionpool https://dl.google.com:443 "GET /dl/cloudsdk/channels/rapid/components-v421.0.0.json HTTP/1.1" 200 206156
2023-03-13 17:26:09,393 INFO     ___FILE_ONLY___ 

2023-03-13 17:26:09,393 INFO     ___FILE_ONLY___ 
Your current Google Cloud CLI version is: 421.0.0

2023-03-13 17:26:09,393 INFO     ___FILE_ONLY___ Installing components from version: 421.0.0

2023-03-13 17:26:09,393 INFO     ___FILE_ONLY___ 

2023-03-13 17:26:09,393 DEBUG    root            Chosen display Format:table[box,title="These components will be removed."](details.display_name:label=Name:align=left,version.version_string:label=Version:align=right,data.size.size(zero="",min=1048576):label=Size:align=right)
2023-03-13 17:26:09,394 DEBUG    root            Chosen display Format:table[box,title="These components will be updated."](details.display_name:label=Name:align=left,version.version_string:label=Version:align=right,data.size.size(zero="",min=1048576):label=Size:align=right)
2023-03-13 17:26:09,394 DEBUG    root            Chosen display Format:table[box,title="These components will be installed."](details.display_name:label=Name:align=left,version.version_string:label=Version:align=right,data.size.size(zero="",min=1048576):label=Size:align=right)
2023-03-13 17:26:09,397 INFO     ___FILE_ONLY___ ┌─────────────────────────────────────────────────┐
2023-03-13 17:26:09,397 INFO     ___FILE_ONLY___ 

2023-03-13 17:26:09,397 INFO     ___FILE_ONLY___ │       These components will be installed.       │
2023-03-13 17:26:09,398 INFO     ___FILE_ONLY___ 

2023-03-13 17:26:09,398 INFO     ___FILE_ONLY___ ├─────────────────────────┬────────────┬──────────┤
2023-03-13 17:26:09,398 INFO     ___FILE_ONLY___ 

2023-03-13 17:26:09,398 INFO     ___FILE_ONLY___ │           Name          │  Version   │   Size   │
2023-03-13 17:26:09,398 INFO     ___FILE_ONLY___ 

2023-03-13 17:26:09,398 INFO     ___FILE_ONLY___ ├─────────────────────────┼────────────┼──────────┤
2023-03-13 17:26:09,398 INFO     ___FILE_ONLY___ 

2023-03-13 17:26:09,398 INFO     ___FILE_ONLY___ │ 
2023-03-13 17:26:09,398 INFO     ___FILE_ONLY___ Minikube               
2023-03-13 17:26:09,398 INFO     ___FILE_ONLY___  
2023-03-13 17:26:09,398 INFO     ___FILE_ONLY___ │ 
2023-03-13 17:26:09,398 INFO     ___FILE_ONLY___     1.29.0
2023-03-13 17:26:09,398 INFO     ___FILE_ONLY___  
2023-03-13 17:26:09,398 INFO     ___FILE_ONLY___ │ 
2023-03-13 17:26:09,398 INFO     ___FILE_ONLY___ 31.3 MiB
2023-03-13 17:26:09,398 INFO     ___FILE_ONLY___  
2023-03-13 17:26:09,398 INFO     ___FILE_ONLY___ │
2023-03-13 17:26:09,398 INFO     ___FILE_ONLY___ 

2023-03-13 17:26:09,398 INFO     ___FILE_ONLY___ │ 
2023-03-13 17:26:09,398 INFO     ___FILE_ONLY___ Skaffold               
2023-03-13 17:26:09,398 INFO     ___FILE_ONLY___  
2023-03-13 17:26:09,398 INFO     ___FILE_ONLY___ │ 
2023-03-13 17:26:09,398 INFO     ___FILE_ONLY___      2.1.0
2023-03-13 17:26:09,398 INFO     ___FILE_ONLY___  
2023-03-13 17:26:09,398 INFO     ___FILE_ONLY___ │ 
2023-03-13 17:26:09,398 INFO     ___FILE_ONLY___ 20.0 MiB
2023-03-13 17:26:09,398 INFO     ___FILE_ONLY___  
2023-03-13 17:26:09,398 INFO     ___FILE_ONLY___ │
2023-03-13 17:26:09,399 INFO     ___FILE_ONLY___ 

2023-03-13 17:26:09,399 INFO     ___FILE_ONLY___ │ 
2023-03-13 17:26:09,399 INFO     ___FILE_ONLY___ gcloud Alpha Commands  
2023-03-13 17:26:09,399 INFO     ___FILE_ONLY___  
2023-03-13 17:26:09,399 INFO     ___FILE_ONLY___ │ 
2023-03-13 17:26:09,399 INFO     ___FILE_ONLY___ 2023.03.03
2023-03-13 17:26:09,399 INFO     ___FILE_ONLY___  
2023-03-13 17:26:09,399 INFO     ___FILE_ONLY___ │ 
2023-03-13 17:26:09,399 INFO     ___FILE_ONLY___  < 1 MiB
2023-03-13 17:26:09,399 INFO     ___FILE_ONLY___  
2023-03-13 17:26:09,399 INFO     ___FILE_ONLY___ │
2023-03-13 17:26:09,399 INFO     ___FILE_ONLY___ 

2023-03-13 17:26:09,399 INFO     ___FILE_ONLY___ │ 
2023-03-13 17:26:09,399 INFO     ___FILE_ONLY___ gcloud Beta Commands   
2023-03-13 17:26:09,399 INFO     ___FILE_ONLY___  
2023-03-13 17:26:09,399 INFO     ___FILE_ONLY___ │ 
2023-03-13 17:26:09,399 INFO     ___FILE_ONLY___ 2023.03.03
2023-03-13 17:26:09,399 INFO     ___FILE_ONLY___  
2023-03-13 17:26:09,399 INFO     ___FILE_ONLY___ │ 
2023-03-13 17:26:09,399 INFO     ___FILE_ONLY___  < 1 MiB
2023-03-13 17:26:09,399 INFO     ___FILE_ONLY___  
2023-03-13 17:26:09,399 INFO     ___FILE_ONLY___ │
2023-03-13 17:26:09,399 INFO     ___FILE_ONLY___ 

2023-03-13 17:26:09,399 INFO     ___FILE_ONLY___ │ 
2023-03-13 17:26:09,399 INFO     ___FILE_ONLY___ gcloud cli dependencies
2023-03-13 17:26:09,399 INFO     ___FILE_ONLY___  
2023-03-13 17:26:09,399 INFO     ___FILE_ONLY___ │ 
2023-03-13 17:26:09,399 INFO     ___FILE_ONLY___ 2021.04.16
2023-03-13 17:26:09,399 INFO     ___FILE_ONLY___  
2023-03-13 17:26:09,399 INFO     ___FILE_ONLY___ │ 
2023-03-13 17:26:09,399 INFO     ___FILE_ONLY___  < 1 MiB
2023-03-13 17:26:09,400 INFO     ___FILE_ONLY___  
2023-03-13 17:26:09,400 INFO     ___FILE_ONLY___ │
2023-03-13 17:26:09,400 INFO     ___FILE_ONLY___ 

2023-03-13 17:26:09,400 INFO     ___FILE_ONLY___ │ 
2023-03-13 17:26:09,400 INFO     ___FILE_ONLY___ gke-gcloud-auth-plugin 
2023-03-13 17:26:09,400 INFO     ___FILE_ONLY___  
2023-03-13 17:26:09,400 INFO     ___FILE_ONLY___ │ 
2023-03-13 17:26:09,400 INFO     ___FILE_ONLY___      0.5.0
2023-03-13 17:26:09,400 INFO     ___FILE_ONLY___  
2023-03-13 17:26:09,400 INFO     ___FILE_ONLY___ │ 
2023-03-13 17:26:09,400 INFO     ___FILE_ONLY___  7.1 MiB
2023-03-13 17:26:09,400 INFO     ___FILE_ONLY___  
2023-03-13 17:26:09,400 INFO     ___FILE_ONLY___ │
2023-03-13 17:26:09,400 INFO     ___FILE_ONLY___ 

2023-03-13 17:26:09,400 INFO     ___FILE_ONLY___ │ 
2023-03-13 17:26:09,400 INFO     ___FILE_ONLY___ kubectl                
2023-03-13 17:26:09,400 INFO     ___FILE_ONLY___  
2023-03-13 17:26:09,400 INFO     ___FILE_ONLY___ │ 
2023-03-13 17:26:09,400 INFO     ___FILE_ONLY___    1.24.11
2023-03-13 17:26:09,400 INFO     ___FILE_ONLY___  
2023-03-13 17:26:09,400 INFO     ___FILE_ONLY___ │ 
2023-03-13 17:26:09,400 INFO     ___FILE_ONLY___ 92.8 MiB
2023-03-13 17:26:09,400 INFO     ___FILE_ONLY___  
2023-03-13 17:26:09,400 INFO     ___FILE_ONLY___ │
2023-03-13 17:26:09,400 INFO     ___FILE_ONLY___ 

2023-03-13 17:26:09,400 INFO     ___FILE_ONLY___ │ 
2023-03-13 17:26:09,400 INFO     ___FILE_ONLY___ kubectl                
2023-03-13 17:26:09,400 INFO     ___FILE_ONLY___  
2023-03-13 17:26:09,400 INFO     ___FILE_ONLY___ │ 
2023-03-13 17:26:09,400 INFO     ___FILE_ONLY___    1.24.11
2023-03-13 17:26:09,401 INFO     ___FILE_ONLY___  
2023-03-13 17:26:09,401 INFO     ___FILE_ONLY___ │ 
2023-03-13 17:26:09,401 INFO     ___FILE_ONLY___  < 1 MiB
2023-03-13 17:26:09,401 INFO     ___FILE_ONLY___  
2023-03-13 17:26:09,401 INFO     ___FILE_ONLY___ │
2023-03-13 17:26:09,401 INFO     ___FILE_ONLY___ 

2023-03-13 17:26:09,401 INFO     ___FILE_ONLY___ └─────────────────────────┴────────────┴──────────┘
2023-03-13 17:26:09,401 INFO     ___FILE_ONLY___ 

2023-03-13 17:26:09,401 INFO     ___FILE_ONLY___ 

2023-03-13 17:26:09,402 DEBUG    urllib3.connectionpool Starting new HTTPS connection (1): dl.google.com:443
2023-03-13 17:26:09,448 DEBUG    urllib3.connectionpool https://dl.google.com:443 "GET /dl/cloudsdk/channels/rapid/RELEASE_NOTES HTTP/1.1" 200 956633
2023-03-13 17:26:09,519 INFO     ___FILE_ONLY___ For the latest full release notes, please visit:
  https://cloud.google.com/sdk/release_notes


2023-03-13 17:26:09,536 INFO     ___FILE_ONLY___ ╔════════════════════════════════════════════════════════════╗

2023-03-13 17:26:09,536 INFO     ___FILE_ONLY___ ╠═ Creating update staging area                             ═╣

2023-03-13 17:26:09,536 INFO     ___FILE_ONLY___ ╚
2023-03-13 17:26:09,537 INFO     ___FILE_ONLY___ ══════
2023-03-13 17:26:12,127 INFO     ___FILE_ONLY___ ══════
2023-03-13 17:26:12,127 INFO     ___FILE_ONLY___ ══════
2023-03-13 17:26:12,564 INFO     ___FILE_ONLY___ ═
2023-03-13 17:26:12,732 INFO     ___FILE_ONLY___ ═
2023-03-13 17:26:12,885 INFO     ___FILE_ONLY___ ═
2023-03-13 17:26:13,121 INFO     ___FILE_ONLY___ ═
2023-03-13 17:26:13,330 INFO     ___FILE_ONLY___ ═
2023-03-13 17:26:13,490 INFO     ___FILE_ONLY___ ═
2023-03-13 17:26:13,741 INFO     ___FILE_ONLY___ ═
2023-03-13 17:26:13,967 INFO     ___FILE_ONLY___ ═
2023-03-13 17:26:14,244 INFO     ___FILE_ONLY___ ═
2023-03-13 17:26:14,431 INFO     ___FILE_ONLY___ ═
2023-03-13 17:26:14,596 INFO     ___FILE_ONLY___ ═
2023-03-13 17:26:14,811 INFO     ___FILE_ONLY___ ═
2023-03-13 17:26:14,946 INFO     ___FILE_ONLY___ ═
2023-03-13 17:26:15,081 INFO     ___FILE_ONLY___ ═
2023-03-13 17:26:15,216 INFO     ___FILE_ONLY___ ═
2023-03-13 17:26:15,526 INFO     ___FILE_ONLY___ ═
2023-03-13 17:26:15,633 INFO     ___FILE_ONLY___ ═
2023-03-13 17:26:15,731 INFO     ___FILE_ONLY___ ═
2023-03-13 17:26:15,849 INFO     ___FILE_ONLY___ ═
2023-03-13 17:26:16,037 INFO     ___FILE_ONLY___ ═
2023-03-13 17:26:16,128 INFO     ___FILE_ONLY___ ═
2023-03-13 17:26:16,207 INFO     ___FILE_ONLY___ ═
2023-03-13 17:26:16,306 INFO     ___FILE_ONLY___ ═
2023-03-13 17:26:16,416 INFO     ___FILE_ONLY___ ═
2023-03-13 17:26:16,533 INFO     ___FILE_ONLY___ ═
2023-03-13 17:26:16,676 INFO     ___FILE_ONLY___ ═
2023-03-13 17:26:16,792 INFO     ___FILE_ONLY___ ═
2023-03-13 17:26:16,923 INFO     ___FILE_ONLY___ ═
2023-03-13 17:26:17,048 INFO     ___FILE_ONLY___ ═
2023-03-13 17:26:17,166 INFO     ___FILE_ONLY___ ═
2023-03-13 17:26:17,305 INFO     ___FILE_ONLY___ ═
2023-03-13 17:26:17,430 INFO     ___FILE_ONLY___ ═
2023-03-13 17:26:17,552 INFO     ___FILE_ONLY___ ═
2023-03-13 17:26:17,665 INFO     ___FILE_ONLY___ ═
2023-03-13 17:26:17,754 INFO     ___FILE_ONLY___ ═
2023-03-13 17:26:17,862 INFO     ___FILE_ONLY___ ═
2023-03-13 17:26:17,945 INFO     ___FILE_ONLY___ ═
2023-03-13 17:26:18,052 INFO     ___FILE_ONLY___ ═
2023-03-13 17:26:18,148 INFO     ___FILE_ONLY___ ═
2023-03-13 17:26:18,243 INFO     ___FILE_ONLY___ ═
2023-03-13 17:26:18,326 INFO     ___FILE_ONLY___ ═
2023-03-13 17:26:18,409 INFO     ___FILE_ONLY___ ═
2023-03-13 17:26:18,409 INFO     ___FILE_ONLY___ ╝

2023-03-13 17:26:22,337 INFO     ___FILE_ONLY___ ╔════════════════════════════════════════════════════════════╗

2023-03-13 17:26:22,337 INFO     ___FILE_ONLY___ ╠═ Installing: Minikube                                     ═╣

2023-03-13 17:26:22,337 INFO     ___FILE_ONLY___ ╚
2023-03-13 17:26:22,340 DEBUG    urllib3.connectionpool Starting new HTTPS connection (1): dl.google.com:443
2023-03-13 17:26:22,402 DEBUG    urllib3.connectionpool https://dl.google.com:443 "GET /dl/cloudsdk/channels/rapid/components/google-cloud-sdk-minikube-darwin-arm-20230130152419.tar.gz HTTP/1.1" 200 32825665
2023-03-13 17:26:22,876 INFO     ___FILE_ONLY___ ═
2023-03-13 17:26:22,878 INFO     ___FILE_ONLY___ ═
2023-03-13 17:26:22,880 INFO     ___FILE_ONLY___ ═
2023-03-13 17:26:22,881 INFO     ___FILE_ONLY___ ═
2023-03-13 17:26:22,882 INFO     ___FILE_ONLY___ ═
2023-03-13 17:26:22,884 INFO     ___FILE_ONLY___ ═
2023-03-13 17:26:22,885 INFO     ___FILE_ONLY___ ═
2023-03-13 17:26:22,887 INFO     ___FILE_ONLY___ ═
2023-03-13 17:26:22,889 INFO     ___FILE_ONLY___ ═
2023-03-13 17:26:22,890 INFO     ___FILE_ONLY___ ═
2023-03-13 17:26:22,891 INFO     ___FILE_ONLY___ ═
2023-03-13 17:26:22,893 INFO     ___FILE_ONLY___ ═
2023-03-13 17:26:22,894 INFO     ___FILE_ONLY___ ═
2023-03-13 17:26:22,895 INFO     ___FILE_ONLY___ ═
2023-03-13 17:26:22,896 INFO     ___FILE_ONLY___ ═
2023-03-13 17:26:22,897 INFO     ___FILE_ONLY___ ═
2023-03-13 17:26:22,898 INFO     ___FILE_ONLY___ ═
2023-03-13 17:26:22,899 INFO     ___FILE_ONLY___ ═
2023-03-13 17:26:22,900 INFO     ___FILE_ONLY___ ═
2023-03-13 17:26:22,901 INFO     ___FILE_ONLY___ ═
2023-03-13 17:26:22,902 INFO     ___FILE_ONLY___ ═
2023-03-13 17:26:22,902 INFO     ___FILE_ONLY___ ═
2023-03-13 17:26:22,903 INFO     ___FILE_ONLY___ ═
2023-03-13 17:26:22,904 INFO     ___FILE_ONLY___ ═
2023-03-13 17:26:22,905 INFO     ___FILE_ONLY___ ═
2023-03-13 17:26:22,906 INFO     ___FILE_ONLY___ ═
2023-03-13 17:26:22,907 INFO     ___FILE_ONLY___ ═
2023-03-13 17:26:22,907 INFO     ___FILE_ONLY___ ═
2023-03-13 17:26:22,908 INFO     ___FILE_ONLY___ ═
2023-03-13 17:26:22,909 INFO     ___FILE_ONLY___ ═
2023-03-13 17:26:23,535 INFO     ___FILE_ONLY___ ══════════════════════════════
2023-03-13 17:26:23,535 INFO     ___FILE_ONLY___ ╝

2023-03-13 17:26:23,556 INFO     ___FILE_ONLY___ ╔════════════════════════════════════════════════════════════╗

2023-03-13 17:26:23,557 INFO     ___FILE_ONLY___ ╠═ Installing: Minikube                                     ═╣

2023-03-13 17:26:23,557 INFO     ___FILE_ONLY___ ╚
2023-03-13 17:26:23,559 INFO     ___FILE_ONLY___ ════════════════════════════════════════════════════════════
2023-03-13 17:26:23,559 INFO     ___FILE_ONLY___ ╝

2023-03-13 17:26:23,575 INFO     ___FILE_ONLY___ ╔════════════════════════════════════════════════════════════╗

2023-03-13 17:26:23,575 INFO     ___FILE_ONLY___ ╠═ Installing: Skaffold                                     ═╣

2023-03-13 17:26:23,575 INFO     ___FILE_ONLY___ ╚
2023-03-13 17:26:23,578 INFO     ___FILE_ONLY___ ════════════════════════════════════════════════════════════
2023-03-13 17:26:23,578 INFO     ___FILE_ONLY___ ╝

2023-03-13 17:26:23,593 INFO     ___FILE_ONLY___ ╔════════════════════════════════════════════════════════════╗

2023-03-13 17:26:23,594 INFO     ___FILE_ONLY___ ╠═ Installing: Skaffold                                     ═╣

2023-03-13 17:26:23,594 INFO     ___FILE_ONLY___ ╚
2023-03-13 17:26:23,597 DEBUG    urllib3.connectionpool Starting new HTTPS connection (1): dl.google.com:443
2023-03-13 17:26:23,661 DEBUG    urllib3.connectionpool https://dl.google.com:443 "GET /dl/cloudsdk/channels/rapid/components/google-cloud-sdk-skaffold-darwin-arm-20230130152419.tar.gz HTTP/1.1" 200 20943763
2023-03-13 17:26:23,997 INFO     ___FILE_ONLY___ ═
2023-03-13 17:26:23,998 INFO     ___FILE_ONLY___ ═
2023-03-13 17:26:23,999 INFO     ___FILE_ONLY___ ═
2023-03-13 17:26:24,000 INFO     ___FILE_ONLY___ ═
2023-03-13 17:26:24,001 INFO     ___FILE_ONLY___ ═
2023-03-13 17:26:24,002 INFO     ___FILE_ONLY___ ═
2023-03-13 17:26:24,003 INFO     ___FILE_ONLY___ ═
2023-03-13 17:26:24,004 INFO     ___FILE_ONLY___ ═
2023-03-13 17:26:24,005 INFO     ___FILE_ONLY___ ═
2023-03-13 17:26:24,005 INFO     ___FILE_ONLY___ ═
2023-03-13 17:26:24,006 INFO     ___FILE_ONLY___ ═
2023-03-13 17:26:24,007 INFO     ___FILE_ONLY___ ═
2023-03-13 17:26:24,009 INFO     ___FILE_ONLY___ ═
2023-03-13 17:26:24,010 INFO     ___FILE_ONLY___ ═
2023-03-13 17:26:24,011 INFO     ___FILE_ONLY___ ═
2023-03-13 17:26:24,012 INFO     ___FILE_ONLY___ ═
2023-03-13 17:26:24,013 INFO     ___FILE_ONLY___ ═
2023-03-13 17:26:24,014 INFO     ___FILE_ONLY___ ═
2023-03-13 17:26:24,014 INFO     ___FILE_ONLY___ ═
2023-03-13 17:26:24,015 INFO     ___FILE_ONLY___ ═
2023-03-13 17:26:24,016 INFO     ___FILE_ONLY___ ═
2023-03-13 17:26:24,017 INFO     ___FILE_ONLY___ ═
2023-03-13 17:26:24,018 INFO     ___FILE_ONLY___ ═
2023-03-13 17:26:24,019 INFO     ___FILE_ONLY___ ═
2023-03-13 17:26:24,021 INFO     ___FILE_ONLY___ ═
2023-03-13 17:26:24,022 INFO     ___FILE_ONLY___ ═
2023-03-13 17:26:24,022 INFO     ___FILE_ONLY___ ═
2023-03-13 17:26:24,023 INFO     ___FILE_ONLY___ ═
2023-03-13 17:26:24,024 INFO     ___FILE_ONLY___ ═
2023-03-13 17:26:24,024 INFO     ___FILE_ONLY___ ═
2023-03-13 17:26:24,624 INFO     ___FILE_ONLY___ ══════════════════════════════
2023-03-13 17:26:24,624 INFO     ___FILE_ONLY___ ╝

2023-03-13 17:26:24,643 INFO     ___FILE_ONLY___ ╔════════════════════════════════════════════════════════════╗

2023-03-13 17:26:24,644 INFO     ___FILE_ONLY___ ╠═ Installing: gcloud Alpha Commands                        ═╣

2023-03-13 17:26:24,644 INFO     ___FILE_ONLY___ ╚
2023-03-13 17:26:24,647 DEBUG    urllib3.connectionpool Starting new HTTPS connection (1): dl.google.com:443
2023-03-13 17:26:24,682 DEBUG    urllib3.connectionpool https://dl.google.com:443 "GET /dl/cloudsdk/channels/rapid/components/google-cloud-sdk-alpha-20230303155151.tar.gz HTTP/1.1" 200 800
2023-03-13 17:26:24,683 INFO     ___FILE_ONLY___ ══════════════════════════════
2023-03-13 17:26:24,684 INFO     ___FILE_ONLY___ ══════════════════════════════
2023-03-13 17:26:24,684 INFO     ___FILE_ONLY___ ╝

2023-03-13 17:26:24,703 INFO     ___FILE_ONLY___ ╔════════════════════════════════════════════════════════════╗

2023-03-13 17:26:24,703 INFO     ___FILE_ONLY___ ╠═ Installing: gcloud Beta Commands                         ═╣

2023-03-13 17:26:24,703 INFO     ___FILE_ONLY___ ╚
2023-03-13 17:26:24,706 DEBUG    urllib3.connectionpool Starting new HTTPS connection (1): dl.google.com:443
2023-03-13 17:26:24,741 DEBUG    urllib3.connectionpool https://dl.google.com:443 "GET /dl/cloudsdk/channels/rapid/components/google-cloud-sdk-beta-20230303155151.tar.gz HTTP/1.1" 200 797
2023-03-13 17:26:24,742 INFO     ___FILE_ONLY___ ══════════════════════════════
2023-03-13 17:26:24,743 INFO     ___FILE_ONLY___ ══════════════════════════════
2023-03-13 17:26:24,743 INFO     ___FILE_ONLY___ ╝

2023-03-13 17:26:24,761 INFO     ___FILE_ONLY___ ╔════════════════════════════════════════════════════════════╗

2023-03-13 17:26:24,762 INFO     ___FILE_ONLY___ ╠═ Installing: gcloud cli dependencies                      ═╣

2023-03-13 17:26:24,762 INFO     ___FILE_ONLY___ ╚
2023-03-13 17:26:24,764 DEBUG    urllib3.connectionpool Starting new HTTPS connection (1): dl.google.com:443
2023-03-13 17:26:24,828 DEBUG    urllib3.connectionpool https://dl.google.com:443 "GET /dl/cloudsdk/channels/rapid/components/google-cloud-sdk-gcloud-deps-darwin-x86_64-20210416153011.tar.gz HTTP/1.1" 200 105
2023-03-13 17:26:24,829 INFO     ___FILE_ONLY___ ══════════════════════════════
2023-03-13 17:26:24,829 INFO     ___FILE_ONLY___ ══════════════════════════════
2023-03-13 17:26:24,829 INFO     ___FILE_ONLY___ ╝

2023-03-13 17:26:24,848 INFO     ___FILE_ONLY___ ╔════════════════════════════════════════════════════════════╗

2023-03-13 17:26:24,848 INFO     ___FILE_ONLY___ ╠═ Installing: gke-gcloud-auth-plugin                       ═╣

2023-03-13 17:26:24,848 INFO     ___FILE_ONLY___ ╚
2023-03-13 17:26:24,851 DEBUG    urllib3.connectionpool Starting new HTTPS connection (1): dl.google.com:443
2023-03-13 17:26:24,918 DEBUG    urllib3.connectionpool https://dl.google.com:443 "GET /dl/cloudsdk/channels/rapid/components/google-cloud-sdk-gke-gcloud-auth-plugin-darwin-arm-20230303155151.tar.gz HTTP/1.1" 200 7495694
2023-03-13 17:26:25,069 INFO     ___FILE_ONLY___ ═
2023-03-13 17:26:25,069 INFO     ___FILE_ONLY___ ═
2023-03-13 17:26:25,069 INFO     ___FILE_ONLY___ ═
2023-03-13 17:26:25,070 INFO     ___FILE_ONLY___ ═
2023-03-13 17:26:25,070 INFO     ___FILE_ONLY___ ═
2023-03-13 17:26:25,070 INFO     ___FILE_ONLY___ ═
2023-03-13 17:26:25,070 INFO     ___FILE_ONLY___ ═
2023-03-13 17:26:25,070 INFO     ___FILE_ONLY___ ═
2023-03-13 17:26:25,071 INFO     ___FILE_ONLY___ ═
2023-03-13 17:26:25,071 INFO     ___FILE_ONLY___ ═
2023-03-13 17:26:25,071 INFO     ___FILE_ONLY___ ═
2023-03-13 17:26:25,072 INFO     ___FILE_ONLY___ ═
2023-03-13 17:26:25,072 INFO     ___FILE_ONLY___ ═
2023-03-13 17:26:25,073 INFO     ___FILE_ONLY___ ═
2023-03-13 17:26:25,073 INFO     ___FILE_ONLY___ ═
2023-03-13 17:26:25,074 INFO     ___FILE_ONLY___ ═
2023-03-13 17:26:25,074 INFO     ___FILE_ONLY___ ═
2023-03-13 17:26:25,074 INFO     ___FILE_ONLY___ ═
2023-03-13 17:26:25,075 INFO     ___FILE_ONLY___ ═
2023-03-13 17:26:25,075 INFO     ___FILE_ONLY___ ═
2023-03-13 17:26:25,075 INFO     ___FILE_ONLY___ ═
2023-03-13 17:26:25,075 INFO     ___FILE_ONLY___ ═
2023-03-13 17:26:25,076 INFO     ___FILE_ONLY___ ═
2023-03-13 17:26:25,076 INFO     ___FILE_ONLY___ ═
2023-03-13 17:26:25,076 INFO     ___FILE_ONLY___ ═
2023-03-13 17:26:25,077 INFO     ___FILE_ONLY___ ═
2023-03-13 17:26:25,077 INFO     ___FILE_ONLY___ ═
2023-03-13 17:26:25,077 INFO     ___FILE_ONLY___ ═
2023-03-13 17:26:25,078 INFO     ___FILE_ONLY___ ═
2023-03-13 17:26:25,078 INFO     ___FILE_ONLY___ ═
2023-03-13 17:26:25,226 INFO     ___FILE_ONLY___ ══════════════════════════════
2023-03-13 17:26:25,226 INFO     ___FILE_ONLY___ ╝

2023-03-13 17:26:25,246 INFO     ___FILE_ONLY___ ╔════════════════════════════════════════════════════════════╗

2023-03-13 17:26:25,246 INFO     ___FILE_ONLY___ ╠═ Installing: gke-gcloud-auth-plugin                       ═╣

2023-03-13 17:26:25,246 INFO     ___FILE_ONLY___ ╚
2023-03-13 17:26:25,249 INFO     ___FILE_ONLY___ ════════════════════════════════════════════════════════════
2023-03-13 17:26:25,249 INFO     ___FILE_ONLY___ ╝

2023-03-13 17:26:25,263 INFO     ___FILE_ONLY___ ╔════════════════════════════════════════════════════════════╗

2023-03-13 17:26:25,263 INFO     ___FILE_ONLY___ ╠═ Installing: kubectl                                      ═╣

2023-03-13 17:26:25,263 INFO     ___FILE_ONLY___ ╚
2023-03-13 17:26:25,266 DEBUG    urllib3.connectionpool Starting new HTTPS connection (1): dl.google.com:443
2023-03-13 17:26:25,331 DEBUG    urllib3.connectionpool https://dl.google.com:443 "GET /dl/cloudsdk/channels/rapid/components/google-cloud-sdk-kubectl-darwin-arm-20230303155151.tar.gz HTTP/1.1" 200 97309494
2023-03-13 17:26:26,527 INFO     ___FILE_ONLY___ ═
2023-03-13 17:26:26,530 INFO     ___FILE_ONLY___ ═
2023-03-13 17:26:26,532 INFO     ___FILE_ONLY___ ═
2023-03-13 17:26:26,535 INFO     ___FILE_ONLY___ ═
2023-03-13 17:26:26,537 INFO     ___FILE_ONLY___ ═
2023-03-13 17:26:26,540 INFO     ___FILE_ONLY___ ═
2023-03-13 17:26:26,542 INFO     ___FILE_ONLY___ ═
2023-03-13 17:26:26,544 INFO     ___FILE_ONLY___ ═
2023-03-13 17:26:26,546 INFO     ___FILE_ONLY___ ═
2023-03-13 17:26:26,548 INFO     ___FILE_ONLY___ ═
2023-03-13 17:26:26,552 INFO     ___FILE_ONLY___ ═
2023-03-13 17:26:26,555 INFO     ___FILE_ONLY___ ═
2023-03-13 17:26:26,557 INFO     ___FILE_ONLY___ ═
2023-03-13 17:26:26,560 INFO     ___FILE_ONLY___ ═
2023-03-13 17:26:26,562 INFO     ___FILE_ONLY___ ═
2023-03-13 17:26:26,565 INFO     ___FILE_ONLY___ ═
2023-03-13 17:26:26,567 INFO     ___FILE_ONLY___ ═
2023-03-13 17:26:26,570 INFO     ___FILE_ONLY___ ═
2023-03-13 17:26:26,573 INFO     ___FILE_ONLY___ ═
2023-03-13 17:26:26,575 INFO     ___FILE_ONLY___ ═
2023-03-13 17:26:26,578 INFO     ___FILE_ONLY___ ═
2023-03-13 17:26:26,580 INFO     ___FILE_ONLY___ ═
2023-03-13 17:26:26,582 INFO     ___FILE_ONLY___ ═
2023-03-13 17:26:26,586 INFO     ___FILE_ONLY___ ═
2023-03-13 17:26:26,588 INFO     ___FILE_ONLY___ ═
2023-03-13 17:26:26,590 INFO     ___FILE_ONLY___ ═
2023-03-13 17:26:26,592 INFO     ___FILE_ONLY___ ═
2023-03-13 17:26:26,594 INFO     ___FILE_ONLY___ ═
2023-03-13 17:26:26,597 INFO     ___FILE_ONLY___ ═
2023-03-13 17:26:26,599 INFO     ___FILE_ONLY___ ═
2023-03-13 17:26:28,056 INFO     ___FILE_ONLY___ ════
2023-03-13 17:26:28,299 INFO     ___FILE_ONLY___ ════
2023-03-13 17:26:28,515 INFO     ___FILE_ONLY___ ════
2023-03-13 17:26:28,733 INFO     ___FILE_ONLY___ ═════
2023-03-13 17:26:28,965 INFO     ___FILE_ONLY___ ════
2023-03-13 17:26:29,189 INFO     ___FILE_ONLY___ ════
2023-03-13 17:26:29,423 INFO     ___FILE_ONLY___ ═════
2023-03-13 17:26:29,423 INFO     ___FILE_ONLY___ ╝

2023-03-13 17:26:29,447 INFO     ___FILE_ONLY___ ╔════════════════════════════════════════════════════════════╗

2023-03-13 17:26:29,448 INFO     ___FILE_ONLY___ ╠═ Installing: kubectl                                      ═╣

2023-03-13 17:26:29,448 INFO     ___FILE_ONLY___ ╚
2023-03-13 17:26:29,451 DEBUG    urllib3.connectionpool Starting new HTTPS connection (1): dl.google.com:443
2023-03-13 17:26:29,497 DEBUG    urllib3.connectionpool https://dl.google.com:443 "GET /dl/cloudsdk/channels/rapid/components/google-cloud-sdk-kubectl-20230303155151.tar.gz HTTP/1.1" 200 35450
2023-03-13 17:26:29,506 INFO     ___FILE_ONLY___ ═════════════
2023-03-13 17:26:29,506 INFO     ___FILE_ONLY___ ══════════════
2023-03-13 17:26:29,506 INFO     ___FILE_ONLY___ ═══
2023-03-13 17:26:29,509 INFO     ___FILE_ONLY___ ══════════════════════════════
2023-03-13 17:26:29,509 INFO     ___FILE_ONLY___ ╝

2023-03-13 17:26:29,534 INFO     ___FILE_ONLY___ ╔════════════════════════════════════════════════════════════╗

2023-03-13 17:26:29,535 INFO     ___FILE_ONLY___ ╠═ Creating backup and activating new installation          ═╣

2023-03-13 17:26:29,535 INFO     ___FILE_ONLY___ ╚
2023-03-13 17:26:29,535 DEBUG    root            Attempting to move directory [/Users/wongshennan/Library/Application Support/cloud-code/installer/google-cloud-sdk] to [/Users/wongshennan/Library/Application Support/cloud-code/installer/google-cloud-sdk.staging/.install/.backup]
2023-03-13 17:26:29,535 INFO     ___FILE_ONLY___ ══════════════════════════════
2023-03-13 17:26:29,535 DEBUG    root            Attempting to move directory [/Users/wongshennan/Library/Application Support/cloud-code/installer/google-cloud-sdk.staging] to [/Users/wongshennan/Library/Application Support/cloud-code/installer/google-cloud-sdk]
2023-03-13 17:26:29,535 INFO     ___FILE_ONLY___ ══════════════════════════════
2023-03-13 17:26:29,535 INFO     ___FILE_ONLY___ ╝

2023-03-13 17:26:29,542 DEBUG    root            Updating notification cache...
2023-03-13 17:26:29,543 INFO     ___FILE_ONLY___ 

2023-03-13 17:26:29,560 INFO     ___FILE_ONLY___ Performing post processing steps...
2023-03-13 17:26:29,561 DEBUG    root            Executing command: ['/Users/wongshennan/opt/anaconda3/bin/python3', '-S', '/Users/wongshennan/Library/Application Support/cloud-code/installer/google-cloud-sdk/lib/gcloud.py', 'components', 'post-process']
2023-03-13 17:26:45,556 DEBUG    ___FILE_ONLY___ 
2023-03-13 17:26:45,556 DEBUG    ___FILE_ONLY___ 
2023-03-13 17:26:45,570 INFO     ___FILE_ONLY___ 
Update done!


2023-03-13 17:26:45,577 WARNING  root              There are other instances of Google Cloud tools on your system PATH.
  Please remove the following to avoid confusion or accidental invocation:

  /Users/wongshennan/google-cloud-sdk/bin/gsutil
/Users/wongshennan/google-cloud-sdk/bin/gcloud
/Users/wongshennan/google-cloud-sdk/bin/docker-credential-gcloud
/Users/wongshennan/google-cloud-sdk/bin/dev_appserver.py
/opt/homebrew/Cellar/minikube/1.29.0/bin/minikube
/Applications/Docker.app/Contents/Resources/bin/kubectl
/opt/homebrew/Cellar/kubernetes-cli/1.26.2/bin/kubectl
/Users/wongshennan/google-cloud-sdk/bin/bq
/Users/wongshennan/google-cloud-sdk/bin/java_dev_appserver.sh
/Users/wongshennan/google-cloud-sdk/bin/git-credential-gcloud.sh
/Users/wongshennan/google-cloud-sdk/bin/anthoscli

  
2023-03-13 17:26:45,583 DEBUG    root            Chosen display Format:none
2023-03-13 17:26:45,583 INFO     root            Display format: "none"
