2023-02-18 12:41:13,903 DEBUG    root            Loaded Command Group: ['gcloud', 'auth']
2023-02-18 12:41:13,903 DEBUG    root            Loaded Command Group: ['gcloud', 'auth']
2023-02-18 12:41:13,906 DEBUG    root            Loaded Command Group: ['gcloud', 'auth', 'list']
2023-02-18 12:41:13,906 DEBUG    root            Loaded Command Group: ['gcloud', 'auth', 'list']
2023-02-18 12:41:13,907 DEBUG    root            Running [gcloud.auth.list] with arguments: [--filter: "status=ACTIVE", --format: "value(account)", --quiet: "True", --verbosity: "warning"]
2023-02-18 12:41:13,907 DEBUG    root            Running [gcloud.auth.list] with arguments: [--filter: "status=ACTIVE", --format: "value(account)", --quiet: "True", --verbosity: "warning"]
2023-02-18 12:41:13,922 DEBUG    root            Chosen display Format:    table[title='Credentialed Accounts'](
        status.yesno(yes='*', no=''):label=ACTIVE,
        account
    ) value(account)
2023-02-18 12:41:13,922 DEBUG    root            Chosen display Format:    table[title='Credentialed Accounts'](
        status.yesno(yes='*', no=''):label=ACTIVE,
        account
    ) value(account)
2023-02-18 12:41:13,923 INFO     root            Display format: "    table[title='Credentialed Accounts'](
        status.yesno(yes='*', no=''):label=ACTIVE,
        account
    ) value(account)"
2023-02-18 12:41:13,923 INFO     root            Display format: "    table[title='Credentialed Accounts'](
        status.yesno(yes='*', no=''):label=ACTIVE,
        account
    ) value(account)"
2023-02-18 12:41:13,923 INFO     ___FILE_ONLY___ wongshennan@gmail.com

2023-02-18 12:41:13,923 INFO     ___FILE_ONLY___ wongshennan@gmail.com

