2023-02-18 17:19:05,060 DEBUG    root            Loaded Command Group: ['gcloud', 'auth']
2023-02-18 17:19:05,060 DEBUG    root            Loaded Command Group: ['gcloud', 'auth']
2023-02-18 17:19:05,063 DEBUG    root            Loaded Command Group: ['gcloud', 'auth', 'list']
2023-02-18 17:19:05,063 DEBUG    root            Loaded Command Group: ['gcloud', 'auth', 'list']
2023-02-18 17:19:05,065 DEBUG    root            Running [gcloud.auth.list] with arguments: [--filter: "status=ACTIVE", --format: "value(account)", --quiet: "True", --verbosity: "warning"]
2023-02-18 17:19:05,065 DEBUG    root            Running [gcloud.auth.list] with arguments: [--filter: "status=ACTIVE", --format: "value(account)", --quiet: "True", --verbosity: "warning"]
2023-02-18 17:19:05,079 DEBUG    root            Chosen display Format:    table[title='Credentialed Accounts'](
        status.yesno(yes='*', no=''):label=ACTIVE,
        account
    ) value(account)
2023-02-18 17:19:05,079 DEBUG    root            Chosen display Format:    table[title='Credentialed Accounts'](
        status.yesno(yes='*', no=''):label=ACTIVE,
        account
    ) value(account)
2023-02-18 17:19:05,080 INFO     root            Display format: "    table[title='Credentialed Accounts'](
        status.yesno(yes='*', no=''):label=ACTIVE,
        account
    ) value(account)"
2023-02-18 17:19:05,080 INFO     root            Display format: "    table[title='Credentialed Accounts'](
        status.yesno(yes='*', no=''):label=ACTIVE,
        account
    ) value(account)"
2023-02-18 17:19:05,080 INFO     ___FILE_ONLY___ wongshennan@gmail.com

2023-02-18 17:19:05,080 INFO     ___FILE_ONLY___ wongshennan@gmail.com

