2023-02-18 20:29:02,806 DEBUG    root            Loaded Command Group: ['gcloud', 'auth']
2023-02-18 20:29:02,806 DEBUG    root            Loaded Command Group: ['gcloud', 'auth']
2023-02-18 20:29:02,808 DEBUG    root            Loaded Command Group: ['gcloud', 'auth', 'list']
2023-02-18 20:29:02,808 DEBUG    root            Loaded Command Group: ['gcloud', 'auth', 'list']
2023-02-18 20:29:02,810 DEBUG    root            Running [gcloud.auth.list] with arguments: [--filter: "status=ACTIVE", --format: "value(account)", --quiet: "True", --verbosity: "warning"]
2023-02-18 20:29:02,810 DEBUG    root            Running [gcloud.auth.list] with arguments: [--filter: "status=ACTIVE", --format: "value(account)", --quiet: "True", --verbosity: "warning"]
2023-02-18 20:29:02,822 DEBUG    root            Chosen display Format:    table[title='Credentialed Accounts'](
        status.yesno(yes='*', no=''):label=ACTIVE,
        account
    ) value(account)
2023-02-18 20:29:02,822 DEBUG    root            Chosen display Format:    table[title='Credentialed Accounts'](
        status.yesno(yes='*', no=''):label=ACTIVE,
        account
    ) value(account)
2023-02-18 20:29:02,822 INFO     root            Display format: "    table[title='Credentialed Accounts'](
        status.yesno(yes='*', no=''):label=ACTIVE,
        account
    ) value(account)"
2023-02-18 20:29:02,822 INFO     root            Display format: "    table[title='Credentialed Accounts'](
        status.yesno(yes='*', no=''):label=ACTIVE,
        account
    ) value(account)"
2023-02-18 20:29:02,823 INFO     ___FILE_ONLY___ wongshennan@gmail.com

2023-02-18 20:29:02,823 INFO     ___FILE_ONLY___ wongshennan@gmail.com

