2023-02-27 02:58:56,498 DEBUG    root            Loaded Command Group: ['gcloud', 'auth']
2023-02-27 02:58:56,498 DEBUG    root            Loaded Command Group: ['gcloud', 'auth']
2023-02-27 02:58:56,503 DEBUG    root            Loaded Command Group: ['gcloud', 'auth', 'list']
2023-02-27 02:58:56,503 DEBUG    root            Loaded Command Group: ['gcloud', 'auth', 'list']
2023-02-27 02:58:56,505 DEBUG    root            Running [gcloud.auth.list] with arguments: [--filter: "status=ACTIVE", --format: "value(account)", --quiet: "True", --verbosity: "warning"]
2023-02-27 02:58:56,505 DEBUG    root            Running [gcloud.auth.list] with arguments: [--filter: "status=ACTIVE", --format: "value(account)", --quiet: "True", --verbosity: "warning"]
2023-02-27 02:58:56,515 DEBUG    root            Chosen display Format:    table[title='Credentialed Accounts'](
        status.yesno(yes='*', no=''):label=ACTIVE,
        account
    ) value(account)
2023-02-27 02:58:56,515 DEBUG    root            Chosen display Format:    table[title='Credentialed Accounts'](
        status.yesno(yes='*', no=''):label=ACTIVE,
        account
    ) value(account)
2023-02-27 02:58:56,516 INFO     root            Display format: "    table[title='Credentialed Accounts'](
        status.yesno(yes='*', no=''):label=ACTIVE,
        account
    ) value(account)"
2023-02-27 02:58:56,516 INFO     root            Display format: "    table[title='Credentialed Accounts'](
        status.yesno(yes='*', no=''):label=ACTIVE,
        account
    ) value(account)"
2023-02-27 02:58:56,516 INFO     ___FILE_ONLY___ wongshennan@gmail.com

2023-02-27 02:58:56,516 INFO     ___FILE_ONLY___ wongshennan@gmail.com

