2023-02-27 04:58:56,511 DEBUG    root            Loaded Command Group: ['gcloud', 'auth']
2023-02-27 04:58:56,511 DEBUG    root            Loaded Command Group: ['gcloud', 'auth']
2023-02-27 04:58:56,514 DEBUG    root            Loaded Command Group: ['gcloud', 'auth', 'list']
2023-02-27 04:58:56,514 DEBUG    root            Loaded Command Group: ['gcloud', 'auth', 'list']
2023-02-27 04:58:56,516 DEBUG    root            Running [gcloud.auth.list] with arguments: [--filter: "status=ACTIVE", --format: "value(account)", --quiet: "True", --verbosity: "warning"]
2023-02-27 04:58:56,517 DEBUG    root            Running [gcloud.auth.list] with arguments: [--filter: "status=ACTIVE", --format: "value(account)", --quiet: "True", --verbosity: "warning"]
2023-02-27 04:58:56,526 DEBUG    root            Chosen display Format:    table[title='Credentialed Accounts'](
        status.yesno(yes='*', no=''):label=ACTIVE,
        account
    ) value(account)
2023-02-27 04:58:56,526 DEBUG    root            Chosen display Format:    table[title='Credentialed Accounts'](
        status.yesno(yes='*', no=''):label=ACTIVE,
        account
    ) value(account)
2023-02-27 04:58:56,527 INFO     root            Display format: "    table[title='Credentialed Accounts'](
        status.yesno(yes='*', no=''):label=ACTIVE,
        account
    ) value(account)"
2023-02-27 04:58:56,527 INFO     root            Display format: "    table[title='Credentialed Accounts'](
        status.yesno(yes='*', no=''):label=ACTIVE,
        account
    ) value(account)"
2023-02-27 04:58:56,528 INFO     ___FILE_ONLY___ wongshennan@gmail.com

2023-02-27 04:58:56,528 INFO     ___FILE_ONLY___ wongshennan@gmail.com

