2023-02-27 05:28:56,433 DEBUG    root            Loaded Command Group: ['gcloud', 'auth']
2023-02-27 05:28:56,433 DEBUG    root            Loaded Command Group: ['gcloud', 'auth']
2023-02-27 05:28:56,437 DEBUG    root            Loaded Command Group: ['gcloud', 'auth', 'list']
2023-02-27 05:28:56,437 DEBUG    root            Loaded Command Group: ['gcloud', 'auth', 'list']
2023-02-27 05:28:56,439 DEBUG    root            Running [gcloud.auth.list] with arguments: [--filter: "status=ACTIVE", --format: "value(account)", --quiet: "True", --verbosity: "warning"]
2023-02-27 05:28:56,439 DEBUG    root            Running [gcloud.auth.list] with arguments: [--filter: "status=ACTIVE", --format: "value(account)", --quiet: "True", --verbosity: "warning"]
2023-02-27 05:28:56,454 DEBUG    root            Chosen display Format:    table[title='Credentialed Accounts'](
        status.yesno(yes='*', no=''):label=ACTIVE,
        account
    ) value(account)
2023-02-27 05:28:56,455 DEBUG    root            Chosen display Format:    table[title='Credentialed Accounts'](
        status.yesno(yes='*', no=''):label=ACTIVE,
        account
    ) value(account)
2023-02-27 05:28:56,455 INFO     root            Display format: "    table[title='Credentialed Accounts'](
        status.yesno(yes='*', no=''):label=ACTIVE,
        account
    ) value(account)"
2023-02-27 05:28:56,455 INFO     root            Display format: "    table[title='Credentialed Accounts'](
        status.yesno(yes='*', no=''):label=ACTIVE,
        account
    ) value(account)"
2023-02-27 05:28:56,456 INFO     ___FILE_ONLY___ wongshennan@gmail.com

2023-02-27 05:28:56,456 INFO     ___FILE_ONLY___ wongshennan@gmail.com

