2023-02-27 09:28:56,646 DEBUG    root            Loaded Command Group: ['gcloud', 'auth']
2023-02-27 09:28:56,646 DEBUG    root            Loaded Command Group: ['gcloud', 'auth']
2023-02-27 09:28:56,649 DEBUG    root            Loaded Command Group: ['gcloud', 'auth', 'list']
2023-02-27 09:28:56,650 DEBUG    root            Loaded Command Group: ['gcloud', 'auth', 'list']
2023-02-27 09:28:56,651 DEBUG    root            Running [gcloud.auth.list] with arguments: [--filter: "status=ACTIVE", --format: "value(account)", --quiet: "True", --verbosity: "warning"]
2023-02-27 09:28:56,651 DEBUG    root            Running [gcloud.auth.list] with arguments: [--filter: "status=ACTIVE", --format: "value(account)", --quiet: "True", --verbosity: "warning"]
2023-02-27 09:28:56,670 DEBUG    root            Chosen display Format:    table[title='Credentialed Accounts'](
        status.yesno(yes='*', no=''):label=ACTIVE,
        account
    ) value(account)
2023-02-27 09:28:56,670 DEBUG    root            Chosen display Format:    table[title='Credentialed Accounts'](
        status.yesno(yes='*', no=''):label=ACTIVE,
        account
    ) value(account)
2023-02-27 09:28:56,671 INFO     root            Display format: "    table[title='Credentialed Accounts'](
        status.yesno(yes='*', no=''):label=ACTIVE,
        account
    ) value(account)"
2023-02-27 09:28:56,671 INFO     root            Display format: "    table[title='Credentialed Accounts'](
        status.yesno(yes='*', no=''):label=ACTIVE,
        account
    ) value(account)"
2023-02-27 09:28:56,672 INFO     ___FILE_ONLY___ wongshennan@gmail.com

2023-02-27 09:28:56,672 INFO     ___FILE_ONLY___ wongshennan@gmail.com

