2023-02-27 12:58:56,800 DEBUG    root            Loaded Command Group: ['gcloud', 'auth']
2023-02-27 12:58:56,800 DEBUG    root            Loaded Command Group: ['gcloud', 'auth']
2023-02-27 12:58:56,804 DEBUG    root            Loaded Command Group: ['gcloud', 'auth', 'list']
2023-02-27 12:58:56,804 DEBUG    root            Loaded Command Group: ['gcloud', 'auth', 'list']
2023-02-27 12:58:56,806 DEBUG    root            Running [gcloud.auth.list] with arguments: [--filter: "status=ACTIVE", --format: "value(account)", --quiet: "True", --verbosity: "warning"]
2023-02-27 12:58:56,806 DEBUG    root            Running [gcloud.auth.list] with arguments: [--filter: "status=ACTIVE", --format: "value(account)", --quiet: "True", --verbosity: "warning"]
2023-02-27 12:58:56,829 DEBUG    root            Chosen display Format:    table[title='Credentialed Accounts'](
        status.yesno(yes='*', no=''):label=ACTIVE,
        account
    ) value(account)
2023-02-27 12:58:56,829 DEBUG    root            Chosen display Format:    table[title='Credentialed Accounts'](
        status.yesno(yes='*', no=''):label=ACTIVE,
        account
    ) value(account)
2023-02-27 12:58:56,830 INFO     root            Display format: "    table[title='Credentialed Accounts'](
        status.yesno(yes='*', no=''):label=ACTIVE,
        account
    ) value(account)"
2023-02-27 12:58:56,830 INFO     root            Display format: "    table[title='Credentialed Accounts'](
        status.yesno(yes='*', no=''):label=ACTIVE,
        account
    ) value(account)"
2023-02-27 12:58:56,831 INFO     ___FILE_ONLY___ wongshennan@gmail.com

2023-02-27 12:58:56,831 INFO     ___FILE_ONLY___ wongshennan@gmail.com

