2023-02-27 14:28:56,703 DEBUG    root            Loaded Command Group: ['gcloud', 'auth']
2023-02-27 14:28:56,703 DEBUG    root            Loaded Command Group: ['gcloud', 'auth']
2023-02-27 14:28:56,706 DEBUG    root            Loaded Command Group: ['gcloud', 'auth', 'list']
2023-02-27 14:28:56,707 DEBUG    root            Loaded Command Group: ['gcloud', 'auth', 'list']
2023-02-27 14:28:56,708 DEBUG    root            Running [gcloud.auth.list] with arguments: [--filter: "status=ACTIVE", --format: "value(account)", --quiet: "True", --verbosity: "warning"]
2023-02-27 14:28:56,709 DEBUG    root            Running [gcloud.auth.list] with arguments: [--filter: "status=ACTIVE", --format: "value(account)", --quiet: "True", --verbosity: "warning"]
2023-02-27 14:28:56,731 DEBUG    root            Chosen display Format:    table[title='Credentialed Accounts'](
        status.yesno(yes='*', no=''):label=ACTIVE,
        account
    ) value(account)
2023-02-27 14:28:56,732 DEBUG    root            Chosen display Format:    table[title='Credentialed Accounts'](
        status.yesno(yes='*', no=''):label=ACTIVE,
        account
    ) value(account)
2023-02-27 14:28:56,732 INFO     root            Display format: "    table[title='Credentialed Accounts'](
        status.yesno(yes='*', no=''):label=ACTIVE,
        account
    ) value(account)"
2023-02-27 14:28:56,733 INFO     ___FILE_ONLY___ wongshennan@gmail.com

2023-02-27 14:28:56,733 INFO     root            Display format: "    table[title='Credentialed Accounts'](
        status.yesno(yes='*', no=''):label=ACTIVE,
        account
    ) value(account)"
2023-02-27 14:28:56,733 INFO     ___FILE_ONLY___ wongshennan@gmail.com

