2023-02-27 20:28:56,916 DEBUG    root            Loaded Command Group: ['gcloud', 'auth']
2023-02-27 20:28:56,916 DEBUG    root            Loaded Command Group: ['gcloud', 'auth']
2023-02-27 20:28:56,920 DEBUG    root            Loaded Command Group: ['gcloud', 'auth', 'list']
2023-02-27 20:28:56,920 DEBUG    root            Loaded Command Group: ['gcloud', 'auth', 'list']
2023-02-27 20:28:56,921 DEBUG    root            Running [gcloud.auth.list] with arguments: [--filter: "status=ACTIVE", --format: "value(account)", --quiet: "True", --verbosity: "warning"]
2023-02-27 20:28:56,921 DEBUG    root            Running [gcloud.auth.list] with arguments: [--filter: "status=ACTIVE", --format: "value(account)", --quiet: "True", --verbosity: "warning"]
2023-02-27 20:28:56,942 DEBUG    root            Chosen display Format:    table[title='Credentialed Accounts'](
        status.yesno(yes='*', no=''):label=ACTIVE,
        account
    ) value(account)
2023-02-27 20:28:56,942 DEBUG    root            Chosen display Format:    table[title='Credentialed Accounts'](
        status.yesno(yes='*', no=''):label=ACTIVE,
        account
    ) value(account)
2023-02-27 20:28:56,943 INFO     root            Display format: "    table[title='Credentialed Accounts'](
        status.yesno(yes='*', no=''):label=ACTIVE,
        account
    ) value(account)"
2023-02-27 20:28:56,943 INFO     ___FILE_ONLY___ wongshennan@gmail.com

2023-02-27 20:28:56,943 INFO     root            Display format: "    table[title='Credentialed Accounts'](
        status.yesno(yes='*', no=''):label=ACTIVE,
        account
    ) value(account)"
2023-02-27 20:28:56,944 INFO     ___FILE_ONLY___ wongshennan@gmail.com

