2023-03-06 13:37:34,705 DEBUG    root            Loaded Command Group: ['gcloud', 'components']
2023-03-06 13:37:34,710 DEBUG    root            Loaded Command Group: ['gcloud', 'components', 'update']
2023-03-06 13:37:34,712 DEBUG    root            Running [gcloud.components.update] with arguments: [--quiet: "True"]
2023-03-06 13:37:34,749 INFO     ___FILE_ONLY___ Beginning update. This process may take several minutes.

2023-03-06 13:37:34,772 DEBUG    urllib3.connectionpool Starting new HTTPS connection (1): dl.google.com:443
2023-03-06 13:37:34,876 DEBUG    urllib3.connectionpool https://dl.google.com:443 "GET /dl/cloudsdk/channels/rapid/components-2.json HTTP/1.1" 200 206156
2023-03-06 13:37:35,090 INFO     ___FILE_ONLY___ 

2023-03-06 13:37:35,091 INFO     ___FILE_ONLY___ 
Your current Google Cloud CLI version is: 419.0.0

2023-03-06 13:37:35,091 INFO     ___FILE_ONLY___ You will be upgraded to version: 420.0.0

2023-03-06 13:37:35,091 INFO     ___FILE_ONLY___ 

2023-03-06 13:37:35,091 DEBUG    root            Chosen display Format:table[box,title="These components will be removed."](details.display_name:label=Name:align=left,version.version_string:label=Version:align=right,data.size.size(zero="",min=1048576):label=Size:align=right)
2023-03-06 13:37:35,092 DEBUG    root            Chosen display Format:table[box,title="These components will be updated."](details.display_name:label=Name:align=left,version.version_string:label=Version:align=right,data.size.size(zero="",min=1048576):label=Size:align=right)
2023-03-06 13:37:35,094 INFO     ___FILE_ONLY___ â”Œâ”€â”€â”€â”€â”€â”€â”€â”€â”€â”€â”€â”€â”€â”€â”€â”€â”€â”€â”€â”€â”€â”€â”€â”€â”€â”€â”€â”€â”€â”€â”€â”€â”€â”€â”€â”€â”€â”€â”€â”€â”€â”€â”€â”€â”€â”€â”€â”€â”€â”€â”€â”€â”€â”€â”€â”€â”€â”
2023-03-06 13:37:35,094 INFO     ___FILE_ONLY___ 

2023-03-06 13:37:35,094 INFO     ___FILE_ONLY___ â”‚            These components will be updated.            â”‚
2023-03-06 13:37:35,094 INFO     ___FILE_ONLY___ 

2023-03-06 13:37:35,094 INFO     ___FILE_ONLY___ â”œâ”€â”€â”€â”€â”€â”€â”€â”€â”€â”€â”€â”€â”€â”€â”€â”€â”€â”€â”€â”€â”€â”€â”€â”€â”€â”€â”€â”€â”€â”€â”€â”€â”€â”¬â”€â”€â”€â”€â”€â”€â”€â”€â”€â”€â”€â”€â”¬â”€â”€â”€â”€â”€â”€â”€â”€â”€â”€â”¤
2023-03-06 13:37:35,094 INFO     ___FILE_ONLY___ 

2023-03-06 13:37:35,094 INFO     ___FILE_ONLY___ â”‚               Name              â”‚  Version   â”‚   Size   â”‚
2023-03-06 13:37:35,094 INFO     ___FILE_ONLY___ 

2023-03-06 13:37:35,094 INFO     ___FILE_ONLY___ â”œâ”€â”€â”€â”€â”€â”€â”€â”€â”€â”€â”€â”€â”€â”€â”€â”€â”€â”€â”€â”€â”€â”€â”€â”€â”€â”€â”€â”€â”€â”€â”€â”€â”€â”¼â”€â”€â”€â”€â”€â”€â”€â”€â”€â”€â”€â”€â”¼â”€â”€â”€â”€â”€â”€â”€â”€â”€â”€â”¤
2023-03-06 13:37:35,094 INFO     ___FILE_ONLY___ 

2023-03-06 13:37:35,094 INFO     ___FILE_ONLY___ â”‚ 
2023-03-06 13:37:35,094 INFO     ___FILE_ONLY___ BigQuery Command Line Tool     
2023-03-06 13:37:35,094 INFO     ___FILE_ONLY___  
2023-03-06 13:37:35,095 INFO     ___FILE_ONLY___ â”‚ 
2023-03-06 13:37:35,095 INFO     ___FILE_ONLY___     2.0.86
2023-03-06 13:37:35,095 INFO     ___FILE_ONLY___  
2023-03-06 13:37:35,095 INFO     ___FILE_ONLY___ â”‚ 
2023-03-06 13:37:35,095 INFO     ___FILE_ONLY___  1.6 MiB
2023-03-06 13:37:35,095 INFO     ___FILE_ONLY___  
2023-03-06 13:37:35,095 INFO     ___FILE_ONLY___ â”‚
2023-03-06 13:37:35,095 INFO     ___FILE_ONLY___ 

2023-03-06 13:37:35,095 INFO     ___FILE_ONLY___ â”‚ 
2023-03-06 13:37:35,095 INFO     ___FILE_ONLY___ Google Cloud CLI Core Libraries
2023-03-06 13:37:35,095 INFO     ___FILE_ONLY___  
2023-03-06 13:37:35,095 INFO     ___FILE_ONLY___ â”‚ 
2023-03-06 13:37:35,095 INFO     ___FILE_ONLY___ 2023.02.24
2023-03-06 13:37:35,095 INFO     ___FILE_ONLY___  
2023-03-06 13:37:35,095 INFO     ___FILE_ONLY___ â”‚ 
2023-03-06 13:37:35,095 INFO     ___FILE_ONLY___ 26.7 MiB
2023-03-06 13:37:35,095 INFO     ___FILE_ONLY___  
2023-03-06 13:37:35,095 INFO     ___FILE_ONLY___ â”‚
2023-03-06 13:37:35,095 INFO     ___FILE_ONLY___ 

2023-03-06 13:37:35,095 INFO     ___FILE_ONLY___ â”‚ 
2023-03-06 13:37:35,095 INFO     ___FILE_ONLY___ gcloud Alpha Commands          
2023-03-06 13:37:35,095 INFO     ___FILE_ONLY___  
2023-03-06 13:37:35,095 INFO     ___FILE_ONLY___ â”‚ 
2023-03-06 13:37:35,095 INFO     ___FILE_ONLY___ 2023.02.24
2023-03-06 13:37:35,095 INFO     ___FILE_ONLY___  
2023-03-06 13:37:35,095 INFO     ___FILE_ONLY___ â”‚ 
2023-03-06 13:37:35,095 INFO     ___FILE_ONLY___  < 1 MiB
2023-03-06 13:37:35,095 INFO     ___FILE_ONLY___  
2023-03-06 13:37:35,096 INFO     ___FILE_ONLY___ â”‚
2023-03-06 13:37:35,096 INFO     ___FILE_ONLY___ 

2023-03-06 13:37:35,096 INFO     ___FILE_ONLY___ â”‚ 
2023-03-06 13:37:35,096 INFO     ___FILE_ONLY___ gcloud Beta Commands           
2023-03-06 13:37:35,096 INFO     ___FILE_ONLY___  
2023-03-06 13:37:35,096 INFO     ___FILE_ONLY___ â”‚ 
2023-03-06 13:37:35,096 INFO     ___FILE_ONLY___ 2023.02.24
2023-03-06 13:37:35,096 INFO     ___FILE_ONLY___  
2023-03-06 13:37:35,096 INFO     ___FILE_ONLY___ â”‚ 
2023-03-06 13:37:35,096 INFO     ___FILE_ONLY___  < 1 MiB
2023-03-06 13:37:35,096 INFO     ___FILE_ONLY___  
2023-03-06 13:37:35,096 INFO     ___FILE_ONLY___ â”‚
2023-03-06 13:37:35,096 INFO     ___FILE_ONLY___ 

2023-03-06 13:37:35,096 INFO     ___FILE_ONLY___ â”‚ 
2023-03-06 13:37:35,096 INFO     ___FILE_ONLY___ gcloud cli dependencies        
2023-03-06 13:37:35,096 INFO     ___FILE_ONLY___  
2023-03-06 13:37:35,096 INFO     ___FILE_ONLY___ â”‚ 
2023-03-06 13:37:35,096 INFO     ___FILE_ONLY___ 2023.02.24
2023-03-06 13:37:35,096 INFO     ___FILE_ONLY___  
2023-03-06 13:37:35,096 INFO     ___FILE_ONLY___ â”‚ 
2023-03-06 13:37:35,096 INFO     ___FILE_ONLY___ 11.2 MiB
2023-03-06 13:37:35,096 INFO     ___FILE_ONLY___  
2023-03-06 13:37:35,096 INFO     ___FILE_ONLY___ â”‚
2023-03-06 13:37:35,097 INFO     ___FILE_ONLY___ 

2023-03-06 13:37:35,097 INFO     ___FILE_ONLY___ â””â”€â”€â”€â”€â”€â”€â”€â”€â”€â”€â”€â”€â”€â”€â”€â”€â”€â”€â”€â”€â”€â”€â”€â”€â”€â”€â”€â”€â”€â”€â”€â”€â”€â”´â”€â”€â”€â”€â”€â”€â”€â”€â”€â”€â”€â”€â”´â”€â”€â”€â”€â”€â”€â”€â”€â”€â”€â”˜
2023-03-06 13:37:35,097 INFO     ___FILE_ONLY___ 

2023-03-06 13:37:35,097 DEBUG    root            Chosen display Format:table[box,title="These components will be installed."](details.display_name:label=Name:align=left,version.version_string:label=Version:align=right,data.size.size(zero="",min=1048576):label=Size:align=right)
2023-03-06 13:37:35,097 INFO     ___FILE_ONLY___ 

2023-03-06 13:37:35,100 DEBUG    urllib3.connectionpool Starting new HTTPS connection (1): dl.google.com:443
2023-03-06 13:37:35,281 DEBUG    urllib3.connectionpool https://dl.google.com:443 "GET /dl/cloudsdk/channels/rapid/RELEASE_NOTES HTTP/1.1" 200 950549
2023-03-06 13:37:35,621 INFO     ___FILE_ONLY___ The following release notes are new in this upgrade.
Please read carefully for information about new features, breaking changes,
and bugs fixed.  The latest full release notes can be viewed at:
  https://cloud.google.com/sdk/release_notes


2023-03-06 13:37:35,622 INFO     ___FILE_ONLY___ [m
2023-03-06 13:37:35,622 INFO     ___FILE_ONLY___ [1m420.0.0 (2023-02-28)[m

2023-03-06 13:37:35,622 INFO     ___FILE_ONLY___ [m
2023-03-06 13:37:35,622 INFO     ___FILE_ONLY___   
2023-03-06 13:37:35,622 INFO     ___FILE_ONLY___ [1mBreaking Changes[m

2023-03-06 13:37:35,622 INFO     ___FILE_ONLY___       â–ª
2023-03-06 13:37:35,622 INFO     ___FILE_ONLY___  
2023-03-06 13:37:35,622 INFO     ___FILE_ONLY___ **(Cloud
2023-03-06 13:37:35,622 INFO     ___FILE_ONLY___  
2023-03-06 13:37:35,622 INFO     ___FILE_ONLY___ Firestore)**
2023-03-06 13:37:35,622 INFO     ___FILE_ONLY___  
2023-03-06 13:37:35,622 INFO     ___FILE_ONLY___ Switched
2023-03-06 13:37:35,622 INFO     ___FILE_ONLY___  
2023-03-06 13:37:35,622 INFO     ___FILE_ONLY___ [1mfirestore
2023-03-06 13:37:35,622 INFO     ___FILE_ONLY___  
2023-03-06 13:37:35,622 INFO     ___FILE_ONLY___ beta
2023-03-06 13:37:35,622 INFO     ___FILE_ONLY___  
2023-03-06 13:37:35,622 INFO     ___FILE_ONLY___ database
2023-03-06 13:37:35,622 INFO     ___FILE_ONLY___  
2023-03-06 13:37:35,622 INFO     ___FILE_ONLY___ create[m
2023-03-06 13:37:35,622 INFO     ___FILE_ONLY___  
2023-03-06 13:37:35,623 INFO     ___FILE_ONLY___ to
2023-03-06 13:37:35,623 INFO     ___FILE_ONLY___  
2023-03-06 13:37:35,623 INFO     ___FILE_ONLY___ use
2023-03-06 13:37:35,623 INFO     ___FILE_ONLY___ 

2023-03-06 13:37:35,623 INFO     ___FILE_ONLY___         
2023-03-06 13:37:35,623 INFO     ___FILE_ONLY___ Firestore
2023-03-06 13:37:35,623 INFO     ___FILE_ONLY___  
2023-03-06 13:37:35,623 INFO     ___FILE_ONLY___ API.
2023-03-06 13:37:35,623 INFO     ___FILE_ONLY___ 

2023-03-06 13:37:35,623 INFO     ___FILE_ONLY___       â–ª
2023-03-06 13:37:35,623 INFO     ___FILE_ONLY___  
2023-03-06 13:37:35,623 INFO     ___FILE_ONLY___ **(Cloud
2023-03-06 13:37:35,623 INFO     ___FILE_ONLY___  
2023-03-06 13:37:35,623 INFO     ___FILE_ONLY___ Firestore)**
2023-03-06 13:37:35,623 INFO     ___FILE_ONLY___  
2023-03-06 13:37:35,623 INFO     ___FILE_ONLY___ Added
2023-03-06 13:37:35,623 INFO     ___FILE_ONLY___  
2023-03-06 13:37:35,623 INFO     ___FILE_ONLY___ [1m--type[m,
2023-03-06 13:37:35,623 INFO     ___FILE_ONLY___  
2023-03-06 13:37:35,623 INFO     ___FILE_ONLY___ [1m--location[m
2023-03-06 13:37:35,623 INFO     ___FILE_ONLY___  
2023-03-06 13:37:35,623 INFO     ___FILE_ONLY___ and
2023-03-06 13:37:35,623 INFO     ___FILE_ONLY___  
2023-03-06 13:37:35,623 INFO     ___FILE_ONLY___ [1m--database[m
2023-03-06 13:37:35,623 INFO     ___FILE_ONLY___  
2023-03-06 13:37:35,623 INFO     ___FILE_ONLY___ to
2023-03-06 13:37:35,624 INFO     ___FILE_ONLY___ 

2023-03-06 13:37:35,624 INFO     ___FILE_ONLY___         
2023-03-06 13:37:35,624 INFO     ___FILE_ONLY___ [1mgcloud
2023-03-06 13:37:35,624 INFO     ___FILE_ONLY___  
2023-03-06 13:37:35,624 INFO     ___FILE_ONLY___ beta
2023-03-06 13:37:35,624 INFO     ___FILE_ONLY___  
2023-03-06 13:37:35,624 INFO     ___FILE_ONLY___ firestore
2023-03-06 13:37:35,624 INFO     ___FILE_ONLY___  
2023-03-06 13:37:35,624 INFO     ___FILE_ONLY___ database
2023-03-06 13:37:35,624 INFO     ___FILE_ONLY___  
2023-03-06 13:37:35,624 INFO     ___FILE_ONLY___ create[m.
2023-03-06 13:37:35,624 INFO     ___FILE_ONLY___ 

2023-03-06 13:37:35,624 INFO     ___FILE_ONLY___       â–ª
2023-03-06 13:37:35,624 INFO     ___FILE_ONLY___  
2023-03-06 13:37:35,624 INFO     ___FILE_ONLY___ **(Cloud
2023-03-06 13:37:35,624 INFO     ___FILE_ONLY___  
2023-03-06 13:37:35,624 INFO     ___FILE_ONLY___ Firestore)**
2023-03-06 13:37:35,624 INFO     ___FILE_ONLY___  
2023-03-06 13:37:35,624 INFO     ___FILE_ONLY___ Removed
2023-03-06 13:37:35,624 INFO     ___FILE_ONLY___  
2023-03-06 13:37:35,624 INFO     ___FILE_ONLY___ [1m--region[m
2023-03-06 13:37:35,624 INFO     ___FILE_ONLY___  
2023-03-06 13:37:35,624 INFO     ___FILE_ONLY___ in
2023-03-06 13:37:35,624 INFO     ___FILE_ONLY___  
2023-03-06 13:37:35,624 INFO     ___FILE_ONLY___ [1mgcloud
2023-03-06 13:37:35,624 INFO     ___FILE_ONLY___  
2023-03-06 13:37:35,624 INFO     ___FILE_ONLY___ beta
2023-03-06 13:37:35,625 INFO     ___FILE_ONLY___  
2023-03-06 13:37:35,625 INFO     ___FILE_ONLY___ firestore
2023-03-06 13:37:35,625 INFO     ___FILE_ONLY___ 

2023-03-06 13:37:35,625 INFO     ___FILE_ONLY___         
2023-03-06 13:37:35,625 INFO     ___FILE_ONLY___ database
2023-03-06 13:37:35,625 INFO     ___FILE_ONLY___  
2023-03-06 13:37:35,625 INFO     ___FILE_ONLY___ create[m.
2023-03-06 13:37:35,625 INFO     ___FILE_ONLY___  
2023-03-06 13:37:35,625 INFO     ___FILE_ONLY___ Use
2023-03-06 13:37:35,625 INFO     ___FILE_ONLY___  
2023-03-06 13:37:35,625 INFO     ___FILE_ONLY___ [1m--location[m
2023-03-06 13:37:35,625 INFO     ___FILE_ONLY___  
2023-03-06 13:37:35,625 INFO     ___FILE_ONLY___ instead.
2023-03-06 13:37:35,625 INFO     ___FILE_ONLY___ 

2023-03-06 13:37:35,625 INFO     ___FILE_ONLY___ 

2023-03-06 13:37:35,625 INFO     ___FILE_ONLY___ [m
2023-03-06 13:37:35,625 INFO     ___FILE_ONLY___   
2023-03-06 13:37:35,625 INFO     ___FILE_ONLY___ [1mApp Engine[m

2023-03-06 13:37:35,625 INFO     ___FILE_ONLY___       â–ª
2023-03-06 13:37:35,625 INFO     ___FILE_ONLY___  
2023-03-06 13:37:35,625 INFO     ___FILE_ONLY___ Added
2023-03-06 13:37:35,625 INFO     ___FILE_ONLY___  
2023-03-06 13:37:35,625 INFO     ___FILE_ONLY___ support
2023-03-06 13:37:35,625 INFO     ___FILE_ONLY___  
2023-03-06 13:37:35,625 INFO     ___FILE_ONLY___ for
2023-03-06 13:37:35,625 INFO     ___FILE_ONLY___  
2023-03-06 13:37:35,626 INFO     ___FILE_ONLY___ App
2023-03-06 13:37:35,626 INFO     ___FILE_ONLY___  
2023-03-06 13:37:35,626 INFO     ___FILE_ONLY___ Engine
2023-03-06 13:37:35,626 INFO     ___FILE_ONLY___  
2023-03-06 13:37:35,626 INFO     ___FILE_ONLY___ go
2023-03-06 13:37:35,626 INFO     ___FILE_ONLY___  
2023-03-06 13:37:35,626 INFO     ___FILE_ONLY___ runtime
2023-03-06 13:37:35,626 INFO     ___FILE_ONLY___  
2023-03-06 13:37:35,626 INFO     ___FILE_ONLY___ versions
2023-03-06 13:37:35,626 INFO     ___FILE_ONLY___  
2023-03-06 13:37:35,626 INFO     ___FILE_ONLY___ 116,
2023-03-06 13:37:35,626 INFO     ___FILE_ONLY___  
2023-03-06 13:37:35,626 INFO     ___FILE_ONLY___ 117,
2023-03-06 13:37:35,626 INFO     ___FILE_ONLY___  
2023-03-06 13:37:35,626 INFO     ___FILE_ONLY___ 118,
2023-03-06 13:37:35,626 INFO     ___FILE_ONLY___  
2023-03-06 13:37:35,626 INFO     ___FILE_ONLY___ 119,
2023-03-06 13:37:35,626 INFO     ___FILE_ONLY___ 

2023-03-06 13:37:35,626 INFO     ___FILE_ONLY___         
2023-03-06 13:37:35,626 INFO     ___FILE_ONLY___ 120.
2023-03-06 13:37:35,626 INFO     ___FILE_ONLY___ 

2023-03-06 13:37:35,626 INFO     ___FILE_ONLY___ 

2023-03-06 13:37:35,626 INFO     ___FILE_ONLY___ [m
2023-03-06 13:37:35,626 INFO     ___FILE_ONLY___   
2023-03-06 13:37:35,626 INFO     ___FILE_ONLY___ [1mBigQuery[m

2023-03-06 13:37:35,626 INFO     ___FILE_ONLY___       â–ª
2023-03-06 13:37:35,626 INFO     ___FILE_ONLY___  
2023-03-06 13:37:35,627 INFO     ___FILE_ONLY___ Updated
2023-03-06 13:37:35,627 INFO     ___FILE_ONLY___  
2023-03-06 13:37:35,627 INFO     ___FILE_ONLY___ messaging
2023-03-06 13:37:35,627 INFO     ___FILE_ONLY___  
2023-03-06 13:37:35,627 INFO     ___FILE_ONLY___ for
2023-03-06 13:37:35,627 INFO     ___FILE_ONLY___  
2023-03-06 13:37:35,627 INFO     ___FILE_ONLY___ the
2023-03-06 13:37:35,627 INFO     ___FILE_ONLY___  
2023-03-06 13:37:35,627 INFO     ___FILE_ONLY___ [1muse_legacy_sql[m
2023-03-06 13:37:35,627 INFO     ___FILE_ONLY___  
2023-03-06 13:37:35,627 INFO     ___FILE_ONLY___ flag.
2023-03-06 13:37:35,627 INFO     ___FILE_ONLY___ 

2023-03-06 13:37:35,627 INFO     ___FILE_ONLY___       â–ª
2023-03-06 13:37:35,627 INFO     ___FILE_ONLY___  
2023-03-06 13:37:35,627 INFO     ___FILE_ONLY___ Added
2023-03-06 13:37:35,627 INFO     ___FILE_ONLY___  
2023-03-06 13:37:35,627 INFO     ___FILE_ONLY___ stack
2023-03-06 13:37:35,627 INFO     ___FILE_ONLY___  
2023-03-06 13:37:35,627 INFO     ___FILE_ONLY___ trace
2023-03-06 13:37:35,627 INFO     ___FILE_ONLY___  
2023-03-06 13:37:35,627 INFO     ___FILE_ONLY___ logging
2023-03-06 13:37:35,627 INFO     ___FILE_ONLY___  
2023-03-06 13:37:35,627 INFO     ___FILE_ONLY___ for
2023-03-06 13:37:35,627 INFO     ___FILE_ONLY___  
2023-03-06 13:37:35,627 INFO     ___FILE_ONLY___ errors
2023-03-06 13:37:35,627 INFO     ___FILE_ONLY___  
2023-03-06 13:37:35,627 INFO     ___FILE_ONLY___ when
2023-03-06 13:37:35,627 INFO     ___FILE_ONLY___  
2023-03-06 13:37:35,627 INFO     ___FILE_ONLY___ the
2023-03-06 13:37:35,628 INFO     ___FILE_ONLY___  
2023-03-06 13:37:35,628 INFO     ___FILE_ONLY___ [1mapilog[m
2023-03-06 13:37:35,628 INFO     ___FILE_ONLY___  
2023-03-06 13:37:35,628 INFO     ___FILE_ONLY___ flag
2023-03-06 13:37:35,628 INFO     ___FILE_ONLY___  
2023-03-06 13:37:35,628 INFO     ___FILE_ONLY___ is
2023-03-06 13:37:35,628 INFO     ___FILE_ONLY___  
2023-03-06 13:37:35,628 INFO     ___FILE_ONLY___ used.
2023-03-06 13:37:35,628 INFO     ___FILE_ONLY___ 

2023-03-06 13:37:35,628 INFO     ___FILE_ONLY___       â–ª
2023-03-06 13:37:35,628 INFO     ___FILE_ONLY___  
2023-03-06 13:37:35,628 INFO     ___FILE_ONLY___ Removed
2023-03-06 13:37:35,629 INFO     ___FILE_ONLY___  
2023-03-06 13:37:35,629 INFO     ___FILE_ONLY___ unnecessary
2023-03-06 13:37:35,629 INFO     ___FILE_ONLY___  
2023-03-06 13:37:35,629 INFO     ___FILE_ONLY___ fetches
2023-03-06 13:37:35,629 INFO     ___FILE_ONLY___  
2023-03-06 13:37:35,629 INFO     ___FILE_ONLY___ for
2023-03-06 13:37:35,629 INFO     ___FILE_ONLY___  
2023-03-06 13:37:35,629 INFO     ___FILE_ONLY___ data
2023-03-06 13:37:35,629 INFO     ___FILE_ONLY___  
2023-03-06 13:37:35,630 INFO     ___FILE_ONLY___ transfer
2023-03-06 13:37:35,630 INFO     ___FILE_ONLY___  
2023-03-06 13:37:35,630 INFO     ___FILE_ONLY___ commands.
2023-03-06 13:37:35,630 INFO     ___FILE_ONLY___ 

2023-03-06 13:37:35,630 INFO     ___FILE_ONLY___ 

2023-03-06 13:37:35,630 INFO     ___FILE_ONLY___ [m
2023-03-06 13:37:35,630 INFO     ___FILE_ONLY___   
2023-03-06 13:37:35,630 INFO     ___FILE_ONLY___ [1mCertificate Authority Service[m

2023-03-06 13:37:35,630 INFO     ___FILE_ONLY___       â–ª
2023-03-06 13:37:35,630 INFO     ___FILE_ONLY___  
2023-03-06 13:37:35,630 INFO     ___FILE_ONLY___ Added
2023-03-06 13:37:35,630 INFO     ___FILE_ONLY___  
2023-03-06 13:37:35,630 INFO     ___FILE_ONLY___ name
2023-03-06 13:37:35,630 INFO     ___FILE_ONLY___  
2023-03-06 13:37:35,630 INFO     ___FILE_ONLY___ constraints
2023-03-06 13:37:35,631 INFO     ___FILE_ONLY___  
2023-03-06 13:37:35,631 INFO     ___FILE_ONLY___ arguments
2023-03-06 13:37:35,631 INFO     ___FILE_ONLY___  
2023-03-06 13:37:35,631 INFO     ___FILE_ONLY___ to
2023-03-06 13:37:35,631 INFO     ___FILE_ONLY___  
2023-03-06 13:37:35,631 INFO     ___FILE_ONLY___ [1mgcloud
2023-03-06 13:37:35,631 INFO     ___FILE_ONLY___  
2023-03-06 13:37:35,631 INFO     ___FILE_ONLY___ privateca
2023-03-06 13:37:35,631 INFO     ___FILE_ONLY___  
2023-03-06 13:37:35,631 INFO     ___FILE_ONLY___ roots
2023-03-06 13:37:35,631 INFO     ___FILE_ONLY___  
2023-03-06 13:37:35,631 INFO     ___FILE_ONLY___ create[m
2023-03-06 13:37:35,631 INFO     ___FILE_ONLY___  
2023-03-06 13:37:35,631 INFO     ___FILE_ONLY___ to
2023-03-06 13:37:35,631 INFO     ___FILE_ONLY___ 

2023-03-06 13:37:35,632 INFO     ___FILE_ONLY___         
2023-03-06 13:37:35,632 INFO     ___FILE_ONLY___ allow
2023-03-06 13:37:35,632 INFO     ___FILE_ONLY___  
2023-03-06 13:37:35,632 INFO     ___FILE_ONLY___ configuring
2023-03-06 13:37:35,632 INFO     ___FILE_ONLY___  
2023-03-06 13:37:35,632 INFO     ___FILE_ONLY___ certificate
2023-03-06 13:37:35,632 INFO     ___FILE_ONLY___  
2023-03-06 13:37:35,632 INFO     ___FILE_ONLY___ authorities
2023-03-06 13:37:35,632 INFO     ___FILE_ONLY___  
2023-03-06 13:37:35,632 INFO     ___FILE_ONLY___ with
2023-03-06 13:37:35,632 INFO     ___FILE_ONLY___  
2023-03-06 13:37:35,632 INFO     ___FILE_ONLY___ name
2023-03-06 13:37:35,632 INFO     ___FILE_ONLY___  
2023-03-06 13:37:35,632 INFO     ___FILE_ONLY___ constraints.
2023-03-06 13:37:35,632 INFO     ___FILE_ONLY___ 

2023-03-06 13:37:35,632 INFO     ___FILE_ONLY___       â–ª
2023-03-06 13:37:35,632 INFO     ___FILE_ONLY___  
2023-03-06 13:37:35,632 INFO     ___FILE_ONLY___ Added
2023-03-06 13:37:35,632 INFO     ___FILE_ONLY___  
2023-03-06 13:37:35,632 INFO     ___FILE_ONLY___ name
2023-03-06 13:37:35,632 INFO     ___FILE_ONLY___  
2023-03-06 13:37:35,632 INFO     ___FILE_ONLY___ constraints
2023-03-06 13:37:35,632 INFO     ___FILE_ONLY___  
2023-03-06 13:37:35,632 INFO     ___FILE_ONLY___ arguments
2023-03-06 13:37:35,632 INFO     ___FILE_ONLY___  
2023-03-06 13:37:35,633 INFO     ___FILE_ONLY___ to
2023-03-06 13:37:35,633 INFO     ___FILE_ONLY___  
2023-03-06 13:37:35,633 INFO     ___FILE_ONLY___ [1mgcloud
2023-03-06 13:37:35,633 INFO     ___FILE_ONLY___  
2023-03-06 13:37:35,633 INFO     ___FILE_ONLY___ privateca
2023-03-06 13:37:35,633 INFO     ___FILE_ONLY___  
2023-03-06 13:37:35,633 INFO     ___FILE_ONLY___ subordinates
2023-03-06 13:37:35,633 INFO     ___FILE_ONLY___ 

2023-03-06 13:37:35,633 INFO     ___FILE_ONLY___         
2023-03-06 13:37:35,633 INFO     ___FILE_ONLY___ create[m
2023-03-06 13:37:35,633 INFO     ___FILE_ONLY___  
2023-03-06 13:37:35,633 INFO     ___FILE_ONLY___ to
2023-03-06 13:37:35,633 INFO     ___FILE_ONLY___  
2023-03-06 13:37:35,633 INFO     ___FILE_ONLY___ allow
2023-03-06 13:37:35,633 INFO     ___FILE_ONLY___  
2023-03-06 13:37:35,633 INFO     ___FILE_ONLY___ configuring
2023-03-06 13:37:35,633 INFO     ___FILE_ONLY___  
2023-03-06 13:37:35,633 INFO     ___FILE_ONLY___ certificate
2023-03-06 13:37:35,633 INFO     ___FILE_ONLY___  
2023-03-06 13:37:35,633 INFO     ___FILE_ONLY___ authorities
2023-03-06 13:37:35,633 INFO     ___FILE_ONLY___  
2023-03-06 13:37:35,633 INFO     ___FILE_ONLY___ with
2023-03-06 13:37:35,633 INFO     ___FILE_ONLY___  
2023-03-06 13:37:35,633 INFO     ___FILE_ONLY___ name
2023-03-06 13:37:35,633 INFO     ___FILE_ONLY___ 

2023-03-06 13:37:35,633 INFO     ___FILE_ONLY___         
2023-03-06 13:37:35,633 INFO     ___FILE_ONLY___ constraints.
2023-03-06 13:37:35,633 INFO     ___FILE_ONLY___ 

2023-03-06 13:37:35,633 INFO     ___FILE_ONLY___       â–ª
2023-03-06 13:37:35,634 INFO     ___FILE_ONLY___  
2023-03-06 13:37:35,634 INFO     ___FILE_ONLY___ Added
2023-03-06 13:37:35,634 INFO     ___FILE_ONLY___  
2023-03-06 13:37:35,634 INFO     ___FILE_ONLY___ name
2023-03-06 13:37:35,634 INFO     ___FILE_ONLY___  
2023-03-06 13:37:35,634 INFO     ___FILE_ONLY___ constraints
2023-03-06 13:37:35,634 INFO     ___FILE_ONLY___  
2023-03-06 13:37:35,634 INFO     ___FILE_ONLY___ arguments
2023-03-06 13:37:35,634 INFO     ___FILE_ONLY___  
2023-03-06 13:37:35,634 INFO     ___FILE_ONLY___ to
2023-03-06 13:37:35,634 INFO     ___FILE_ONLY___  
2023-03-06 13:37:35,634 INFO     ___FILE_ONLY___ [1mgcloud
2023-03-06 13:37:35,634 INFO     ___FILE_ONLY___  
2023-03-06 13:37:35,634 INFO     ___FILE_ONLY___ privateca
2023-03-06 13:37:35,634 INFO     ___FILE_ONLY___  
2023-03-06 13:37:35,634 INFO     ___FILE_ONLY___ certificates
2023-03-06 13:37:35,634 INFO     ___FILE_ONLY___ 

2023-03-06 13:37:35,634 INFO     ___FILE_ONLY___         
2023-03-06 13:37:35,634 INFO     ___FILE_ONLY___ create[m
2023-03-06 13:37:35,634 INFO     ___FILE_ONLY___  
2023-03-06 13:37:35,634 INFO     ___FILE_ONLY___ to
2023-03-06 13:37:35,634 INFO     ___FILE_ONLY___  
2023-03-06 13:37:35,634 INFO     ___FILE_ONLY___ allow
2023-03-06 13:37:35,636 INFO     ___FILE_ONLY___  
2023-03-06 13:37:35,636 INFO     ___FILE_ONLY___ configuring
2023-03-06 13:37:35,636 INFO     ___FILE_ONLY___  
2023-03-06 13:37:35,637 INFO     ___FILE_ONLY___ certificate
2023-03-06 13:37:35,637 INFO     ___FILE_ONLY___  
2023-03-06 13:37:35,637 INFO     ___FILE_ONLY___ authorities
2023-03-06 13:37:35,637 INFO     ___FILE_ONLY___  
2023-03-06 13:37:35,637 INFO     ___FILE_ONLY___ with
2023-03-06 13:37:35,637 INFO     ___FILE_ONLY___  
2023-03-06 13:37:35,637 INFO     ___FILE_ONLY___ name
2023-03-06 13:37:35,637 INFO     ___FILE_ONLY___ 

2023-03-06 13:37:35,637 INFO     ___FILE_ONLY___         
2023-03-06 13:37:35,637 INFO     ___FILE_ONLY___ constraints.
2023-03-06 13:37:35,637 INFO     ___FILE_ONLY___ 

2023-03-06 13:37:35,637 INFO     ___FILE_ONLY___ 

2023-03-06 13:37:35,637 INFO     ___FILE_ONLY___ [m
2023-03-06 13:37:35,637 INFO     ___FILE_ONLY___   
2023-03-06 13:37:35,637 INFO     ___FILE_ONLY___ [1mCloud Composer[m

2023-03-06 13:37:35,637 INFO     ___FILE_ONLY___       â–ª
2023-03-06 13:37:35,637 INFO     ___FILE_ONLY___  
2023-03-06 13:37:35,637 INFO     ___FILE_ONLY___ Update
2023-03-06 13:37:35,637 INFO     ___FILE_ONLY___  
2023-03-06 13:37:35,637 INFO     ___FILE_ONLY___ warning
2023-03-06 13:37:35,637 INFO     ___FILE_ONLY___  
2023-03-06 13:37:35,637 INFO     ___FILE_ONLY___ message
2023-03-06 13:37:35,637 INFO     ___FILE_ONLY___  
2023-03-06 13:37:35,637 INFO     ___FILE_ONLY___ when
2023-03-06 13:37:35,637 INFO     ___FILE_ONLY___  
2023-03-06 13:37:35,638 INFO     ___FILE_ONLY___ running
2023-03-06 13:37:35,638 INFO     ___FILE_ONLY___  
2023-03-06 13:37:35,638 INFO     ___FILE_ONLY___ commands
2023-03-06 13:37:35,638 INFO     ___FILE_ONLY___  
2023-03-06 13:37:35,638 INFO     ___FILE_ONLY___ that
2023-03-06 13:37:35,638 INFO     ___FILE_ONLY___  
2023-03-06 13:37:35,638 INFO     ___FILE_ONLY___ use
2023-03-06 13:37:35,638 INFO     ___FILE_ONLY___  
2023-03-06 13:37:35,638 INFO     ___FILE_ONLY___ the
2023-03-06 13:37:35,638 INFO     ___FILE_ONLY___  
2023-03-06 13:37:35,638 INFO     ___FILE_ONLY___ default
2023-03-06 13:37:35,638 INFO     ___FILE_ONLY___ 

2023-03-06 13:37:35,638 INFO     ___FILE_ONLY___         
2023-03-06 13:37:35,638 INFO     ___FILE_ONLY___ Cloud
2023-03-06 13:37:35,638 INFO     ___FILE_ONLY___  
2023-03-06 13:37:35,638 INFO     ___FILE_ONLY___ Composer
2023-03-06 13:37:35,638 INFO     ___FILE_ONLY___  
2023-03-06 13:37:35,638 INFO     ___FILE_ONLY___ version,
2023-03-06 13:37:35,638 INFO     ___FILE_ONLY___  
2023-03-06 13:37:35,638 INFO     ___FILE_ONLY___ which
2023-03-06 13:37:35,638 INFO     ___FILE_ONLY___  
2023-03-06 13:37:35,638 INFO     ___FILE_ONLY___ was
2023-03-06 13:37:35,638 INFO     ___FILE_ONLY___  
2023-03-06 13:37:35,638 INFO     ___FILE_ONLY___ changed
2023-03-06 13:37:35,638 INFO     ___FILE_ONLY___  
2023-03-06 13:37:35,638 INFO     ___FILE_ONLY___ recently
2023-03-06 13:37:35,638 INFO     ___FILE_ONLY___  
2023-03-06 13:37:35,638 INFO     ___FILE_ONLY___ from
2023-03-06 13:37:35,638 INFO     ___FILE_ONLY___  
2023-03-06 13:37:35,639 INFO     ___FILE_ONLY___ 1
2023-03-06 13:37:35,639 INFO     ___FILE_ONLY___  
2023-03-06 13:37:35,639 INFO     ___FILE_ONLY___ to
2023-03-06 13:37:35,639 INFO     ___FILE_ONLY___  
2023-03-06 13:37:35,639 INFO     ___FILE_ONLY___ 2.
2023-03-06 13:37:35,639 INFO     ___FILE_ONLY___ 

2023-03-06 13:37:35,639 INFO     ___FILE_ONLY___ 

2023-03-06 13:37:35,639 INFO     ___FILE_ONLY___ [m
2023-03-06 13:37:35,639 INFO     ___FILE_ONLY___   
2023-03-06 13:37:35,639 INFO     ___FILE_ONLY___ [1mCloud Functions[m

2023-03-06 13:37:35,639 INFO     ___FILE_ONLY___       â–ª
2023-03-06 13:37:35,639 INFO     ___FILE_ONLY___  
2023-03-06 13:37:35,639 INFO     ___FILE_ONLY___ Fixed
2023-03-06 13:37:35,639 INFO     ___FILE_ONLY___  
2023-03-06 13:37:35,639 INFO     ___FILE_ONLY___ issue
2023-03-06 13:37:35,639 INFO     ___FILE_ONLY___  
2023-03-06 13:37:35,639 INFO     ___FILE_ONLY___ where
2023-03-06 13:37:35,639 INFO     ___FILE_ONLY___  
2023-03-06 13:37:35,639 INFO     ___FILE_ONLY___ [1mgcloud
2023-03-06 13:37:35,639 INFO     ___FILE_ONLY___  
2023-03-06 13:37:35,639 INFO     ___FILE_ONLY___ functions
2023-03-06 13:37:35,639 INFO     ___FILE_ONLY___  
2023-03-06 13:37:35,639 INFO     ___FILE_ONLY___ deploy[m
2023-03-06 13:37:35,639 INFO     ___FILE_ONLY___  
2023-03-06 13:37:35,639 INFO     ___FILE_ONLY___ would
2023-03-06 13:37:35,639 INFO     ___FILE_ONLY___  
2023-03-06 13:37:35,639 INFO     ___FILE_ONLY___ crash
2023-03-06 13:37:35,640 INFO     ___FILE_ONLY___  
2023-03-06 13:37:35,640 INFO     ___FILE_ONLY___ on
2023-03-06 13:37:35,640 INFO     ___FILE_ONLY___  
2023-03-06 13:37:35,640 INFO     ___FILE_ONLY___ updating
2023-03-06 13:37:35,640 INFO     ___FILE_ONLY___  
2023-03-06 13:37:35,640 INFO     ___FILE_ONLY___ an
2023-03-06 13:37:35,640 INFO     ___FILE_ONLY___ 

2023-03-06 13:37:35,640 INFO     ___FILE_ONLY___         
2023-03-06 13:37:35,640 INFO     ___FILE_ONLY___ existing
2023-03-06 13:37:35,640 INFO     ___FILE_ONLY___  
2023-03-06 13:37:35,640 INFO     ___FILE_ONLY___ function
2023-03-06 13:37:35,640 INFO     ___FILE_ONLY___  
2023-03-06 13:37:35,640 INFO     ___FILE_ONLY___ with
2023-03-06 13:37:35,640 INFO     ___FILE_ONLY___  
2023-03-06 13:37:35,640 INFO     ___FILE_ONLY___ VPC
2023-03-06 13:37:35,640 INFO     ___FILE_ONLY___  
2023-03-06 13:37:35,640 INFO     ___FILE_ONLY___ Connector
2023-03-06 13:37:35,640 INFO     ___FILE_ONLY___  
2023-03-06 13:37:35,640 INFO     ___FILE_ONLY___ when
2023-03-06 13:37:35,640 INFO     ___FILE_ONLY___  
2023-03-06 13:37:35,640 INFO     ___FILE_ONLY___ [1m--egress-settings[m
2023-03-06 13:37:35,640 INFO     ___FILE_ONLY___  
2023-03-06 13:37:35,642 INFO     ___FILE_ONLY___ flag
2023-03-06 13:37:35,642 INFO     ___FILE_ONLY___  
2023-03-06 13:37:35,642 INFO     ___FILE_ONLY___ was
2023-03-06 13:37:35,642 INFO     ___FILE_ONLY___ 

2023-03-06 13:37:35,642 INFO     ___FILE_ONLY___         
2023-03-06 13:37:35,642 INFO     ___FILE_ONLY___ specified.
2023-03-06 13:37:35,642 INFO     ___FILE_ONLY___ 

2023-03-06 13:37:35,642 INFO     ___FILE_ONLY___       â–ª
2023-03-06 13:37:35,642 INFO     ___FILE_ONLY___  
2023-03-06 13:37:35,643 INFO     ___FILE_ONLY___ Added
2023-03-06 13:37:35,643 INFO     ___FILE_ONLY___  
2023-03-06 13:37:35,643 INFO     ___FILE_ONLY___ warning
2023-03-06 13:37:35,643 INFO     ___FILE_ONLY___  
2023-03-06 13:37:35,643 INFO     ___FILE_ONLY___ and
2023-03-06 13:37:35,643 INFO     ___FILE_ONLY___  
2023-03-06 13:37:35,643 INFO     ___FILE_ONLY___ prompting
2023-03-06 13:37:35,643 INFO     ___FILE_ONLY___  
2023-03-06 13:37:35,643 INFO     ___FILE_ONLY___ to
2023-03-06 13:37:35,643 INFO     ___FILE_ONLY___  
2023-03-06 13:37:35,643 INFO     ___FILE_ONLY___ [1mgcloud
2023-03-06 13:37:35,643 INFO     ___FILE_ONLY___  
2023-03-06 13:37:35,643 INFO     ___FILE_ONLY___ functions
2023-03-06 13:37:35,643 INFO     ___FILE_ONLY___ 

2023-03-06 13:37:35,643 INFO     ___FILE_ONLY___         
2023-03-06 13:37:35,643 INFO     ___FILE_ONLY___ add-iam-policy-binding[m
2023-03-06 13:37:35,643 INFO     ___FILE_ONLY___  
2023-03-06 13:37:35,643 INFO     ___FILE_ONLY___ about
2023-03-06 13:37:35,643 INFO     ___FILE_ONLY___  
2023-03-06 13:37:35,643 INFO     ___FILE_ONLY___ needing
2023-03-06 13:37:35,643 INFO     ___FILE_ONLY___  
2023-03-06 13:37:35,647 INFO     ___FILE_ONLY___ to
2023-03-06 13:37:35,647 INFO     ___FILE_ONLY___  
2023-03-06 13:37:35,647 INFO     ___FILE_ONLY___ bind
2023-03-06 13:37:35,647 INFO     ___FILE_ONLY___  
2023-03-06 13:37:35,647 INFO     ___FILE_ONLY___ the
2023-03-06 13:37:35,647 INFO     ___FILE_ONLY___  
2023-03-06 13:37:35,647 INFO     ___FILE_ONLY___ [1mroles/run.invoker[m
2023-03-06 13:37:35,647 INFO     ___FILE_ONLY___  
2023-03-06 13:37:35,648 INFO     ___FILE_ONLY___ role
2023-03-06 13:37:35,648 INFO     ___FILE_ONLY___ 

2023-03-06 13:37:35,648 INFO     ___FILE_ONLY___         
2023-03-06 13:37:35,648 INFO     ___FILE_ONLY___ for
2023-03-06 13:37:35,648 INFO     ___FILE_ONLY___  
2023-03-06 13:37:35,648 INFO     ___FILE_ONLY___ 2nd
2023-03-06 13:37:35,648 INFO     ___FILE_ONLY___  
2023-03-06 13:37:35,648 INFO     ___FILE_ONLY___ gen
2023-03-06 13:37:35,648 INFO     ___FILE_ONLY___  
2023-03-06 13:37:35,648 INFO     ___FILE_ONLY___ functions.
2023-03-06 13:37:35,648 INFO     ___FILE_ONLY___ 

2023-03-06 13:37:35,650 INFO     ___FILE_ONLY___ 

2023-03-06 13:37:35,650 INFO     ___FILE_ONLY___ [m
2023-03-06 13:37:35,650 INFO     ___FILE_ONLY___   
2023-03-06 13:37:35,650 INFO     ___FILE_ONLY___ [1mCloud Key Management Service[m

2023-03-06 13:37:35,650 INFO     ___FILE_ONLY___       â–ª
2023-03-06 13:37:35,651 INFO     ___FILE_ONLY___  
2023-03-06 13:37:35,651 INFO     ___FILE_ONLY___ Added
2023-03-06 13:37:35,651 INFO     ___FILE_ONLY___  
2023-03-06 13:37:35,651 INFO     ___FILE_ONLY___ [1mgcloud
2023-03-06 13:37:35,651 INFO     ___FILE_ONLY___  
2023-03-06 13:37:35,651 INFO     ___FILE_ONLY___ beta
2023-03-06 13:37:35,651 INFO     ___FILE_ONLY___  
2023-03-06 13:37:35,651 INFO     ___FILE_ONLY___ kms
2023-03-06 13:37:35,651 INFO     ___FILE_ONLY___  
2023-03-06 13:37:35,651 INFO     ___FILE_ONLY___ inventory[m
2023-03-06 13:37:35,651 INFO     ___FILE_ONLY___  
2023-03-06 13:37:35,651 INFO     ___FILE_ONLY___ which
2023-03-06 13:37:35,651 INFO     ___FILE_ONLY___  
2023-03-06 13:37:35,651 INFO     ___FILE_ONLY___ allows
2023-03-06 13:37:35,651 INFO     ___FILE_ONLY___  
2023-03-06 13:37:35,651 INFO     ___FILE_ONLY___ viewing
2023-03-06 13:37:35,651 INFO     ___FILE_ONLY___  
2023-03-06 13:37:35,651 INFO     ___FILE_ONLY___ and
2023-03-06 13:37:35,651 INFO     ___FILE_ONLY___  
2023-03-06 13:37:35,651 INFO     ___FILE_ONLY___ tracking
2023-03-06 13:37:35,651 INFO     ___FILE_ONLY___  
2023-03-06 13:37:35,651 INFO     ___FILE_ONLY___ of
2023-03-06 13:37:35,651 INFO     ___FILE_ONLY___ 

2023-03-06 13:37:35,651 INFO     ___FILE_ONLY___         
2023-03-06 13:37:35,651 INFO     ___FILE_ONLY___ keys
2023-03-06 13:37:35,651 INFO     ___FILE_ONLY___  
2023-03-06 13:37:35,651 INFO     ___FILE_ONLY___ across
2023-03-06 13:37:35,651 INFO     ___FILE_ONLY___  
2023-03-06 13:37:35,652 INFO     ___FILE_ONLY___ cloud
2023-03-06 13:37:35,652 INFO     ___FILE_ONLY___  
2023-03-06 13:37:35,652 INFO     ___FILE_ONLY___ resources.
2023-03-06 13:37:35,652 INFO     ___FILE_ONLY___ 

2023-03-06 13:37:35,652 INFO     ___FILE_ONLY___ 

2023-03-06 13:37:35,652 INFO     ___FILE_ONLY___ [m
2023-03-06 13:37:35,652 INFO     ___FILE_ONLY___   
2023-03-06 13:37:35,652 INFO     ___FILE_ONLY___ [1mCloud Logging[m

2023-03-06 13:37:35,652 INFO     ___FILE_ONLY___       â–ª
2023-03-06 13:37:35,652 INFO     ___FILE_ONLY___  
2023-03-06 13:37:35,652 INFO     ___FILE_ONLY___ Promoted
2023-03-06 13:37:35,652 INFO     ___FILE_ONLY___  
2023-03-06 13:37:35,652 INFO     ___FILE_ONLY___ [1mbuckets
2023-03-06 13:37:35,652 INFO     ___FILE_ONLY___  
2023-03-06 13:37:35,652 INFO     ___FILE_ONLY___ create
2023-03-06 13:37:35,652 INFO     ___FILE_ONLY___  
2023-03-06 13:37:35,652 INFO     ___FILE_ONLY___ --enable-analytics[m
2023-03-06 13:37:35,652 INFO     ___FILE_ONLY___  
2023-03-06 13:37:35,652 INFO     ___FILE_ONLY___ to
2023-03-06 13:37:35,652 INFO     ___FILE_ONLY___  
2023-03-06 13:37:35,652 INFO     ___FILE_ONLY___ GA.
2023-03-06 13:37:35,652 INFO     ___FILE_ONLY___ 

2023-03-06 13:37:35,652 INFO     ___FILE_ONLY___       â–ª
2023-03-06 13:37:35,652 INFO     ___FILE_ONLY___  
2023-03-06 13:37:35,652 INFO     ___FILE_ONLY___ Added
2023-03-06 13:37:35,653 INFO     ___FILE_ONLY___  
2023-03-06 13:37:35,653 INFO     ___FILE_ONLY___ [1mbuckets
2023-03-06 13:37:35,653 INFO     ___FILE_ONLY___  
2023-03-06 13:37:35,653 INFO     ___FILE_ONLY___ update
2023-03-06 13:37:35,653 INFO     ___FILE_ONLY___  
2023-03-06 13:37:35,653 INFO     ___FILE_ONLY___ --enable-analytics[m
2023-03-06 13:37:35,653 INFO     ___FILE_ONLY___  
2023-03-06 13:37:35,653 INFO     ___FILE_ONLY___ to
2023-03-06 13:37:35,653 INFO     ___FILE_ONLY___  
2023-03-06 13:37:35,653 INFO     ___FILE_ONLY___ GA
2023-03-06 13:37:35,653 INFO     ___FILE_ONLY___  
2023-03-06 13:37:35,653 INFO     ___FILE_ONLY___ track.
2023-03-06 13:37:35,653 INFO     ___FILE_ONLY___ 

2023-03-06 13:37:35,653 INFO     ___FILE_ONLY___       â–ª
2023-03-06 13:37:35,653 INFO     ___FILE_ONLY___  
2023-03-06 13:37:35,653 INFO     ___FILE_ONLY___ Removed
2023-03-06 13:37:35,653 INFO     ___FILE_ONLY___  
2023-03-06 13:37:35,653 INFO     ___FILE_ONLY___ deprecated
2023-03-06 13:37:35,653 INFO     ___FILE_ONLY___  
2023-03-06 13:37:35,653 INFO     ___FILE_ONLY___ [1mbuckets
2023-03-06 13:37:35,653 INFO     ___FILE_ONLY___  
2023-03-06 13:37:35,653 INFO     ___FILE_ONLY___ update
2023-03-06 13:37:35,653 INFO     ___FILE_ONLY___  
2023-03-06 13:37:35,653 INFO     ___FILE_ONLY___ --enable-loglink[m
2023-03-06 13:37:35,653 INFO     ___FILE_ONLY___  
2023-03-06 13:37:35,653 INFO     ___FILE_ONLY___ from
2023-03-06 13:37:35,653 INFO     ___FILE_ONLY___  
2023-03-06 13:37:35,653 INFO     ___FILE_ONLY___ ALPHA
2023-03-06 13:37:35,653 INFO     ___FILE_ONLY___  
2023-03-06 13:37:35,654 INFO     ___FILE_ONLY___ track.
2023-03-06 13:37:35,654 INFO     ___FILE_ONLY___ 

2023-03-06 13:37:35,654 INFO     ___FILE_ONLY___       â–ª
2023-03-06 13:37:35,654 INFO     ___FILE_ONLY___  
2023-03-06 13:37:35,654 INFO     ___FILE_ONLY___ Added
2023-03-06 13:37:35,654 INFO     ___FILE_ONLY___  
2023-03-06 13:37:35,654 INFO     ___FILE_ONLY___ [1m--async[m
2023-03-06 13:37:35,654 INFO     ___FILE_ONLY___  
2023-03-06 13:37:35,654 INFO     ___FILE_ONLY___ option
2023-03-06 13:37:35,654 INFO     ___FILE_ONLY___  
2023-03-06 13:37:35,654 INFO     ___FILE_ONLY___ to
2023-03-06 13:37:35,654 INFO     ___FILE_ONLY___  
2023-03-06 13:37:35,654 INFO     ___FILE_ONLY___ the
2023-03-06 13:37:35,654 INFO     ___FILE_ONLY___  
2023-03-06 13:37:35,654 INFO     ___FILE_ONLY___ [1mbuckets
2023-03-06 13:37:35,654 INFO     ___FILE_ONLY___  
2023-03-06 13:37:35,654 INFO     ___FILE_ONLY___ create[m
2023-03-06 13:37:35,654 INFO     ___FILE_ONLY___  
2023-03-06 13:37:35,654 INFO     ___FILE_ONLY___ and
2023-03-06 13:37:35,654 INFO     ___FILE_ONLY___  
2023-03-06 13:37:35,654 INFO     ___FILE_ONLY___ [1mbuckets
2023-03-06 13:37:35,654 INFO     ___FILE_ONLY___  
2023-03-06 13:37:35,654 INFO     ___FILE_ONLY___ update[m
2023-03-06 13:37:35,654 INFO     ___FILE_ONLY___ 

2023-03-06 13:37:35,654 INFO     ___FILE_ONLY___         
2023-03-06 13:37:35,654 INFO     ___FILE_ONLY___ commands.
2023-03-06 13:37:35,654 INFO     ___FILE_ONLY___ 

2023-03-06 13:37:35,654 INFO     ___FILE_ONLY___       â–ª
2023-03-06 13:37:35,654 INFO     ___FILE_ONLY___  
2023-03-06 13:37:35,654 INFO     ___FILE_ONLY___ Added
2023-03-06 13:37:35,655 INFO     ___FILE_ONLY___  
2023-03-06 13:37:35,655 INFO     ___FILE_ONLY___ [1mlinks[m
2023-03-06 13:37:35,655 INFO     ___FILE_ONLY___  
2023-03-06 13:37:35,655 INFO     ___FILE_ONLY___ command
2023-03-06 13:37:35,655 INFO     ___FILE_ONLY___  
2023-03-06 13:37:35,655 INFO     ___FILE_ONLY___ group
2023-03-06 13:37:35,655 INFO     ___FILE_ONLY___  
2023-03-06 13:37:35,655 INFO     ___FILE_ONLY___ implementation.
2023-03-06 13:37:35,655 INFO     ___FILE_ONLY___ 

2023-03-06 13:37:35,655 INFO     ___FILE_ONLY___ 

2023-03-06 13:37:35,655 INFO     ___FILE_ONLY___ [m
2023-03-06 13:37:35,655 INFO     ___FILE_ONLY___   
2023-03-06 13:37:35,655 INFO     ___FILE_ONLY___ [1mCompute Engine[m

2023-03-06 13:37:35,655 INFO     ___FILE_ONLY___       â–ª
2023-03-06 13:37:35,655 INFO     ___FILE_ONLY___  
2023-03-06 13:37:35,655 INFO     ___FILE_ONLY___ Promoted
2023-03-06 13:37:35,655 INFO     ___FILE_ONLY___  
2023-03-06 13:37:35,655 INFO     ___FILE_ONLY___ [1m--queue-count[m
2023-03-06 13:37:35,655 INFO     ___FILE_ONLY___  
2023-03-06 13:37:35,655 INFO     ___FILE_ONLY___ flag
2023-03-06 13:37:35,655 INFO     ___FILE_ONLY___  
2023-03-06 13:37:35,655 INFO     ___FILE_ONLY___ in
2023-03-06 13:37:35,656 INFO     ___FILE_ONLY___  
2023-03-06 13:37:35,656 INFO     ___FILE_ONLY___ [1m--network-interface[m
2023-03-06 13:37:35,656 INFO     ___FILE_ONLY___  
2023-03-06 13:37:35,656 INFO     ___FILE_ONLY___ of
2023-03-06 13:37:35,656 INFO     ___FILE_ONLY___  
2023-03-06 13:37:35,656 INFO     ___FILE_ONLY___ [1mgcloud
2023-03-06 13:37:35,656 INFO     ___FILE_ONLY___  
2023-03-06 13:37:35,656 INFO     ___FILE_ONLY___ compute
2023-03-06 13:37:35,656 INFO     ___FILE_ONLY___ 

2023-03-06 13:37:35,656 INFO     ___FILE_ONLY___         
2023-03-06 13:37:35,656 INFO     ___FILE_ONLY___ instances
2023-03-06 13:37:35,656 INFO     ___FILE_ONLY___  
2023-03-06 13:37:35,656 INFO     ___FILE_ONLY___ create[m
2023-03-06 13:37:35,656 INFO     ___FILE_ONLY___  
2023-03-06 13:37:35,656 INFO     ___FILE_ONLY___ to
2023-03-06 13:37:35,656 INFO     ___FILE_ONLY___  
2023-03-06 13:37:35,656 INFO     ___FILE_ONLY___ beta.
2023-03-06 13:37:35,656 INFO     ___FILE_ONLY___ 

2023-03-06 13:37:35,656 INFO     ___FILE_ONLY___       â–ª
2023-03-06 13:37:35,656 INFO     ___FILE_ONLY___  
2023-03-06 13:37:35,656 INFO     ___FILE_ONLY___ Promoted
2023-03-06 13:37:35,656 INFO     ___FILE_ONLY___  
2023-03-06 13:37:35,656 INFO     ___FILE_ONLY___ [1m--stack-type[m
2023-03-06 13:37:35,656 INFO     ___FILE_ONLY___  
2023-03-06 13:37:35,656 INFO     ___FILE_ONLY___ flag
2023-03-06 13:37:35,656 INFO     ___FILE_ONLY___  
2023-03-06 13:37:35,657 INFO     ___FILE_ONLY___ of
2023-03-06 13:37:35,657 INFO     ___FILE_ONLY___  
2023-03-06 13:37:35,657 INFO     ___FILE_ONLY___ [1mgcloud
2023-03-06 13:37:35,657 INFO     ___FILE_ONLY___  
2023-03-06 13:37:35,657 INFO     ___FILE_ONLY___ compute
2023-03-06 13:37:35,657 INFO     ___FILE_ONLY___  
2023-03-06 13:37:35,657 INFO     ___FILE_ONLY___ instances
2023-03-06 13:37:35,657 INFO     ___FILE_ONLY___  
2023-03-06 13:37:35,657 INFO     ___FILE_ONLY___ bulk
2023-03-06 13:37:35,657 INFO     ___FILE_ONLY___  
2023-03-06 13:37:35,657 INFO     ___FILE_ONLY___ create[m
2023-03-06 13:37:35,657 INFO     ___FILE_ONLY___  
2023-03-06 13:37:35,657 INFO     ___FILE_ONLY___ to
2023-03-06 13:37:35,657 INFO     ___FILE_ONLY___ 

2023-03-06 13:37:35,657 INFO     ___FILE_ONLY___         
2023-03-06 13:37:35,657 INFO     ___FILE_ONLY___ GA.
2023-03-06 13:37:35,657 INFO     ___FILE_ONLY___ 

2023-03-06 13:37:35,657 INFO     ___FILE_ONLY___       â–ª
2023-03-06 13:37:35,657 INFO     ___FILE_ONLY___  
2023-03-06 13:37:35,657 INFO     ___FILE_ONLY___ Promoted
2023-03-06 13:37:35,657 INFO     ___FILE_ONLY___  
2023-03-06 13:37:35,657 INFO     ___FILE_ONLY___ [1mgcloud
2023-03-06 13:37:35,657 INFO     ___FILE_ONLY___  
2023-03-06 13:37:35,657 INFO     ___FILE_ONLY___ compute
2023-03-06 13:37:35,657 INFO     ___FILE_ONLY___  
2023-03-06 13:37:35,657 INFO     ___FILE_ONLY___ disks
2023-03-06 13:37:35,657 INFO     ___FILE_ONLY___  
2023-03-06 13:37:35,657 INFO     ___FILE_ONLY___ update[m
2023-03-06 13:37:35,657 INFO     ___FILE_ONLY___  
2023-03-06 13:37:35,657 INFO     ___FILE_ONLY___ to
2023-03-06 13:37:35,657 INFO     ___FILE_ONLY___  
2023-03-06 13:37:35,658 INFO     ___FILE_ONLY___ GA.
2023-03-06 13:37:35,658 INFO     ___FILE_ONLY___ 

2023-03-06 13:37:35,658 INFO     ___FILE_ONLY___       â–ª
2023-03-06 13:37:35,658 INFO     ___FILE_ONLY___  
2023-03-06 13:37:35,658 INFO     ___FILE_ONLY___ Promoted
2023-03-06 13:37:35,658 INFO     ___FILE_ONLY___  
2023-03-06 13:37:35,658 INFO     ___FILE_ONLY___ [1m--provisioned-iops[m
2023-03-06 13:37:35,658 INFO     ___FILE_ONLY___  
2023-03-06 13:37:35,658 INFO     ___FILE_ONLY___ flag
2023-03-06 13:37:35,658 INFO     ___FILE_ONLY___  
2023-03-06 13:37:35,658 INFO     ___FILE_ONLY___ of
2023-03-06 13:37:35,658 INFO     ___FILE_ONLY___  
2023-03-06 13:37:35,658 INFO     ___FILE_ONLY___ [1mgcloud
2023-03-06 13:37:35,658 INFO     ___FILE_ONLY___  
2023-03-06 13:37:35,658 INFO     ___FILE_ONLY___ compute
2023-03-06 13:37:35,658 INFO     ___FILE_ONLY___  
2023-03-06 13:37:35,658 INFO     ___FILE_ONLY___ disks
2023-03-06 13:37:35,658 INFO     ___FILE_ONLY___  
2023-03-06 13:37:35,658 INFO     ___FILE_ONLY___ update[m
2023-03-06 13:37:35,658 INFO     ___FILE_ONLY___  
2023-03-06 13:37:35,658 INFO     ___FILE_ONLY___ to
2023-03-06 13:37:35,658 INFO     ___FILE_ONLY___ 

2023-03-06 13:37:35,658 INFO     ___FILE_ONLY___         
2023-03-06 13:37:35,658 INFO     ___FILE_ONLY___ GA.
2023-03-06 13:37:35,658 INFO     ___FILE_ONLY___ 

2023-03-06 13:37:35,658 INFO     ___FILE_ONLY___ 

2023-03-06 13:37:35,659 INFO     ___FILE_ONLY___ [m
2023-03-06 13:37:35,659 INFO     ___FILE_ONLY___   
2023-03-06 13:37:35,659 INFO     ___FILE_ONLY___ [1mGKE Hub[m

2023-03-06 13:37:35,659 INFO     ___FILE_ONLY___       â–ª
2023-03-06 13:37:35,659 INFO     ___FILE_ONLY___  
2023-03-06 13:37:35,659 INFO     ___FILE_ONLY___ Added
2023-03-06 13:37:35,659 INFO     ___FILE_ONLY___  
2023-03-06 13:37:35,659 INFO     ___FILE_ONLY___ [1mgcloud
2023-03-06 13:37:35,659 INFO     ___FILE_ONLY___  
2023-03-06 13:37:35,659 INFO     ___FILE_ONLY___ container
2023-03-06 13:37:35,659 INFO     ___FILE_ONLY___  
2023-03-06 13:37:35,659 INFO     ___FILE_ONLY___ fleet
2023-03-06 13:37:35,659 INFO     ___FILE_ONLY___  
2023-03-06 13:37:35,659 INFO     ___FILE_ONLY___ scopes|namespaces[m
2023-03-06 13:37:35,659 INFO     ___FILE_ONLY___  
2023-03-06 13:37:35,659 INFO     ___FILE_ONLY___ which
2023-03-06 13:37:35,659 INFO     ___FILE_ONLY___  
2023-03-06 13:37:35,659 INFO     ___FILE_ONLY___ allows
2023-03-06 13:37:35,659 INFO     ___FILE_ONLY___  
2023-03-06 13:37:35,659 INFO     ___FILE_ONLY___ users
2023-03-06 13:37:35,659 INFO     ___FILE_ONLY___  
2023-03-06 13:37:35,659 INFO     ___FILE_ONLY___ to
2023-03-06 13:37:35,659 INFO     ___FILE_ONLY___ 

2023-03-06 13:37:35,659 INFO     ___FILE_ONLY___         
2023-03-06 13:37:35,659 INFO     ___FILE_ONLY___ manage
2023-03-06 13:37:35,659 INFO     ___FILE_ONLY___  
2023-03-06 13:37:35,659 INFO     ___FILE_ONLY___ Fleet
2023-03-06 13:37:35,660 INFO     ___FILE_ONLY___  
2023-03-06 13:37:35,660 INFO     ___FILE_ONLY___ Tenancy.
2023-03-06 13:37:35,660 INFO     ___FILE_ONLY___ 

2023-03-06 13:37:35,660 INFO     ___FILE_ONLY___ 

2023-03-06 13:37:35,660 INFO     ___FILE_ONLY___ [m
2023-03-06 13:37:35,660 INFO     ___FILE_ONLY___   
2023-03-06 13:37:35,660 INFO     ___FILE_ONLY___ [1mIdentity and Access Management[m

2023-03-06 13:37:35,660 INFO     ___FILE_ONLY___       â–ª
2023-03-06 13:37:35,660 INFO     ___FILE_ONLY___  
2023-03-06 13:37:35,660 INFO     ___FILE_ONLY___ Workforce
2023-03-06 13:37:35,660 INFO     ___FILE_ONLY___  
2023-03-06 13:37:35,660 INFO     ___FILE_ONLY___ identity
2023-03-06 13:37:35,660 INFO     ___FILE_ONLY___  
2023-03-06 13:37:35,660 INFO     ___FILE_ONLY___ federation
2023-03-06 13:37:35,660 INFO     ___FILE_ONLY___  
2023-03-06 13:37:35,660 INFO     ___FILE_ONLY___ now
2023-03-06 13:37:35,660 INFO     ___FILE_ONLY___  
2023-03-06 13:37:35,660 INFO     ___FILE_ONLY___ supports
2023-03-06 13:37:35,660 INFO     ___FILE_ONLY___  
2023-03-06 13:37:35,660 INFO     ___FILE_ONLY___ browser-based
2023-03-06 13:37:35,660 INFO     ___FILE_ONLY___  
2023-03-06 13:37:35,661 INFO     ___FILE_ONLY___ sign-in
2023-03-06 13:37:35,661 INFO     ___FILE_ONLY___  
2023-03-06 13:37:35,661 INFO     ___FILE_ONLY___ when
2023-03-06 13:37:35,661 INFO     ___FILE_ONLY___ 

2023-03-06 13:37:35,661 INFO     ___FILE_ONLY___         
2023-03-06 13:37:35,661 INFO     ___FILE_ONLY___ authenticating
2023-03-06 13:37:35,661 INFO     ___FILE_ONLY___  
2023-03-06 13:37:35,661 INFO     ___FILE_ONLY___ with
2023-03-06 13:37:35,661 INFO     ___FILE_ONLY___  
2023-03-06 13:37:35,661 INFO     ___FILE_ONLY___ the
2023-03-06 13:37:35,661 INFO     ___FILE_ONLY___  
2023-03-06 13:37:35,661 INFO     ___FILE_ONLY___ Google
2023-03-06 13:37:35,661 INFO     ___FILE_ONLY___  
2023-03-06 13:37:35,661 INFO     ___FILE_ONLY___ Cloud
2023-03-06 13:37:35,661 INFO     ___FILE_ONLY___  
2023-03-06 13:37:35,661 INFO     ___FILE_ONLY___ CLI
2023-03-06 13:37:35,661 INFO     ___FILE_ONLY___  
2023-03-06 13:37:35,661 INFO     ___FILE_ONLY___ via
2023-03-06 13:37:35,661 INFO     ___FILE_ONLY___  
2023-03-06 13:37:35,661 INFO     ___FILE_ONLY___ [1mgcloud
2023-03-06 13:37:35,661 INFO     ___FILE_ONLY___  
2023-03-06 13:37:35,661 INFO     ___FILE_ONLY___ auth
2023-03-06 13:37:35,661 INFO     ___FILE_ONLY___  
2023-03-06 13:37:35,661 INFO     ___FILE_ONLY___ login[m.
2023-03-06 13:37:35,661 INFO     ___FILE_ONLY___  
2023-03-06 13:37:35,661 INFO     ___FILE_ONLY___ To
2023-03-06 13:37:35,662 INFO     ___FILE_ONLY___ 

2023-03-06 13:37:35,662 INFO     ___FILE_ONLY___         
2023-03-06 13:37:35,662 INFO     ___FILE_ONLY___ learn
2023-03-06 13:37:35,662 INFO     ___FILE_ONLY___  
2023-03-06 13:37:35,662 INFO     ___FILE_ONLY___ more,
2023-03-06 13:37:35,662 INFO     ___FILE_ONLY___  
2023-03-06 13:37:35,662 INFO     ___FILE_ONLY___ see
2023-03-06 13:37:35,662 INFO     ___FILE_ONLY___  
2023-03-06 13:37:35,662 INFO     ___FILE_ONLY___ Obtain
2023-03-06 13:37:35,662 INFO     ___FILE_ONLY___  
2023-03-06 13:37:35,662 INFO     ___FILE_ONLY___ short-lived
2023-03-06 13:37:35,662 INFO     ___FILE_ONLY___  
2023-03-06 13:37:35,662 INFO     ___FILE_ONLY___ tokens
2023-03-06 13:37:35,662 INFO     ___FILE_ONLY___  
2023-03-06 13:37:35,662 INFO     ___FILE_ONLY___ for
2023-03-06 13:37:35,662 INFO     ___FILE_ONLY___  
2023-03-06 13:37:35,662 INFO     ___FILE_ONLY___ workforce
2023-03-06 13:37:35,662 INFO     ___FILE_ONLY___  
2023-03-06 13:37:35,662 INFO     ___FILE_ONLY___ identity
2023-03-06 13:37:35,662 INFO     ___FILE_ONLY___ 

2023-03-06 13:37:35,662 INFO     ___FILE_ONLY___         
2023-03-06 13:37:35,662 INFO     ___FILE_ONLY___ federation
2023-03-06 13:37:35,662 INFO     ___FILE_ONLY___  
2023-03-06 13:37:35,662 INFO     ___FILE_ONLY___ or
2023-03-06 13:37:35,662 INFO     ___FILE_ONLY___  
2023-03-06 13:37:35,662 INFO     ___FILE_ONLY___ the
2023-03-06 13:37:35,662 INFO     ___FILE_ONLY___  
2023-03-06 13:37:35,663 INFO     ___FILE_ONLY___ Azure
2023-03-06 13:37:35,663 INFO     ___FILE_ONLY___  
2023-03-06 13:37:35,663 INFO     ___FILE_ONLY___ AD
2023-03-06 13:37:35,663 INFO     ___FILE_ONLY___  
2023-03-06 13:37:35,663 INFO     ___FILE_ONLY___ or
2023-03-06 13:37:35,663 INFO     ___FILE_ONLY___  
2023-03-06 13:37:35,663 INFO     ___FILE_ONLY___ Okta-specific
2023-03-06 13:37:35,663 INFO     ___FILE_ONLY___  
2023-03-06 13:37:35,663 INFO     ___FILE_ONLY___ [1mgcloud[m
2023-03-06 13:37:35,663 INFO     ___FILE_ONLY___  
2023-03-06 13:37:35,663 INFO     ___FILE_ONLY___ CLI
2023-03-06 13:37:35,663 INFO     ___FILE_ONLY___  
2023-03-06 13:37:35,663 INFO     ___FILE_ONLY___ sign-in
2023-03-06 13:37:35,663 INFO     ___FILE_ONLY___ 

2023-03-06 13:37:35,663 INFO     ___FILE_ONLY___         
2023-03-06 13:37:35,663 INFO     ___FILE_ONLY___ instructions.
2023-03-06 13:37:35,663 INFO     ___FILE_ONLY___ 

2023-03-06 13:37:35,663 INFO     ___FILE_ONLY___ 

2023-03-06 13:37:35,663 INFO     ___FILE_ONLY___ [m
2023-03-06 13:37:35,663 INFO     ___FILE_ONLY___   
2023-03-06 13:37:35,663 INFO     ___FILE_ONLY___ [1mPubsub Emulator[m

2023-03-06 13:37:35,663 INFO     ___FILE_ONLY___       â–ª
2023-03-06 13:37:35,664 INFO     ___FILE_ONLY___  
2023-03-06 13:37:35,664 INFO     ___FILE_ONLY___ Added
2023-03-06 13:37:35,664 INFO     ___FILE_ONLY___  
2023-03-06 13:37:35,664 INFO     ___FILE_ONLY___ support
2023-03-06 13:37:35,664 INFO     ___FILE_ONLY___  
2023-03-06 13:37:35,664 INFO     ___FILE_ONLY___ for
2023-03-06 13:37:35,664 INFO     ___FILE_ONLY___  
2023-03-06 13:37:35,664 INFO     ___FILE_ONLY___ updating
2023-03-06 13:37:35,664 INFO     ___FILE_ONLY___  
2023-03-06 13:37:35,664 INFO     ___FILE_ONLY___ schemas.
2023-03-06 13:37:35,664 INFO     ___FILE_ONLY___ 

2023-03-06 13:37:35,664 INFO     ___FILE_ONLY___       â–ª
2023-03-06 13:37:35,664 INFO     ___FILE_ONLY___  
2023-03-06 13:37:35,664 INFO     ___FILE_ONLY___ Fixed
2023-03-06 13:37:35,664 INFO     ___FILE_ONLY___  
2023-03-06 13:37:35,664 INFO     ___FILE_ONLY___ the
2023-03-06 13:37:35,664 INFO     ___FILE_ONLY___  
2023-03-06 13:37:35,664 INFO     ___FILE_ONLY___ inability
2023-03-06 13:37:35,665 INFO     ___FILE_ONLY___  
2023-03-06 13:37:35,665 INFO     ___FILE_ONLY___ to
2023-03-06 13:37:35,665 INFO     ___FILE_ONLY___  
2023-03-06 13:37:35,665 INFO     ___FILE_ONLY___ create
2023-03-06 13:37:35,665 INFO     ___FILE_ONLY___  
2023-03-06 13:37:35,665 INFO     ___FILE_ONLY___ topics,
2023-03-06 13:37:35,665 INFO     ___FILE_ONLY___  
2023-03-06 13:37:35,665 INFO     ___FILE_ONLY___ subscriptions,
2023-03-06 13:37:35,665 INFO     ___FILE_ONLY___  
2023-03-06 13:37:35,665 INFO     ___FILE_ONLY___ and
2023-03-06 13:37:35,665 INFO     ___FILE_ONLY___  
2023-03-06 13:37:35,665 INFO     ___FILE_ONLY___ schemas
2023-03-06 13:37:35,665 INFO     ___FILE_ONLY___  
2023-03-06 13:37:35,665 INFO     ___FILE_ONLY___ when
2023-03-06 13:37:35,665 INFO     ___FILE_ONLY___ 

2023-03-06 13:37:35,665 INFO     ___FILE_ONLY___         
2023-03-06 13:37:35,665 INFO     ___FILE_ONLY___ using
2023-03-06 13:37:35,665 INFO     ___FILE_ONLY___  
2023-03-06 13:37:35,665 INFO     ___FILE_ONLY___ the
2023-03-06 13:37:35,665 INFO     ___FILE_ONLY___  
2023-03-06 13:37:35,665 INFO     ___FILE_ONLY___ [1mgcloud[m
2023-03-06 13:37:35,665 INFO     ___FILE_ONLY___  
2023-03-06 13:37:35,665 INFO     ___FILE_ONLY___ CLI.
2023-03-06 13:37:35,665 INFO     ___FILE_ONLY___ 

2023-03-06 13:37:35,665 INFO     ___FILE_ONLY___ 

2023-03-06 13:37:35,665 INFO     ___FILE_ONLY___    
2023-03-06 13:37:35,665 INFO     ___FILE_ONLY___  
2023-03-06 13:37:35,666 INFO     ___FILE_ONLY___ Subscribe
2023-03-06 13:37:35,666 INFO     ___FILE_ONLY___  
2023-03-06 13:37:35,666 INFO     ___FILE_ONLY___ to
2023-03-06 13:37:35,666 INFO     ___FILE_ONLY___  
2023-03-06 13:37:35,666 INFO     ___FILE_ONLY___ these
2023-03-06 13:37:35,666 INFO     ___FILE_ONLY___  
2023-03-06 13:37:35,666 INFO     ___FILE_ONLY___ release
2023-03-06 13:37:35,666 INFO     ___FILE_ONLY___  
2023-03-06 13:37:35,666 INFO     ___FILE_ONLY___ notes
2023-03-06 13:37:35,666 INFO     ___FILE_ONLY___  
2023-03-06 13:37:35,666 INFO     ___FILE_ONLY___ at
2023-03-06 13:37:35,666 INFO     ___FILE_ONLY___ 

2023-03-06 13:37:35,666 INFO     ___FILE_ONLY___     
2023-03-06 13:37:35,666 INFO     ___FILE_ONLY___ https://groups.google.com/forum/#!forum/google-cloud-sdk-announce
2023-03-06 13:37:35,666 INFO     ___FILE_ONLY___ 

2023-03-06 13:37:35,666 INFO     ___FILE_ONLY___     
2023-03-06 13:37:35,666 INFO     ___FILE_ONLY___ (https://groups.google.com/forum/#!forum/google-cloud-sdk-announce).
2023-03-06 13:37:35,666 INFO     ___FILE_ONLY___ 

2023-03-06 13:37:35,666 INFO     ___FILE_ONLY___ [m
2023-03-06 13:37:35,666 INFO     ___FILE_ONLY___ 

2023-03-06 13:37:35,760 INFO     ___FILE_ONLY___ â•”â•â•â•â•â•â•â•â•â•â•â•â•â•â•â•â•â•â•â•â•â•â•â•â•â•â•â•â•â•â•â•â•â•â•â•â•â•â•â•â•â•â•â•â•â•â•â•â•â•â•â•â•â•â•â•â•â•â•â•â•â•—

2023-03-06 13:37:35,761 INFO     ___FILE_ONLY___ â• â• Creating update staging area                             â•â•£

2023-03-06 13:37:35,761 INFO     ___FILE_ONLY___ â•š
2023-03-06 13:37:35,762 INFO     ___FILE_ONLY___ â•â•â•â•â•â•
2023-03-06 13:37:43,722 INFO     ___FILE_ONLY___ â•â•â•â•â•â•
2023-03-06 13:37:43,727 INFO     ___FILE_ONLY___ â•â•â•â•â•â•
2023-03-06 13:37:44,674 INFO     ___FILE_ONLY___ â•
2023-03-06 13:37:44,921 INFO     ___FILE_ONLY___ â•
2023-03-06 13:37:45,111 INFO     ___FILE_ONLY___ â•
2023-03-06 13:37:45,434 INFO     ___FILE_ONLY___ â•
2023-03-06 13:37:45,755 INFO     ___FILE_ONLY___ â•
2023-03-06 13:37:45,990 INFO     ___FILE_ONLY___ â•
2023-03-06 13:37:46,207 INFO     ___FILE_ONLY___ â•
2023-03-06 13:37:46,546 INFO     ___FILE_ONLY___ â•
2023-03-06 13:37:47,130 INFO     ___FILE_ONLY___ â•
2023-03-06 13:37:47,460 INFO     ___FILE_ONLY___ â•
2023-03-06 13:37:47,750 INFO     ___FILE_ONLY___ â•
2023-03-06 13:37:48,016 INFO     ___FILE_ONLY___ â•
2023-03-06 13:37:48,174 INFO     ___FILE_ONLY___ â•
2023-03-06 13:37:48,457 INFO     ___FILE_ONLY___ â•
2023-03-06 13:37:48,682 INFO     ___FILE_ONLY___ â•
2023-03-06 13:37:49,303 INFO     ___FILE_ONLY___ â•
2023-03-06 13:37:49,537 INFO     ___FILE_ONLY___ â•
2023-03-06 13:37:49,733 INFO     ___FILE_ONLY___ â•
2023-03-06 13:37:49,977 INFO     ___FILE_ONLY___ â•
2023-03-06 13:37:50,144 INFO     ___FILE_ONLY___ â•
2023-03-06 13:37:50,264 INFO     ___FILE_ONLY___ â•
2023-03-06 13:37:50,396 INFO     ___FILE_ONLY___ â•
2023-03-06 13:37:50,490 INFO     ___FILE_ONLY___ â•
2023-03-06 13:37:50,666 INFO     ___FILE_ONLY___ â•
2023-03-06 13:37:50,816 INFO     ___FILE_ONLY___ â•
2023-03-06 13:37:50,971 INFO     ___FILE_ONLY___ â•
2023-03-06 13:37:51,148 INFO     ___FILE_ONLY___ â•
2023-03-06 13:37:51,313 INFO     ___FILE_ONLY___ â•
2023-03-06 13:37:51,483 INFO     ___FILE_ONLY___ â•
2023-03-06 13:37:51,638 INFO     ___FILE_ONLY___ â•
2023-03-06 13:37:51,810 INFO     ___FILE_ONLY___ â•
2023-03-06 13:37:51,976 INFO     ___FILE_ONLY___ â•
2023-03-06 13:37:52,194 INFO     ___FILE_ONLY___ â•
2023-03-06 13:37:52,355 INFO     ___FILE_ONLY___ â•
2023-03-06 13:37:52,539 INFO     ___FILE_ONLY___ â•
2023-03-06 13:37:52,814 INFO     ___FILE_ONLY___ â•
2023-03-06 13:37:53,054 INFO     ___FILE_ONLY___ â•
2023-03-06 13:37:53,208 INFO     ___FILE_ONLY___ â•
2023-03-06 13:37:53,437 INFO     ___FILE_ONLY___ â•
2023-03-06 13:37:53,691 INFO     ___FILE_ONLY___ â•
2023-03-06 13:37:53,881 INFO     ___FILE_ONLY___ â•
2023-03-06 13:37:54,063 INFO     ___FILE_ONLY___ â•
2023-03-06 13:37:54,063 INFO     ___FILE_ONLY___ â•

2023-03-06 13:38:02,343 INFO     ___FILE_ONLY___ â•”â•â•â•â•â•â•â•â•â•â•â•â•â•â•â•â•â•â•â•â•â•â•â•â•â•â•â•â•â•â•â•â•â•â•â•â•â•â•â•â•â•â•â•â•â•â•â•â•â•â•â•â•â•â•â•â•â•â•â•â•â•—

2023-03-06 13:38:02,344 INFO     ___FILE_ONLY___ â• â• Uninstalling: BigQuery Command Line Tool                 â•â•£

2023-03-06 13:38:02,344 INFO     ___FILE_ONLY___ â•š
2023-03-06 13:38:02,346 INFO     ___FILE_ONLY___ â•
2023-03-06 13:38:02,347 INFO     ___FILE_ONLY___ â•
2023-03-06 13:38:02,347 INFO     ___FILE_ONLY___ â•
2023-03-06 13:38:02,348 INFO     ___FILE_ONLY___ â•
2023-03-06 13:38:02,349 INFO     ___FILE_ONLY___ â•
2023-03-06 13:38:02,350 INFO     ___FILE_ONLY___ â•
2023-03-06 13:38:02,351 INFO     ___FILE_ONLY___ â•
2023-03-06 13:38:02,352 INFO     ___FILE_ONLY___ â•
2023-03-06 13:38:02,353 INFO     ___FILE_ONLY___ â•
2023-03-06 13:38:02,353 INFO     ___FILE_ONLY___ â•
2023-03-06 13:38:02,354 INFO     ___FILE_ONLY___ â•
2023-03-06 13:38:02,355 INFO     ___FILE_ONLY___ â•
2023-03-06 13:38:02,356 INFO     ___FILE_ONLY___ â•
2023-03-06 13:38:02,357 INFO     ___FILE_ONLY___ â•
2023-03-06 13:38:02,357 INFO     ___FILE_ONLY___ â•
2023-03-06 13:38:02,358 INFO     ___FILE_ONLY___ â•
2023-03-06 13:38:02,359 INFO     ___FILE_ONLY___ â•
2023-03-06 13:38:02,360 INFO     ___FILE_ONLY___ â•
2023-03-06 13:38:02,361 INFO     ___FILE_ONLY___ â•
2023-03-06 13:38:02,362 INFO     ___FILE_ONLY___ â•
2023-03-06 13:38:02,363 INFO     ___FILE_ONLY___ â•
2023-03-06 13:38:02,363 INFO     ___FILE_ONLY___ â•
2023-03-06 13:38:02,364 INFO     ___FILE_ONLY___ â•
2023-03-06 13:38:02,365 INFO     ___FILE_ONLY___ â•
2023-03-06 13:38:02,366 INFO     ___FILE_ONLY___ â•
2023-03-06 13:38:02,367 INFO     ___FILE_ONLY___ â•
2023-03-06 13:38:02,368 INFO     ___FILE_ONLY___ â•
2023-03-06 13:38:02,368 INFO     ___FILE_ONLY___ â•
2023-03-06 13:38:02,369 INFO     ___FILE_ONLY___ â•
2023-03-06 13:38:02,370 INFO     ___FILE_ONLY___ â•
2023-03-06 13:38:02,371 INFO     ___FILE_ONLY___ â•
2023-03-06 13:38:02,372 INFO     ___FILE_ONLY___ â•
2023-03-06 13:38:02,373 INFO     ___FILE_ONLY___ â•
2023-03-06 13:38:02,374 INFO     ___FILE_ONLY___ â•
2023-03-06 13:38:02,375 INFO     ___FILE_ONLY___ â•
2023-03-06 13:38:02,375 INFO     ___FILE_ONLY___ â•
2023-03-06 13:38:02,376 INFO     ___FILE_ONLY___ â•
2023-03-06 13:38:02,377 INFO     ___FILE_ONLY___ â•
2023-03-06 13:38:02,377 INFO     ___FILE_ONLY___ â•
2023-03-06 13:38:02,378 INFO     ___FILE_ONLY___ â•
2023-03-06 13:38:02,379 INFO     ___FILE_ONLY___ â•
2023-03-06 13:38:02,379 INFO     ___FILE_ONLY___ â•
2023-03-06 13:38:02,380 INFO     ___FILE_ONLY___ â•
2023-03-06 13:38:02,380 INFO     ___FILE_ONLY___ â•
2023-03-06 13:38:02,381 INFO     ___FILE_ONLY___ â•
2023-03-06 13:38:02,382 INFO     ___FILE_ONLY___ â•
2023-03-06 13:38:02,383 INFO     ___FILE_ONLY___ â•
2023-03-06 13:38:02,383 INFO     ___FILE_ONLY___ â•
2023-03-06 13:38:02,384 INFO     ___FILE_ONLY___ â•
2023-03-06 13:38:02,384 INFO     ___FILE_ONLY___ â•
2023-03-06 13:38:02,385 INFO     ___FILE_ONLY___ â•
2023-03-06 13:38:02,386 INFO     ___FILE_ONLY___ â•
2023-03-06 13:38:02,386 INFO     ___FILE_ONLY___ â•
2023-03-06 13:38:02,387 INFO     ___FILE_ONLY___ â•
2023-03-06 13:38:02,389 INFO     ___FILE_ONLY___ â•
2023-03-06 13:38:02,390 INFO     ___FILE_ONLY___ â•
2023-03-06 13:38:02,391 INFO     ___FILE_ONLY___ â•
2023-03-06 13:38:02,391 INFO     ___FILE_ONLY___ â•
2023-03-06 13:38:02,392 INFO     ___FILE_ONLY___ â•
2023-03-06 13:38:02,393 INFO     ___FILE_ONLY___ â•
2023-03-06 13:38:02,393 INFO     ___FILE_ONLY___ â•

2023-03-06 13:38:02,485 INFO     ___FILE_ONLY___ â•”â•â•â•â•â•â•â•â•â•â•â•â•â•â•â•â•â•â•â•â•â•â•â•â•â•â•â•â•â•â•â•â•â•â•â•â•â•â•â•â•â•â•â•â•â•â•â•â•â•â•â•â•â•â•â•â•â•â•â•â•â•—

2023-03-06 13:38:02,486 INFO     ___FILE_ONLY___ â• â• Uninstalling: Google Cloud CLI Core Libraries            â•â•£

2023-03-06 13:38:02,486 INFO     ___FILE_ONLY___ â•š
2023-03-06 13:38:02,512 INFO     ___FILE_ONLY___ â•
2023-03-06 13:38:02,566 INFO     ___FILE_ONLY___ â•
2023-03-06 13:38:02,584 INFO     ___FILE_ONLY___ â•
2023-03-06 13:38:02,605 INFO     ___FILE_ONLY___ â•
2023-03-06 13:38:02,622 INFO     ___FILE_ONLY___ â•
2023-03-06 13:38:02,641 INFO     ___FILE_ONLY___ â•
2023-03-06 13:38:02,661 INFO     ___FILE_ONLY___ â•
2023-03-06 13:38:02,683 INFO     ___FILE_ONLY___ â•
2023-03-06 13:38:02,702 INFO     ___FILE_ONLY___ â•
2023-03-06 13:38:02,726 INFO     ___FILE_ONLY___ â•
2023-03-06 13:38:02,751 INFO     ___FILE_ONLY___ â•
2023-03-06 13:38:02,771 INFO     ___FILE_ONLY___ â•
2023-03-06 13:38:02,791 INFO     ___FILE_ONLY___ â•
2023-03-06 13:38:02,811 INFO     ___FILE_ONLY___ â•
2023-03-06 13:38:02,882 INFO     ___FILE_ONLY___ â•
2023-03-06 13:38:02,908 INFO     ___FILE_ONLY___ â•
2023-03-06 13:38:02,960 INFO     ___FILE_ONLY___ â•
2023-03-06 13:38:02,980 INFO     ___FILE_ONLY___ â•
2023-03-06 13:38:03,005 INFO     ___FILE_ONLY___ â•
2023-03-06 13:38:03,027 INFO     ___FILE_ONLY___ â•
2023-03-06 13:38:03,048 INFO     ___FILE_ONLY___ â•
2023-03-06 13:38:03,069 INFO     ___FILE_ONLY___ â•
2023-03-06 13:38:03,091 INFO     ___FILE_ONLY___ â•
2023-03-06 13:38:03,133 INFO     ___FILE_ONLY___ â•
2023-03-06 13:38:03,152 INFO     ___FILE_ONLY___ â•
2023-03-06 13:38:03,168 INFO     ___FILE_ONLY___ â•
2023-03-06 13:38:03,184 INFO     ___FILE_ONLY___ â•
2023-03-06 13:38:03,200 INFO     ___FILE_ONLY___ â•
2023-03-06 13:38:03,219 INFO     ___FILE_ONLY___ â•
2023-03-06 13:38:03,237 INFO     ___FILE_ONLY___ â•
2023-03-06 13:38:03,252 INFO     ___FILE_ONLY___ â•
2023-03-06 13:38:03,268 INFO     ___FILE_ONLY___ â•
2023-03-06 13:38:03,292 INFO     ___FILE_ONLY___ â•
2023-03-06 13:38:03,327 INFO     ___FILE_ONLY___ â•
2023-03-06 13:38:03,361 INFO     ___FILE_ONLY___ â•
2023-03-06 13:38:03,382 INFO     ___FILE_ONLY___ â•
2023-03-06 13:38:03,402 INFO     ___FILE_ONLY___ â•
2023-03-06 13:38:03,422 INFO     ___FILE_ONLY___ â•
2023-03-06 13:38:03,439 INFO     ___FILE_ONLY___ â•
2023-03-06 13:38:03,457 INFO     ___FILE_ONLY___ â•
2023-03-06 13:38:03,497 INFO     ___FILE_ONLY___ â•
2023-03-06 13:38:03,525 INFO     ___FILE_ONLY___ â•
2023-03-06 13:38:03,544 INFO     ___FILE_ONLY___ â•
2023-03-06 13:38:03,561 INFO     ___FILE_ONLY___ â•
2023-03-06 13:38:03,580 INFO     ___FILE_ONLY___ â•
2023-03-06 13:38:03,603 INFO     ___FILE_ONLY___ â•
2023-03-06 13:38:03,623 INFO     ___FILE_ONLY___ â•
2023-03-06 13:38:03,672 INFO     ___FILE_ONLY___ â•
2023-03-06 13:38:03,693 INFO     ___FILE_ONLY___ â•
2023-03-06 13:38:03,715 INFO     ___FILE_ONLY___ â•
2023-03-06 13:38:03,738 INFO     ___FILE_ONLY___ â•
2023-03-06 13:38:03,760 INFO     ___FILE_ONLY___ â•
2023-03-06 13:38:03,777 INFO     ___FILE_ONLY___ â•
2023-03-06 13:38:03,794 INFO     ___FILE_ONLY___ â•
2023-03-06 13:38:03,823 INFO     ___FILE_ONLY___ â•
2023-03-06 13:38:03,857 INFO     ___FILE_ONLY___ â•
2023-03-06 13:38:03,876 INFO     ___FILE_ONLY___ â•
2023-03-06 13:38:03,897 INFO     ___FILE_ONLY___ â•
2023-03-06 13:38:03,918 INFO     ___FILE_ONLY___ â•
2023-03-06 13:38:03,934 INFO     ___FILE_ONLY___ â•
2023-03-06 13:38:03,934 INFO     ___FILE_ONLY___ â•

2023-03-06 13:38:05,549 INFO     ___FILE_ONLY___ â•”â•â•â•â•â•â•â•â•â•â•â•â•â•â•â•â•â•â•â•â•â•â•â•â•â•â•â•â•â•â•â•â•â•â•â•â•â•â•â•â•â•â•â•â•â•â•â•â•â•â•â•â•â•â•â•â•â•â•â•â•â•—

2023-03-06 13:38:05,550 INFO     ___FILE_ONLY___ â• â• Uninstalling: gcloud Alpha Commands                      â•â•£

2023-03-06 13:38:05,550 INFO     ___FILE_ONLY___ â•š
2023-03-06 13:38:05,551 INFO     ___FILE_ONLY___ â•â•â•â•â•â•â•â•â•â•â•â•â•â•â•â•â•â•â•â•â•â•â•â•â•â•â•â•â•â•â•â•â•â•â•â•â•â•â•â•â•â•â•â•â•â•â•â•â•â•â•â•â•â•â•â•â•â•â•â•
2023-03-06 13:38:05,551 INFO     ___FILE_ONLY___ â•

2023-03-06 13:38:05,591 INFO     ___FILE_ONLY___ â•”â•â•â•â•â•â•â•â•â•â•â•â•â•â•â•â•â•â•â•â•â•â•â•â•â•â•â•â•â•â•â•â•â•â•â•â•â•â•â•â•â•â•â•â•â•â•â•â•â•â•â•â•â•â•â•â•â•â•â•â•â•—

2023-03-06 13:38:05,592 INFO     ___FILE_ONLY___ â• â• Uninstalling: gcloud Beta Commands                       â•â•£

2023-03-06 13:38:05,592 INFO     ___FILE_ONLY___ â•š
2023-03-06 13:38:05,592 INFO     ___FILE_ONLY___ â•â•â•â•â•â•â•â•â•â•â•â•â•â•â•â•â•â•â•â•â•â•â•â•â•â•â•â•â•â•â•â•â•â•â•â•â•â•â•â•â•â•â•â•â•â•â•â•â•â•â•â•â•â•â•â•â•â•â•â•
2023-03-06 13:38:05,592 INFO     ___FILE_ONLY___ â•

2023-03-06 13:38:05,629 INFO     ___FILE_ONLY___ â•”â•â•â•â•â•â•â•â•â•â•â•â•â•â•â•â•â•â•â•â•â•â•â•â•â•â•â•â•â•â•â•â•â•â•â•â•â•â•â•â•â•â•â•â•â•â•â•â•â•â•â•â•â•â•â•â•â•â•â•â•â•—

2023-03-06 13:38:05,630 INFO     ___FILE_ONLY___ â• â• Uninstalling: gcloud cli dependencies                    â•â•£

2023-03-06 13:38:05,630 INFO     ___FILE_ONLY___ â•š
2023-03-06 13:38:05,652 INFO     ___FILE_ONLY___ â•
2023-03-06 13:38:05,660 INFO     ___FILE_ONLY___ â•
2023-03-06 13:38:05,670 INFO     ___FILE_ONLY___ â•
2023-03-06 13:38:05,678 INFO     ___FILE_ONLY___ â•
2023-03-06 13:38:05,687 INFO     ___FILE_ONLY___ â•
2023-03-06 13:38:05,697 INFO     ___FILE_ONLY___ â•
2023-03-06 13:38:05,705 INFO     ___FILE_ONLY___ â•
2023-03-06 13:38:05,713 INFO     ___FILE_ONLY___ â•
2023-03-06 13:38:05,721 INFO     ___FILE_ONLY___ â•
2023-03-06 13:38:05,728 INFO     ___FILE_ONLY___ â•
2023-03-06 13:38:05,736 INFO     ___FILE_ONLY___ â•
2023-03-06 13:38:05,744 INFO     ___FILE_ONLY___ â•
2023-03-06 13:38:05,752 INFO     ___FILE_ONLY___ â•
2023-03-06 13:38:05,763 INFO     ___FILE_ONLY___ â•
2023-03-06 13:38:05,771 INFO     ___FILE_ONLY___ â•
2023-03-06 13:38:05,778 INFO     ___FILE_ONLY___ â•
2023-03-06 13:38:05,791 INFO     ___FILE_ONLY___ â•
2023-03-06 13:38:05,802 INFO     ___FILE_ONLY___ â•
2023-03-06 13:38:05,808 INFO     ___FILE_ONLY___ â•
2023-03-06 13:38:05,815 INFO     ___FILE_ONLY___ â•
2023-03-06 13:38:05,821 INFO     ___FILE_ONLY___ â•
2023-03-06 13:38:05,829 INFO     ___FILE_ONLY___ â•
2023-03-06 13:38:05,838 INFO     ___FILE_ONLY___ â•
2023-03-06 13:38:05,846 INFO     ___FILE_ONLY___ â•
2023-03-06 13:38:05,855 INFO     ___FILE_ONLY___ â•
2023-03-06 13:38:05,864 INFO     ___FILE_ONLY___ â•
2023-03-06 13:38:05,871 INFO     ___FILE_ONLY___ â•
2023-03-06 13:38:05,881 INFO     ___FILE_ONLY___ â•
2023-03-06 13:38:05,887 INFO     ___FILE_ONLY___ â•
2023-03-06 13:38:05,895 INFO     ___FILE_ONLY___ â•
2023-03-06 13:38:05,900 INFO     ___FILE_ONLY___ â•
2023-03-06 13:38:05,906 INFO     ___FILE_ONLY___ â•
2023-03-06 13:38:05,913 INFO     ___FILE_ONLY___ â•
2023-03-06 13:38:05,920 INFO     ___FILE_ONLY___ â•
2023-03-06 13:38:05,926 INFO     ___FILE_ONLY___ â•
2023-03-06 13:38:05,931 INFO     ___FILE_ONLY___ â•
2023-03-06 13:38:05,940 INFO     ___FILE_ONLY___ â•
2023-03-06 13:38:05,951 INFO     ___FILE_ONLY___ â•
2023-03-06 13:38:05,962 INFO     ___FILE_ONLY___ â•
2023-03-06 13:38:05,969 INFO     ___FILE_ONLY___ â•
2023-03-06 13:38:05,987 INFO     ___FILE_ONLY___ â•
2023-03-06 13:38:06,003 INFO     ___FILE_ONLY___ â•
2023-03-06 13:38:06,013 INFO     ___FILE_ONLY___ â•
2023-03-06 13:38:06,022 INFO     ___FILE_ONLY___ â•
2023-03-06 13:38:06,030 INFO     ___FILE_ONLY___ â•
2023-03-06 13:38:06,037 INFO     ___FILE_ONLY___ â•
2023-03-06 13:38:06,046 INFO     ___FILE_ONLY___ â•
2023-03-06 13:38:06,053 INFO     ___FILE_ONLY___ â•
2023-03-06 13:38:06,062 INFO     ___FILE_ONLY___ â•
2023-03-06 13:38:06,066 INFO     ___FILE_ONLY___ â•
2023-03-06 13:38:06,074 INFO     ___FILE_ONLY___ â•
2023-03-06 13:38:06,081 INFO     ___FILE_ONLY___ â•
2023-03-06 13:38:06,087 INFO     ___FILE_ONLY___ â•
2023-03-06 13:38:06,093 INFO     ___FILE_ONLY___ â•
2023-03-06 13:38:06,098 INFO     ___FILE_ONLY___ â•
2023-03-06 13:38:06,103 INFO     ___FILE_ONLY___ â•
2023-03-06 13:38:06,111 INFO     ___FILE_ONLY___ â•
2023-03-06 13:38:06,117 INFO     ___FILE_ONLY___ â•
2023-03-06 13:38:06,122 INFO     ___FILE_ONLY___ â•
2023-03-06 13:38:06,129 INFO     ___FILE_ONLY___ â•
2023-03-06 13:38:06,129 INFO     ___FILE_ONLY___ â•

2023-03-06 13:38:06,625 INFO     ___FILE_ONLY___ â•”â•â•â•â•â•â•â•â•â•â•â•â•â•â•â•â•â•â•â•â•â•â•â•â•â•â•â•â•â•â•â•â•â•â•â•â•â•â•â•â•â•â•â•â•â•â•â•â•â•â•â•â•â•â•â•â•â•â•â•â•â•—

2023-03-06 13:38:06,626 INFO     ___FILE_ONLY___ â• â• Installing: BigQuery Command Line Tool                   â•â•£

2023-03-06 13:38:06,626 INFO     ___FILE_ONLY___ â•š
2023-03-06 13:38:06,631 DEBUG    urllib3.connectionpool Starting new HTTPS connection (1): dl.google.com:443
2023-03-06 13:38:06,738 DEBUG    urllib3.connectionpool https://dl.google.com:443 "GET /dl/cloudsdk/channels/rapid/components/google-cloud-sdk-bq-20230224152814.tar.gz HTTP/1.1" 200 1699999
2023-03-06 13:38:06,986 INFO     ___FILE_ONLY___ â•
2023-03-06 13:38:06,986 INFO     ___FILE_ONLY___ â•
2023-03-06 13:38:06,986 INFO     ___FILE_ONLY___ â•
2023-03-06 13:38:06,986 INFO     ___FILE_ONLY___ â•
2023-03-06 13:38:06,986 INFO     ___FILE_ONLY___ â•
2023-03-06 13:38:06,986 INFO     ___FILE_ONLY___ â•
2023-03-06 13:38:06,987 INFO     ___FILE_ONLY___ â•
2023-03-06 13:38:06,987 INFO     ___FILE_ONLY___ â•
2023-03-06 13:38:06,987 INFO     ___FILE_ONLY___ â•
2023-03-06 13:38:06,987 INFO     ___FILE_ONLY___ â•
2023-03-06 13:38:06,987 INFO     ___FILE_ONLY___ â•
2023-03-06 13:38:06,987 INFO     ___FILE_ONLY___ â•
2023-03-06 13:38:06,987 INFO     ___FILE_ONLY___ â•
2023-03-06 13:38:06,987 INFO     ___FILE_ONLY___ â•
2023-03-06 13:38:06,987 INFO     ___FILE_ONLY___ â•
2023-03-06 13:38:06,987 INFO     ___FILE_ONLY___ â•
2023-03-06 13:38:06,988 INFO     ___FILE_ONLY___ â•
2023-03-06 13:38:06,988 INFO     ___FILE_ONLY___ â•
2023-03-06 13:38:06,988 INFO     ___FILE_ONLY___ â•
2023-03-06 13:38:06,988 INFO     ___FILE_ONLY___ â•
2023-03-06 13:38:06,988 INFO     ___FILE_ONLY___ â•
2023-03-06 13:38:06,989 INFO     ___FILE_ONLY___ â•
2023-03-06 13:38:06,989 INFO     ___FILE_ONLY___ â•
2023-03-06 13:38:06,989 INFO     ___FILE_ONLY___ â•
2023-03-06 13:38:06,989 INFO     ___FILE_ONLY___ â•
2023-03-06 13:38:06,989 INFO     ___FILE_ONLY___ â•
2023-03-06 13:38:06,989 INFO     ___FILE_ONLY___ â•
2023-03-06 13:38:06,989 INFO     ___FILE_ONLY___ â•
2023-03-06 13:38:06,990 INFO     ___FILE_ONLY___ â•
2023-03-06 13:38:06,990 INFO     ___FILE_ONLY___ â•
2023-03-06 13:38:07,083 INFO     ___FILE_ONLY___ â•
2023-03-06 13:38:07,086 INFO     ___FILE_ONLY___ â•
2023-03-06 13:38:07,089 INFO     ___FILE_ONLY___ â•
2023-03-06 13:38:07,094 INFO     ___FILE_ONLY___ â•
2023-03-06 13:38:07,096 INFO     ___FILE_ONLY___ â•
2023-03-06 13:38:07,099 INFO     ___FILE_ONLY___ â•
2023-03-06 13:38:07,101 INFO     ___FILE_ONLY___ â•
2023-03-06 13:38:07,106 INFO     ___FILE_ONLY___ â•
2023-03-06 13:38:07,109 INFO     ___FILE_ONLY___ â•
2023-03-06 13:38:07,112 INFO     ___FILE_ONLY___ â•
2023-03-06 13:38:07,115 INFO     ___FILE_ONLY___ â•
2023-03-06 13:38:07,118 INFO     ___FILE_ONLY___ â•
2023-03-06 13:38:07,122 INFO     ___FILE_ONLY___ â•
2023-03-06 13:38:07,125 INFO     ___FILE_ONLY___ â•
2023-03-06 13:38:07,129 INFO     ___FILE_ONLY___ â•
2023-03-06 13:38:07,133 INFO     ___FILE_ONLY___ â•
2023-03-06 13:38:07,137 INFO     ___FILE_ONLY___ â•
2023-03-06 13:38:07,139 INFO     ___FILE_ONLY___ â•
2023-03-06 13:38:07,142 INFO     ___FILE_ONLY___ â•
2023-03-06 13:38:07,145 INFO     ___FILE_ONLY___ â•
2023-03-06 13:38:07,149 INFO     ___FILE_ONLY___ â•
2023-03-06 13:38:07,152 INFO     ___FILE_ONLY___ â•
2023-03-06 13:38:07,155 INFO     ___FILE_ONLY___ â•
2023-03-06 13:38:07,158 INFO     ___FILE_ONLY___ â•
2023-03-06 13:38:07,161 INFO     ___FILE_ONLY___ â•
2023-03-06 13:38:07,164 INFO     ___FILE_ONLY___ â•
2023-03-06 13:38:07,167 INFO     ___FILE_ONLY___ â•
2023-03-06 13:38:07,171 INFO     ___FILE_ONLY___ â•
2023-03-06 13:38:07,175 INFO     ___FILE_ONLY___ â•
2023-03-06 13:38:07,179 INFO     ___FILE_ONLY___ â•
2023-03-06 13:38:07,179 INFO     ___FILE_ONLY___ â•

2023-03-06 13:38:07,229 INFO     ___FILE_ONLY___ â•”â•â•â•â•â•â•â•â•â•â•â•â•â•â•â•â•â•â•â•â•â•â•â•â•â•â•â•â•â•â•â•â•â•â•â•â•â•â•â•â•â•â•â•â•â•â•â•â•â•â•â•â•â•â•â•â•â•â•â•â•â•—

2023-03-06 13:38:07,229 INFO     ___FILE_ONLY___ â• â• Installing: Google Cloud CLI Core Libraries              â•â•£

2023-03-06 13:38:07,229 INFO     ___FILE_ONLY___ â•š
2023-03-06 13:38:07,232 DEBUG    urllib3.connectionpool Starting new HTTPS connection (1): dl.google.com:443
2023-03-06 13:38:07,371 DEBUG    urllib3.connectionpool https://dl.google.com:443 "GET /dl/cloudsdk/channels/rapid/components/google-cloud-sdk-core-20230224152814.tar.gz HTTP/1.1" 200 27975166
2023-03-06 13:38:11,845 INFO     ___FILE_ONLY___ â•
2023-03-06 13:38:11,852 INFO     ___FILE_ONLY___ â•
2023-03-06 13:38:11,853 INFO     ___FILE_ONLY___ â•
2023-03-06 13:38:11,854 INFO     ___FILE_ONLY___ â•
2023-03-06 13:38:11,855 INFO     ___FILE_ONLY___ â•
2023-03-06 13:38:11,855 INFO     ___FILE_ONLY___ â•
2023-03-06 13:38:11,856 INFO     ___FILE_ONLY___ â•
2023-03-06 13:38:11,857 INFO     ___FILE_ONLY___ â•
2023-03-06 13:38:11,858 INFO     ___FILE_ONLY___ â•
2023-03-06 13:38:11,859 INFO     ___FILE_ONLY___ â•
2023-03-06 13:38:11,859 INFO     ___FILE_ONLY___ â•
2023-03-06 13:38:11,860 INFO     ___FILE_ONLY___ â•
2023-03-06 13:38:11,861 INFO     ___FILE_ONLY___ â•
2023-03-06 13:38:11,861 INFO     ___FILE_ONLY___ â•
2023-03-06 13:38:11,862 INFO     ___FILE_ONLY___ â•
2023-03-06 13:38:11,862 INFO     ___FILE_ONLY___ â•
2023-03-06 13:38:11,864 INFO     ___FILE_ONLY___ â•
2023-03-06 13:38:11,864 INFO     ___FILE_ONLY___ â•
2023-03-06 13:38:11,865 INFO     ___FILE_ONLY___ â•
2023-03-06 13:38:11,866 INFO     ___FILE_ONLY___ â•
2023-03-06 13:38:11,866 INFO     ___FILE_ONLY___ â•
2023-03-06 13:38:11,867 INFO     ___FILE_ONLY___ â•
2023-03-06 13:38:11,868 INFO     ___FILE_ONLY___ â•
2023-03-06 13:38:11,869 INFO     ___FILE_ONLY___ â•
2023-03-06 13:38:11,869 INFO     ___FILE_ONLY___ â•
2023-03-06 13:38:11,870 INFO     ___FILE_ONLY___ â•
2023-03-06 13:38:11,871 INFO     ___FILE_ONLY___ â•
2023-03-06 13:38:11,871 INFO     ___FILE_ONLY___ â•
2023-03-06 13:38:11,872 INFO     ___FILE_ONLY___ â•
2023-03-06 13:38:11,872 INFO     ___FILE_ONLY___ â•
2023-03-06 13:38:13,504 INFO     ___FILE_ONLY___ â•
2023-03-06 13:38:13,563 INFO     ___FILE_ONLY___ â•
2023-03-06 13:38:13,625 INFO     ___FILE_ONLY___ â•
2023-03-06 13:38:13,694 INFO     ___FILE_ONLY___ â•
2023-03-06 13:38:13,764 INFO     ___FILE_ONLY___ â•
2023-03-06 13:38:13,838 INFO     ___FILE_ONLY___ â•
2023-03-06 13:38:13,899 INFO     ___FILE_ONLY___ â•
2023-03-06 13:38:14,017 INFO     ___FILE_ONLY___ â•
2023-03-06 13:38:14,129 INFO     ___FILE_ONLY___ â•
2023-03-06 13:38:14,335 INFO     ___FILE_ONLY___ â•
2023-03-06 13:38:14,474 INFO     ___FILE_ONLY___ â•
2023-03-06 13:38:14,591 INFO     ___FILE_ONLY___ â•
2023-03-06 13:38:14,679 INFO     ___FILE_ONLY___ â•
2023-03-06 13:38:14,743 INFO     ___FILE_ONLY___ â•
2023-03-06 13:38:14,807 INFO     ___FILE_ONLY___ â•
2023-03-06 13:38:14,870 INFO     ___FILE_ONLY___ â•
2023-03-06 13:38:14,926 INFO     ___FILE_ONLY___ â•
2023-03-06 13:38:14,986 INFO     ___FILE_ONLY___ â•
2023-03-06 13:38:15,044 INFO     ___FILE_ONLY___ â•
2023-03-06 13:38:15,130 INFO     ___FILE_ONLY___ â•
2023-03-06 13:38:15,187 INFO     ___FILE_ONLY___ â•
2023-03-06 13:38:15,249 INFO     ___FILE_ONLY___ â•
2023-03-06 13:38:15,309 INFO     ___FILE_ONLY___ â•
2023-03-06 13:38:15,366 INFO     ___FILE_ONLY___ â•
2023-03-06 13:38:15,446 INFO     ___FILE_ONLY___ â•
2023-03-06 13:38:15,505 INFO     ___FILE_ONLY___ â•
2023-03-06 13:38:15,567 INFO     ___FILE_ONLY___ â•
2023-03-06 13:38:15,628 INFO     ___FILE_ONLY___ â•
2023-03-06 13:38:15,691 INFO     ___FILE_ONLY___ â•
2023-03-06 13:38:15,774 INFO     ___FILE_ONLY___ â•
2023-03-06 13:38:15,774 INFO     ___FILE_ONLY___ â•

2023-03-06 13:38:15,889 INFO     ___FILE_ONLY___ â•”â•â•â•â•â•â•â•â•â•â•â•â•â•â•â•â•â•â•â•â•â•â•â•â•â•â•â•â•â•â•â•â•â•â•â•â•â•â•â•â•â•â•â•â•â•â•â•â•â•â•â•â•â•â•â•â•â•â•â•â•â•—

2023-03-06 13:38:15,889 INFO     ___FILE_ONLY___ â• â• Installing: gcloud Alpha Commands                        â•â•£

2023-03-06 13:38:15,889 INFO     ___FILE_ONLY___ â•š
2023-03-06 13:38:15,892 DEBUG    urllib3.connectionpool Starting new HTTPS connection (1): dl.google.com:443
2023-03-06 13:38:15,977 DEBUG    urllib3.connectionpool https://dl.google.com:443 "GET /dl/cloudsdk/channels/rapid/components/google-cloud-sdk-alpha-20230224152814.tar.gz HTTP/1.1" 200 800
2023-03-06 13:38:15,978 INFO     ___FILE_ONLY___ â•â•â•â•â•â•â•â•â•â•â•â•â•â•â•â•â•â•â•â•â•â•â•â•â•â•â•â•â•â•
2023-03-06 13:38:15,979 INFO     ___FILE_ONLY___ â•â•â•â•â•â•â•â•â•â•â•â•â•â•â•â•â•â•â•â•â•â•â•â•â•â•â•â•â•â•
2023-03-06 13:38:15,979 INFO     ___FILE_ONLY___ â•

2023-03-06 13:38:16,020 INFO     ___FILE_ONLY___ â•”â•â•â•â•â•â•â•â•â•â•â•â•â•â•â•â•â•â•â•â•â•â•â•â•â•â•â•â•â•â•â•â•â•â•â•â•â•â•â•â•â•â•â•â•â•â•â•â•â•â•â•â•â•â•â•â•â•â•â•â•â•—

2023-03-06 13:38:16,020 INFO     ___FILE_ONLY___ â• â• Installing: gcloud Beta Commands                         â•â•£

2023-03-06 13:38:16,021 INFO     ___FILE_ONLY___ â•š
2023-03-06 13:38:16,024 DEBUG    urllib3.connectionpool Starting new HTTPS connection (1): dl.google.com:443
2023-03-06 13:38:16,093 DEBUG    urllib3.connectionpool https://dl.google.com:443 "GET /dl/cloudsdk/channels/rapid/components/google-cloud-sdk-beta-20230224152814.tar.gz HTTP/1.1" 200 797
2023-03-06 13:38:16,094 INFO     ___FILE_ONLY___ â•â•â•â•â•â•â•â•â•â•â•â•â•â•â•â•â•â•â•â•â•â•â•â•â•â•â•â•â•â•
2023-03-06 13:38:16,095 INFO     ___FILE_ONLY___ â•â•â•â•â•â•â•â•â•â•â•â•â•â•â•â•â•â•â•â•â•â•â•â•â•â•â•â•â•â•
2023-03-06 13:38:16,095 INFO     ___FILE_ONLY___ â•

2023-03-06 13:38:16,132 INFO     ___FILE_ONLY___ â•”â•â•â•â•â•â•â•â•â•â•â•â•â•â•â•â•â•â•â•â•â•â•â•â•â•â•â•â•â•â•â•â•â•â•â•â•â•â•â•â•â•â•â•â•â•â•â•â•â•â•â•â•â•â•â•â•â•â•â•â•â•—

2023-03-06 13:38:16,132 INFO     ___FILE_ONLY___ â• â• Installing: gcloud cli dependencies                      â•â•£

2023-03-06 13:38:16,132 INFO     ___FILE_ONLY___ â•š
2023-03-06 13:38:16,135 DEBUG    urllib3.connectionpool Starting new HTTPS connection (1): dl.google.com:443
2023-03-06 13:38:16,245 DEBUG    urllib3.connectionpool https://dl.google.com:443 "GET /dl/cloudsdk/channels/rapid/components/google-cloud-sdk-gcloud-deps-20230224152814.tar.gz HTTP/1.1" 200 11784358
2023-03-06 13:38:17,394 INFO     ___FILE_ONLY___ â•
2023-03-06 13:38:17,395 INFO     ___FILE_ONLY___ â•
2023-03-06 13:38:17,396 INFO     ___FILE_ONLY___ â•
2023-03-06 13:38:17,396 INFO     ___FILE_ONLY___ â•
2023-03-06 13:38:17,397 INFO     ___FILE_ONLY___ â•
2023-03-06 13:38:17,398 INFO     ___FILE_ONLY___ â•
2023-03-06 13:38:17,399 INFO     ___FILE_ONLY___ â•
2023-03-06 13:38:17,399 INFO     ___FILE_ONLY___ â•
2023-03-06 13:38:17,400 INFO     ___FILE_ONLY___ â•
2023-03-06 13:38:17,401 INFO     ___FILE_ONLY___ â•
2023-03-06 13:38:17,401 INFO     ___FILE_ONLY___ â•
2023-03-06 13:38:17,402 INFO     ___FILE_ONLY___ â•
2023-03-06 13:38:17,402 INFO     ___FILE_ONLY___ â•
2023-03-06 13:38:17,405 INFO     ___FILE_ONLY___ â•
2023-03-06 13:38:17,406 INFO     ___FILE_ONLY___ â•
2023-03-06 13:38:17,406 INFO     ___FILE_ONLY___ â•
2023-03-06 13:38:17,407 INFO     ___FILE_ONLY___ â•
2023-03-06 13:38:17,408 INFO     ___FILE_ONLY___ â•
2023-03-06 13:38:17,410 INFO     ___FILE_ONLY___ â•
2023-03-06 13:38:17,412 INFO     ___FILE_ONLY___ â•
2023-03-06 13:38:17,412 INFO     ___FILE_ONLY___ â•
2023-03-06 13:38:17,414 INFO     ___FILE_ONLY___ â•
2023-03-06 13:38:17,414 INFO     ___FILE_ONLY___ â•
2023-03-06 13:38:17,414 INFO     ___FILE_ONLY___ â•
2023-03-06 13:38:17,415 INFO     ___FILE_ONLY___ â•
2023-03-06 13:38:17,415 INFO     ___FILE_ONLY___ â•
2023-03-06 13:38:17,416 INFO     ___FILE_ONLY___ â•
2023-03-06 13:38:17,416 INFO     ___FILE_ONLY___ â•
2023-03-06 13:38:17,416 INFO     ___FILE_ONLY___ â•
2023-03-06 13:38:17,417 INFO     ___FILE_ONLY___ â•
2023-03-06 13:38:17,981 INFO     ___FILE_ONLY___ â•
2023-03-06 13:38:18,034 INFO     ___FILE_ONLY___ â•
2023-03-06 13:38:18,097 INFO     ___FILE_ONLY___ â•
2023-03-06 13:38:18,147 INFO     ___FILE_ONLY___ â•
2023-03-06 13:38:18,195 INFO     ___FILE_ONLY___ â•
2023-03-06 13:38:18,247 INFO     ___FILE_ONLY___ â•
2023-03-06 13:38:18,300 INFO     ___FILE_ONLY___ â•
2023-03-06 13:38:18,323 INFO     ___FILE_ONLY___ â•
2023-03-06 13:38:18,349 INFO     ___FILE_ONLY___ â•
2023-03-06 13:38:18,377 INFO     ___FILE_ONLY___ â•
2023-03-06 13:38:18,411 INFO     ___FILE_ONLY___ â•
2023-03-06 13:38:18,434 INFO     ___FILE_ONLY___ â•
2023-03-06 13:38:18,459 INFO     ___FILE_ONLY___ â•
2023-03-06 13:38:18,478 INFO     ___FILE_ONLY___ â•
2023-03-06 13:38:18,503 INFO     ___FILE_ONLY___ â•
2023-03-06 13:38:18,533 INFO     ___FILE_ONLY___ â•
2023-03-06 13:38:18,555 INFO     ___FILE_ONLY___ â•
2023-03-06 13:38:18,584 INFO     ___FILE_ONLY___ â•
2023-03-06 13:38:18,616 INFO     ___FILE_ONLY___ â•
2023-03-06 13:38:18,643 INFO     ___FILE_ONLY___ â•
2023-03-06 13:38:18,669 INFO     ___FILE_ONLY___ â•
2023-03-06 13:38:18,693 INFO     ___FILE_ONLY___ â•
2023-03-06 13:38:18,710 INFO     ___FILE_ONLY___ â•
2023-03-06 13:38:18,737 INFO     ___FILE_ONLY___ â•
2023-03-06 13:38:18,758 INFO     ___FILE_ONLY___ â•
2023-03-06 13:38:18,781 INFO     ___FILE_ONLY___ â•
2023-03-06 13:38:18,811 INFO     ___FILE_ONLY___ â•
2023-03-06 13:38:18,837 INFO     ___FILE_ONLY___ â•
2023-03-06 13:38:18,866 INFO     ___FILE_ONLY___ â•
2023-03-06 13:38:18,893 INFO     ___FILE_ONLY___ â•
2023-03-06 13:38:18,893 INFO     ___FILE_ONLY___ â•

2023-03-06 13:38:18,954 INFO     ___FILE_ONLY___ â•”â•â•â•â•â•â•â•â•â•â•â•â•â•â•â•â•â•â•â•â•â•â•â•â•â•â•â•â•â•â•â•â•â•â•â•â•â•â•â•â•â•â•â•â•â•â•â•â•â•â•â•â•â•â•â•â•â•â•â•â•â•—

2023-03-06 13:38:18,954 INFO     ___FILE_ONLY___ â• â• Creating backup and activating new installation          â•â•£

2023-03-06 13:38:18,954 INFO     ___FILE_ONLY___ â•š
2023-03-06 13:38:18,954 DEBUG    root            Attempting to move directory [/Users/wongshennan/Library/Application Support/cloud-code/installer/google-cloud-sdk] to [/Users/wongshennan/Library/Application Support/cloud-code/installer/google-cloud-sdk.staging/.install/.backup]
2023-03-06 13:38:18,955 INFO     ___FILE_ONLY___ â•â•â•â•â•â•â•â•â•â•â•â•â•â•â•â•â•â•â•â•â•â•â•â•â•â•â•â•â•â•
2023-03-06 13:38:18,955 DEBUG    root            Attempting to move directory [/Users/wongshennan/Library/Application Support/cloud-code/installer/google-cloud-sdk.staging] to [/Users/wongshennan/Library/Application Support/cloud-code/installer/google-cloud-sdk]
2023-03-06 13:38:18,956 INFO     ___FILE_ONLY___ â•â•â•â•â•â•â•â•â•â•â•â•â•â•â•â•â•â•â•â•â•â•â•â•â•â•â•â•â•â•
2023-03-06 13:38:18,956 INFO     ___FILE_ONLY___ â•

2023-03-06 13:38:18,963 DEBUG    root            Updating notification cache...
2023-03-06 13:38:18,964 INFO     ___FILE_ONLY___ 

2023-03-06 13:38:19,002 INFO     ___FILE_ONLY___ Performing post processing steps...
2023-03-06 13:38:19,003 DEBUG    root            Executing command: ['/Users/wongshennan/opt/anaconda3/bin/python3', '-S', '/Users/wongshennan/Library/Application Support/cloud-code/installer/google-cloud-sdk/lib/gcloud.py', 'components', 'post-process']
2023-03-06 13:38:35,910 DEBUG    ___FILE_ONLY___ 
2023-03-06 13:38:35,910 DEBUG    ___FILE_ONLY___ 
2023-03-06 13:38:35,966 INFO     ___FILE_ONLY___ 
Update done!


2023-03-06 13:38:35,966 INFO     ___FILE_ONLY___ To revert your CLI to the previously installed version, you may run:
  $ gcloud components update --version 419.0.0


2023-03-06 13:38:35,984 WARNING  root              There are other instances of Google Cloud tools on your system PATH.
  Please remove the following to avoid confusion or accidental invocation:

  /opt/homebrew/Cellar/minikube/1.29.0/bin/minikube
/Users/wongshennan/google-cloud-sdk/bin/git-credential-gcloud.sh
/Users/wongshennan/google-cloud-sdk/bin/dev_appserver.py
/Users/wongshennan/google-cloud-sdk/bin/java_dev_appserver.sh
/opt/homebrew/Cellar/kubernetes-cli/1.26.2/bin/kubectl
/Users/wongshennan/google-cloud-sdk/bin/bq
/Applications/Docker.app/Contents/Resources/bin/kubectl
/Users/wongshennan/google-cloud-sdk/bin/gsutil
/Users/wongshennan/google-cloud-sdk/bin/gcloud
/Users/wongshennan/google-cloud-sdk/bin/anthoscli
/Users/wongshennan/google-cloud-sdk/bin/docker-credential-gcloud

  
2023-03-06 13:38:35,991 DEBUG    root            Chosen display Format:none
2023-03-06 13:38:35,992 INFO     root            Display format: "none"
