2023-03-06 13:37:31,627 DEBUG    root            Loaded Command Group: ['gcloud', 'config']
2023-03-06 13:37:31,631 DEBUG    root            Loaded Command Group: ['gcloud', 'config', 'config_helper']
2023-03-06 13:37:31,635 DEBUG    root            Running [gcloud.config.config-helper] with arguments: [--format: "json", --quiet: "True", --verbosity: "warning"]
2023-03-06 13:37:31,643 DEBUG    google.auth.transport.requests Making request: POST https://oauth2.googleapis.com/token
2023-03-06 13:37:31,653 DEBUG    urllib3.connectionpool Starting new HTTPS connection (1): oauth2.googleapis.com:443
2023-03-06 13:37:31,749 DEBUG    urllib3.connectionpool https://oauth2.googleapis.com:443 "POST /token HTTP/1.1" 200 None
2023-03-06 13:37:31,756 DEBUG    urllib3.connectionpool Starting new HTTPS connection (1): www.gstatic.com:443
2023-03-06 13:37:31,831 DEBUG    urllib3.connectionpool https://www.gstatic.com:443 "GET /cloudsdk/feature_flag_config_file.yaml HTTP/1.1" 200 101
2023-03-06 13:37:31,835 DEBUG    root            Chosen display Format:default json
2023-03-06 13:37:31,835 INFO     root            Display format: "default json"
2023-03-06 13:37:31,837 INFO     ___FILE_ONLY___ {
  "configuration": {
    "active_configuration": "default",
    "properties": {
      "compute": {
        "region": "asia-southeast1-a"
      },
      "container": {
        "use_application_default_credentials": "true"
      },
      "core": {
        "account": "wongshennan@gmail.com",
        "disable_prompts": "True",
        "disable_usage_reporting": "True",
        "print_unhandled_tracebacks": "true",
        "project": "test",
        "verbosity": "warning"
      },
      "metrics": {
        "environment": "cloudcode.vscode",
        "environment_version": "1.21.3"
      }
    }
  },
  "credential": {
    "access_token": "ya29.a0AVvZVsqiPzT2zu7OpEbPSC52JDPZNN3zo2-uHas_PF0murvHBwVjmlnegpa5nHW4vAwJJgshkh2IyjDab9dcWOq-GM_FPv7JV1KA1-rVfcy5uVICD0NbJa5ilh-jLzfrTNwSy0KGUVv2BeMp6OfGUUGgenB1ciOfge2ETKkaCgYKAWESARMSFQGbdwaIQ1Cbq66DLCjh5gUD-5XxoA0174",
    "id_token": "eyJhbGciOiJSUzI1NiIsImtpZCI6IjI1NWNjYTZlYzI4MTA2MDJkODBiZWM4OWU0NTZjNDQ5NWQ3NDE4YmIiLCJ0eXAiOiJKV1QifQ.eyJpc3MiOiJodHRwczovL2FjY291bnRzLmdvb2dsZS5jb20iLCJhenAiOiIzMjU1NTk0MDU1OS5hcHBzLmdvb2dsZXVzZXJjb250ZW50LmNvbSIsImF1ZCI6IjMyNTU1OTQwNTU5LmFwcHMuZ29vZ2xldXNlcmNvbnRlbnQuY29tIiwic3ViIjoiMTE0MTQ0MTEzNTczMTc4NjIzNzc1IiwiZW1haWwiOiJ3b25nc2hlbm5hbkBnbWFpbC5jb20iLCJlbWFpbF92ZXJpZmllZCI6dHJ1ZSwiYXRfaGFzaCI6IktlNFhtZmVTYWFQdGdQdXp4bGJsUVEiLCJpYXQiOjE2NzgwODEwNTEsImV4cCI6MTY3ODA4NDY1MX0.XTvFe0AjSYAnM3EnGC0MeZU5i05HTo72F3vQxo0zLEW2uF5Zn72b_7lLbsSsEGR39yU2NBM7w7nSWXr9t6LqPNcaSgbme2MYz795tXlFjo5lOj78Ot1cAkI3lnyz_421fVxS1aVhGA69k0WgaiW_ThHbK2dQqBjzwmIIGXMxWhsSoizpaK4KN1S_6scbvIhi1efZlXYbZCTJTEGm-3pKfY-NqqfcEV_gmgY6uSJqZFiuXS1G_o42o2AvTpghzH4pf8WCK0FDYMoF85Iw5TzJpF02UoR_d3yGbloNYaj7JclpfLOQ9sN4y0FwPcplMvc3fnG-KIovmg_5CHS263e2eA",
    "token_expiry": "2023-03-06T06:37:30Z"
  },
  "sentinels": {
    "config_sentinel": "/Users/wongshennan/.config/gcloud/config_sentinel"
  }
}
2023-03-06 13:37:31,837 INFO     ___FILE_ONLY___ 

