2023-03-06 14:25:10,267 DEBUG    root            Loaded Command Group: ['gcloud', 'components']
2023-03-06 14:25:10,270 DEBUG    root            Loaded Command Group: ['gcloud', 'components', 'list']
2023-03-06 14:25:10,272 DEBUG    root            Running [gcloud.components.list] with arguments: [--format: "json", --quiet: "True", --verbosity: "warning"]
2023-03-06 14:25:10,297 DEBUG    urllib3.connectionpool Starting new HTTPS connection (1): dl.google.com:443
2023-03-06 14:25:10,437 DEBUG    urllib3.connectionpool https://dl.google.com:443 "GET /dl/cloudsdk/channels/rapid/components-2.json HTTP/1.1" 200 206156
2023-03-06 14:25:10,488 INFO     ___FILE_ONLY___ 
Your current Google Cloud CLI version is: 420.0.0

2023-03-06 14:25:10,488 DEBUG    root            [Errno 32] Broken pipe
Traceback (most recent call last):
  File "/Users/wongshennan/Library/Application Support/cloud-code/installer/google-cloud-sdk/lib/googlecloudsdk/calliope/cli.py", line 987, in Execute
    resources = calliope_command.Run(cli=self, args=args)
  File "/Users/wongshennan/Library/Application Support/cloud-code/installer/google-cloud-sdk/lib/googlecloudsdk/calliope/backend.py", line 807, in Run
    resources = command_instance.Run(args)
  File "/Users/wongshennan/Library/Application Support/cloud-code/installer/google-cloud-sdk/lib/surface/components/list.py", line 102, in Run
    result = update_manager.List(show_hidden=args.show_hidden,
  File "/Users/wongshennan/Library/Application Support/cloud-code/installer/google-cloud-sdk/lib/googlecloudsdk/core/updater/update_manager.py", line 766, in List
    to_print, current_version, latest_version = self._GetPrintListWithDiff()
  File "/Users/wongshennan/Library/Application Support/cloud-code/installer/google-cloud-sdk/lib/googlecloudsdk/core/updater/update_manager.py", line 811, in _GetPrintListWithDiff
    current_version, latest_version = self._PrintVersions(
  File "/Users/wongshennan/Library/Application Support/cloud-code/installer/google-cloud-sdk/lib/googlecloudsdk/core/updater/update_manager.py", line 833, in _PrintVersions
    self.__Write(
  File "/Users/wongshennan/Library/Application Support/cloud-code/installer/google-cloud-sdk/lib/googlecloudsdk/core/updater/update_manager.py", line 387, in __Write
    stream.write(msg + '\n')
  File "/Users/wongshennan/Library/Application Support/cloud-code/installer/google-cloud-sdk/lib/googlecloudsdk/core/log.py", line 237, in write
    self._Write(plain_text, styled_text)
  File "/Users/wongshennan/Library/Application Support/cloud-code/installer/google-cloud-sdk/lib/googlecloudsdk/core/log.py", line 230, in _Write
    self.__stream_wrapper.stream.write(stream_msg)
BrokenPipeError: [Errno 32] Broken pipe
