2023-03-06 19:37:32,991 DEBUG    root            Loaded Command Group: ['gcloud', 'config']
2023-03-06 19:37:32,996 DEBUG    root            Loaded Command Group: ['gcloud', 'config', 'config_helper']
2023-03-06 19:37:32,998 DEBUG    root            Running [gcloud.config.config-helper] with arguments: [--format: "json", --quiet: "True", --verbosity: "warning"]
2023-03-06 19:37:33,014 DEBUG    urllib3.connectionpool Starting new HTTPS connection (1): www.gstatic.com:443
2023-03-06 19:37:33,086 DEBUG    urllib3.connectionpool https://www.gstatic.com:443 "GET /cloudsdk/feature_flag_config_file.yaml HTTP/1.1" 200 101
2023-03-06 19:37:33,090 DEBUG    root            Chosen display Format:default json
2023-03-06 19:37:33,091 INFO     root            Display format: "default json"
2023-03-06 19:37:33,091 INFO     ___FILE_ONLY___ {
  "configuration": {
    "active_configuration": "default",
    "properties": {
      "compute": {
        "region": "asia-southeast1-a"
      },
      "container": {
        "use_application_default_credentials": "true"
      },
      "core": {
        "account": "wongshennan@gmail.com",
        "disable_prompts": "True",
        "disable_usage_reporting": "True",
        "print_unhandled_tracebacks": "true",
        "project": "test",
        "verbosity": "warning"
      },
      "metrics": {
        "environment": "cloudcode.vscode",
        "environment_version": "1.21.3"
      }
    }
  },
  "credential": {
    "access_token": "ya29.a0AVvZVspbCdfyYBR7cSfA2PZqt53_daRCpklDzIgns1tKKDK6UHiNkulRr5gw8kp1wTwjrlAuOt2g54wMj55EZXEjA-1MEbkgnePcY8WduHNSFRe44XV4sPHoPdj-Gckz_exo4FZdjdxAzMLEoyLApdQR9tOPI9W1je1fWL4aCgYKAXoSARMSFQGbdwaIpMxdtkcYQLaX9yrWQZ1JmQ0174",
    "id_token": "eyJhbGciOiJSUzI1NiIsImtpZCI6IjI1NWNjYTZlYzI4MTA2MDJkODBiZWM4OWU0NTZjNDQ5NWQ3NDE4YmIiLCJ0eXAiOiJKV1QifQ.eyJpc3MiOiJodHRwczovL2FjY291bnRzLmdvb2dsZS5jb20iLCJhenAiOiIzMjU1NTk0MDU1OS5hcHBzLmdvb2dsZXVzZXJjb250ZW50LmNvbSIsImF1ZCI6IjMyNTU1OTQwNTU5LmFwcHMuZ29vZ2xldXNlcmNvbnRlbnQuY29tIiwic3ViIjoiMTE0MTQ0MTEzNTczMTc4NjIzNzc1IiwiZW1haWwiOiJ3b25nc2hlbm5hbkBnbWFpbC5jb20iLCJlbWFpbF92ZXJpZmllZCI6dHJ1ZSwiYXRfaGFzaCI6IjhGN1pKYTRHQjRjOG1iQUFSLUdTMmciLCJpYXQiOjE2NzgxMDA3NTcsImV4cCI6MTY3ODEwNDM1N30.DJrdSJKTMO7qfopVmQHJvQd943in5xPoGNyQxgsKN5oLcgZTO_MAeFQ0Y2ziUGKEczTKm_OTmW68KO5vPXQT693pSLHL9NggR_JB-teRi5BDD_DmY5fLmil6emTr944h32wH0RwQDdFVj5i2vJfC6wtc6LRIvmIXmIub7hXWCGVIX86fQPNBmChJSDOU1ZrejMnGLMFeHUgKy9OGytt9YoyFiNRH1P3CV4TBNOZWpzFwm7U-hpNdjHp-B8a80gxIxQMxP39MbxTPd_06mwnweQCLIvwclOZBeb82ptVvdetdIMu-kSwa0S3xI4qsPzqSBmmfT1GkYq9StUTsl2y63w",
    "token_expiry": "2023-03-06T12:05:56Z"
  },
  "sentinels": {
    "config_sentinel": "/Users/wongshennan/.config/gcloud/config_sentinel"
  }
}
2023-03-06 19:37:33,091 INFO     ___FILE_ONLY___ 

