2023-03-08 19:55:12,075 DEBUG    root            Loaded Command Group: ['gcloud', 'config']
2023-03-08 19:55:12,078 DEBUG    root            Loaded Command Group: ['gcloud', 'config', 'config_helper']
2023-03-08 19:55:12,080 DEBUG    root            Running [gcloud.config.config-helper] with arguments: [--format: "json", --quiet: "True", --verbosity: "warning"]
2023-03-08 19:55:12,084 DEBUG    google.auth.transport.requests Making request: POST https://oauth2.googleapis.com/token
2023-03-08 19:55:12,122 DEBUG    urllib3.connectionpool Starting new HTTPS connection (1): oauth2.googleapis.com:443
2023-03-08 19:55:14,454 DEBUG    urllib3.connectionpool https://oauth2.googleapis.com:443 "POST /token HTTP/1.1" 200 None
2023-03-08 19:55:14,468 DEBUG    urllib3.connectionpool Starting new HTTPS connection (1): www.gstatic.com:443
2023-03-08 19:55:18,366 DEBUG    urllib3.connectionpool https://www.gstatic.com:443 "GET /cloudsdk/feature_flag_config_file.yaml HTTP/1.1" 200 101
2023-03-08 19:55:18,370 DEBUG    root            Chosen display Format:default json
2023-03-08 19:55:18,371 INFO     root            Display format: "default json"
2023-03-08 19:55:18,372 INFO     ___FILE_ONLY___ {
  "configuration": {
    "active_configuration": "default",
    "properties": {
      "compute": {
        "region": "asia-southeast1-a"
      },
      "container": {
        "use_application_default_credentials": "true"
      },
      "core": {
        "account": "wongshennan@gmail.com",
        "disable_prompts": "True",
        "disable_usage_reporting": "True",
        "print_unhandled_tracebacks": "true",
        "project": "test",
        "verbosity": "warning"
      },
      "metrics": {
        "environment": "cloudcode.vscode",
        "environment_version": "1.21.3"
      }
    }
  },
  "credential": {
    "access_token": "ya29.a0AVvZVsoL0fAZa6pjF9RhRhbjELJlqrJjaH-g3xXsL35YKKscDZNzy1LPsSfwEZ-QWcgMDqjEoIYSLgzj2UcWUcMmEGASG8Jc6Ng_Ypg6XXa3xRxoCij6mwKJfmUFLsR2iWsQfz-nXWGpZyqqrXs03SduaqAmpJ6_QAVqKi4aCgYKAVMSARMSFQGbdwaIGbw0mm84yUW5f6PIky1DCw0174",
    "id_token": "eyJhbGciOiJSUzI1NiIsImtpZCI6IjI1NWNjYTZlYzI4MTA2MDJkODBiZWM4OWU0NTZjNDQ5NWQ3NDE4YmIiLCJ0eXAiOiJKV1QifQ.eyJpc3MiOiJodHRwczovL2FjY291bnRzLmdvb2dsZS5jb20iLCJhenAiOiIzMjU1NTk0MDU1OS5hcHBzLmdvb2dsZXVzZXJjb250ZW50LmNvbSIsImF1ZCI6IjMyNTU1OTQwNTU5LmFwcHMuZ29vZ2xldXNlcmNvbnRlbnQuY29tIiwic3ViIjoiMTE0MTQ0MTEzNTczMTc4NjIzNzc1IiwiZW1haWwiOiJ3b25nc2hlbm5hbkBnbWFpbC5jb20iLCJlbWFpbF92ZXJpZmllZCI6dHJ1ZSwiYXRfaGFzaCI6Il96NDRTVEFucHNyVUhUUWpvaXJDa3ciLCJpYXQiOjE2NzgyNzY1MTMsImV4cCI6MTY3ODI4MDExM30.efBWC9f32LDyWyeNeF1nVfbjkM1NGXqBphIXDBRxnuFipNlTPc4D4XutBFbYJxNCVCo9GqBeuy_J0L9roDkrpW41DNDRMr8LcI29Y4FeKWXzH8JE-xVSMSxyXuyMX7CcLO0pvqmSAzyqi86zfmPDiILgWBzDrEQbZt4_rMKEzo6j1WvcQar9F3fkBiSy5WJXGVf2gTtgrlgvr8xdYZiFXcNJy80nMgmE_IAb7YatzFH9a5I0fzdrdU7KxNGGLcJFblXe_OpkHFj8TuGpC_fLPL2Su_9bZRmb7vlbH5jQu9GYTn3174bdoOa1iT67BE69j5K11HDNu4lhuCcUUF9Vbw",
    "token_expiry": "2023-03-08T12:55:13Z"
  },
  "sentinels": {
    "config_sentinel": "/Users/wongshennan/.config/gcloud/config_sentinel"
  }
}
2023-03-08 19:55:18,372 INFO     ___FILE_ONLY___ 

