2023-03-08 20:16:24,442 DEBUG    root            Loaded Command Group: ['gcloud', 'config']
2023-03-08 20:16:24,444 DEBUG    root            Loaded Command Group: ['gcloud', 'config', 'config_helper']
2023-03-08 20:16:24,445 DEBUG    root            Running [gcloud.config.config-helper] with arguments: [--format: "json", --quiet: "True", --verbosity: "warning"]
2023-03-08 20:16:24,453 DEBUG    root            Chosen display Format:default json
2023-03-08 20:16:24,454 INFO     root            Display format: "default json"
2023-03-08 20:16:24,454 INFO     ___FILE_ONLY___ {
  "configuration": {
    "active_configuration": "default",
    "properties": {
      "compute": {
        "region": "asia-southeast1-a"
      },
      "container": {
        "use_application_default_credentials": "true"
      },
      "core": {
        "account": "wongshennan@gmail.com",
        "disable_prompts": "True",
        "disable_usage_reporting": "True",
        "print_unhandled_tracebacks": "true",
        "project": "test",
        "verbosity": "warning"
      },
      "metrics": {
        "environment": "cloudcode.vscode",
        "environment_version": "1.21.3"
      }
    }
  },
  "credential": {
    "access_token": "ya29.a0AVvZVspKONcNOsezKAauR6KrTlFqquTsZ7ttQpGR9ALOrIKgMBxY12h57ua6Vj9Xu6sPuVqm4muyf1DRvHTssMcqpEiZGqR2_Tx5TQ4j32zP5Bf_hQaqyODE7J1aSJXpEDLD_M_mqjVKQkWheP1j-vhPCcGCL38p6zFtDZwaCgYKAW0SARMSFQGbdwaIclHstzp08zPL2KK-AhxLsg0174",
    "id_token": "eyJhbGciOiJSUzI1NiIsImtpZCI6IjI1NWNjYTZlYzI4MTA2MDJkODBiZWM4OWU0NTZjNDQ5NWQ3NDE4YmIiLCJ0eXAiOiJKV1QifQ.eyJpc3MiOiJodHRwczovL2FjY291bnRzLmdvb2dsZS5jb20iLCJhenAiOiIzMjU1NTk0MDU1OS5hcHBzLmdvb2dsZXVzZXJjb250ZW50LmNvbSIsImF1ZCI6IjMyNTU1OTQwNTU5LmFwcHMuZ29vZ2xldXNlcmNvbnRlbnQuY29tIiwic3ViIjoiMTE0MTQ0MTEzNTczMTc4NjIzNzc1IiwiZW1haWwiOiJ3b25nc2hlbm5hbkBnbWFpbC5jb20iLCJlbWFpbF92ZXJpZmllZCI6dHJ1ZSwiYXRfaGFzaCI6IlZDNEdQRUlDd2h0ZHhlYjF5WUVlNlEiLCJpYXQiOjE2NzgyNzY1MTYsImV4cCI6MTY3ODI4MDExNn0.DGaKwvmuRT-sjuxDwBU7ou9BvsLuOgeQGn38g_yTujJC-W2dhLOp684bOYl5N9F9RlMADLHPTt62NYXYmNCDMvsXxXPK2hEutWMU61XA3av7C5khuwZ5QhDpmB8ZmMElxclJ30t4ZhBTdfEABQkMkeKUfzlIIsHPysJaWNpWNO7AAlwfp-FhfBGKQ2dCNgz3UenW8-ICTS70XiXwpPDNCq-PI3j05pmh8o-F_OfeAUjp4ak_ZtrwnKhj4IrX7h6QB9OtOsAgEmNUCYYPSgnpc3Hqc33RbRQIO6t5YyKxsQpQTljJ7qMWnHD7_svkQtauzwYfQPnVke_l8LsgE8ghMw",
    "token_expiry": "2023-03-08T12:55:16Z"
  },
  "sentinels": {
    "config_sentinel": "/Users/wongshennan/.config/gcloud/config_sentinel"
  }
}
2023-03-08 20:16:24,454 INFO     ___FILE_ONLY___ 

