2023-02-17 03:00:31,403 DEBUG    root            Loaded Command Group: ['gcloud', 'auth']
2023-02-17 03:00:31,403 DEBUG    root            Loaded Command Group: ['gcloud', 'auth']
2023-02-17 03:00:31,417 DEBUG    root            Loaded Command Group: ['gcloud', 'auth', 'list']
2023-02-17 03:00:31,417 DEBUG    root            Loaded Command Group: ['gcloud', 'auth', 'list']
2023-02-17 03:00:31,418 DEBUG    root            Running [gcloud.auth.list] with arguments: [--filter: "status=ACTIVE", --format: "value(account)", --quiet: "True", --verbosity: "warning"]
2023-02-17 03:00:31,418 DEBUG    root            Running [gcloud.auth.list] with arguments: [--filter: "status=ACTIVE", --format: "value(account)", --quiet: "True", --verbosity: "warning"]
2023-02-17 03:00:31,462 DEBUG    root            Chosen display Format:    table[title='Credentialed Accounts'](
        status.yesno(yes='*', no=''):label=ACTIVE,
        account
    ) value(account)
2023-02-17 03:00:31,462 DEBUG    root            Chosen display Format:    table[title='Credentialed Accounts'](
        status.yesno(yes='*', no=''):label=ACTIVE,
        account
    ) value(account)
2023-02-17 03:00:31,463 INFO     root            Display format: "    table[title='Credentialed Accounts'](
        status.yesno(yes='*', no=''):label=ACTIVE,
        account
    ) value(account)"
2023-02-17 03:00:31,463 INFO     root            Display format: "    table[title='Credentialed Accounts'](
        status.yesno(yes='*', no=''):label=ACTIVE,
        account
    ) value(account)"
2023-02-17 03:00:31,463 INFO     ___FILE_ONLY___ wongshennan@gmail.com

2023-02-17 03:00:31,463 INFO     ___FILE_ONLY___ wongshennan@gmail.com

