2023-02-17 03:40:49,684 DEBUG    root            Loaded Command Group: ['gcloud', 'auth']
2023-02-17 03:40:49,684 DEBUG    root            Loaded Command Group: ['gcloud', 'auth']
2023-02-17 03:40:49,687 DEBUG    root            Loaded Command Group: ['gcloud', 'auth', 'list']
2023-02-17 03:40:49,687 DEBUG    root            Loaded Command Group: ['gcloud', 'auth', 'list']
2023-02-17 03:40:49,688 DEBUG    root            Running [gcloud.auth.list] with arguments: [--filter: "status=ACTIVE", --format: "value(account)", --quiet: "True", --verbosity: "warning"]
2023-02-17 03:40:49,688 DEBUG    root            Running [gcloud.auth.list] with arguments: [--filter: "status=ACTIVE", --format: "value(account)", --quiet: "True", --verbosity: "warning"]
2023-02-17 03:40:49,702 DEBUG    root            Chosen display Format:    table[title='Credentialed Accounts'](
        status.yesno(yes='*', no=''):label=ACTIVE,
        account
    ) value(account)
2023-02-17 03:40:49,702 DEBUG    root            Chosen display Format:    table[title='Credentialed Accounts'](
        status.yesno(yes='*', no=''):label=ACTIVE,
        account
    ) value(account)
2023-02-17 03:40:49,703 INFO     root            Display format: "    table[title='Credentialed Accounts'](
        status.yesno(yes='*', no=''):label=ACTIVE,
        account
    ) value(account)"
2023-02-17 03:40:49,703 INFO     root            Display format: "    table[title='Credentialed Accounts'](
        status.yesno(yes='*', no=''):label=ACTIVE,
        account
    ) value(account)"
2023-02-17 03:40:49,703 INFO     ___FILE_ONLY___ wongshennan@gmail.com

2023-02-17 03:40:49,704 INFO     ___FILE_ONLY___ wongshennan@gmail.com

