2023-02-17 04:00:59,034 DEBUG    root            Loaded Command Group: ['gcloud', 'auth']
2023-02-17 04:00:59,034 DEBUG    root            Loaded Command Group: ['gcloud', 'auth']
2023-02-17 04:00:59,037 DEBUG    root            Loaded Command Group: ['gcloud', 'auth', 'list']
2023-02-17 04:00:59,037 DEBUG    root            Loaded Command Group: ['gcloud', 'auth', 'list']
2023-02-17 04:00:59,038 DEBUG    root            Running [gcloud.auth.list] with arguments: [--filter: "status=ACTIVE", --format: "value(account)", --quiet: "True", --verbosity: "warning"]
2023-02-17 04:00:59,038 DEBUG    root            Running [gcloud.auth.list] with arguments: [--filter: "status=ACTIVE", --format: "value(account)", --quiet: "True", --verbosity: "warning"]
2023-02-17 04:00:59,053 DEBUG    root            Chosen display Format:    table[title='Credentialed Accounts'](
        status.yesno(yes='*', no=''):label=ACTIVE,
        account
    ) value(account)
2023-02-17 04:00:59,053 DEBUG    root            Chosen display Format:    table[title='Credentialed Accounts'](
        status.yesno(yes='*', no=''):label=ACTIVE,
        account
    ) value(account)
2023-02-17 04:00:59,054 INFO     root            Display format: "    table[title='Credentialed Accounts'](
        status.yesno(yes='*', no=''):label=ACTIVE,
        account
    ) value(account)"
2023-02-17 04:00:59,054 INFO     root            Display format: "    table[title='Credentialed Accounts'](
        status.yesno(yes='*', no=''):label=ACTIVE,
        account
    ) value(account)"
2023-02-17 04:00:59,054 INFO     ___FILE_ONLY___ wongshennan@gmail.com

2023-02-17 04:00:59,055 INFO     ___FILE_ONLY___ wongshennan@gmail.com

