2023-02-17 08:08:47,963 DEBUG    root            Loaded Command Group: ['gcloud', 'auth']
2023-02-17 08:08:47,963 DEBUG    root            Loaded Command Group: ['gcloud', 'auth']
2023-02-17 08:08:47,965 DEBUG    root            Loaded Command Group: ['gcloud', 'auth', 'list']
2023-02-17 08:08:47,965 DEBUG    root            Loaded Command Group: ['gcloud', 'auth', 'list']
2023-02-17 08:08:47,966 DEBUG    root            Running [gcloud.auth.list] with arguments: [--filter: "status=ACTIVE", --format: "value(account)", --quiet: "True", --verbosity: "warning"]
2023-02-17 08:08:47,966 DEBUG    root            Running [gcloud.auth.list] with arguments: [--filter: "status=ACTIVE", --format: "value(account)", --quiet: "True", --verbosity: "warning"]
2023-02-17 08:08:47,990 DEBUG    root            Chosen display Format:    table[title='Credentialed Accounts'](
        status.yesno(yes='*', no=''):label=ACTIVE,
        account
    ) value(account)
2023-02-17 08:08:47,990 DEBUG    root            Chosen display Format:    table[title='Credentialed Accounts'](
        status.yesno(yes='*', no=''):label=ACTIVE,
        account
    ) value(account)
2023-02-17 08:08:47,991 INFO     root            Display format: "    table[title='Credentialed Accounts'](
        status.yesno(yes='*', no=''):label=ACTIVE,
        account
    ) value(account)"
2023-02-17 08:08:47,991 INFO     root            Display format: "    table[title='Credentialed Accounts'](
        status.yesno(yes='*', no=''):label=ACTIVE,
        account
    ) value(account)"
2023-02-17 08:08:47,992 INFO     ___FILE_ONLY___ wongshennan@gmail.com

2023-02-17 08:08:47,992 INFO     ___FILE_ONLY___ wongshennan@gmail.com

