2023-02-17 08:29:45,997 DEBUG    root            Loaded Command Group: ['gcloud', 'auth']
2023-02-17 08:29:45,997 DEBUG    root            Loaded Command Group: ['gcloud', 'auth']
2023-02-17 08:29:46,000 DEBUG    root            Loaded Command Group: ['gcloud', 'auth', 'list']
2023-02-17 08:29:46,000 DEBUG    root            Loaded Command Group: ['gcloud', 'auth', 'list']
2023-02-17 08:29:46,001 DEBUG    root            Running [gcloud.auth.list] with arguments: [--filter: "status=ACTIVE", --format: "value(account)", --quiet: "True", --verbosity: "warning"]
2023-02-17 08:29:46,001 DEBUG    root            Running [gcloud.auth.list] with arguments: [--filter: "status=ACTIVE", --format: "value(account)", --quiet: "True", --verbosity: "warning"]
2023-02-17 08:29:46,016 DEBUG    root            Chosen display Format:    table[title='Credentialed Accounts'](
        status.yesno(yes='*', no=''):label=ACTIVE,
        account
    ) value(account)
2023-02-17 08:29:46,016 DEBUG    root            Chosen display Format:    table[title='Credentialed Accounts'](
        status.yesno(yes='*', no=''):label=ACTIVE,
        account
    ) value(account)
2023-02-17 08:29:46,017 INFO     root            Display format: "    table[title='Credentialed Accounts'](
        status.yesno(yes='*', no=''):label=ACTIVE,
        account
    ) value(account)"
2023-02-17 08:29:46,017 INFO     root            Display format: "    table[title='Credentialed Accounts'](
        status.yesno(yes='*', no=''):label=ACTIVE,
        account
    ) value(account)"
2023-02-17 08:29:46,017 INFO     ___FILE_ONLY___ wongshennan@gmail.com

2023-02-17 08:29:46,018 INFO     ___FILE_ONLY___ wongshennan@gmail.com

