2023-02-17 10:07:53,812 DEBUG    root            Loaded Command Group: ['gcloud', 'auth']
2023-02-17 10:07:53,812 DEBUG    root            Loaded Command Group: ['gcloud', 'auth']
2023-02-17 10:07:53,815 DEBUG    root            Loaded Command Group: ['gcloud', 'auth', 'list']
2023-02-17 10:07:53,815 DEBUG    root            Loaded Command Group: ['gcloud', 'auth', 'list']
2023-02-17 10:07:53,817 DEBUG    root            Running [gcloud.auth.list] with arguments: [--filter: "status=ACTIVE", --format: "value(account)", --quiet: "True", --verbosity: "warning"]
2023-02-17 10:07:53,817 DEBUG    root            Running [gcloud.auth.list] with arguments: [--filter: "status=ACTIVE", --format: "value(account)", --quiet: "True", --verbosity: "warning"]
2023-02-17 10:07:53,847 DEBUG    root            Chosen display Format:    table[title='Credentialed Accounts'](
        status.yesno(yes='*', no=''):label=ACTIVE,
        account
    ) value(account)
2023-02-17 10:07:53,847 DEBUG    root            Chosen display Format:    table[title='Credentialed Accounts'](
        status.yesno(yes='*', no=''):label=ACTIVE,
        account
    ) value(account)
2023-02-17 10:07:53,848 INFO     root            Display format: "    table[title='Credentialed Accounts'](
        status.yesno(yes='*', no=''):label=ACTIVE,
        account
    ) value(account)"
2023-02-17 10:07:53,848 INFO     root            Display format: "    table[title='Credentialed Accounts'](
        status.yesno(yes='*', no=''):label=ACTIVE,
        account
    ) value(account)"
2023-02-17 10:07:53,848 INFO     ___FILE_ONLY___ wongshennan@gmail.com

2023-02-17 10:07:53,848 INFO     ___FILE_ONLY___ wongshennan@gmail.com

