2023-02-17 10:33:49,680 DEBUG    root            Loaded Command Group: ['gcloud', 'config']
2023-02-17 10:33:49,683 DEBUG    root            Loaded Command Group: ['gcloud', 'config', 'config_helper']
2023-02-17 10:33:49,685 DEBUG    root            Running [gcloud.config.config-helper] with arguments: [--format: "json", --quiet: "True", --verbosity: "warning"]
2023-02-17 10:33:49,691 DEBUG    google.auth.transport.requests Making request: POST https://oauth2.googleapis.com/token
2023-02-17 10:33:49,711 DEBUG    urllib3.connectionpool Starting new HTTPS connection (1): oauth2.googleapis.com:443
2023-02-17 10:33:49,911 DEBUG    urllib3.connectionpool https://oauth2.googleapis.com:443 "POST /token HTTP/1.1" 200 None
2023-02-17 10:33:49,921 DEBUG    root            Chosen display Format:default json
2023-02-17 10:33:49,921 INFO     root            Display format: "default json"
2023-02-17 10:33:49,922 INFO     ___FILE_ONLY___ {
  "configuration": {
    "active_configuration": "default",
    "properties": {
      "compute": {
        "region": "asia-southeast1-a"
      },
      "container": {
        "use_application_default_credentials": "true"
      },
      "core": {
        "account": "wongshennan@gmail.com",
        "disable_prompts": "True",
        "disable_usage_reporting": "True",
        "print_unhandled_tracebacks": "true",
        "project": "test",
        "verbosity": "warning"
      },
      "metrics": {
        "environment": "cloudcode.vscode",
        "environment_version": "1.21.3"
      }
    }
  },
  "credential": {
    "access_token": "ya29.a0AVvZVsoke-NqZF76URhBkxAxS8zH1CnlHgRg_CkGf7vceex0st3hvWaXp_j7VjFofQ4DJS3rliXhdB_l9eA3WScvOz9Rmqd_fZyF5cvSuhQ2xP9IN_ADf2ZR27F7DhaHk6osOk14rAZfygwfnKuKX3xXoviqaL1wVnNuzXgaCgYKASsSAQASFQGbdwaI0GEx6acORBrYoO4OPOK2dQ0174",
    "id_token": "eyJhbGciOiJSUzI1NiIsImtpZCI6IjU5NjJlN2EwNTljN2Y1YzBjMGQ1NmNiYWQ1MWZlNjRjZWVjYTY3YzYiLCJ0eXAiOiJKV1QifQ.eyJpc3MiOiJodHRwczovL2FjY291bnRzLmdvb2dsZS5jb20iLCJhenAiOiIzMjU1NTk0MDU1OS5hcHBzLmdvb2dsZXVzZXJjb250ZW50LmNvbSIsImF1ZCI6IjMyNTU1OTQwNTU5LmFwcHMuZ29vZ2xldXNlcmNvbnRlbnQuY29tIiwic3ViIjoiMTE0MTQ0MTEzNTczMTc4NjIzNzc1IiwiZW1haWwiOiJ3b25nc2hlbm5hbkBnbWFpbC5jb20iLCJlbWFpbF92ZXJpZmllZCI6dHJ1ZSwiYXRfaGFzaCI6Ik1nRmk4NXUzRGFMQ0s5aGluM2w4UFEiLCJpYXQiOjE2NzY2MDEyMjksImV4cCI6MTY3NjYwNDgyOX0.V-Nj63EjTmuQ-_UQWcd7WIPr3UoWjVqjj1_N4cXvooQXtAO1C91NE5aMpsAJCfSJ_jE7WuKBRH__hJuGOUyc7PdkFriS60r7AZ8Ze3805mVenBU3NXWcXrIAyA3zd5WlOIEgozc0KOcYGlY1CWWZhnvMOKuAM0dgfEJhMYYP4_DoIX3E_uthuUDRVls5YEzp7oY0oeQr5CnoY4GTh-vFO0voju0hACh2l9RJemwMkif-5ByQ2IbYo57UXYAAnBvTw_q4FJbkOlHYkaMXE9LTRuIVHTjG117YZ_sUpe3G96yqKeK36nY-ytyMFcx-J8PU2kKWNLqDsUIcZwmOMf7hBQ",
    "token_expiry": "2023-02-17T03:33:48Z"
  },
  "sentinels": {
    "config_sentinel": "/Users/wongshennan/.config/gcloud/config_sentinel"
  }
}
2023-02-17 10:33:49,922 INFO     ___FILE_ONLY___ 

