2023-03-11 13:42:01,830 DEBUG    root            Loaded Command Group: ['gcloud', 'config']
2023-03-11 13:42:01,834 DEBUG    root            Loaded Command Group: ['gcloud', 'config', 'config_helper']
2023-03-11 13:42:01,836 DEBUG    root            Running [gcloud.config.config-helper] with arguments: [--format: "json", --quiet: "True", --verbosity: "warning"]
2023-03-11 13:42:01,842 DEBUG    google.auth.transport.requests Making request: POST https://oauth2.googleapis.com/token
2023-03-11 13:42:01,850 DEBUG    urllib3.connectionpool Starting new HTTPS connection (1): oauth2.googleapis.com:443
2023-03-11 13:42:02,146 DEBUG    urllib3.connectionpool https://oauth2.googleapis.com:443 "POST /token HTTP/1.1" 200 None
2023-03-11 13:42:02,153 DEBUG    urllib3.connectionpool Starting new HTTPS connection (1): www.gstatic.com:443
2023-03-11 13:42:02,289 DEBUG    urllib3.connectionpool https://www.gstatic.com:443 "GET /cloudsdk/feature_flag_config_file.yaml HTTP/1.1" 200 101
2023-03-11 13:42:02,294 DEBUG    root            Chosen display Format:default json
2023-03-11 13:42:02,295 INFO     root            Display format: "default json"
2023-03-11 13:42:02,295 INFO     ___FILE_ONLY___ {
  "configuration": {
    "active_configuration": "default",
    "properties": {
      "compute": {
        "region": "asia-southeast1-a"
      },
      "container": {
        "use_application_default_credentials": "true"
      },
      "core": {
        "account": "wongshennan@gmail.com",
        "disable_prompts": "True",
        "disable_usage_reporting": "True",
        "print_unhandled_tracebacks": "true",
        "project": "test",
        "verbosity": "warning"
      },
      "metrics": {
        "environment": "cloudcode.vscode",
        "environment_version": "1.21.3"
      }
    }
  },
  "credential": {
    "access_token": "ya29.a0AVvZVsp8JWHgBszoDy1RSR-D2FCz2zKPeOFdAxZCmvZ7cWwXTj-q9BmBXoc5ZYZai0CszpBiLuanMqKjrwjZ7JrELCt-rwkdKQL0CCtSIsAUQf68SskCU8bGVhHx2jZ98-G9Bmb3WWi7pruqVlHYpZLxTiqqQXzdpRmiHgEaCgYKAY4SARMSFQGbdwaIDHTviGg-i7_erCkwh-74Yg0174",
    "id_token": "eyJhbGciOiJSUzI1NiIsImtpZCI6IjI1NWNjYTZlYzI4MTA2MDJkODBiZWM4OWU0NTZjNDQ5NWQ3NDE4YmIiLCJ0eXAiOiJKV1QifQ.eyJpc3MiOiJodHRwczovL2FjY291bnRzLmdvb2dsZS5jb20iLCJhenAiOiIzMjU1NTk0MDU1OS5hcHBzLmdvb2dsZXVzZXJjb250ZW50LmNvbSIsImF1ZCI6IjMyNTU1OTQwNTU5LmFwcHMuZ29vZ2xldXNlcmNvbnRlbnQuY29tIiwic3ViIjoiMTE0MTQ0MTEzNTczMTc4NjIzNzc1IiwiZW1haWwiOiJ3b25nc2hlbm5hbkBnbWFpbC5jb20iLCJlbWFpbF92ZXJpZmllZCI6dHJ1ZSwiYXRfaGFzaCI6InkyNUNUdGg4VG1hUHJtVGl2QzdoVUEiLCJpYXQiOjE2Nzg1MTMzMjIsImV4cCI6MTY3ODUxNjkyMn0.hbcnK3j_QdEBcmHRUQWpAj5BBOCG2JBffEiSdzDAHHoToMU5WcXotOfEChp2aOe1uk8WTbEJuVdK1QyA8RFcVlwwRrhatsU7SAvUXZ9xRADGZ3fUpdCmmEtewunD8VcUFzf4AtUwKDQVeZPFc4sU9I_HdOhP5a8Hfc8pkyNEJnrDS9okOLcVIh6DgNvjd5TM-RLfRKIlIwC1tex5RPit8S_ZiD0l-Sc1vh96lZ0sd9gY5W8bwVw7zIpbi9P3Sf7v23WSGdHAD7E6o_3X8y0fNqduEaIyk3jf9I0QAnue4zBPf8aKLLomNStI4onNyOA557YXHR3WLPwQU43BgMp67g",
    "token_expiry": "2023-03-11T06:42:01Z"
  },
  "sentinels": {
    "config_sentinel": "/Users/wongshennan/.config/gcloud/config_sentinel"
  }
}
2023-03-11 13:42:02,295 INFO     ___FILE_ONLY___ 

