2023-02-21 16:53:36,820 DEBUG    root            Loaded Command Group: ['gcloud', 'components']
2023-02-21 16:53:36,840 DEBUG    root            Loaded Command Group: ['gcloud', 'components', 'list']
2023-02-21 16:53:36,842 DEBUG    root            Running [gcloud.components.list] with arguments: [--format: "json", --quiet: "True", --verbosity: "warning"]
2023-02-21 16:53:36,917 DEBUG    urllib3.connectionpool Starting new HTTPS connection (1): dl.google.com:443
2023-02-21 16:53:36,979 DEBUG    urllib3.connectionpool https://dl.google.com:443 "GET /dl/cloudsdk/channels/rapid/components-2.json HTTP/1.1" 200 206156
2023-02-21 16:53:37,041 INFO     ___FILE_ONLY___ 
Your current Google Cloud CLI version is: 418.0.0

2023-02-21 16:53:37,041 INFO     ___FILE_ONLY___ The latest available version is: 418.0.0

2023-02-21 16:53:37,041 INFO     ___FILE_ONLY___ 

2023-02-21 16:53:37,042 DEBUG    root            Chosen display Format:table[box,title="Components"](state.name:label=Status,name:label=Name,id:label=ID,size.size(zero="",min=1048576):label=Size:align=right) json
2023-02-21 16:53:37,043 INFO     root            Display format: "table[box,title="Components"](state.name:label=Status,name:label=Name,id:label=ID,size.size(zero="",min=1048576):label=Size:align=right) json"
2023-02-21 16:53:37,044 INFO     ___FILE_ONLY___ [
  {
2023-02-21 16:53:37,044 INFO     ___FILE_ONLY___ 
    "current_version_string": null,
2023-02-21 16:53:37,044 INFO     ___FILE_ONLY___ 
    "id": "app-engine-go",
2023-02-21 16:53:37,044 INFO     ___FILE_ONLY___ 
    "is_configuration": false,
2023-02-21 16:53:37,044 INFO     ___FILE_ONLY___ 
    "is_hidden": false,
2023-02-21 16:53:37,044 INFO     ___FILE_ONLY___ 
    "latest_version_string": "1.9.72",
2023-02-21 16:53:37,044 INFO     ___FILE_ONLY___ 
    "name": "App Engine Go Extensions",
2023-02-21 16:53:37,044 INFO     ___FILE_ONLY___ 
    "platform": {
2023-02-21 16:53:37,044 INFO     ___FILE_ONLY___ 
      "architecture": {
2023-02-21 16:53:37,044 INFO     ___FILE_ONLY___ 
        "file_name": "arm",
2023-02-21 16:53:37,044 INFO     ___FILE_ONLY___ 
        "id": "arm",
2023-02-21 16:53:37,044 INFO     ___FILE_ONLY___ 
        "name": "arm"
2023-02-21 16:53:37,044 INFO     ___FILE_ONLY___ 
      },
2023-02-21 16:53:37,044 INFO     ___FILE_ONLY___ 
      "operating_system": {
2023-02-21 16:53:37,044 INFO     ___FILE_ONLY___ 
        "file_name": "darwin",
2023-02-21 16:53:37,045 INFO     ___FILE_ONLY___ 
        "id": "MACOSX",
2023-02-21 16:53:37,045 INFO     ___FILE_ONLY___ 
        "name": "Mac OS X"
2023-02-21 16:53:37,045 INFO     ___FILE_ONLY___ 
      }
2023-02-21 16:53:37,045 INFO     ___FILE_ONLY___ 
    },
2023-02-21 16:53:37,045 INFO     ___FILE_ONLY___ 
    "platform_required": false,
2023-02-21 16:53:37,045 INFO     ___FILE_ONLY___ 
    "size": 4164730,
2023-02-21 16:53:37,045 INFO     ___FILE_ONLY___ 
    "state": {
2023-02-21 16:53:37,045 INFO     ___FILE_ONLY___ 
      "name": "Not Installed"
2023-02-21 16:53:37,045 INFO     ___FILE_ONLY___ 
    }
2023-02-21 16:53:37,045 INFO     ___FILE_ONLY___ 
  }
2023-02-21 16:53:37,045 INFO     ___FILE_ONLY___ ,
  {
2023-02-21 16:53:37,045 INFO     ___FILE_ONLY___ 
    "current_version_string": null,
2023-02-21 16:53:37,045 INFO     ___FILE_ONLY___ 
    "id": "appctl",
2023-02-21 16:53:37,045 INFO     ___FILE_ONLY___ 
    "is_configuration": false,
2023-02-21 16:53:37,045 INFO     ___FILE_ONLY___ 
    "is_hidden": false,
2023-02-21 16:53:37,045 INFO     ___FILE_ONLY___ 
    "latest_version_string": "0.1.12",
2023-02-21 16:53:37,045 INFO     ___FILE_ONLY___ 
    "name": "Appctl",
2023-02-21 16:53:37,045 INFO     ___FILE_ONLY___ 
    "platform": {
2023-02-21 16:53:37,045 INFO     ___FILE_ONLY___ 
      "architecture": {
2023-02-21 16:53:37,045 INFO     ___FILE_ONLY___ 
        "file_name": "x86_64",
2023-02-21 16:53:37,045 INFO     ___FILE_ONLY___ 
        "id": "x86_64",
2023-02-21 16:53:37,045 INFO     ___FILE_ONLY___ 
        "name": "x86_64"
2023-02-21 16:53:37,045 INFO     ___FILE_ONLY___ 
      },
2023-02-21 16:53:37,046 INFO     ___FILE_ONLY___ 
      "operating_system": {
2023-02-21 16:53:37,046 INFO     ___FILE_ONLY___ 
        "file_name": "darwin",
2023-02-21 16:53:37,046 INFO     ___FILE_ONLY___ 
        "id": "MACOSX",
2023-02-21 16:53:37,046 INFO     ___FILE_ONLY___ 
        "name": "Mac OS X"
2023-02-21 16:53:37,046 INFO     ___FILE_ONLY___ 
      }
2023-02-21 16:53:37,046 INFO     ___FILE_ONLY___ 
    },
2023-02-21 16:53:37,046 INFO     ___FILE_ONLY___ 
    "platform_required": false,
2023-02-21 16:53:37,046 INFO     ___FILE_ONLY___ 
    "size": 19381598,
2023-02-21 16:53:37,046 INFO     ___FILE_ONLY___ 
    "state": {
2023-02-21 16:53:37,046 INFO     ___FILE_ONLY___ 
      "name": "Not Installed"
2023-02-21 16:53:37,046 INFO     ___FILE_ONLY___ 
    }
2023-02-21 16:53:37,046 INFO     ___FILE_ONLY___ 
  }
2023-02-21 16:53:37,046 INFO     ___FILE_ONLY___ ,
  {
2023-02-21 16:53:37,046 INFO     ___FILE_ONLY___ 
    "current_version_string": null,
2023-02-21 16:53:37,046 INFO     ___FILE_ONLY___ 
    "id": "package-go-module",
2023-02-21 16:53:37,046 INFO     ___FILE_ONLY___ 
    "is_configuration": false,
2023-02-21 16:53:37,046 INFO     ___FILE_ONLY___ 
    "is_hidden": false,
2023-02-21 16:53:37,046 INFO     ___FILE_ONLY___ 
    "latest_version_string": "0.3.0",
2023-02-21 16:53:37,046 INFO     ___FILE_ONLY___ 
    "name": "Artifact Registry Go Module Package Helper",
2023-02-21 16:53:37,046 INFO     ___FILE_ONLY___ 
    "platform": {
2023-02-21 16:53:37,046 INFO     ___FILE_ONLY___ 
      "architecture": {
2023-02-21 16:53:37,046 INFO     ___FILE_ONLY___ 
        "file_name": "x86_64",
2023-02-21 16:53:37,046 INFO     ___FILE_ONLY___ 
        "id": "x86_64",
2023-02-21 16:53:37,046 INFO     ___FILE_ONLY___ 
        "name": "x86_64"
2023-02-21 16:53:37,046 INFO     ___FILE_ONLY___ 
      },
2023-02-21 16:53:37,046 INFO     ___FILE_ONLY___ 
      "operating_system": {
2023-02-21 16:53:37,047 INFO     ___FILE_ONLY___ 
        "file_name": "darwin",
2023-02-21 16:53:37,047 INFO     ___FILE_ONLY___ 
        "id": "MACOSX",
2023-02-21 16:53:37,047 INFO     ___FILE_ONLY___ 
        "name": "Mac OS X"
2023-02-21 16:53:37,047 INFO     ___FILE_ONLY___ 
      }
2023-02-21 16:53:37,047 INFO     ___FILE_ONLY___ 
    },
2023-02-21 16:53:37,047 INFO     ___FILE_ONLY___ 
    "platform_required": false,
2023-02-21 16:53:37,047 INFO     ___FILE_ONLY___ 
    "size": 840902,
2023-02-21 16:53:37,047 INFO     ___FILE_ONLY___ 
    "state": {
2023-02-21 16:53:37,047 INFO     ___FILE_ONLY___ 
      "name": "Not Installed"
2023-02-21 16:53:37,047 INFO     ___FILE_ONLY___ 
    }
2023-02-21 16:53:37,047 INFO     ___FILE_ONLY___ 
  }
2023-02-21 16:53:37,047 INFO     ___FILE_ONLY___ ,
  {
2023-02-21 16:53:37,047 INFO     ___FILE_ONLY___ 
    "current_version_string": null,
2023-02-21 16:53:37,047 INFO     ___FILE_ONLY___ 
    "id": "cbt",
2023-02-21 16:53:37,047 INFO     ___FILE_ONLY___ 
    "is_configuration": false,
2023-02-21 16:53:37,047 INFO     ___FILE_ONLY___ 
    "is_hidden": false,
2023-02-21 16:53:37,047 INFO     ___FILE_ONLY___ 
    "latest_version_string": "0.13.0",
2023-02-21 16:53:37,047 INFO     ___FILE_ONLY___ 
    "name": "Cloud Bigtable Command Line Tool",
2023-02-21 16:53:37,047 INFO     ___FILE_ONLY___ 
    "platform": {
2023-02-21 16:53:37,047 INFO     ___FILE_ONLY___ 
      "architecture": {
2023-02-21 16:53:37,047 INFO     ___FILE_ONLY___ 
        "file_name": "arm",
2023-02-21 16:53:37,047 INFO     ___FILE_ONLY___ 
        "id": "arm",
2023-02-21 16:53:37,047 INFO     ___FILE_ONLY___ 
        "name": "arm"
2023-02-21 16:53:37,047 INFO     ___FILE_ONLY___ 
      },
2023-02-21 16:53:37,047 INFO     ___FILE_ONLY___ 
      "operating_system": {
2023-02-21 16:53:37,047 INFO     ___FILE_ONLY___ 
        "file_name": "darwin",
2023-02-21 16:53:37,047 INFO     ___FILE_ONLY___ 
        "id": "MACOSX",
2023-02-21 16:53:37,048 INFO     ___FILE_ONLY___ 
        "name": "Mac OS X"
2023-02-21 16:53:37,048 INFO     ___FILE_ONLY___ 
      }
2023-02-21 16:53:37,048 INFO     ___FILE_ONLY___ 
    },
2023-02-21 16:53:37,048 INFO     ___FILE_ONLY___ 
    "platform_required": false,
2023-02-21 16:53:37,048 INFO     ___FILE_ONLY___ 
    "size": 10302644,
2023-02-21 16:53:37,048 INFO     ___FILE_ONLY___ 
    "state": {
2023-02-21 16:53:37,048 INFO     ___FILE_ONLY___ 
      "name": "Not Installed"
2023-02-21 16:53:37,048 INFO     ___FILE_ONLY___ 
    }
2023-02-21 16:53:37,048 INFO     ___FILE_ONLY___ 
  }
2023-02-21 16:53:37,048 INFO     ___FILE_ONLY___ ,
  {
2023-02-21 16:53:37,048 INFO     ___FILE_ONLY___ 
    "current_version_string": null,
2023-02-21 16:53:37,048 INFO     ___FILE_ONLY___ 
    "id": "bigtable",
2023-02-21 16:53:37,048 INFO     ___FILE_ONLY___ 
    "is_configuration": false,
2023-02-21 16:53:37,048 INFO     ___FILE_ONLY___ 
    "is_hidden": false,
2023-02-21 16:53:37,048 INFO     ___FILE_ONLY___ 
    "latest_version_string": "",
2023-02-21 16:53:37,048 INFO     ___FILE_ONLY___ 
    "name": "Cloud Bigtable Emulator",
2023-02-21 16:53:37,048 INFO     ___FILE_ONLY___ 
    "platform": {
2023-02-21 16:53:37,048 INFO     ___FILE_ONLY___ 
      "architecture": {
2023-02-21 16:53:37,048 INFO     ___FILE_ONLY___ 
        "file_name": "arm",
2023-02-21 16:53:37,048 INFO     ___FILE_ONLY___ 
        "id": "arm",
2023-02-21 16:53:37,048 INFO     ___FILE_ONLY___ 
        "name": "arm"
2023-02-21 16:53:37,048 INFO     ___FILE_ONLY___ 
      },
2023-02-21 16:53:37,048 INFO     ___FILE_ONLY___ 
      "operating_system": {
2023-02-21 16:53:37,048 INFO     ___FILE_ONLY___ 
        "file_name": "darwin",
2023-02-21 16:53:37,048 INFO     ___FILE_ONLY___ 
        "id": "MACOSX",
2023-02-21 16:53:37,048 INFO     ___FILE_ONLY___ 
        "name": "Mac OS X"
2023-02-21 16:53:37,048 INFO     ___FILE_ONLY___ 
      }
2023-02-21 16:53:37,049 INFO     ___FILE_ONLY___ 
    },
2023-02-21 16:53:37,049 INFO     ___FILE_ONLY___ 
    "platform_required": false,
2023-02-21 16:53:37,049 INFO     ___FILE_ONLY___ 
    "size": 6650817,
2023-02-21 16:53:37,049 INFO     ___FILE_ONLY___ 
    "state": {
2023-02-21 16:53:37,049 INFO     ___FILE_ONLY___ 
      "name": "Not Installed"
2023-02-21 16:53:37,049 INFO     ___FILE_ONLY___ 
    }
2023-02-21 16:53:37,049 INFO     ___FILE_ONLY___ 
  }
2023-02-21 16:53:37,049 INFO     ___FILE_ONLY___ ,
  {
2023-02-21 16:53:37,049 INFO     ___FILE_ONLY___ 
    "current_version_string": null,
2023-02-21 16:53:37,049 INFO     ___FILE_ONLY___ 
    "id": "cloud-datastore-emulator",
2023-02-21 16:53:37,049 INFO     ___FILE_ONLY___ 
    "is_configuration": false,
2023-02-21 16:53:37,049 INFO     ___FILE_ONLY___ 
    "is_hidden": false,
2023-02-21 16:53:37,049 INFO     ___FILE_ONLY___ 
    "latest_version_string": "2.3.0",
2023-02-21 16:53:37,049 INFO     ___FILE_ONLY___ 
    "name": "Cloud Datastore Emulator",
2023-02-21 16:53:37,049 INFO     ___FILE_ONLY___ 
    "platform": {
2023-02-21 16:53:37,049 INFO     ___FILE_ONLY___ 
      "architecture": {
2023-02-21 16:53:37,049 INFO     ___FILE_ONLY___ 
        "file_name": "arm",
2023-02-21 16:53:37,049 INFO     ___FILE_ONLY___ 
        "id": "arm",
2023-02-21 16:53:37,049 INFO     ___FILE_ONLY___ 
        "name": "arm"
2023-02-21 16:53:37,049 INFO     ___FILE_ONLY___ 
      },
2023-02-21 16:53:37,049 INFO     ___FILE_ONLY___ 
      "operating_system": {
2023-02-21 16:53:37,049 INFO     ___FILE_ONLY___ 
        "file_name": "darwin",
2023-02-21 16:53:37,049 INFO     ___FILE_ONLY___ 
        "id": "MACOSX",
2023-02-21 16:53:37,049 INFO     ___FILE_ONLY___ 
        "name": "Mac OS X"
2023-02-21 16:53:37,049 INFO     ___FILE_ONLY___ 
      }
2023-02-21 16:53:37,049 INFO     ___FILE_ONLY___ 
    },
2023-02-21 16:53:37,049 INFO     ___FILE_ONLY___ 
    "platform_required": false,
2023-02-21 16:53:37,050 INFO     ___FILE_ONLY___ 
    "size": 36755687,
2023-02-21 16:53:37,050 INFO     ___FILE_ONLY___ 
    "state": {
2023-02-21 16:53:37,050 INFO     ___FILE_ONLY___ 
      "name": "Not Installed"
2023-02-21 16:53:37,050 INFO     ___FILE_ONLY___ 
    }
2023-02-21 16:53:37,050 INFO     ___FILE_ONLY___ 
  }
2023-02-21 16:53:37,050 INFO     ___FILE_ONLY___ ,
  {
2023-02-21 16:53:37,050 INFO     ___FILE_ONLY___ 
    "current_version_string": null,
2023-02-21 16:53:37,050 INFO     ___FILE_ONLY___ 
    "id": "cloud-firestore-emulator",
2023-02-21 16:53:37,050 INFO     ___FILE_ONLY___ 
    "is_configuration": false,
2023-02-21 16:53:37,050 INFO     ___FILE_ONLY___ 
    "is_hidden": false,
2023-02-21 16:53:37,050 INFO     ___FILE_ONLY___ 
    "latest_version_string": "1.15.1",
2023-02-21 16:53:37,050 INFO     ___FILE_ONLY___ 
    "name": "Cloud Firestore Emulator",
2023-02-21 16:53:37,050 INFO     ___FILE_ONLY___ 
    "platform": {
2023-02-21 16:53:37,050 INFO     ___FILE_ONLY___ 
      "architecture": {
2023-02-21 16:53:37,050 INFO     ___FILE_ONLY___ 
        "file_name": "arm",
2023-02-21 16:53:37,050 INFO     ___FILE_ONLY___ 
        "id": "arm",
2023-02-21 16:53:37,050 INFO     ___FILE_ONLY___ 
        "name": "arm"
2023-02-21 16:53:37,050 INFO     ___FILE_ONLY___ 
      },
2023-02-21 16:53:37,050 INFO     ___FILE_ONLY___ 
      "operating_system": {
2023-02-21 16:53:37,050 INFO     ___FILE_ONLY___ 
        "file_name": "darwin",
2023-02-21 16:53:37,050 INFO     ___FILE_ONLY___ 
        "id": "MACOSX",
2023-02-21 16:53:37,050 INFO     ___FILE_ONLY___ 
        "name": "Mac OS X"
2023-02-21 16:53:37,050 INFO     ___FILE_ONLY___ 
      }
2023-02-21 16:53:37,050 INFO     ___FILE_ONLY___ 
    },
2023-02-21 16:53:37,050 INFO     ___FILE_ONLY___ 
    "platform_required": false,
2023-02-21 16:53:37,050 INFO     ___FILE_ONLY___ 
    "size": 42101953,
2023-02-21 16:53:37,050 INFO     ___FILE_ONLY___ 
    "state": {
2023-02-21 16:53:37,051 INFO     ___FILE_ONLY___ 
      "name": "Not Installed"
2023-02-21 16:53:37,051 INFO     ___FILE_ONLY___ 
    }
2023-02-21 16:53:37,051 INFO     ___FILE_ONLY___ 
  }
2023-02-21 16:53:37,051 INFO     ___FILE_ONLY___ ,
  {
2023-02-21 16:53:37,051 INFO     ___FILE_ONLY___ 
    "current_version_string": null,
2023-02-21 16:53:37,051 INFO     ___FILE_ONLY___ 
    "id": "pubsub-emulator",
2023-02-21 16:53:37,051 INFO     ___FILE_ONLY___ 
    "is_configuration": false,
2023-02-21 16:53:37,051 INFO     ___FILE_ONLY___ 
    "is_hidden": false,
2023-02-21 16:53:37,051 INFO     ___FILE_ONLY___ 
    "latest_version_string": "0.7.4",
2023-02-21 16:53:37,051 INFO     ___FILE_ONLY___ 
    "name": "Cloud Pub/Sub Emulator",
2023-02-21 16:53:37,051 INFO     ___FILE_ONLY___ 
    "platform": {
2023-02-21 16:53:37,051 INFO     ___FILE_ONLY___ 
      "architecture": {
2023-02-21 16:53:37,051 INFO     ___FILE_ONLY___ 
        "file_name": "arm",
2023-02-21 16:53:37,051 INFO     ___FILE_ONLY___ 
        "id": "arm",
2023-02-21 16:53:37,051 INFO     ___FILE_ONLY___ 
        "name": "arm"
2023-02-21 16:53:37,051 INFO     ___FILE_ONLY___ 
      },
2023-02-21 16:53:37,051 INFO     ___FILE_ONLY___ 
      "operating_system": {
2023-02-21 16:53:37,051 INFO     ___FILE_ONLY___ 
        "file_name": "darwin",
2023-02-21 16:53:37,051 INFO     ___FILE_ONLY___ 
        "id": "MACOSX",
2023-02-21 16:53:37,051 INFO     ___FILE_ONLY___ 
        "name": "Mac OS X"
2023-02-21 16:53:37,051 INFO     ___FILE_ONLY___ 
      }
2023-02-21 16:53:37,051 INFO     ___FILE_ONLY___ 
    },
2023-02-21 16:53:37,051 INFO     ___FILE_ONLY___ 
    "platform_required": false,
2023-02-21 16:53:37,051 INFO     ___FILE_ONLY___ 
    "size": 65564692,
2023-02-21 16:53:37,051 INFO     ___FILE_ONLY___ 
    "state": {
2023-02-21 16:53:37,051 INFO     ___FILE_ONLY___ 
      "name": "Not Installed"
2023-02-21 16:53:37,051 INFO     ___FILE_ONLY___ 
    }
2023-02-21 16:53:37,051 INFO     ___FILE_ONLY___ 
  }
2023-02-21 16:53:37,052 INFO     ___FILE_ONLY___ ,
  {
2023-02-21 16:53:37,052 INFO     ___FILE_ONLY___ 
    "current_version_string": null,
2023-02-21 16:53:37,052 INFO     ___FILE_ONLY___ 
    "id": "cloud-run-proxy",
2023-02-21 16:53:37,052 INFO     ___FILE_ONLY___ 
    "is_configuration": false,
2023-02-21 16:53:37,052 INFO     ___FILE_ONLY___ 
    "is_hidden": false,
2023-02-21 16:53:37,052 INFO     ___FILE_ONLY___ 
    "latest_version_string": "0.3.0",
2023-02-21 16:53:37,052 INFO     ___FILE_ONLY___ 
    "name": "Cloud Run Proxy",
2023-02-21 16:53:37,052 INFO     ___FILE_ONLY___ 
    "platform": {
2023-02-21 16:53:37,052 INFO     ___FILE_ONLY___ 
      "architecture": {
2023-02-21 16:53:37,052 INFO     ___FILE_ONLY___ 
        "file_name": "arm",
2023-02-21 16:53:37,052 INFO     ___FILE_ONLY___ 
        "id": "arm",
2023-02-21 16:53:37,052 INFO     ___FILE_ONLY___ 
        "name": "arm"
2023-02-21 16:53:37,052 INFO     ___FILE_ONLY___ 
      },
2023-02-21 16:53:37,053 INFO     ___FILE_ONLY___ 
      "operating_system": {
2023-02-21 16:53:37,053 INFO     ___FILE_ONLY___ 
        "file_name": "darwin",
2023-02-21 16:53:37,053 INFO     ___FILE_ONLY___ 
        "id": "MACOSX",
2023-02-21 16:53:37,053 INFO     ___FILE_ONLY___ 
        "name": "Mac OS X"
2023-02-21 16:53:37,053 INFO     ___FILE_ONLY___ 
      }
2023-02-21 16:53:37,053 INFO     ___FILE_ONLY___ 
    },
2023-02-21 16:53:37,053 INFO     ___FILE_ONLY___ 
    "platform_required": false,
2023-02-21 16:53:37,054 INFO     ___FILE_ONLY___ 
    "size": 7735939,
2023-02-21 16:53:37,054 INFO     ___FILE_ONLY___ 
    "state": {
2023-02-21 16:53:37,054 INFO     ___FILE_ONLY___ 
      "name": "Not Installed"
2023-02-21 16:53:37,054 INFO     ___FILE_ONLY___ 
    }
2023-02-21 16:53:37,054 INFO     ___FILE_ONLY___ 
  }
2023-02-21 16:53:37,054 INFO     ___FILE_ONLY___ ,
  {
2023-02-21 16:53:37,054 INFO     ___FILE_ONLY___ 
    "current_version_string": null,
2023-02-21 16:53:37,054 INFO     ___FILE_ONLY___ 
    "id": "cloud_sql_proxy",
2023-02-21 16:53:37,054 INFO     ___FILE_ONLY___ 
    "is_configuration": false,
2023-02-21 16:53:37,054 INFO     ___FILE_ONLY___ 
    "is_hidden": false,
2023-02-21 16:53:37,054 INFO     ___FILE_ONLY___ 
    "latest_version_string": "1.27.0",
2023-02-21 16:53:37,054 INFO     ___FILE_ONLY___ 
    "name": "Cloud SQL Proxy",
2023-02-21 16:53:37,054 INFO     ___FILE_ONLY___ 
    "platform": {
2023-02-21 16:53:37,054 INFO     ___FILE_ONLY___ 
      "architecture": {
2023-02-21 16:53:37,054 INFO     ___FILE_ONLY___ 
        "file_name": "arm",
2023-02-21 16:53:37,054 INFO     ___FILE_ONLY___ 
        "id": "arm",
2023-02-21 16:53:37,054 INFO     ___FILE_ONLY___ 
        "name": "arm"
2023-02-21 16:53:37,054 INFO     ___FILE_ONLY___ 
      },
2023-02-21 16:53:37,054 INFO     ___FILE_ONLY___ 
      "operating_system": {
2023-02-21 16:53:37,054 INFO     ___FILE_ONLY___ 
        "file_name": "darwin",
2023-02-21 16:53:37,054 INFO     ___FILE_ONLY___ 
        "id": "MACOSX",
2023-02-21 16:53:37,054 INFO     ___FILE_ONLY___ 
        "name": "Mac OS X"
2023-02-21 16:53:37,054 INFO     ___FILE_ONLY___ 
      }
2023-02-21 16:53:37,054 INFO     ___FILE_ONLY___ 
    },
2023-02-21 16:53:37,054 INFO     ___FILE_ONLY___ 
    "platform_required": false,
2023-02-21 16:53:37,055 INFO     ___FILE_ONLY___ 
    "size": 7700917,
2023-02-21 16:53:37,055 INFO     ___FILE_ONLY___ 
    "state": {
2023-02-21 16:53:37,055 INFO     ___FILE_ONLY___ 
      "name": "Not Installed"
2023-02-21 16:53:37,055 INFO     ___FILE_ONLY___ 
    }
2023-02-21 16:53:37,055 INFO     ___FILE_ONLY___ 
  }
2023-02-21 16:53:37,055 INFO     ___FILE_ONLY___ ,
  {
2023-02-21 16:53:37,055 INFO     ___FILE_ONLY___ 
    "current_version_string": null,
2023-02-21 16:53:37,055 INFO     ___FILE_ONLY___ 
    "id": "docker-credential-gcr",
2023-02-21 16:53:37,055 INFO     ___FILE_ONLY___ 
    "is_configuration": false,
2023-02-21 16:53:37,055 INFO     ___FILE_ONLY___ 
    "is_hidden": false,
2023-02-21 16:53:37,055 INFO     ___FILE_ONLY___ 
    "latest_version_string": "1.5.0",
2023-02-21 16:53:37,055 INFO     ___FILE_ONLY___ 
    "name": "Google Container Registry's Docker credential helper",
2023-02-21 16:53:37,055 INFO     ___FILE_ONLY___ 
    "platform": {
2023-02-21 16:53:37,055 INFO     ___FILE_ONLY___ 
      "architecture": {
2023-02-21 16:53:37,055 INFO     ___FILE_ONLY___ 
        "file_name": "arm",
2023-02-21 16:53:37,055 INFO     ___FILE_ONLY___ 
        "id": "arm",
2023-02-21 16:53:37,055 INFO     ___FILE_ONLY___ 
        "name": "arm"
2023-02-21 16:53:37,055 INFO     ___FILE_ONLY___ 
      },
2023-02-21 16:53:37,055 INFO     ___FILE_ONLY___ 
      "operating_system": {
2023-02-21 16:53:37,055 INFO     ___FILE_ONLY___ 
        "file_name": "darwin",
2023-02-21 16:53:37,055 INFO     ___FILE_ONLY___ 
        "id": "MACOSX",
2023-02-21 16:53:37,055 INFO     ___FILE_ONLY___ 
        "name": "Mac OS X"
2023-02-21 16:53:37,055 INFO     ___FILE_ONLY___ 
      }
2023-02-21 16:53:37,055 INFO     ___FILE_ONLY___ 
    },
2023-02-21 16:53:37,055 INFO     ___FILE_ONLY___ 
    "platform_required": false,
2023-02-21 16:53:37,055 INFO     ___FILE_ONLY___ 
    "size": 0,
2023-02-21 16:53:37,056 INFO     ___FILE_ONLY___ 
    "state": {
2023-02-21 16:53:37,056 INFO     ___FILE_ONLY___ 
      "name": "Not Installed"
2023-02-21 16:53:37,056 INFO     ___FILE_ONLY___ 
    }
2023-02-21 16:53:37,056 INFO     ___FILE_ONLY___ 
  }
2023-02-21 16:53:37,056 INFO     ___FILE_ONLY___ ,
  {
2023-02-21 16:53:37,056 INFO     ___FILE_ONLY___ 
    "current_version_string": null,
2023-02-21 16:53:37,056 INFO     ___FILE_ONLY___ 
    "id": "kustomize",
2023-02-21 16:53:37,056 INFO     ___FILE_ONLY___ 
    "is_configuration": false,
2023-02-21 16:53:37,056 INFO     ___FILE_ONLY___ 
    "is_hidden": false,
2023-02-21 16:53:37,056 INFO     ___FILE_ONLY___ 
    "latest_version_string": "4.4.0",
2023-02-21 16:53:37,056 INFO     ___FILE_ONLY___ 
    "name": "Kustomize",
2023-02-21 16:53:37,056 INFO     ___FILE_ONLY___ 
    "platform": {
2023-02-21 16:53:37,056 INFO     ___FILE_ONLY___ 
      "architecture": {
2023-02-21 16:53:37,056 INFO     ___FILE_ONLY___ 
        "file_name": "arm",
2023-02-21 16:53:37,056 INFO     ___FILE_ONLY___ 
        "id": "arm",
2023-02-21 16:53:37,056 INFO     ___FILE_ONLY___ 
        "name": "arm"
2023-02-21 16:53:37,056 INFO     ___FILE_ONLY___ 
      },
2023-02-21 16:53:37,056 INFO     ___FILE_ONLY___ 
      "operating_system": {
2023-02-21 16:53:37,056 INFO     ___FILE_ONLY___ 
        "file_name": "darwin",
2023-02-21 16:53:37,056 INFO     ___FILE_ONLY___ 
        "id": "MACOSX",
2023-02-21 16:53:37,056 INFO     ___FILE_ONLY___ 
        "name": "Mac OS X"
2023-02-21 16:53:37,056 INFO     ___FILE_ONLY___ 
      }
2023-02-21 16:53:37,056 INFO     ___FILE_ONLY___ 
    },
2023-02-21 16:53:37,056 INFO     ___FILE_ONLY___ 
    "platform_required": false,
2023-02-21 16:53:37,056 INFO     ___FILE_ONLY___ 
    "size": 7742264,
2023-02-21 16:53:37,056 INFO     ___FILE_ONLY___ 
    "state": {
2023-02-21 16:53:37,057 INFO     ___FILE_ONLY___ 
      "name": "Not Installed"
2023-02-21 16:53:37,057 INFO     ___FILE_ONLY___ 
    }
2023-02-21 16:53:37,057 INFO     ___FILE_ONLY___ 
  }
2023-02-21 16:53:37,057 INFO     ___FILE_ONLY___ ,
  {
2023-02-21 16:53:37,057 INFO     ___FILE_ONLY___ 
    "current_version_string": null,
2023-02-21 16:53:37,057 INFO     ___FILE_ONLY___ 
    "id": "log-streaming",
2023-02-21 16:53:37,057 INFO     ___FILE_ONLY___ 
    "is_configuration": false,
2023-02-21 16:53:37,057 INFO     ___FILE_ONLY___ 
    "is_hidden": false,
2023-02-21 16:53:37,057 INFO     ___FILE_ONLY___ 
    "latest_version_string": "0.3.0",
2023-02-21 16:53:37,057 INFO     ___FILE_ONLY___ 
    "name": "Log Streaming",
2023-02-21 16:53:37,057 INFO     ___FILE_ONLY___ 
    "platform": {
2023-02-21 16:53:37,057 INFO     ___FILE_ONLY___ 
      "architecture": {
2023-02-21 16:53:37,057 INFO     ___FILE_ONLY___ 
        "file_name": "arm",
2023-02-21 16:53:37,057 INFO     ___FILE_ONLY___ 
        "id": "arm",
2023-02-21 16:53:37,057 INFO     ___FILE_ONLY___ 
        "name": "arm"
2023-02-21 16:53:37,057 INFO     ___FILE_ONLY___ 
      },
2023-02-21 16:53:37,057 INFO     ___FILE_ONLY___ 
      "operating_system": {
2023-02-21 16:53:37,057 INFO     ___FILE_ONLY___ 
        "file_name": "darwin",
2023-02-21 16:53:37,057 INFO     ___FILE_ONLY___ 
        "id": "MACOSX",
2023-02-21 16:53:37,057 INFO     ___FILE_ONLY___ 
        "name": "Mac OS X"
2023-02-21 16:53:37,057 INFO     ___FILE_ONLY___ 
      }
2023-02-21 16:53:37,058 INFO     ___FILE_ONLY___ 
    },
2023-02-21 16:53:37,058 INFO     ___FILE_ONLY___ 
    "platform_required": false,
2023-02-21 16:53:37,058 INFO     ___FILE_ONLY___ 
    "size": 12455711,
2023-02-21 16:53:37,058 INFO     ___FILE_ONLY___ 
    "state": {
2023-02-21 16:53:37,058 INFO     ___FILE_ONLY___ 
      "name": "Not Installed"
2023-02-21 16:53:37,058 INFO     ___FILE_ONLY___ 
    }
2023-02-21 16:53:37,058 INFO     ___FILE_ONLY___ 
  }
2023-02-21 16:53:37,058 INFO     ___FILE_ONLY___ ,
  {
2023-02-21 16:53:37,058 INFO     ___FILE_ONLY___ 
    "current_version_string": null,
2023-02-21 16:53:37,058 INFO     ___FILE_ONLY___ 
    "id": "nomos",
2023-02-21 16:53:37,058 INFO     ___FILE_ONLY___ 
    "is_configuration": false,
2023-02-21 16:53:37,058 INFO     ___FILE_ONLY___ 
    "is_hidden": false,
2023-02-21 16:53:37,058 INFO     ___FILE_ONLY___ 
    "latest_version_string": "1.14.1-rc.3",
2023-02-21 16:53:37,058 INFO     ___FILE_ONLY___ 
    "name": "Nomos CLI",
2023-02-21 16:53:37,058 INFO     ___FILE_ONLY___ 
    "platform": {
2023-02-21 16:53:37,058 INFO     ___FILE_ONLY___ 
      "architecture": {
2023-02-21 16:53:37,058 INFO     ___FILE_ONLY___ 
        "file_name": "x86_64",
2023-02-21 16:53:37,058 INFO     ___FILE_ONLY___ 
        "id": "x86_64",
2023-02-21 16:53:37,058 INFO     ___FILE_ONLY___ 
        "name": "x86_64"
2023-02-21 16:53:37,058 INFO     ___FILE_ONLY___ 
      },
2023-02-21 16:53:37,058 INFO     ___FILE_ONLY___ 
      "operating_system": {
2023-02-21 16:53:37,058 INFO     ___FILE_ONLY___ 
        "file_name": "darwin",
2023-02-21 16:53:37,058 INFO     ___FILE_ONLY___ 
        "id": "MACOSX",
2023-02-21 16:53:37,058 INFO     ___FILE_ONLY___ 
        "name": "Mac OS X"
2023-02-21 16:53:37,058 INFO     ___FILE_ONLY___ 
      }
2023-02-21 16:53:37,058 INFO     ___FILE_ONLY___ 
    },
2023-02-21 16:53:37,059 INFO     ___FILE_ONLY___ 
    "platform_required": false,
2023-02-21 16:53:37,059 INFO     ___FILE_ONLY___ 
    "size": 25793475,
2023-02-21 16:53:37,059 INFO     ___FILE_ONLY___ 
    "state": {
2023-02-21 16:53:37,059 INFO     ___FILE_ONLY___ 
      "name": "Not Installed"
2023-02-21 16:53:37,059 INFO     ___FILE_ONLY___ 
    }
2023-02-21 16:53:37,059 INFO     ___FILE_ONLY___ 
  }
2023-02-21 16:53:37,059 INFO     ___FILE_ONLY___ ,
  {
2023-02-21 16:53:37,059 INFO     ___FILE_ONLY___ 
    "current_version_string": null,
2023-02-21 16:53:37,059 INFO     ___FILE_ONLY___ 
    "id": "local-extract",
2023-02-21 16:53:37,059 INFO     ___FILE_ONLY___ 
    "is_configuration": false,
2023-02-21 16:53:37,059 INFO     ___FILE_ONLY___ 
    "is_hidden": false,
2023-02-21 16:53:37,059 INFO     ___FILE_ONLY___ 
    "latest_version_string": "1.5.7",
2023-02-21 16:53:37,059 INFO     ___FILE_ONLY___ 
    "name": "On-Demand Scanning API extraction helper",
2023-02-21 16:53:37,059 INFO     ___FILE_ONLY___ 
    "platform": {
2023-02-21 16:53:37,059 INFO     ___FILE_ONLY___ 
      "architecture": {
2023-02-21 16:53:37,059 INFO     ___FILE_ONLY___ 
        "file_name": "arm",
2023-02-21 16:53:37,059 INFO     ___FILE_ONLY___ 
        "id": "arm",
2023-02-21 16:53:37,059 INFO     ___FILE_ONLY___ 
        "name": "arm"
2023-02-21 16:53:37,059 INFO     ___FILE_ONLY___ 
      },
2023-02-21 16:53:37,059 INFO     ___FILE_ONLY___ 
      "operating_system": {
2023-02-21 16:53:37,059 INFO     ___FILE_ONLY___ 
        "file_name": "darwin",
2023-02-21 16:53:37,059 INFO     ___FILE_ONLY___ 
        "id": "MACOSX",
2023-02-21 16:53:37,059 INFO     ___FILE_ONLY___ 
        "name": "Mac OS X"
2023-02-21 16:53:37,059 INFO     ___FILE_ONLY___ 
      }
2023-02-21 16:53:37,059 INFO     ___FILE_ONLY___ 
    },
2023-02-21 16:53:37,059 INFO     ___FILE_ONLY___ 
    "platform_required": false,
2023-02-21 16:53:37,059 INFO     ___FILE_ONLY___ 
    "size": 12437107,
2023-02-21 16:53:37,060 INFO     ___FILE_ONLY___ 
    "state": {
2023-02-21 16:53:37,060 INFO     ___FILE_ONLY___ 
      "name": "Not Installed"
2023-02-21 16:53:37,060 INFO     ___FILE_ONLY___ 
    }
2023-02-21 16:53:37,060 INFO     ___FILE_ONLY___ 
  }
2023-02-21 16:53:37,060 INFO     ___FILE_ONLY___ ,
  {
2023-02-21 16:53:37,060 INFO     ___FILE_ONLY___ 
    "current_version_string": null,
2023-02-21 16:53:37,060 INFO     ___FILE_ONLY___ 
    "id": "terraform-tools",
2023-02-21 16:53:37,060 INFO     ___FILE_ONLY___ 
    "is_configuration": false,
2023-02-21 16:53:37,060 INFO     ___FILE_ONLY___ 
    "is_hidden": false,
2023-02-21 16:53:37,060 INFO     ___FILE_ONLY___ 
    "latest_version_string": "0.10.0",
2023-02-21 16:53:37,060 INFO     ___FILE_ONLY___ 
    "name": "Terraform Tools",
2023-02-21 16:53:37,060 INFO     ___FILE_ONLY___ 
    "platform": {
2023-02-21 16:53:37,060 INFO     ___FILE_ONLY___ 
      "architecture": {
2023-02-21 16:53:37,060 INFO     ___FILE_ONLY___ 
        "file_name": "arm",
2023-02-21 16:53:37,060 INFO     ___FILE_ONLY___ 
        "id": "arm",
2023-02-21 16:53:37,060 INFO     ___FILE_ONLY___ 
        "name": "arm"
2023-02-21 16:53:37,060 INFO     ___FILE_ONLY___ 
      },
2023-02-21 16:53:37,060 INFO     ___FILE_ONLY___ 
      "operating_system": {
2023-02-21 16:53:37,060 INFO     ___FILE_ONLY___ 
        "file_name": "darwin",
2023-02-21 16:53:37,060 INFO     ___FILE_ONLY___ 
        "id": "MACOSX",
2023-02-21 16:53:37,060 INFO     ___FILE_ONLY___ 
        "name": "Mac OS X"
2023-02-21 16:53:37,060 INFO     ___FILE_ONLY___ 
      }
2023-02-21 16:53:37,060 INFO     ___FILE_ONLY___ 
    },
2023-02-21 16:53:37,060 INFO     ___FILE_ONLY___ 
    "platform_required": false,
2023-02-21 16:53:37,060 INFO     ___FILE_ONLY___ 
    "size": 62523112,
2023-02-21 16:53:37,060 INFO     ___FILE_ONLY___ 
    "state": {
2023-02-21 16:53:37,061 INFO     ___FILE_ONLY___ 
      "name": "Not Installed"
2023-02-21 16:53:37,061 INFO     ___FILE_ONLY___ 
    }
2023-02-21 16:53:37,061 INFO     ___FILE_ONLY___ 
  }
2023-02-21 16:53:37,061 INFO     ___FILE_ONLY___ ,
  {
2023-02-21 16:53:37,061 INFO     ___FILE_ONLY___ 
    "current_version_string": null,
2023-02-21 16:53:37,061 INFO     ___FILE_ONLY___ 
    "id": "anthos-auth",
2023-02-21 16:53:37,061 INFO     ___FILE_ONLY___ 
    "is_configuration": false,
2023-02-21 16:53:37,061 INFO     ___FILE_ONLY___ 
    "is_hidden": false,
2023-02-21 16:53:37,061 INFO     ___FILE_ONLY___ 
    "latest_version_string": "1.4.4",
2023-02-21 16:53:37,061 INFO     ___FILE_ONLY___ 
    "name": "anthos-auth",
2023-02-21 16:53:37,061 INFO     ___FILE_ONLY___ 
    "platform": {
2023-02-21 16:53:37,061 INFO     ___FILE_ONLY___ 
      "architecture": {
2023-02-21 16:53:37,061 INFO     ___FILE_ONLY___ 
        "file_name": "arm",
2023-02-21 16:53:37,061 INFO     ___FILE_ONLY___ 
        "id": "arm",
2023-02-21 16:53:37,061 INFO     ___FILE_ONLY___ 
        "name": "arm"
2023-02-21 16:53:37,061 INFO     ___FILE_ONLY___ 
      },
2023-02-21 16:53:37,061 INFO     ___FILE_ONLY___ 
      "operating_system": {
2023-02-21 16:53:37,061 INFO     ___FILE_ONLY___ 
        "file_name": "darwin",
2023-02-21 16:53:37,061 INFO     ___FILE_ONLY___ 
        "id": "MACOSX",
2023-02-21 16:53:37,061 INFO     ___FILE_ONLY___ 
        "name": "Mac OS X"
2023-02-21 16:53:37,061 INFO     ___FILE_ONLY___ 
      }
2023-02-21 16:53:37,061 INFO     ___FILE_ONLY___ 
    },
2023-02-21 16:53:37,061 INFO     ___FILE_ONLY___ 
    "platform_required": false,
2023-02-21 16:53:37,061 INFO     ___FILE_ONLY___ 
    "size": 20108065,
2023-02-21 16:53:37,061 INFO     ___FILE_ONLY___ 
    "state": {
2023-02-21 16:53:37,061 INFO     ___FILE_ONLY___ 
      "name": "Not Installed"
2023-02-21 16:53:37,062 INFO     ___FILE_ONLY___ 
    }
2023-02-21 16:53:37,062 INFO     ___FILE_ONLY___ 
  }
2023-02-21 16:53:37,062 INFO     ___FILE_ONLY___ ,
  {
2023-02-21 16:53:37,062 INFO     ___FILE_ONLY___ 
    "current_version_string": null,
2023-02-21 16:53:37,062 INFO     ___FILE_ONLY___ 
    "id": "config-connector",
2023-02-21 16:53:37,062 INFO     ___FILE_ONLY___ 
    "is_configuration": false,
2023-02-21 16:53:37,062 INFO     ___FILE_ONLY___ 
    "is_hidden": false,
2023-02-21 16:53:37,062 INFO     ___FILE_ONLY___ 
    "latest_version_string": "1.93.0",
2023-02-21 16:53:37,062 INFO     ___FILE_ONLY___ 
    "name": "config-connector",
2023-02-21 16:53:37,062 INFO     ___FILE_ONLY___ 
    "platform": {
2023-02-21 16:53:37,062 INFO     ___FILE_ONLY___ 
      "architecture": {
2023-02-21 16:53:37,062 INFO     ___FILE_ONLY___ 
        "file_name": "arm",
2023-02-21 16:53:37,062 INFO     ___FILE_ONLY___ 
        "id": "arm",
2023-02-21 16:53:37,062 INFO     ___FILE_ONLY___ 
        "name": "arm"
2023-02-21 16:53:37,062 INFO     ___FILE_ONLY___ 
      },
2023-02-21 16:53:37,062 INFO     ___FILE_ONLY___ 
      "operating_system": {
2023-02-21 16:53:37,062 INFO     ___FILE_ONLY___ 
        "file_name": "darwin",
2023-02-21 16:53:37,062 INFO     ___FILE_ONLY___ 
        "id": "MACOSX",
2023-02-21 16:53:37,062 INFO     ___FILE_ONLY___ 
        "name": "Mac OS X"
2023-02-21 16:53:37,062 INFO     ___FILE_ONLY___ 
      }
2023-02-21 16:53:37,062 INFO     ___FILE_ONLY___ 
    },
2023-02-21 16:53:37,062 INFO     ___FILE_ONLY___ 
    "platform_required": false,
2023-02-21 16:53:37,062 INFO     ___FILE_ONLY___ 
    "size": 58308273,
2023-02-21 16:53:37,062 INFO     ___FILE_ONLY___ 
    "state": {
2023-02-21 16:53:37,062 INFO     ___FILE_ONLY___ 
      "name": "Not Installed"
2023-02-21 16:53:37,062 INFO     ___FILE_ONLY___ 
    }
2023-02-21 16:53:37,062 INFO     ___FILE_ONLY___ 
  }
2023-02-21 16:53:37,063 INFO     ___FILE_ONLY___ ,
  {
2023-02-21 16:53:37,063 INFO     ___FILE_ONLY___ 
    "current_version_string": null,
2023-02-21 16:53:37,063 INFO     ___FILE_ONLY___ 
    "id": "enterprise-certificate-proxy",
2023-02-21 16:53:37,063 INFO     ___FILE_ONLY___ 
    "is_configuration": false,
2023-02-21 16:53:37,063 INFO     ___FILE_ONLY___ 
    "is_hidden": false,
2023-02-21 16:53:37,063 INFO     ___FILE_ONLY___ 
    "latest_version_string": "0.2.1",
2023-02-21 16:53:37,063 INFO     ___FILE_ONLY___ 
    "name": "enterprise-certificate-proxy",
2023-02-21 16:53:37,063 INFO     ___FILE_ONLY___ 
    "platform": {
2023-02-21 16:53:37,063 INFO     ___FILE_ONLY___ 
      "architecture": {
2023-02-21 16:53:37,063 INFO     ___FILE_ONLY___ 
        "file_name": "arm",
2023-02-21 16:53:37,063 INFO     ___FILE_ONLY___ 
        "id": "arm",
2023-02-21 16:53:37,063 INFO     ___FILE_ONLY___ 
        "name": "arm"
2023-02-21 16:53:37,063 INFO     ___FILE_ONLY___ 
      },
2023-02-21 16:53:37,063 INFO     ___FILE_ONLY___ 
      "operating_system": {
2023-02-21 16:53:37,063 INFO     ___FILE_ONLY___ 
        "file_name": "darwin",
2023-02-21 16:53:37,063 INFO     ___FILE_ONLY___ 
        "id": "MACOSX",
2023-02-21 16:53:37,063 INFO     ___FILE_ONLY___ 
        "name": "Mac OS X"
2023-02-21 16:53:37,063 INFO     ___FILE_ONLY___ 
      }
2023-02-21 16:53:37,063 INFO     ___FILE_ONLY___ 
    },
2023-02-21 16:53:37,063 INFO     ___FILE_ONLY___ 
    "platform_required": false,
2023-02-21 16:53:37,063 INFO     ___FILE_ONLY___ 
    "size": 6395980,
2023-02-21 16:53:37,063 INFO     ___FILE_ONLY___ 
    "state": {
2023-02-21 16:53:37,063 INFO     ___FILE_ONLY___ 
      "name": "Not Installed"
2023-02-21 16:53:37,064 INFO     ___FILE_ONLY___ 
    }
2023-02-21 16:53:37,064 INFO     ___FILE_ONLY___ 
  }
2023-02-21 16:53:37,064 INFO     ___FILE_ONLY___ ,
  {
2023-02-21 16:53:37,064 INFO     ___FILE_ONLY___ 
    "current_version_string": null,
2023-02-21 16:53:37,064 INFO     ___FILE_ONLY___ 
    "id": "app-engine-java",
2023-02-21 16:53:37,064 INFO     ___FILE_ONLY___ 
    "is_configuration": false,
2023-02-21 16:53:37,064 INFO     ___FILE_ONLY___ 
    "is_hidden": false,
2023-02-21 16:53:37,064 INFO     ___FILE_ONLY___ 
    "latest_version_string": "2.0.10",
2023-02-21 16:53:37,064 INFO     ___FILE_ONLY___ 
    "name": "gcloud app Java Extensions",
2023-02-21 16:53:37,064 INFO     ___FILE_ONLY___ 
    "platform": {
2023-02-21 16:53:37,064 INFO     ___FILE_ONLY___ 
      "architecture": {
2023-02-21 16:53:37,064 INFO     ___FILE_ONLY___ 
        "file_name": "arm",
2023-02-21 16:53:37,064 INFO     ___FILE_ONLY___ 
        "id": "arm",
2023-02-21 16:53:37,064 INFO     ___FILE_ONLY___ 
        "name": "arm"
2023-02-21 16:53:37,064 INFO     ___FILE_ONLY___ 
      },
2023-02-21 16:53:37,064 INFO     ___FILE_ONLY___ 
      "operating_system": {
2023-02-21 16:53:37,064 INFO     ___FILE_ONLY___ 
        "file_name": "darwin",
2023-02-21 16:53:37,064 INFO     ___FILE_ONLY___ 
        "id": "MACOSX",
2023-02-21 16:53:37,064 INFO     ___FILE_ONLY___ 
        "name": "Mac OS X"
2023-02-21 16:53:37,064 INFO     ___FILE_ONLY___ 
      }
2023-02-21 16:53:37,064 INFO     ___FILE_ONLY___ 
    },
2023-02-21 16:53:37,064 INFO     ___FILE_ONLY___ 
    "platform_required": false,
2023-02-21 16:53:37,064 INFO     ___FILE_ONLY___ 
    "size": 67002407,
2023-02-21 16:53:37,064 INFO     ___FILE_ONLY___ 
    "state": {
2023-02-21 16:53:37,064 INFO     ___FILE_ONLY___ 
      "name": "Not Installed"
2023-02-21 16:53:37,064 INFO     ___FILE_ONLY___ 
    }
2023-02-21 16:53:37,064 INFO     ___FILE_ONLY___ 
  }
2023-02-21 16:53:37,065 INFO     ___FILE_ONLY___ ,
  {
2023-02-21 16:53:37,065 INFO     ___FILE_ONLY___ 
    "current_version_string": null,
2023-02-21 16:53:37,065 INFO     ___FILE_ONLY___ 
    "id": "app-engine-php",
2023-02-21 16:53:37,065 INFO     ___FILE_ONLY___ 
    "is_configuration": false,
2023-02-21 16:53:37,065 INFO     ___FILE_ONLY___ 
    "is_hidden": false,
2023-02-21 16:53:37,065 INFO     ___FILE_ONLY___ 
    "latest_version_string": "",
2023-02-21 16:53:37,065 INFO     ___FILE_ONLY___ 
    "name": "gcloud app PHP Extensions",
2023-02-21 16:53:37,065 INFO     ___FILE_ONLY___ 
    "platform": {
2023-02-21 16:53:37,065 INFO     ___FILE_ONLY___ 
      "architecture": {
2023-02-21 16:53:37,065 INFO     ___FILE_ONLY___ 
        "file_name": "arm",
2023-02-21 16:53:37,065 INFO     ___FILE_ONLY___ 
        "id": "arm",
2023-02-21 16:53:37,065 INFO     ___FILE_ONLY___ 
        "name": "arm"
2023-02-21 16:53:37,065 INFO     ___FILE_ONLY___ 
      },
2023-02-21 16:53:37,065 INFO     ___FILE_ONLY___ 
      "operating_system": {
2023-02-21 16:53:37,065 INFO     ___FILE_ONLY___ 
        "file_name": "darwin",
2023-02-21 16:53:37,065 INFO     ___FILE_ONLY___ 
        "id": "MACOSX",
2023-02-21 16:53:37,065 INFO     ___FILE_ONLY___ 
        "name": "Mac OS X"
2023-02-21 16:53:37,065 INFO     ___FILE_ONLY___ 
      }
2023-02-21 16:53:37,065 INFO     ___FILE_ONLY___ 
    },
2023-02-21 16:53:37,065 INFO     ___FILE_ONLY___ 
    "platform_required": false,
2023-02-21 16:53:37,065 INFO     ___FILE_ONLY___ 
    "size": 22985548,
2023-02-21 16:53:37,065 INFO     ___FILE_ONLY___ 
    "state": {
2023-02-21 16:53:37,065 INFO     ___FILE_ONLY___ 
      "name": "Not Installed"
2023-02-21 16:53:37,065 INFO     ___FILE_ONLY___ 
    }
2023-02-21 16:53:37,065 INFO     ___FILE_ONLY___ 
  }
2023-02-21 16:53:37,066 INFO     ___FILE_ONLY___ ,
  {
2023-02-21 16:53:37,066 INFO     ___FILE_ONLY___ 
    "current_version_string": null,
2023-02-21 16:53:37,066 INFO     ___FILE_ONLY___ 
    "id": "app-engine-python",
2023-02-21 16:53:37,066 INFO     ___FILE_ONLY___ 
    "is_configuration": false,
2023-02-21 16:53:37,066 INFO     ___FILE_ONLY___ 
    "is_hidden": false,
2023-02-21 16:53:37,066 INFO     ___FILE_ONLY___ 
    "latest_version_string": "1.9.101",
2023-02-21 16:53:37,066 INFO     ___FILE_ONLY___ 
    "name": "gcloud app Python Extensions",
2023-02-21 16:53:37,066 INFO     ___FILE_ONLY___ 
    "platform": {
2023-02-21 16:53:37,066 INFO     ___FILE_ONLY___ 
      "architecture": {
2023-02-21 16:53:37,066 INFO     ___FILE_ONLY___ 
        "file_name": "arm",
2023-02-21 16:53:37,066 INFO     ___FILE_ONLY___ 
        "id": "arm",
2023-02-21 16:53:37,066 INFO     ___FILE_ONLY___ 
        "name": "arm"
2023-02-21 16:53:37,066 INFO     ___FILE_ONLY___ 
      },
2023-02-21 16:53:37,066 INFO     ___FILE_ONLY___ 
      "operating_system": {
2023-02-21 16:53:37,066 INFO     ___FILE_ONLY___ 
        "file_name": "darwin",
2023-02-21 16:53:37,066 INFO     ___FILE_ONLY___ 
        "id": "MACOSX",
2023-02-21 16:53:37,066 INFO     ___FILE_ONLY___ 
        "name": "Mac OS X"
2023-02-21 16:53:37,066 INFO     ___FILE_ONLY___ 
      }
2023-02-21 16:53:37,066 INFO     ___FILE_ONLY___ 
    },
2023-02-21 16:53:37,066 INFO     ___FILE_ONLY___ 
    "platform_required": false,
2023-02-21 16:53:37,066 INFO     ___FILE_ONLY___ 
    "size": 9044876,
2023-02-21 16:53:37,066 INFO     ___FILE_ONLY___ 
    "state": {
2023-02-21 16:53:37,066 INFO     ___FILE_ONLY___ 
      "name": "Not Installed"
2023-02-21 16:53:37,066 INFO     ___FILE_ONLY___ 
    }
2023-02-21 16:53:37,066 INFO     ___FILE_ONLY___ 
  }
2023-02-21 16:53:37,067 INFO     ___FILE_ONLY___ ,
  {
2023-02-21 16:53:37,067 INFO     ___FILE_ONLY___ 
    "current_version_string": null,
2023-02-21 16:53:37,067 INFO     ___FILE_ONLY___ 
    "id": "app-engine-python-extras",
2023-02-21 16:53:37,067 INFO     ___FILE_ONLY___ 
    "is_configuration": false,
2023-02-21 16:53:37,067 INFO     ___FILE_ONLY___ 
    "is_hidden": false,
2023-02-21 16:53:37,067 INFO     ___FILE_ONLY___ 
    "latest_version_string": "1.9.96",
2023-02-21 16:53:37,067 INFO     ___FILE_ONLY___ 
    "name": "gcloud app Python Extensions (Extra Libraries)",
2023-02-21 16:53:37,067 INFO     ___FILE_ONLY___ 
    "platform": {
2023-02-21 16:53:37,067 INFO     ___FILE_ONLY___ 
      "architecture": {
2023-02-21 16:53:37,067 INFO     ___FILE_ONLY___ 
        "file_name": "arm",
2023-02-21 16:53:37,067 INFO     ___FILE_ONLY___ 
        "id": "arm",
2023-02-21 16:53:37,067 INFO     ___FILE_ONLY___ 
        "name": "arm"
2023-02-21 16:53:37,067 INFO     ___FILE_ONLY___ 
      },
2023-02-21 16:53:37,067 INFO     ___FILE_ONLY___ 
      "operating_system": {
2023-02-21 16:53:37,067 INFO     ___FILE_ONLY___ 
        "file_name": "darwin",
2023-02-21 16:53:37,067 INFO     ___FILE_ONLY___ 
        "id": "MACOSX",
2023-02-21 16:53:37,067 INFO     ___FILE_ONLY___ 
        "name": "Mac OS X"
2023-02-21 16:53:37,067 INFO     ___FILE_ONLY___ 
      }
2023-02-21 16:53:37,067 INFO     ___FILE_ONLY___ 
    },
2023-02-21 16:53:37,067 INFO     ___FILE_ONLY___ 
    "platform_required": false,
2023-02-21 16:53:37,067 INFO     ___FILE_ONLY___ 
    "size": 27709995,
2023-02-21 16:53:37,067 INFO     ___FILE_ONLY___ 
    "state": {
2023-02-21 16:53:37,067 INFO     ___FILE_ONLY___ 
      "name": "Not Installed"
2023-02-21 16:53:37,067 INFO     ___FILE_ONLY___ 
    }
2023-02-21 16:53:37,067 INFO     ___FILE_ONLY___ 
  }
2023-02-21 16:53:37,068 INFO     ___FILE_ONLY___ ,
  {
2023-02-21 16:53:37,068 INFO     ___FILE_ONLY___ 
    "current_version_string": null,
2023-02-21 16:53:37,068 INFO     ___FILE_ONLY___ 
    "id": "kpt",
2023-02-21 16:53:37,068 INFO     ___FILE_ONLY___ 
    "is_configuration": false,
2023-02-21 16:53:37,068 INFO     ___FILE_ONLY___ 
    "is_hidden": false,
2023-02-21 16:53:37,068 INFO     ___FILE_ONLY___ 
    "latest_version_string": "1.0.0-beta.24",
2023-02-21 16:53:37,068 INFO     ___FILE_ONLY___ 
    "name": "kpt",
2023-02-21 16:53:37,068 INFO     ___FILE_ONLY___ 
    "platform": {
2023-02-21 16:53:37,068 INFO     ___FILE_ONLY___ 
      "architecture": {
2023-02-21 16:53:37,068 INFO     ___FILE_ONLY___ 
        "file_name": "arm",
2023-02-21 16:53:37,068 INFO     ___FILE_ONLY___ 
        "id": "arm",
2023-02-21 16:53:37,068 INFO     ___FILE_ONLY___ 
        "name": "arm"
2023-02-21 16:53:37,068 INFO     ___FILE_ONLY___ 
      },
2023-02-21 16:53:37,068 INFO     ___FILE_ONLY___ 
      "operating_system": {
2023-02-21 16:53:37,068 INFO     ___FILE_ONLY___ 
        "file_name": "darwin",
2023-02-21 16:53:37,068 INFO     ___FILE_ONLY___ 
        "id": "MACOSX",
2023-02-21 16:53:37,068 INFO     ___FILE_ONLY___ 
        "name": "Mac OS X"
2023-02-21 16:53:37,068 INFO     ___FILE_ONLY___ 
      }
2023-02-21 16:53:37,068 INFO     ___FILE_ONLY___ 
    },
2023-02-21 16:53:37,068 INFO     ___FILE_ONLY___ 
    "platform_required": false,
2023-02-21 16:53:37,068 INFO     ___FILE_ONLY___ 
    "size": 21440922,
2023-02-21 16:53:37,068 INFO     ___FILE_ONLY___ 
    "state": {
2023-02-21 16:53:37,068 INFO     ___FILE_ONLY___ 
      "name": "Not Installed"
2023-02-21 16:53:37,068 INFO     ___FILE_ONLY___ 
    }
2023-02-21 16:53:37,068 INFO     ___FILE_ONLY___ 
  }
2023-02-21 16:53:37,068 INFO     ___FILE_ONLY___ ,
  {
2023-02-21 16:53:37,068 INFO     ___FILE_ONLY___ 
    "current_version_string": null,
2023-02-21 16:53:37,069 INFO     ___FILE_ONLY___ 
    "id": "kubectl-oidc",
2023-02-21 16:53:37,069 INFO     ___FILE_ONLY___ 
    "is_configuration": false,
2023-02-21 16:53:37,069 INFO     ___FILE_ONLY___ 
    "is_hidden": false,
2023-02-21 16:53:37,069 INFO     ___FILE_ONLY___ 
    "latest_version_string": "1.4.4",
2023-02-21 16:53:37,069 INFO     ___FILE_ONLY___ 
    "name": "kubectl-oidc",
2023-02-21 16:53:37,069 INFO     ___FILE_ONLY___ 
    "platform": {
2023-02-21 16:53:37,069 INFO     ___FILE_ONLY___ 
      "architecture": {
2023-02-21 16:53:37,069 INFO     ___FILE_ONLY___ 
        "file_name": "arm",
2023-02-21 16:53:37,069 INFO     ___FILE_ONLY___ 
        "id": "arm",
2023-02-21 16:53:37,069 INFO     ___FILE_ONLY___ 
        "name": "arm"
2023-02-21 16:53:37,069 INFO     ___FILE_ONLY___ 
      },
2023-02-21 16:53:37,069 INFO     ___FILE_ONLY___ 
      "operating_system": {
2023-02-21 16:53:37,069 INFO     ___FILE_ONLY___ 
        "file_name": "darwin",
2023-02-21 16:53:37,069 INFO     ___FILE_ONLY___ 
        "id": "MACOSX",
2023-02-21 16:53:37,069 INFO     ___FILE_ONLY___ 
        "name": "Mac OS X"
2023-02-21 16:53:37,069 INFO     ___FILE_ONLY___ 
      }
2023-02-21 16:53:37,069 INFO     ___FILE_ONLY___ 
    },
2023-02-21 16:53:37,069 INFO     ___FILE_ONLY___ 
    "platform_required": false,
2023-02-21 16:53:37,069 INFO     ___FILE_ONLY___ 
    "size": 20108100,
2023-02-21 16:53:37,069 INFO     ___FILE_ONLY___ 
    "state": {
2023-02-21 16:53:37,069 INFO     ___FILE_ONLY___ 
      "name": "Not Installed"
2023-02-21 16:53:37,069 INFO     ___FILE_ONLY___ 
    }
2023-02-21 16:53:37,069 INFO     ___FILE_ONLY___ 
  }
2023-02-21 16:53:37,069 INFO     ___FILE_ONLY___ ,
  {
2023-02-21 16:53:37,069 INFO     ___FILE_ONLY___ 
    "current_version_string": null,
2023-02-21 16:53:37,069 INFO     ___FILE_ONLY___ 
    "id": "pkg",
2023-02-21 16:53:37,069 INFO     ___FILE_ONLY___ 
    "is_configuration": false,
2023-02-21 16:53:37,070 INFO     ___FILE_ONLY___ 
    "is_hidden": false,
2023-02-21 16:53:37,070 INFO     ___FILE_ONLY___ 
    "latest_version_string": "",
2023-02-21 16:53:37,070 INFO     ___FILE_ONLY___ 
    "name": "pkg",
2023-02-21 16:53:37,070 INFO     ___FILE_ONLY___ 
    "platform": {
2023-02-21 16:53:37,070 INFO     ___FILE_ONLY___ 
      "architecture": {
2023-02-21 16:53:37,070 INFO     ___FILE_ONLY___ 
        "file_name": "arm",
2023-02-21 16:53:37,070 INFO     ___FILE_ONLY___ 
        "id": "arm",
2023-02-21 16:53:37,070 INFO     ___FILE_ONLY___ 
        "name": "arm"
2023-02-21 16:53:37,070 INFO     ___FILE_ONLY___ 
      },
2023-02-21 16:53:37,070 INFO     ___FILE_ONLY___ 
      "operating_system": {
2023-02-21 16:53:37,070 INFO     ___FILE_ONLY___ 
        "file_name": "darwin",
2023-02-21 16:53:37,070 INFO     ___FILE_ONLY___ 
        "id": "MACOSX",
2023-02-21 16:53:37,070 INFO     ___FILE_ONLY___ 
        "name": "Mac OS X"
2023-02-21 16:53:37,070 INFO     ___FILE_ONLY___ 
      }
2023-02-21 16:53:37,070 INFO     ___FILE_ONLY___ 
    },
2023-02-21 16:53:37,070 INFO     ___FILE_ONLY___ 
    "platform_required": false,
2023-02-21 16:53:37,070 INFO     ___FILE_ONLY___ 
    "size": 0,
2023-02-21 16:53:37,070 INFO     ___FILE_ONLY___ 
    "state": {
2023-02-21 16:53:37,070 INFO     ___FILE_ONLY___ 
      "name": "Not Installed"
2023-02-21 16:53:37,070 INFO     ___FILE_ONLY___ 
    }
2023-02-21 16:53:37,070 INFO     ___FILE_ONLY___ 
  }
2023-02-21 16:53:37,070 INFO     ___FILE_ONLY___ ,
  {
2023-02-21 16:53:37,070 INFO     ___FILE_ONLY___ 
    "current_version_string": "2.0.85",
2023-02-21 16:53:37,070 INFO     ___FILE_ONLY___ 
    "id": "bq",
2023-02-21 16:53:37,070 INFO     ___FILE_ONLY___ 
    "is_configuration": false,
2023-02-21 16:53:37,070 INFO     ___FILE_ONLY___ 
    "is_hidden": false,
2023-02-21 16:53:37,070 INFO     ___FILE_ONLY___ 
    "latest_version_string": "2.0.85",
2023-02-21 16:53:37,071 INFO     ___FILE_ONLY___ 
    "name": "BigQuery Command Line Tool",
2023-02-21 16:53:37,071 INFO     ___FILE_ONLY___ 
    "platform": {
2023-02-21 16:53:37,071 INFO     ___FILE_ONLY___ 
      "architecture": {
2023-02-21 16:53:37,071 INFO     ___FILE_ONLY___ 
        "file_name": "arm",
2023-02-21 16:53:37,071 INFO     ___FILE_ONLY___ 
        "id": "arm",
2023-02-21 16:53:37,071 INFO     ___FILE_ONLY___ 
        "name": "arm"
2023-02-21 16:53:37,071 INFO     ___FILE_ONLY___ 
      },
2023-02-21 16:53:37,071 INFO     ___FILE_ONLY___ 
      "operating_system": {
2023-02-21 16:53:37,071 INFO     ___FILE_ONLY___ 
        "file_name": "darwin",
2023-02-21 16:53:37,071 INFO     ___FILE_ONLY___ 
        "id": "MACOSX",
2023-02-21 16:53:37,071 INFO     ___FILE_ONLY___ 
        "name": "Mac OS X"
2023-02-21 16:53:37,071 INFO     ___FILE_ONLY___ 
      }
2023-02-21 16:53:37,071 INFO     ___FILE_ONLY___ 
    },
2023-02-21 16:53:37,071 INFO     ___FILE_ONLY___ 
    "platform_required": false,
2023-02-21 16:53:37,071 INFO     ___FILE_ONLY___ 
    "size": 1698542,
2023-02-21 16:53:37,071 INFO     ___FILE_ONLY___ 
    "state": {
2023-02-21 16:53:37,071 INFO     ___FILE_ONLY___ 
      "name": "Installed"
2023-02-21 16:53:37,071 INFO     ___FILE_ONLY___ 
    }
2023-02-21 16:53:37,071 INFO     ___FILE_ONLY___ 
  }
2023-02-21 16:53:37,071 INFO     ___FILE_ONLY___ ,
  {
2023-02-21 16:53:37,071 INFO     ___FILE_ONLY___ 
    "current_version_string": "5.20",
2023-02-21 16:53:37,071 INFO     ___FILE_ONLY___ 
    "id": "gsutil",
2023-02-21 16:53:37,071 INFO     ___FILE_ONLY___ 
    "is_configuration": false,
2023-02-21 16:53:37,071 INFO     ___FILE_ONLY___ 
    "is_hidden": false,
2023-02-21 16:53:37,071 INFO     ___FILE_ONLY___ 
    "latest_version_string": "5.20",
2023-02-21 16:53:37,071 INFO     ___FILE_ONLY___ 
    "name": "Cloud Storage Command Line Tool",
2023-02-21 16:53:37,071 INFO     ___FILE_ONLY___ 
    "platform": {
2023-02-21 16:53:37,072 INFO     ___FILE_ONLY___ 
      "architecture": {
2023-02-21 16:53:37,072 INFO     ___FILE_ONLY___ 
        "file_name": "arm",
2023-02-21 16:53:37,072 INFO     ___FILE_ONLY___ 
        "id": "arm",
2023-02-21 16:53:37,072 INFO     ___FILE_ONLY___ 
        "name": "arm"
2023-02-21 16:53:37,072 INFO     ___FILE_ONLY___ 
      },
2023-02-21 16:53:37,072 INFO     ___FILE_ONLY___ 
      "operating_system": {
2023-02-21 16:53:37,072 INFO     ___FILE_ONLY___ 
        "file_name": "darwin",
2023-02-21 16:53:37,072 INFO     ___FILE_ONLY___ 
        "id": "MACOSX",
2023-02-21 16:53:37,072 INFO     ___FILE_ONLY___ 
        "name": "Mac OS X"
2023-02-21 16:53:37,072 INFO     ___FILE_ONLY___ 
      }
2023-02-21 16:53:37,072 INFO     ___FILE_ONLY___ 
    },
2023-02-21 16:53:37,072 INFO     ___FILE_ONLY___ 
    "platform_required": false,
2023-02-21 16:53:37,072 INFO     ___FILE_ONLY___ 
    "size": 16314481,
2023-02-21 16:53:37,072 INFO     ___FILE_ONLY___ 
    "state": {
2023-02-21 16:53:37,072 INFO     ___FILE_ONLY___ 
      "name": "Installed"
2023-02-21 16:53:37,072 INFO     ___FILE_ONLY___ 
    }
2023-02-21 16:53:37,072 INFO     ___FILE_ONLY___ 
  }
2023-02-21 16:53:37,072 INFO     ___FILE_ONLY___ ,
  {
2023-02-21 16:53:37,072 INFO     ___FILE_ONLY___ 
    "current_version_string": "2023.02.13",
2023-02-21 16:53:37,072 INFO     ___FILE_ONLY___ 
    "id": "core",
2023-02-21 16:53:37,072 INFO     ___FILE_ONLY___ 
    "is_configuration": false,
2023-02-21 16:53:37,072 INFO     ___FILE_ONLY___ 
    "is_hidden": false,
2023-02-21 16:53:37,072 INFO     ___FILE_ONLY___ 
    "latest_version_string": "2023.02.13",
2023-02-21 16:53:37,072 INFO     ___FILE_ONLY___ 
    "name": "Google Cloud CLI Core Libraries",
2023-02-21 16:53:37,072 INFO     ___FILE_ONLY___ 
    "platform": {
2023-02-21 16:53:37,072 INFO     ___FILE_ONLY___ 
      "architecture": {
2023-02-21 16:53:37,072 INFO     ___FILE_ONLY___ 
        "file_name": "arm",
2023-02-21 16:53:37,073 INFO     ___FILE_ONLY___ 
        "id": "arm",
2023-02-21 16:53:37,073 INFO     ___FILE_ONLY___ 
        "name": "arm"
2023-02-21 16:53:37,073 INFO     ___FILE_ONLY___ 
      },
2023-02-21 16:53:37,073 INFO     ___FILE_ONLY___ 
      "operating_system": {
2023-02-21 16:53:37,073 INFO     ___FILE_ONLY___ 
        "file_name": "darwin",
2023-02-21 16:53:37,073 INFO     ___FILE_ONLY___ 
        "id": "MACOSX",
2023-02-21 16:53:37,073 INFO     ___FILE_ONLY___ 
        "name": "Mac OS X"
2023-02-21 16:53:37,073 INFO     ___FILE_ONLY___ 
      }
2023-02-21 16:53:37,073 INFO     ___FILE_ONLY___ 
    },
2023-02-21 16:53:37,073 INFO     ___FILE_ONLY___ 
    "platform_required": false,
2023-02-21 16:53:37,073 INFO     ___FILE_ONLY___ 
    "size": 27726392,
2023-02-21 16:53:37,073 INFO     ___FILE_ONLY___ 
    "state": {
2023-02-21 16:53:37,073 INFO     ___FILE_ONLY___ 
      "name": "Installed"
2023-02-21 16:53:37,073 INFO     ___FILE_ONLY___ 
    }
2023-02-21 16:53:37,073 INFO     ___FILE_ONLY___ 
  }
2023-02-21 16:53:37,073 INFO     ___FILE_ONLY___ ,
  {
2023-02-21 16:53:37,073 INFO     ___FILE_ONLY___ 
    "current_version_string": "1.0.0",
2023-02-21 16:53:37,073 INFO     ___FILE_ONLY___ 
    "id": "gcloud-crc32c",
2023-02-21 16:53:37,073 INFO     ___FILE_ONLY___ 
    "is_configuration": false,
2023-02-21 16:53:37,073 INFO     ___FILE_ONLY___ 
    "is_hidden": false,
2023-02-21 16:53:37,073 INFO     ___FILE_ONLY___ 
    "latest_version_string": "1.0.0",
2023-02-21 16:53:37,073 INFO     ___FILE_ONLY___ 
    "name": "Google Cloud CRC32C Hash Tool",
2023-02-21 16:53:37,073 INFO     ___FILE_ONLY___ 
    "platform": {
2023-02-21 16:53:37,073 INFO     ___FILE_ONLY___ 
      "architecture": {
2023-02-21 16:53:37,073 INFO     ___FILE_ONLY___ 
        "file_name": "arm",
2023-02-21 16:53:37,073 INFO     ___FILE_ONLY___ 
        "id": "arm",
2023-02-21 16:53:37,074 INFO     ___FILE_ONLY___ 
        "name": "arm"
2023-02-21 16:53:37,074 INFO     ___FILE_ONLY___ 
      },
2023-02-21 16:53:37,074 INFO     ___FILE_ONLY___ 
      "operating_system": {
2023-02-21 16:53:37,074 INFO     ___FILE_ONLY___ 
        "file_name": "darwin",
2023-02-21 16:53:37,074 INFO     ___FILE_ONLY___ 
        "id": "MACOSX",
2023-02-21 16:53:37,074 INFO     ___FILE_ONLY___ 
        "name": "Mac OS X"
2023-02-21 16:53:37,074 INFO     ___FILE_ONLY___ 
      }
2023-02-21 16:53:37,074 INFO     ___FILE_ONLY___ 
    },
2023-02-21 16:53:37,074 INFO     ___FILE_ONLY___ 
    "platform_required": false,
2023-02-21 16:53:37,074 INFO     ___FILE_ONLY___ 
    "size": 1201853,
2023-02-21 16:53:37,074 INFO     ___FILE_ONLY___ 
    "state": {
2023-02-21 16:53:37,074 INFO     ___FILE_ONLY___ 
      "name": "Installed"
2023-02-21 16:53:37,074 INFO     ___FILE_ONLY___ 
    }
2023-02-21 16:53:37,074 INFO     ___FILE_ONLY___ 
  }
2023-02-21 16:53:37,074 INFO     ___FILE_ONLY___ ,
  {
2023-02-21 16:53:37,074 INFO     ___FILE_ONLY___ 
    "current_version_string": "1.29.0",
2023-02-21 16:53:37,074 INFO     ___FILE_ONLY___ 
    "id": "minikube",
2023-02-21 16:53:37,074 INFO     ___FILE_ONLY___ 
    "is_configuration": false,
2023-02-21 16:53:37,074 INFO     ___FILE_ONLY___ 
    "is_hidden": false,
2023-02-21 16:53:37,074 INFO     ___FILE_ONLY___ 
    "latest_version_string": "1.29.0",
2023-02-21 16:53:37,074 INFO     ___FILE_ONLY___ 
    "name": "Minikube",
2023-02-21 16:53:37,074 INFO     ___FILE_ONLY___ 
    "platform": {
2023-02-21 16:53:37,074 INFO     ___FILE_ONLY___ 
      "architecture": {
2023-02-21 16:53:37,074 INFO     ___FILE_ONLY___ 
        "file_name": "arm",
2023-02-21 16:53:37,074 INFO     ___FILE_ONLY___ 
        "id": "arm",
2023-02-21 16:53:37,074 INFO     ___FILE_ONLY___ 
        "name": "arm"
2023-02-21 16:53:37,074 INFO     ___FILE_ONLY___ 
      },
2023-02-21 16:53:37,075 INFO     ___FILE_ONLY___ 
      "operating_system": {
2023-02-21 16:53:37,075 INFO     ___FILE_ONLY___ 
        "file_name": "darwin",
2023-02-21 16:53:37,075 INFO     ___FILE_ONLY___ 
        "id": "MACOSX",
2023-02-21 16:53:37,075 INFO     ___FILE_ONLY___ 
        "name": "Mac OS X"
2023-02-21 16:53:37,075 INFO     ___FILE_ONLY___ 
      }
2023-02-21 16:53:37,075 INFO     ___FILE_ONLY___ 
    },
2023-02-21 16:53:37,075 INFO     ___FILE_ONLY___ 
    "platform_required": false,
2023-02-21 16:53:37,075 INFO     ___FILE_ONLY___ 
    "size": 32825665,
2023-02-21 16:53:37,075 INFO     ___FILE_ONLY___ 
    "state": {
2023-02-21 16:53:37,075 INFO     ___FILE_ONLY___ 
      "name": "Installed"
2023-02-21 16:53:37,075 INFO     ___FILE_ONLY___ 
    }
2023-02-21 16:53:37,075 INFO     ___FILE_ONLY___ 
  }
2023-02-21 16:53:37,075 INFO     ___FILE_ONLY___ ,
  {
2023-02-21 16:53:37,075 INFO     ___FILE_ONLY___ 
    "current_version_string": "2.1.0",
2023-02-21 16:53:37,075 INFO     ___FILE_ONLY___ 
    "id": "skaffold",
2023-02-21 16:53:37,075 INFO     ___FILE_ONLY___ 
    "is_configuration": false,
2023-02-21 16:53:37,075 INFO     ___FILE_ONLY___ 
    "is_hidden": false,
2023-02-21 16:53:37,075 INFO     ___FILE_ONLY___ 
    "latest_version_string": "2.1.0",
2023-02-21 16:53:37,075 INFO     ___FILE_ONLY___ 
    "name": "Skaffold",
2023-02-21 16:53:37,075 INFO     ___FILE_ONLY___ 
    "platform": {
2023-02-21 16:53:37,075 INFO     ___FILE_ONLY___ 
      "architecture": {
2023-02-21 16:53:37,075 INFO     ___FILE_ONLY___ 
        "file_name": "arm",
2023-02-21 16:53:37,075 INFO     ___FILE_ONLY___ 
        "id": "arm",
2023-02-21 16:53:37,075 INFO     ___FILE_ONLY___ 
        "name": "arm"
2023-02-21 16:53:37,075 INFO     ___FILE_ONLY___ 
      },
2023-02-21 16:53:37,075 INFO     ___FILE_ONLY___ 
      "operating_system": {
2023-02-21 16:53:37,076 INFO     ___FILE_ONLY___ 
        "file_name": "darwin",
2023-02-21 16:53:37,076 INFO     ___FILE_ONLY___ 
        "id": "MACOSX",
2023-02-21 16:53:37,076 INFO     ___FILE_ONLY___ 
        "name": "Mac OS X"
2023-02-21 16:53:37,076 INFO     ___FILE_ONLY___ 
      }
2023-02-21 16:53:37,076 INFO     ___FILE_ONLY___ 
    },
2023-02-21 16:53:37,076 INFO     ___FILE_ONLY___ 
    "platform_required": false,
2023-02-21 16:53:37,076 INFO     ___FILE_ONLY___ 
    "size": 20943763,
2023-02-21 16:53:37,076 INFO     ___FILE_ONLY___ 
    "state": {
2023-02-21 16:53:37,076 INFO     ___FILE_ONLY___ 
      "name": "Installed"
2023-02-21 16:53:37,076 INFO     ___FILE_ONLY___ 
    }
2023-02-21 16:53:37,076 INFO     ___FILE_ONLY___ 
  }
2023-02-21 16:53:37,076 INFO     ___FILE_ONLY___ ,
  {
2023-02-21 16:53:37,076 INFO     ___FILE_ONLY___ 
    "current_version_string": "2023.02.13",
2023-02-21 16:53:37,076 INFO     ___FILE_ONLY___ 
    "id": "alpha",
2023-02-21 16:53:37,076 INFO     ___FILE_ONLY___ 
    "is_configuration": false,
2023-02-21 16:53:37,076 INFO     ___FILE_ONLY___ 
    "is_hidden": false,
2023-02-21 16:53:37,076 INFO     ___FILE_ONLY___ 
    "latest_version_string": "2023.02.13",
2023-02-21 16:53:37,076 INFO     ___FILE_ONLY___ 
    "name": "gcloud Alpha Commands",
2023-02-21 16:53:37,076 INFO     ___FILE_ONLY___ 
    "platform": {
2023-02-21 16:53:37,076 INFO     ___FILE_ONLY___ 
      "architecture": {
2023-02-21 16:53:37,076 INFO     ___FILE_ONLY___ 
        "file_name": "arm",
2023-02-21 16:53:37,076 INFO     ___FILE_ONLY___ 
        "id": "arm",
2023-02-21 16:53:37,076 INFO     ___FILE_ONLY___ 
        "name": "arm"
2023-02-21 16:53:37,076 INFO     ___FILE_ONLY___ 
      },
2023-02-21 16:53:37,076 INFO     ___FILE_ONLY___ 
      "operating_system": {
2023-02-21 16:53:37,076 INFO     ___FILE_ONLY___ 
        "file_name": "darwin",
2023-02-21 16:53:37,077 INFO     ___FILE_ONLY___ 
        "id": "MACOSX",
2023-02-21 16:53:37,077 INFO     ___FILE_ONLY___ 
        "name": "Mac OS X"
2023-02-21 16:53:37,077 INFO     ___FILE_ONLY___ 
      }
2023-02-21 16:53:37,077 INFO     ___FILE_ONLY___ 
    },
2023-02-21 16:53:37,077 INFO     ___FILE_ONLY___ 
    "platform_required": false,
2023-02-21 16:53:37,077 INFO     ___FILE_ONLY___ 
    "size": 800,
2023-02-21 16:53:37,077 INFO     ___FILE_ONLY___ 
    "state": {
2023-02-21 16:53:37,077 INFO     ___FILE_ONLY___ 
      "name": "Installed"
2023-02-21 16:53:37,077 INFO     ___FILE_ONLY___ 
    }
2023-02-21 16:53:37,077 INFO     ___FILE_ONLY___ 
  }
2023-02-21 16:53:37,077 INFO     ___FILE_ONLY___ ,
  {
2023-02-21 16:53:37,077 INFO     ___FILE_ONLY___ 
    "current_version_string": "2023.02.13",
2023-02-21 16:53:37,077 INFO     ___FILE_ONLY___ 
    "id": "beta",
2023-02-21 16:53:37,077 INFO     ___FILE_ONLY___ 
    "is_configuration": false,
2023-02-21 16:53:37,077 INFO     ___FILE_ONLY___ 
    "is_hidden": false,
2023-02-21 16:53:37,077 INFO     ___FILE_ONLY___ 
    "latest_version_string": "2023.02.13",
2023-02-21 16:53:37,077 INFO     ___FILE_ONLY___ 
    "name": "gcloud Beta Commands",
2023-02-21 16:53:37,077 INFO     ___FILE_ONLY___ 
    "platform": {
2023-02-21 16:53:37,077 INFO     ___FILE_ONLY___ 
      "architecture": {
2023-02-21 16:53:37,077 INFO     ___FILE_ONLY___ 
        "file_name": "arm",
2023-02-21 16:53:37,077 INFO     ___FILE_ONLY___ 
        "id": "arm",
2023-02-21 16:53:37,077 INFO     ___FILE_ONLY___ 
        "name": "arm"
2023-02-21 16:53:37,077 INFO     ___FILE_ONLY___ 
      },
2023-02-21 16:53:37,077 INFO     ___FILE_ONLY___ 
      "operating_system": {
2023-02-21 16:53:37,078 INFO     ___FILE_ONLY___ 
        "file_name": "darwin",
2023-02-21 16:53:37,078 INFO     ___FILE_ONLY___ 
        "id": "MACOSX",
2023-02-21 16:53:37,078 INFO     ___FILE_ONLY___ 
        "name": "Mac OS X"
2023-02-21 16:53:37,078 INFO     ___FILE_ONLY___ 
      }
2023-02-21 16:53:37,078 INFO     ___FILE_ONLY___ 
    },
2023-02-21 16:53:37,078 INFO     ___FILE_ONLY___ 
    "platform_required": false,
2023-02-21 16:53:37,078 INFO     ___FILE_ONLY___ 
    "size": 797,
2023-02-21 16:53:37,078 INFO     ___FILE_ONLY___ 
    "state": {
2023-02-21 16:53:37,078 INFO     ___FILE_ONLY___ 
      "name": "Installed"
2023-02-21 16:53:37,078 INFO     ___FILE_ONLY___ 
    }
2023-02-21 16:53:37,078 INFO     ___FILE_ONLY___ 
  }
2023-02-21 16:53:37,078 INFO     ___FILE_ONLY___ ,
  {
2023-02-21 16:53:37,078 INFO     ___FILE_ONLY___ 
    "current_version_string": "0.4.0",
2023-02-21 16:53:37,078 INFO     ___FILE_ONLY___ 
    "id": "gke-gcloud-auth-plugin",
2023-02-21 16:53:37,078 INFO     ___FILE_ONLY___ 
    "is_configuration": false,
2023-02-21 16:53:37,078 INFO     ___FILE_ONLY___ 
    "is_hidden": false,
2023-02-21 16:53:37,078 INFO     ___FILE_ONLY___ 
    "latest_version_string": "0.4.0",
2023-02-21 16:53:37,078 INFO     ___FILE_ONLY___ 
    "name": "gke-gcloud-auth-plugin",
2023-02-21 16:53:37,078 INFO     ___FILE_ONLY___ 
    "platform": {
2023-02-21 16:53:37,078 INFO     ___FILE_ONLY___ 
      "architecture": {
2023-02-21 16:53:37,078 INFO     ___FILE_ONLY___ 
        "file_name": "arm",
2023-02-21 16:53:37,078 INFO     ___FILE_ONLY___ 
        "id": "arm",
2023-02-21 16:53:37,079 INFO     ___FILE_ONLY___ 
        "name": "arm"
2023-02-21 16:53:37,079 INFO     ___FILE_ONLY___ 
      },
2023-02-21 16:53:37,079 INFO     ___FILE_ONLY___ 
      "operating_system": {
2023-02-21 16:53:37,079 INFO     ___FILE_ONLY___ 
        "file_name": "darwin",
2023-02-21 16:53:37,079 INFO     ___FILE_ONLY___ 
        "id": "MACOSX",
2023-02-21 16:53:37,079 INFO     ___FILE_ONLY___ 
        "name": "Mac OS X"
2023-02-21 16:53:37,079 INFO     ___FILE_ONLY___ 
      }
2023-02-21 16:53:37,079 INFO     ___FILE_ONLY___ 
    },
2023-02-21 16:53:37,079 INFO     ___FILE_ONLY___ 
    "platform_required": false,
2023-02-21 16:53:37,079 INFO     ___FILE_ONLY___ 
    "size": 7477444,
2023-02-21 16:53:37,079 INFO     ___FILE_ONLY___ 
    "state": {
2023-02-21 16:53:37,079 INFO     ___FILE_ONLY___ 
      "name": "Installed"
2023-02-21 16:53:37,079 INFO     ___FILE_ONLY___ 
    }
2023-02-21 16:53:37,079 INFO     ___FILE_ONLY___ 
  }
2023-02-21 16:53:37,079 INFO     ___FILE_ONLY___ ,
  {
2023-02-21 16:53:37,079 INFO     ___FILE_ONLY___ 
    "current_version_string": "1.24.10",
2023-02-21 16:53:37,079 INFO     ___FILE_ONLY___ 
    "id": "kubectl",
2023-02-21 16:53:37,079 INFO     ___FILE_ONLY___ 
    "is_configuration": false,
2023-02-21 16:53:37,079 INFO     ___FILE_ONLY___ 
    "is_hidden": false,
2023-02-21 16:53:37,079 INFO     ___FILE_ONLY___ 
    "latest_version_string": "1.24.10",
2023-02-21 16:53:37,079 INFO     ___FILE_ONLY___ 
    "name": "kubectl",
2023-02-21 16:53:37,079 INFO     ___FILE_ONLY___ 
    "platform": {
2023-02-21 16:53:37,079 INFO     ___FILE_ONLY___ 
      "architecture": {
2023-02-21 16:53:37,079 INFO     ___FILE_ONLY___ 
        "file_name": "arm",
2023-02-21 16:53:37,080 INFO     ___FILE_ONLY___ 
        "id": "arm",
2023-02-21 16:53:37,080 INFO     ___FILE_ONLY___ 
        "name": "arm"
2023-02-21 16:53:37,080 INFO     ___FILE_ONLY___ 
      },
2023-02-21 16:53:37,080 INFO     ___FILE_ONLY___ 
      "operating_system": {
2023-02-21 16:53:37,080 INFO     ___FILE_ONLY___ 
        "file_name": "darwin",
2023-02-21 16:53:37,080 INFO     ___FILE_ONLY___ 
        "id": "MACOSX",
2023-02-21 16:53:37,080 INFO     ___FILE_ONLY___ 
        "name": "Mac OS X"
2023-02-21 16:53:37,080 INFO     ___FILE_ONLY___ 
      }
2023-02-21 16:53:37,080 INFO     ___FILE_ONLY___ 
    },
2023-02-21 16:53:37,080 INFO     ___FILE_ONLY___ 
    "platform_required": true,
2023-02-21 16:53:37,080 INFO     ___FILE_ONLY___ 
    "size": 35452,
2023-02-21 16:53:37,080 INFO     ___FILE_ONLY___ 
    "state": {
2023-02-21 16:53:37,080 INFO     ___FILE_ONLY___ 
      "name": "Installed"
2023-02-21 16:53:37,080 INFO     ___FILE_ONLY___ 
    }
2023-02-21 16:53:37,080 INFO     ___FILE_ONLY___ 
  }
2023-02-21 16:53:37,080 INFO     ___FILE_ONLY___ 
]

