2023-03-19 00:52:06,660 DEBUG    root            Loaded Command Group: ['gcloud', 'config']
2023-03-19 00:52:06,668 DEBUG    root            Loaded Command Group: ['gcloud', 'config', 'config_helper']
2023-03-19 00:52:06,670 DEBUG    root            Running [gcloud.config.config-helper] with arguments: [--format: "json", --quiet: "True", --verbosity: "warning"]
2023-03-19 00:52:06,675 DEBUG    google.auth.transport.requests Making request: POST https://oauth2.googleapis.com/token
2023-03-19 00:52:06,681 DEBUG    urllib3.connectionpool Starting new HTTPS connection (1): oauth2.googleapis.com:443
2023-03-19 00:52:06,787 DEBUG    urllib3.connectionpool https://oauth2.googleapis.com:443 "POST /token HTTP/1.1" 200 None
2023-03-19 00:52:06,793 DEBUG    urllib3.connectionpool Starting new HTTPS connection (1): www.gstatic.com:443
2023-03-19 00:52:06,853 DEBUG    urllib3.connectionpool https://www.gstatic.com:443 "GET /cloudsdk/feature_flag_config_file.yaml HTTP/1.1" 200 101
2023-03-19 00:52:06,857 DEBUG    root            Chosen display Format:default json
2023-03-19 00:52:06,857 INFO     root            Display format: "default json"
2023-03-19 00:52:06,858 INFO     ___FILE_ONLY___ {
  "configuration": {
    "active_configuration": "default",
    "properties": {
      "compute": {
        "region": "asia-southeast1-a"
      },
      "container": {
        "use_application_default_credentials": "true"
      },
      "core": {
        "account": "wongshennan@gmail.com",
        "disable_prompts": "True",
        "disable_usage_reporting": "True",
        "print_unhandled_tracebacks": "true",
        "project": "test",
        "verbosity": "warning"
      },
      "metrics": {
        "environment": "cloudcode.vscode",
        "environment_version": "1.21.3"
      }
    }
  },
  "credential": {
    "access_token": "ya29.a0AVvZVsrYGOSx4PEgHFwOzc7nP6tGFckHBs_phQ-ZVLnRXU2aAJE98cXqaMtgREX2O37xrxYf0XBN7SepfcEIRgmFWnkMTUOHNJIi0lV2PlGl5RxNr5icUBNy25Hmx9SEb5uaUmVrSm_GyKf819cvZSegfdcZxrBIYgceoeMaCgYKAfYSARMSFQGbdwaI9MAbHngzCndg3rNn0DpScQ0174",
    "id_token": "eyJhbGciOiJSUzI1NiIsImtpZCI6IjVkZjFmOTQ1ZmY5MDZhZWFlZmE5M2MyNzY5OGRiNDA2ZDYwNmIwZTgiLCJ0eXAiOiJKV1QifQ.eyJpc3MiOiJodHRwczovL2FjY291bnRzLmdvb2dsZS5jb20iLCJhenAiOiIzMjU1NTk0MDU1OS5hcHBzLmdvb2dsZXVzZXJjb250ZW50LmNvbSIsImF1ZCI6IjMyNTU1OTQwNTU5LmFwcHMuZ29vZ2xldXNlcmNvbnRlbnQuY29tIiwic3ViIjoiMTE0MTQ0MTEzNTczMTc4NjIzNzc1IiwiZW1haWwiOiJ3b25nc2hlbm5hbkBnbWFpbC5jb20iLCJlbWFpbF92ZXJpZmllZCI6dHJ1ZSwiYXRfaGFzaCI6InMxdjRMeV9USExwMC1Eb3FJYTEyYnciLCJpYXQiOjE2NzkxNTgzMjYsImV4cCI6MTY3OTE2MTkyNn0.brHXpV7a2AF85Od4Pv8rdkg8f-15uy9ckwTrZ5W5jk7tWtUHsDZgvonnmYdkWnI2kp4hdrTpPgQk3LX6qh4AYWdviq1NpYsq9ZVmYGsniFeBIv8KZd8Z_4acOeaj5POehWQMHMKDUfkRTFmhyYjqoBmDmg75LY07AgjFggaY6sFb0JBmZGLWxTTZBxKWSrVTlMjIAhaN8wU5WDunvZ6q1co7U4j2L6v0dArzubhrHkkkAKsC3bq5a4IUJkWvitKsqqvdOxEIEwqMV1FqE8FFBCscPlt4BsNBRwXhtJnWsgldbcL0aCv0TqoT7ORlUv2mI43ANaOKJDp2ofrj6AAPgA",
    "token_expiry": "2023-03-18T17:52:05Z"
  },
  "sentinels": {
    "config_sentinel": "/Users/wongshennan/.config/gcloud/config_sentinel"
  }
}
2023-03-19 00:52:06,858 INFO     ___FILE_ONLY___ 

