2023-03-19 00:52:08,071 DEBUG    root            Loaded Command Group: ['gcloud', 'components']
2023-03-19 00:52:08,073 DEBUG    root            Loaded Command Group: ['gcloud', 'components', 'install']
2023-03-19 00:52:08,075 DEBUG    root            Running [gcloud.components.install] with arguments: [--quiet: "True", COMPONENT-IDS:7: "['alpha', 'beta', 'gke-gcloud-auth-plugin', 'kubectl', 'skaffold', 'minikube', 'gsutil']"]
2023-03-19 00:52:08,097 DEBUG    urllib3.connectionpool Starting new HTTPS connection (1): dl.google.com:443
2023-03-19 00:52:08,380 DEBUG    urllib3.connectionpool https://dl.google.com:443 "GET /dl/cloudsdk/channels/rapid/components-v422.0.0.json HTTP/1.1" 200 206156
2023-03-19 00:52:08,420 INFO     ___FILE_ONLY___ 

2023-03-19 00:52:08,421 INFO     ___FILE_ONLY___ 
Your current Google Cloud CLI version is: 422.0.0

2023-03-19 00:52:08,421 INFO     ___FILE_ONLY___ Installing components from version: 422.0.0

2023-03-19 00:52:08,421 INFO     ___FILE_ONLY___ 

2023-03-19 00:52:08,421 DEBUG    root            Chosen display Format:table[box,title="These components will be removed."](details.display_name:label=Name:align=left,version.version_string:label=Version:align=right,data.size.size(zero="",min=1048576):label=Size:align=right)
2023-03-19 00:52:08,421 DEBUG    root            Chosen display Format:table[box,title="These components will be updated."](details.display_name:label=Name:align=left,version.version_string:label=Version:align=right,data.size.size(zero="",min=1048576):label=Size:align=right)
2023-03-19 00:52:08,422 DEBUG    root            Chosen display Format:table[box,title="These components will be installed."](details.display_name:label=Name:align=left,version.version_string:label=Version:align=right,data.size.size(zero="",min=1048576):label=Size:align=right)
2023-03-19 00:52:08,425 INFO     ___FILE_ONLY___ ┌─────────────────────────────────────────────────┐
2023-03-19 00:52:08,425 INFO     ___FILE_ONLY___ 

2023-03-19 00:52:08,425 INFO     ___FILE_ONLY___ │       These components will be installed.       │
2023-03-19 00:52:08,425 INFO     ___FILE_ONLY___ 

2023-03-19 00:52:08,425 INFO     ___FILE_ONLY___ ├─────────────────────────┬────────────┬──────────┤
2023-03-19 00:52:08,425 INFO     ___FILE_ONLY___ 

2023-03-19 00:52:08,425 INFO     ___FILE_ONLY___ │           Name          │  Version   │   Size   │
2023-03-19 00:52:08,425 INFO     ___FILE_ONLY___ 

2023-03-19 00:52:08,425 INFO     ___FILE_ONLY___ ├─────────────────────────┼────────────┼──────────┤
2023-03-19 00:52:08,425 INFO     ___FILE_ONLY___ 

2023-03-19 00:52:08,425 INFO     ___FILE_ONLY___ │ 
2023-03-19 00:52:08,425 INFO     ___FILE_ONLY___ Minikube               
2023-03-19 00:52:08,425 INFO     ___FILE_ONLY___  
2023-03-19 00:52:08,425 INFO     ___FILE_ONLY___ │ 
2023-03-19 00:52:08,425 INFO     ___FILE_ONLY___     1.29.0
2023-03-19 00:52:08,425 INFO     ___FILE_ONLY___  
2023-03-19 00:52:08,425 INFO     ___FILE_ONLY___ │ 
2023-03-19 00:52:08,425 INFO     ___FILE_ONLY___ 31.3 MiB
2023-03-19 00:52:08,425 INFO     ___FILE_ONLY___  
2023-03-19 00:52:08,425 INFO     ___FILE_ONLY___ │
2023-03-19 00:52:08,425 INFO     ___FILE_ONLY___ 

2023-03-19 00:52:08,425 INFO     ___FILE_ONLY___ │ 
2023-03-19 00:52:08,425 INFO     ___FILE_ONLY___ Skaffold               
2023-03-19 00:52:08,426 INFO     ___FILE_ONLY___  
2023-03-19 00:52:08,426 INFO     ___FILE_ONLY___ │ 
2023-03-19 00:52:08,426 INFO     ___FILE_ONLY___      2.2.0
2023-03-19 00:52:08,426 INFO     ___FILE_ONLY___  
2023-03-19 00:52:08,426 INFO     ___FILE_ONLY___ │ 
2023-03-19 00:52:08,426 INFO     ___FILE_ONLY___ 21.7 MiB
2023-03-19 00:52:08,426 INFO     ___FILE_ONLY___  
2023-03-19 00:52:08,426 INFO     ___FILE_ONLY___ │
2023-03-19 00:52:08,426 INFO     ___FILE_ONLY___ 

2023-03-19 00:52:08,426 INFO     ___FILE_ONLY___ │ 
2023-03-19 00:52:08,426 INFO     ___FILE_ONLY___ gcloud Alpha Commands  
2023-03-19 00:52:08,426 INFO     ___FILE_ONLY___  
2023-03-19 00:52:08,426 INFO     ___FILE_ONLY___ │ 
2023-03-19 00:52:08,426 INFO     ___FILE_ONLY___ 2023.03.10
2023-03-19 00:52:08,426 INFO     ___FILE_ONLY___  
2023-03-19 00:52:08,426 INFO     ___FILE_ONLY___ │ 
2023-03-19 00:52:08,426 INFO     ___FILE_ONLY___  < 1 MiB
2023-03-19 00:52:08,426 INFO     ___FILE_ONLY___  
2023-03-19 00:52:08,426 INFO     ___FILE_ONLY___ │
2023-03-19 00:52:08,426 INFO     ___FILE_ONLY___ 

2023-03-19 00:52:08,426 INFO     ___FILE_ONLY___ │ 
2023-03-19 00:52:08,426 INFO     ___FILE_ONLY___ gcloud Beta Commands   
2023-03-19 00:52:08,426 INFO     ___FILE_ONLY___  
2023-03-19 00:52:08,426 INFO     ___FILE_ONLY___ │ 
2023-03-19 00:52:08,426 INFO     ___FILE_ONLY___ 2023.03.10
2023-03-19 00:52:08,426 INFO     ___FILE_ONLY___  
2023-03-19 00:52:08,426 INFO     ___FILE_ONLY___ │ 
2023-03-19 00:52:08,426 INFO     ___FILE_ONLY___  < 1 MiB
2023-03-19 00:52:08,426 INFO     ___FILE_ONLY___  
2023-03-19 00:52:08,427 INFO     ___FILE_ONLY___ │
2023-03-19 00:52:08,427 INFO     ___FILE_ONLY___ 

2023-03-19 00:52:08,427 INFO     ___FILE_ONLY___ │ 
2023-03-19 00:52:08,427 INFO     ___FILE_ONLY___ gcloud cli dependencies
2023-03-19 00:52:08,427 INFO     ___FILE_ONLY___  
2023-03-19 00:52:08,427 INFO     ___FILE_ONLY___ │ 
2023-03-19 00:52:08,427 INFO     ___FILE_ONLY___ 2021.04.16
2023-03-19 00:52:08,427 INFO     ___FILE_ONLY___  
2023-03-19 00:52:08,427 INFO     ___FILE_ONLY___ │ 
2023-03-19 00:52:08,427 INFO     ___FILE_ONLY___  < 1 MiB
2023-03-19 00:52:08,427 INFO     ___FILE_ONLY___  
2023-03-19 00:52:08,427 INFO     ___FILE_ONLY___ │
2023-03-19 00:52:08,427 INFO     ___FILE_ONLY___ 

2023-03-19 00:52:08,427 INFO     ___FILE_ONLY___ │ 
2023-03-19 00:52:08,427 INFO     ___FILE_ONLY___ gke-gcloud-auth-plugin 
2023-03-19 00:52:08,427 INFO     ___FILE_ONLY___  
2023-03-19 00:52:08,427 INFO     ___FILE_ONLY___ │ 
2023-03-19 00:52:08,427 INFO     ___FILE_ONLY___      0.5.0
2023-03-19 00:52:08,427 INFO     ___FILE_ONLY___  
2023-03-19 00:52:08,427 INFO     ___FILE_ONLY___ │ 
2023-03-19 00:52:08,427 INFO     ___FILE_ONLY___  7.1 MiB
2023-03-19 00:52:08,427 INFO     ___FILE_ONLY___  
2023-03-19 00:52:08,427 INFO     ___FILE_ONLY___ │
2023-03-19 00:52:08,427 INFO     ___FILE_ONLY___ 

2023-03-19 00:52:08,427 INFO     ___FILE_ONLY___ │ 
2023-03-19 00:52:08,427 INFO     ___FILE_ONLY___ kubectl                
2023-03-19 00:52:08,427 INFO     ___FILE_ONLY___  
2023-03-19 00:52:08,427 INFO     ___FILE_ONLY___ │ 
2023-03-19 00:52:08,427 INFO     ___FILE_ONLY___    1.24.11
2023-03-19 00:52:08,427 INFO     ___FILE_ONLY___  
2023-03-19 00:52:08,427 INFO     ___FILE_ONLY___ │ 
2023-03-19 00:52:08,428 INFO     ___FILE_ONLY___ 92.8 MiB
2023-03-19 00:52:08,428 INFO     ___FILE_ONLY___  
2023-03-19 00:52:08,428 INFO     ___FILE_ONLY___ │
2023-03-19 00:52:08,428 INFO     ___FILE_ONLY___ 

2023-03-19 00:52:08,428 INFO     ___FILE_ONLY___ │ 
2023-03-19 00:52:08,428 INFO     ___FILE_ONLY___ kubectl                
2023-03-19 00:52:08,428 INFO     ___FILE_ONLY___  
2023-03-19 00:52:08,428 INFO     ___FILE_ONLY___ │ 
2023-03-19 00:52:08,428 INFO     ___FILE_ONLY___    1.24.11
2023-03-19 00:52:08,428 INFO     ___FILE_ONLY___  
2023-03-19 00:52:08,428 INFO     ___FILE_ONLY___ │ 
2023-03-19 00:52:08,428 INFO     ___FILE_ONLY___  < 1 MiB
2023-03-19 00:52:08,428 INFO     ___FILE_ONLY___  
2023-03-19 00:52:08,428 INFO     ___FILE_ONLY___ │
2023-03-19 00:52:08,428 INFO     ___FILE_ONLY___ 

2023-03-19 00:52:08,428 INFO     ___FILE_ONLY___ └─────────────────────────┴────────────┴──────────┘
2023-03-19 00:52:08,428 INFO     ___FILE_ONLY___ 

2023-03-19 00:52:08,428 INFO     ___FILE_ONLY___ 

2023-03-19 00:52:08,430 DEBUG    urllib3.connectionpool Starting new HTTPS connection (1): dl.google.com:443
2023-03-19 00:52:08,472 DEBUG    urllib3.connectionpool https://dl.google.com:443 "GET /dl/cloudsdk/channels/rapid/RELEASE_NOTES HTTP/1.1" 200 960341
2023-03-19 00:52:08,537 INFO     ___FILE_ONLY___ For the latest full release notes, please visit:
  https://cloud.google.com/sdk/release_notes


2023-03-19 00:52:08,575 INFO     ___FILE_ONLY___ ╔════════════════════════════════════════════════════════════╗

2023-03-19 00:52:08,575 INFO     ___FILE_ONLY___ ╠═ Creating update staging area                             ═╣

2023-03-19 00:52:08,575 INFO     ___FILE_ONLY___ ╚
2023-03-19 00:52:08,576 INFO     ___FILE_ONLY___ ══════
2023-03-19 00:52:08,576 INFO     ___FILE_ONLY___ ══════
2023-03-19 00:52:08,576 INFO     ___FILE_ONLY___ ══════
2023-03-19 00:52:09,001 INFO     ___FILE_ONLY___ ═
2023-03-19 00:52:09,147 INFO     ___FILE_ONLY___ ═
2023-03-19 00:52:09,420 INFO     ___FILE_ONLY___ ═
2023-03-19 00:52:09,589 INFO     ___FILE_ONLY___ ═
2023-03-19 00:52:09,786 INFO     ___FILE_ONLY___ ═
2023-03-19 00:52:10,107 INFO     ___FILE_ONLY___ ═
2023-03-19 00:52:10,292 INFO     ___FILE_ONLY___ ═
2023-03-19 00:52:10,490 INFO     ___FILE_ONLY___ ═
2023-03-19 00:52:10,660 INFO     ___FILE_ONLY___ ═
2023-03-19 00:52:10,795 INFO     ___FILE_ONLY___ ═
2023-03-19 00:52:11,105 INFO     ___FILE_ONLY___ ═
2023-03-19 00:52:11,245 INFO     ___FILE_ONLY___ ═
2023-03-19 00:52:11,395 INFO     ___FILE_ONLY___ ═
2023-03-19 00:52:11,500 INFO     ___FILE_ONLY___ ═
2023-03-19 00:52:11,610 INFO     ___FILE_ONLY___ ═
2023-03-19 00:52:11,717 INFO     ___FILE_ONLY___ ═
2023-03-19 00:52:11,848 INFO     ___FILE_ONLY___ ═
2023-03-19 00:52:11,985 INFO     ___FILE_ONLY___ ═
2023-03-19 00:52:12,122 INFO     ___FILE_ONLY___ ═
2023-03-19 00:52:12,261 INFO     ___FILE_ONLY___ ═
2023-03-19 00:52:12,367 INFO     ___FILE_ONLY___ ═
2023-03-19 00:52:12,508 INFO     ___FILE_ONLY___ ═
2023-03-19 00:52:12,640 INFO     ___FILE_ONLY___ ═
2023-03-19 00:52:12,770 INFO     ___FILE_ONLY___ ═
2023-03-19 00:52:12,904 INFO     ___FILE_ONLY___ ═
2023-03-19 00:52:13,058 INFO     ___FILE_ONLY___ ═
2023-03-19 00:52:13,188 INFO     ___FILE_ONLY___ ═
2023-03-19 00:52:13,332 INFO     ___FILE_ONLY___ ═
2023-03-19 00:52:13,466 INFO     ___FILE_ONLY___ ═
2023-03-19 00:52:13,628 INFO     ___FILE_ONLY___ ═
2023-03-19 00:52:13,801 INFO     ___FILE_ONLY___ ═
2023-03-19 00:52:13,934 INFO     ___FILE_ONLY___ ═
2023-03-19 00:52:14,049 INFO     ___FILE_ONLY___ ═
2023-03-19 00:52:14,200 INFO     ___FILE_ONLY___ ═
2023-03-19 00:52:14,346 INFO     ___FILE_ONLY___ ═
2023-03-19 00:52:14,558 INFO     ___FILE_ONLY___ ═
2023-03-19 00:52:14,856 INFO     ___FILE_ONLY___ ═
2023-03-19 00:52:14,925 INFO     ___FILE_ONLY___ ═
2023-03-19 00:52:15,035 INFO     ___FILE_ONLY___ ═
2023-03-19 00:52:15,105 INFO     ___FILE_ONLY___ ═
2023-03-19 00:52:15,169 INFO     ___FILE_ONLY___ ═
2023-03-19 00:52:15,287 INFO     ___FILE_ONLY___ ═
2023-03-19 00:52:15,287 INFO     ___FILE_ONLY___ ╝

2023-03-19 00:52:15,854 INFO     ___FILE_ONLY___ ╔════════════════════════════════════════════════════════════╗

2023-03-19 00:52:15,855 INFO     ___FILE_ONLY___ ╠═ Installing: Minikube                                     ═╣

2023-03-19 00:52:15,855 INFO     ___FILE_ONLY___ ╚
2023-03-19 00:52:15,858 DEBUG    urllib3.connectionpool Starting new HTTPS connection (1): dl.google.com:443
2023-03-19 00:52:16,178 DEBUG    urllib3.connectionpool https://dl.google.com:443 "GET /dl/cloudsdk/channels/rapid/components/google-cloud-sdk-minikube-darwin-arm-20230130152419.tar.gz HTTP/1.1" 200 32825665
2023-03-19 00:52:16,693 INFO     ___FILE_ONLY___ ═
2023-03-19 00:52:16,694 INFO     ___FILE_ONLY___ ═
2023-03-19 00:52:16,695 INFO     ___FILE_ONLY___ ═
2023-03-19 00:52:16,696 INFO     ___FILE_ONLY___ ═
2023-03-19 00:52:16,697 INFO     ___FILE_ONLY___ ═
2023-03-19 00:52:16,697 INFO     ___FILE_ONLY___ ═
2023-03-19 00:52:16,698 INFO     ___FILE_ONLY___ ═
2023-03-19 00:52:16,700 INFO     ___FILE_ONLY___ ═
2023-03-19 00:52:16,701 INFO     ___FILE_ONLY___ ═
2023-03-19 00:52:16,702 INFO     ___FILE_ONLY___ ═
2023-03-19 00:52:16,703 INFO     ___FILE_ONLY___ ═
2023-03-19 00:52:16,704 INFO     ___FILE_ONLY___ ═
2023-03-19 00:52:16,705 INFO     ___FILE_ONLY___ ═
2023-03-19 00:52:16,706 INFO     ___FILE_ONLY___ ═
2023-03-19 00:52:16,707 INFO     ___FILE_ONLY___ ═
2023-03-19 00:52:16,708 INFO     ___FILE_ONLY___ ═
2023-03-19 00:52:16,709 INFO     ___FILE_ONLY___ ═
2023-03-19 00:52:16,710 INFO     ___FILE_ONLY___ ═
2023-03-19 00:52:16,711 INFO     ___FILE_ONLY___ ═
2023-03-19 00:52:16,712 INFO     ___FILE_ONLY___ ═
2023-03-19 00:52:16,713 INFO     ___FILE_ONLY___ ═
2023-03-19 00:52:16,714 INFO     ___FILE_ONLY___ ═
2023-03-19 00:52:16,715 INFO     ___FILE_ONLY___ ═
2023-03-19 00:52:16,716 INFO     ___FILE_ONLY___ ═
2023-03-19 00:52:16,717 INFO     ___FILE_ONLY___ ═
2023-03-19 00:52:16,718 INFO     ___FILE_ONLY___ ═
2023-03-19 00:52:16,719 INFO     ___FILE_ONLY___ ═
2023-03-19 00:52:16,720 INFO     ___FILE_ONLY___ ═
2023-03-19 00:52:16,721 INFO     ___FILE_ONLY___ ═
2023-03-19 00:52:16,722 INFO     ___FILE_ONLY___ ═
2023-03-19 00:52:17,382 INFO     ___FILE_ONLY___ ══════════════════════════════
2023-03-19 00:52:17,382 INFO     ___FILE_ONLY___ ╝

2023-03-19 00:52:17,420 INFO     ___FILE_ONLY___ ╔════════════════════════════════════════════════════════════╗

2023-03-19 00:52:17,420 INFO     ___FILE_ONLY___ ╠═ Installing: Minikube                                     ═╣

2023-03-19 00:52:17,420 INFO     ___FILE_ONLY___ ╚
2023-03-19 00:52:17,423 INFO     ___FILE_ONLY___ ════════════════════════════════════════════════════════════
2023-03-19 00:52:17,423 INFO     ___FILE_ONLY___ ╝

2023-03-19 00:52:17,456 INFO     ___FILE_ONLY___ ╔════════════════════════════════════════════════════════════╗

2023-03-19 00:52:17,456 INFO     ___FILE_ONLY___ ╠═ Installing: Skaffold                                     ═╣

2023-03-19 00:52:17,456 INFO     ___FILE_ONLY___ ╚
2023-03-19 00:52:17,459 DEBUG    urllib3.connectionpool Starting new HTTPS connection (1): dl.google.com:443
2023-03-19 00:52:17,774 DEBUG    urllib3.connectionpool https://dl.google.com:443 "GET /dl/cloudsdk/channels/rapid/components/google-cloud-sdk-skaffold-darwin-arm-20230310163703.tar.gz HTTP/1.1" 200 22766948
2023-03-19 00:52:18,225 INFO     ___FILE_ONLY___ ═
2023-03-19 00:52:18,226 INFO     ___FILE_ONLY___ ═
2023-03-19 00:52:18,227 INFO     ___FILE_ONLY___ ═
2023-03-19 00:52:18,227 INFO     ___FILE_ONLY___ ═
2023-03-19 00:52:18,228 INFO     ___FILE_ONLY___ ═
2023-03-19 00:52:18,229 INFO     ___FILE_ONLY___ ═
2023-03-19 00:52:18,229 INFO     ___FILE_ONLY___ ═
2023-03-19 00:52:18,230 INFO     ___FILE_ONLY___ ═
2023-03-19 00:52:18,231 INFO     ___FILE_ONLY___ ═
2023-03-19 00:52:18,231 INFO     ___FILE_ONLY___ ═
2023-03-19 00:52:18,232 INFO     ___FILE_ONLY___ ═
2023-03-19 00:52:18,234 INFO     ___FILE_ONLY___ ═
2023-03-19 00:52:18,234 INFO     ___FILE_ONLY___ ═
2023-03-19 00:52:18,235 INFO     ___FILE_ONLY___ ═
2023-03-19 00:52:18,236 INFO     ___FILE_ONLY___ ═
2023-03-19 00:52:18,238 INFO     ___FILE_ONLY___ ═
2023-03-19 00:52:18,239 INFO     ___FILE_ONLY___ ═
2023-03-19 00:52:18,241 INFO     ___FILE_ONLY___ ═
2023-03-19 00:52:18,241 INFO     ___FILE_ONLY___ ═
2023-03-19 00:52:18,242 INFO     ___FILE_ONLY___ ═
2023-03-19 00:52:18,243 INFO     ___FILE_ONLY___ ═
2023-03-19 00:52:18,243 INFO     ___FILE_ONLY___ ═
2023-03-19 00:52:18,245 INFO     ___FILE_ONLY___ ═
2023-03-19 00:52:18,246 INFO     ___FILE_ONLY___ ═
2023-03-19 00:52:18,247 INFO     ___FILE_ONLY___ ═
2023-03-19 00:52:18,247 INFO     ___FILE_ONLY___ ═
2023-03-19 00:52:18,248 INFO     ___FILE_ONLY___ ═
2023-03-19 00:52:18,249 INFO     ___FILE_ONLY___ ═
2023-03-19 00:52:18,249 INFO     ___FILE_ONLY___ ═
2023-03-19 00:52:18,250 INFO     ___FILE_ONLY___ ═
2023-03-19 00:52:18,901 INFO     ___FILE_ONLY___ ══════════════════════════════
2023-03-19 00:52:18,901 INFO     ___FILE_ONLY___ ╝

2023-03-19 00:52:18,939 INFO     ___FILE_ONLY___ ╔════════════════════════════════════════════════════════════╗

2023-03-19 00:52:18,939 INFO     ___FILE_ONLY___ ╠═ Installing: Skaffold                                     ═╣

2023-03-19 00:52:18,939 INFO     ___FILE_ONLY___ ╚
2023-03-19 00:52:18,942 INFO     ___FILE_ONLY___ ════════════════════════════════════════════════════════════
2023-03-19 00:52:18,942 INFO     ___FILE_ONLY___ ╝

2023-03-19 00:52:18,974 INFO     ___FILE_ONLY___ ╔════════════════════════════════════════════════════════════╗

2023-03-19 00:52:18,975 INFO     ___FILE_ONLY___ ╠═ Installing: gcloud Alpha Commands                        ═╣

2023-03-19 00:52:18,975 INFO     ___FILE_ONLY___ ╚
2023-03-19 00:52:18,978 DEBUG    urllib3.connectionpool Starting new HTTPS connection (1): dl.google.com:443
2023-03-19 00:52:19,012 DEBUG    urllib3.connectionpool https://dl.google.com:443 "GET /dl/cloudsdk/channels/rapid/components/google-cloud-sdk-alpha-20230310163703.tar.gz HTTP/1.1" 200 800
2023-03-19 00:52:19,013 INFO     ___FILE_ONLY___ ══════════════════════════════
2023-03-19 00:52:19,014 INFO     ___FILE_ONLY___ ══════════════════════════════
2023-03-19 00:52:19,014 INFO     ___FILE_ONLY___ ╝

2023-03-19 00:52:19,050 INFO     ___FILE_ONLY___ ╔════════════════════════════════════════════════════════════╗

2023-03-19 00:52:19,050 INFO     ___FILE_ONLY___ ╠═ Installing: gcloud Beta Commands                         ═╣

2023-03-19 00:52:19,050 INFO     ___FILE_ONLY___ ╚
2023-03-19 00:52:19,053 DEBUG    urllib3.connectionpool Starting new HTTPS connection (1): dl.google.com:443
2023-03-19 00:52:19,087 DEBUG    urllib3.connectionpool https://dl.google.com:443 "GET /dl/cloudsdk/channels/rapid/components/google-cloud-sdk-beta-20230310163703.tar.gz HTTP/1.1" 200 797
2023-03-19 00:52:19,088 INFO     ___FILE_ONLY___ ══════════════════════════════
2023-03-19 00:52:19,089 INFO     ___FILE_ONLY___ ══════════════════════════════
2023-03-19 00:52:19,089 INFO     ___FILE_ONLY___ ╝

2023-03-19 00:52:19,127 INFO     ___FILE_ONLY___ ╔════════════════════════════════════════════════════════════╗

2023-03-19 00:52:19,127 INFO     ___FILE_ONLY___ ╠═ Installing: gcloud cli dependencies                      ═╣

2023-03-19 00:52:19,127 INFO     ___FILE_ONLY___ ╚
2023-03-19 00:52:19,130 DEBUG    urllib3.connectionpool Starting new HTTPS connection (1): dl.google.com:443
2023-03-19 00:52:19,167 DEBUG    urllib3.connectionpool https://dl.google.com:443 "GET /dl/cloudsdk/channels/rapid/components/google-cloud-sdk-gcloud-deps-darwin-x86_64-20210416153011.tar.gz HTTP/1.1" 200 105
2023-03-19 00:52:19,168 INFO     ___FILE_ONLY___ ══════════════════════════════
2023-03-19 00:52:19,168 INFO     ___FILE_ONLY___ ══════════════════════════════
2023-03-19 00:52:19,168 INFO     ___FILE_ONLY___ ╝

2023-03-19 00:52:19,213 INFO     ___FILE_ONLY___ ╔════════════════════════════════════════════════════════════╗

2023-03-19 00:52:19,213 INFO     ___FILE_ONLY___ ╠═ Installing: gke-gcloud-auth-plugin                       ═╣

2023-03-19 00:52:19,213 INFO     ___FILE_ONLY___ ╚
2023-03-19 00:52:19,216 DEBUG    urllib3.connectionpool Starting new HTTPS connection (1): dl.google.com:443
2023-03-19 00:52:19,309 DEBUG    urllib3.connectionpool https://dl.google.com:443 "GET /dl/cloudsdk/channels/rapid/components/google-cloud-sdk-gke-gcloud-auth-plugin-darwin-arm-20230303155151.tar.gz HTTP/1.1" 200 7495694
2023-03-19 00:52:19,459 INFO     ___FILE_ONLY___ ═
2023-03-19 00:52:19,460 INFO     ___FILE_ONLY___ ═
2023-03-19 00:52:19,460 INFO     ___FILE_ONLY___ ═
2023-03-19 00:52:19,460 INFO     ___FILE_ONLY___ ═
2023-03-19 00:52:19,460 INFO     ___FILE_ONLY___ ═
2023-03-19 00:52:19,461 INFO     ___FILE_ONLY___ ═
2023-03-19 00:52:19,461 INFO     ___FILE_ONLY___ ═
2023-03-19 00:52:19,461 INFO     ___FILE_ONLY___ ═
2023-03-19 00:52:19,461 INFO     ___FILE_ONLY___ ═
2023-03-19 00:52:19,462 INFO     ___FILE_ONLY___ ═
2023-03-19 00:52:19,462 INFO     ___FILE_ONLY___ ═
2023-03-19 00:52:19,462 INFO     ___FILE_ONLY___ ═
2023-03-19 00:52:19,462 INFO     ___FILE_ONLY___ ═
2023-03-19 00:52:19,462 INFO     ___FILE_ONLY___ ═
2023-03-19 00:52:19,463 INFO     ___FILE_ONLY___ ═
2023-03-19 00:52:19,463 INFO     ___FILE_ONLY___ ═
2023-03-19 00:52:19,463 INFO     ___FILE_ONLY___ ═
2023-03-19 00:52:19,463 INFO     ___FILE_ONLY___ ═
2023-03-19 00:52:19,464 INFO     ___FILE_ONLY___ ═
2023-03-19 00:52:19,464 INFO     ___FILE_ONLY___ ═
2023-03-19 00:52:19,464 INFO     ___FILE_ONLY___ ═
2023-03-19 00:52:19,464 INFO     ___FILE_ONLY___ ═
2023-03-19 00:52:19,464 INFO     ___FILE_ONLY___ ═
2023-03-19 00:52:19,465 INFO     ___FILE_ONLY___ ═
2023-03-19 00:52:19,465 INFO     ___FILE_ONLY___ ═
2023-03-19 00:52:19,465 INFO     ___FILE_ONLY___ ═
2023-03-19 00:52:19,465 INFO     ___FILE_ONLY___ ═
2023-03-19 00:52:19,466 INFO     ___FILE_ONLY___ ═
2023-03-19 00:52:19,466 INFO     ___FILE_ONLY___ ═
2023-03-19 00:52:19,466 INFO     ___FILE_ONLY___ ═
2023-03-19 00:52:19,605 INFO     ___FILE_ONLY___ ══════════════════════════════
2023-03-19 00:52:19,605 INFO     ___FILE_ONLY___ ╝

2023-03-19 00:52:19,644 INFO     ___FILE_ONLY___ ╔════════════════════════════════════════════════════════════╗

2023-03-19 00:52:19,644 INFO     ___FILE_ONLY___ ╠═ Installing: gke-gcloud-auth-plugin                       ═╣

2023-03-19 00:52:19,644 INFO     ___FILE_ONLY___ ╚
2023-03-19 00:52:19,647 INFO     ___FILE_ONLY___ ════════════════════════════════════════════════════════════
2023-03-19 00:52:19,647 INFO     ___FILE_ONLY___ ╝

2023-03-19 00:52:19,679 INFO     ___FILE_ONLY___ ╔════════════════════════════════════════════════════════════╗

2023-03-19 00:52:19,679 INFO     ___FILE_ONLY___ ╠═ Installing: kubectl                                      ═╣

2023-03-19 00:52:19,679 INFO     ___FILE_ONLY___ ╚
2023-03-19 00:52:19,682 DEBUG    urllib3.connectionpool Starting new HTTPS connection (1): dl.google.com:443
2023-03-19 00:52:19,790 DEBUG    urllib3.connectionpool https://dl.google.com:443 "GET /dl/cloudsdk/channels/rapid/components/google-cloud-sdk-kubectl-darwin-arm-20230303155151.tar.gz HTTP/1.1" 200 97309494
2023-03-19 00:52:21,019 INFO     ___FILE_ONLY___ ═
2023-03-19 00:52:21,022 INFO     ___FILE_ONLY___ ═
2023-03-19 00:52:21,025 INFO     ___FILE_ONLY___ ═
2023-03-19 00:52:21,027 INFO     ___FILE_ONLY___ ═
2023-03-19 00:52:21,030 INFO     ___FILE_ONLY___ ═
2023-03-19 00:52:21,032 INFO     ___FILE_ONLY___ ═
2023-03-19 00:52:21,034 INFO     ___FILE_ONLY___ ═
2023-03-19 00:52:21,037 INFO     ___FILE_ONLY___ ═
2023-03-19 00:52:21,039 INFO     ___FILE_ONLY___ ═
2023-03-19 00:52:21,041 INFO     ___FILE_ONLY___ ═
2023-03-19 00:52:21,044 INFO     ___FILE_ONLY___ ═
2023-03-19 00:52:21,047 INFO     ___FILE_ONLY___ ═
2023-03-19 00:52:21,052 INFO     ___FILE_ONLY___ ═
2023-03-19 00:52:21,056 INFO     ___FILE_ONLY___ ═
2023-03-19 00:52:21,061 INFO     ___FILE_ONLY___ ═
2023-03-19 00:52:21,067 INFO     ___FILE_ONLY___ ═
2023-03-19 00:52:21,071 INFO     ___FILE_ONLY___ ═
2023-03-19 00:52:21,079 INFO     ___FILE_ONLY___ ═
2023-03-19 00:52:21,082 INFO     ___FILE_ONLY___ ═
2023-03-19 00:52:21,084 INFO     ___FILE_ONLY___ ═
2023-03-19 00:52:21,086 INFO     ___FILE_ONLY___ ═
2023-03-19 00:52:21,088 INFO     ___FILE_ONLY___ ═
2023-03-19 00:52:21,090 INFO     ___FILE_ONLY___ ═
2023-03-19 00:52:21,093 INFO     ___FILE_ONLY___ ═
2023-03-19 00:52:21,095 INFO     ___FILE_ONLY___ ═
2023-03-19 00:52:21,098 INFO     ___FILE_ONLY___ ═
2023-03-19 00:52:21,100 INFO     ___FILE_ONLY___ ═
2023-03-19 00:52:21,102 INFO     ___FILE_ONLY___ ═
2023-03-19 00:52:21,104 INFO     ___FILE_ONLY___ ═
2023-03-19 00:52:21,112 INFO     ___FILE_ONLY___ ═
2023-03-19 00:52:22,547 INFO     ___FILE_ONLY___ ════
2023-03-19 00:52:22,773 INFO     ___FILE_ONLY___ ════
2023-03-19 00:52:22,999 INFO     ___FILE_ONLY___ ════
2023-03-19 00:52:23,228 INFO     ___FILE_ONLY___ ═════
2023-03-19 00:52:23,464 INFO     ___FILE_ONLY___ ════
2023-03-19 00:52:23,676 INFO     ___FILE_ONLY___ ════
2023-03-19 00:52:23,900 INFO     ___FILE_ONLY___ ═════
2023-03-19 00:52:23,900 INFO     ___FILE_ONLY___ ╝

2023-03-19 00:52:23,944 INFO     ___FILE_ONLY___ ╔════════════════════════════════════════════════════════════╗

2023-03-19 00:52:23,944 INFO     ___FILE_ONLY___ ╠═ Installing: kubectl                                      ═╣

2023-03-19 00:52:23,944 INFO     ___FILE_ONLY___ ╚
2023-03-19 00:52:23,947 DEBUG    urllib3.connectionpool Starting new HTTPS connection (1): dl.google.com:443
2023-03-19 00:52:24,236 DEBUG    urllib3.connectionpool https://dl.google.com:443 "GET /dl/cloudsdk/channels/rapid/components/google-cloud-sdk-kubectl-20230303155151.tar.gz HTTP/1.1" 200 35450
2023-03-19 00:52:24,243 INFO     ___FILE_ONLY___ ═════════════
2023-03-19 00:52:24,243 INFO     ___FILE_ONLY___ ══════════════
2023-03-19 00:52:24,243 INFO     ___FILE_ONLY___ ═══
2023-03-19 00:52:24,247 INFO     ___FILE_ONLY___ ══════════════════════════════
2023-03-19 00:52:24,247 INFO     ___FILE_ONLY___ ╝

2023-03-19 00:52:24,293 INFO     ___FILE_ONLY___ ╔════════════════════════════════════════════════════════════╗

2023-03-19 00:52:24,294 INFO     ___FILE_ONLY___ ╠═ Creating backup and activating new installation          ═╣

2023-03-19 00:52:24,294 INFO     ___FILE_ONLY___ ╚
2023-03-19 00:52:24,294 DEBUG    root            Attempting to move directory [/Users/wongshennan/Library/Application Support/cloud-code/installer/google-cloud-sdk] to [/Users/wongshennan/Library/Application Support/cloud-code/installer/google-cloud-sdk.staging/.install/.backup]
2023-03-19 00:52:24,294 INFO     ___FILE_ONLY___ ══════════════════════════════
2023-03-19 00:52:24,294 DEBUG    root            Attempting to move directory [/Users/wongshennan/Library/Application Support/cloud-code/installer/google-cloud-sdk.staging] to [/Users/wongshennan/Library/Application Support/cloud-code/installer/google-cloud-sdk]
2023-03-19 00:52:24,294 INFO     ___FILE_ONLY___ ══════════════════════════════
2023-03-19 00:52:24,294 INFO     ___FILE_ONLY___ ╝

2023-03-19 00:52:24,302 DEBUG    root            Updating notification cache...
2023-03-19 00:52:24,303 INFO     ___FILE_ONLY___ 

2023-03-19 00:52:24,340 INFO     ___FILE_ONLY___ Performing post processing steps...
2023-03-19 00:52:24,340 DEBUG    root            Executing command: ['/Users/wongshennan/opt/anaconda3/bin/python3', '-S', '/Users/wongshennan/Library/Application Support/cloud-code/installer/google-cloud-sdk/lib/gcloud.py', 'components', 'post-process']
2023-03-19 00:52:40,044 DEBUG    ___FILE_ONLY___ 
2023-03-19 00:52:40,045 DEBUG    ___FILE_ONLY___ 
2023-03-19 00:52:40,294 INFO     ___FILE_ONLY___ 
Update done!


2023-03-19 00:52:40,316 WARNING  root              There are other instances of Google Cloud tools on your system PATH.
  Please remove the following to avoid confusion or accidental invocation:

  /Users/wongshennan/google-cloud-sdk/bin/anthoscli
/Users/wongshennan/google-cloud-sdk/bin/bq
/Users/wongshennan/google-cloud-sdk/bin/gsutil
/Users/wongshennan/google-cloud-sdk/bin/dev_appserver.py
/Applications/Docker.app/Contents/Resources/bin/kubectl
/opt/homebrew/Cellar/minikube/1.29.0/bin/minikube
/Users/wongshennan/google-cloud-sdk/bin/gcloud
/Users/wongshennan/google-cloud-sdk/bin/docker-credential-gcloud
/opt/homebrew/Cellar/kubernetes-cli/1.26.3/bin/kubectl
/Users/wongshennan/google-cloud-sdk/bin/java_dev_appserver.sh
/Users/wongshennan/google-cloud-sdk/bin/git-credential-gcloud.sh

  
2023-03-19 00:52:40,326 DEBUG    root            Chosen display Format:none
2023-03-19 00:52:40,327 INFO     root            Display format: "none"
