2023-03-19 08:39:42,407 DEBUG    root            Loaded Command Group: ['gcloud', 'config']
2023-03-19 08:39:42,410 DEBUG    root            Loaded Command Group: ['gcloud', 'config', 'config_helper']
2023-03-19 08:39:42,415 DEBUG    root            Running [gcloud.config.config-helper] with arguments: [--format: "json", --quiet: "True", --verbosity: "warning"]
2023-03-19 08:39:42,456 DEBUG    google.auth.transport.requests Making request: POST https://oauth2.googleapis.com/token
2023-03-19 08:39:42,478 DEBUG    urllib3.connectionpool Starting new HTTPS connection (1): oauth2.googleapis.com:443
2023-03-19 08:39:42,606 DEBUG    urllib3.connectionpool https://oauth2.googleapis.com:443 "POST /token HTTP/1.1" 200 None
2023-03-19 08:39:42,614 DEBUG    urllib3.connectionpool Starting new HTTPS connection (1): www.gstatic.com:443
2023-03-19 08:39:42,652 DEBUG    urllib3.connectionpool https://www.gstatic.com:443 "GET /cloudsdk/feature_flag_config_file.yaml HTTP/1.1" 200 101
2023-03-19 08:39:42,657 DEBUG    root            Chosen display Format:default json
2023-03-19 08:39:42,657 INFO     root            Display format: "default json"
2023-03-19 08:39:42,658 INFO     ___FILE_ONLY___ {
  "configuration": {
    "active_configuration": "default",
    "properties": {
      "compute": {
        "region": "asia-southeast1-a"
      },
      "container": {
        "use_application_default_credentials": "true"
      },
      "core": {
        "account": "wongshennan@gmail.com",
        "disable_prompts": "True",
        "disable_usage_reporting": "True",
        "print_unhandled_tracebacks": "true",
        "project": "test",
        "verbosity": "warning"
      },
      "metrics": {
        "environment": "cloudcode.vscode",
        "environment_version": "1.21.3"
      }
    }
  },
  "credential": {
    "access_token": "ya29.a0AVvZVsrJ8yK2-BgmScXR3sI7CCI0ZS1sfStdR9HkItLdWhYJ4Tjokg4n7luhEmb9axhr_SdoLnJ1wI8inL8HEEq6PWEU0bvtyQe49Jr0dWs6mr9pQgvXpE8JkI8zWEjkLn2F5WS3mdqLLMfc9TtwndWU_UpFgIEM30oyHrgaCgYKAUMSARMSFQGbdwaI43MHc0XAE4TOW5vsw3yL0A0174",
    "id_token": "eyJhbGciOiJSUzI1NiIsImtpZCI6IjVkZjFmOTQ1ZmY5MDZhZWFlZmE5M2MyNzY5OGRiNDA2ZDYwNmIwZTgiLCJ0eXAiOiJKV1QifQ.eyJpc3MiOiJodHRwczovL2FjY291bnRzLmdvb2dsZS5jb20iLCJhenAiOiIzMjU1NTk0MDU1OS5hcHBzLmdvb2dsZXVzZXJjb250ZW50LmNvbSIsImF1ZCI6IjMyNTU1OTQwNTU5LmFwcHMuZ29vZ2xldXNlcmNvbnRlbnQuY29tIiwic3ViIjoiMTE0MTQ0MTEzNTczMTc4NjIzNzc1IiwiZW1haWwiOiJ3b25nc2hlbm5hbkBnbWFpbC5jb20iLCJlbWFpbF92ZXJpZmllZCI6dHJ1ZSwiYXRfaGFzaCI6IkNsc1ViOEhUcU9obm44dG40QUJ2dlEiLCJpYXQiOjE2NzkxODYzODIsImV4cCI6MTY3OTE4OTk4Mn0.ecL4eQdU_dehspevwpuOOPOMfJWzshtkwT2yz9PQnQwJ0cWQAmLk-6rfQZE3EjhtSMDgfFY_ZfwYBgloYEbZqzC3qSA_pFBcvdo0Pg1uV3dgUUdBgdLyqUFrLz0p_cmMEQK_JmRe1jjnRqWFsJ13nKfpjCz8_hWqdnYxvvxlxUOwsrkzeKxPQO3G6yQDt9ZQDMErHNzSaJECWiCYBg1X2DJqAeeQD_JjnPhkFok9pItKsd02pzqE4eRnDTAspFBk9EEinHfMx76a3u0k2j3LmunvxALIX_BLFiZ8g2yoh8fvPDvFMKBkMRgxS9_7PG5_NItwItapixV0wnX4iNnZKA",
    "token_expiry": "2023-03-19T01:39:41Z"
  },
  "sentinels": {
    "config_sentinel": "/Users/wongshennan/.config/gcloud/config_sentinel"
  }
}
2023-03-19 08:39:42,658 INFO     ___FILE_ONLY___ 

