2023-03-12 04:45:41,478 DEBUG    root            Loaded Command Group: ['gcloud', 'auth']
2023-03-12 04:45:41,478 DEBUG    root            Loaded Command Group: ['gcloud', 'auth']
2023-03-12 04:45:41,481 DEBUG    root            Loaded Command Group: ['gcloud', 'auth', 'list']
2023-03-12 04:45:41,481 DEBUG    root            Loaded Command Group: ['gcloud', 'auth', 'list']
2023-03-12 04:45:41,482 DEBUG    root            Running [gcloud.auth.list] with arguments: [--filter: "status=ACTIVE", --format: "value(account)", --quiet: "True", --verbosity: "warning"]
2023-03-12 04:45:41,482 DEBUG    root            Running [gcloud.auth.list] with arguments: [--filter: "status=ACTIVE", --format: "value(account)", --quiet: "True", --verbosity: "warning"]
2023-03-12 04:45:41,495 DEBUG    root            Chosen display Format:    table[title='Credentialed Accounts'](
        status.yesno(yes='*', no=''):label=ACTIVE,
        account
    ) value(account)
2023-03-12 04:45:41,495 DEBUG    root            Chosen display Format:    table[title='Credentialed Accounts'](
        status.yesno(yes='*', no=''):label=ACTIVE,
        account
    ) value(account)
2023-03-12 04:45:41,496 INFO     root            Display format: "    table[title='Credentialed Accounts'](
        status.yesno(yes='*', no=''):label=ACTIVE,
        account
    ) value(account)"
2023-03-12 04:45:41,496 INFO     root            Display format: "    table[title='Credentialed Accounts'](
        status.yesno(yes='*', no=''):label=ACTIVE,
        account
    ) value(account)"
2023-03-12 04:45:41,497 INFO     ___FILE_ONLY___ wongshennan@gmail.com

2023-03-12 04:45:41,497 INFO     ___FILE_ONLY___ wongshennan@gmail.com

