2023-03-12 09:19:02,231 DEBUG    root            Loaded Command Group: ['gcloud', 'auth']
2023-03-12 09:19:02,231 DEBUG    root            Loaded Command Group: ['gcloud', 'auth']
2023-03-12 09:19:02,234 DEBUG    root            Loaded Command Group: ['gcloud', 'auth', 'list']
2023-03-12 09:19:02,234 DEBUG    root            Loaded Command Group: ['gcloud', 'auth', 'list']
2023-03-12 09:19:02,236 DEBUG    root            Running [gcloud.auth.list] with arguments: [--filter: "status=ACTIVE", --format: "value(account)", --quiet: "True", --verbosity: "warning"]
2023-03-12 09:19:02,236 DEBUG    root            Running [gcloud.auth.list] with arguments: [--filter: "status=ACTIVE", --format: "value(account)", --quiet: "True", --verbosity: "warning"]
2023-03-12 09:19:02,261 DEBUG    root            Chosen display Format:    table[title='Credentialed Accounts'](
        status.yesno(yes='*', no=''):label=ACTIVE,
        account
    ) value(account)
2023-03-12 09:19:02,261 DEBUG    root            Chosen display Format:    table[title='Credentialed Accounts'](
        status.yesno(yes='*', no=''):label=ACTIVE,
        account
    ) value(account)
2023-03-12 09:19:02,262 INFO     root            Display format: "    table[title='Credentialed Accounts'](
        status.yesno(yes='*', no=''):label=ACTIVE,
        account
    ) value(account)"
2023-03-12 09:19:02,262 INFO     root            Display format: "    table[title='Credentialed Accounts'](
        status.yesno(yes='*', no=''):label=ACTIVE,
        account
    ) value(account)"
2023-03-12 09:19:02,262 INFO     ___FILE_ONLY___ wongshennan@gmail.com

2023-03-12 09:19:02,262 INFO     ___FILE_ONLY___ wongshennan@gmail.com

