2023-03-12 09:48:17,940 DEBUG    root            Loaded Command Group: ['gcloud', 'config']
2023-03-12 09:48:17,945 DEBUG    root            Loaded Command Group: ['gcloud', 'config', 'config_helper']
2023-03-12 09:48:17,946 DEBUG    root            Running [gcloud.config.config-helper] with arguments: [--format: "json"]
2023-03-12 09:48:17,958 DEBUG    root            Chosen display Format:default json
2023-03-12 09:48:17,958 INFO     root            Display format: "default json"
2023-03-12 09:48:17,959 INFO     ___FILE_ONLY___ {
  "configuration": {
    "active_configuration": "default",
    "properties": {
      "compute": {
        "region": "asia-southeast1-a"
      },
      "container": {
        "use_application_default_credentials": "true"
      },
      "core": {
        "account": "wongshennan@gmail.com",
        "disable_usage_reporting": "True",
        "print_unhandled_tracebacks": "true",
        "project": "test"
      },
      "metrics": {
        "environment": "cloudcode.vscode",
        "environment_version": "1.21.3"
      }
    }
  },
  "credential": {
    "access_token": "ya29.a0AVvZVspoeVCwgBOTQ8q_ZgR43Lqfb2biqdfgep4jnuxrzJXqRgqP9bxIrf8ZobGvCTOZTKGCqsurhGm0XAPYyxlxjLa7Nv5e3LfTL_jKs8SM21ye1EiFBB7S4dLlaDZxNq5IFfTPjXAgdQ3NzWVylT8m6LOowQIblGmwC-0aCgYKAYISARMSFQGbdwaIQ0lBWC2SqpxdNkptT0oJzQ0174",
    "id_token": "eyJhbGciOiJSUzI1NiIsImtpZCI6IjVkZjFmOTQ1ZmY5MDZhZWFlZmE5M2MyNzY5OGRiNDA2ZDYwNmIwZTgiLCJ0eXAiOiJKV1QifQ.eyJpc3MiOiJodHRwczovL2FjY291bnRzLmdvb2dsZS5jb20iLCJhenAiOiIzMjU1NTk0MDU1OS5hcHBzLmdvb2dsZXVzZXJjb250ZW50LmNvbSIsImF1ZCI6IjMyNTU1OTQwNTU5LmFwcHMuZ29vZ2xldXNlcmNvbnRlbnQuY29tIiwic3ViIjoiMTE0MTQ0MTEzNTczMTc4NjIzNzc1IiwiZW1haWwiOiJ3b25nc2hlbm5hbkBnbWFpbC5jb20iLCJlbWFpbF92ZXJpZmllZCI6dHJ1ZSwiYXRfaGFzaCI6IlZxN1pCT21nR0ZLQk12elRTeXFKakEiLCJpYXQiOjE2Nzg1ODU2OTYsImV4cCI6MTY3ODU4OTI5Nn0.jQb4YjSQV7GNo91YhFgOqnyifTxEazg9ipHwjHPt-PsgrGxHd8f8-qyeKquj9PDSWzeXRRqOXfrludC-WgL6baHoBSQWqtBhL1_A50Rn9HJGkQnZVcCaLS1Ma3BvesQxG8Rs7ZRPblectg-_4jESDLc-3fJd5wYCfRgPjQBZkW7rpNk1vx6IcmZTxDZZQuhyMpfeFO96U84kWgrxTmOBoaaB7Q08vPfoUeAEnM6vqff7mkEGSJjkLkRde-keqGMQPGUVjshq2iw8zFed6XbGzo4jO3rWHLCVJM7euz0U3OXIWOkxnSga_cpDRl5MKoqOrkPS3-0fxLT2CzYpSGgW7g",
    "token_expiry": "2023-03-12T02:48:15Z"
  },
  "sentinels": {
    "config_sentinel": "/Users/wongshennan/.config/gcloud/config_sentinel"
  }
}
2023-03-12 09:48:17,959 INFO     ___FILE_ONLY___ 

