2023-02-28 04:28:57,197 DEBUG    root            Loaded Command Group: ['gcloud', 'auth']
2023-02-28 04:28:57,198 DEBUG    root            Loaded Command Group: ['gcloud', 'auth']
2023-02-28 04:28:57,201 DEBUG    root            Loaded Command Group: ['gcloud', 'auth', 'list']
2023-02-28 04:28:57,201 DEBUG    root            Loaded Command Group: ['gcloud', 'auth', 'list']
2023-02-28 04:28:57,203 DEBUG    root            Running [gcloud.auth.list] with arguments: [--filter: "status=ACTIVE", --format: "value(account)", --quiet: "True", --verbosity: "warning"]
2023-02-28 04:28:57,203 DEBUG    root            Running [gcloud.auth.list] with arguments: [--filter: "status=ACTIVE", --format: "value(account)", --quiet: "True", --verbosity: "warning"]
2023-02-28 04:28:57,254 DEBUG    root            Chosen display Format:    table[title='Credentialed Accounts'](
        status.yesno(yes='*', no=''):label=ACTIVE,
        account
    ) value(account)
2023-02-28 04:28:57,255 INFO     root            Display format: "    table[title='Credentialed Accounts'](
        status.yesno(yes='*', no=''):label=ACTIVE,
        account
    ) value(account)"
2023-02-28 04:28:57,255 INFO     ___FILE_ONLY___ wongshennan@gmail.com

2023-02-28 04:28:57,259 DEBUG    root            Chosen display Format:    table[title='Credentialed Accounts'](
        status.yesno(yes='*', no=''):label=ACTIVE,
        account
    ) value(account)
2023-02-28 04:28:57,260 INFO     root            Display format: "    table[title='Credentialed Accounts'](
        status.yesno(yes='*', no=''):label=ACTIVE,
        account
    ) value(account)"
2023-02-28 04:28:57,261 INFO     ___FILE_ONLY___ wongshennan@gmail.com

