2023-02-28 07:28:57,326 DEBUG    root            Loaded Command Group: ['gcloud', 'auth']
2023-02-28 07:28:57,326 DEBUG    root            Loaded Command Group: ['gcloud', 'auth']
2023-02-28 07:28:57,329 DEBUG    root            Loaded Command Group: ['gcloud', 'auth', 'list']
2023-02-28 07:28:57,329 DEBUG    root            Loaded Command Group: ['gcloud', 'auth', 'list']
2023-02-28 07:28:57,331 DEBUG    root            Running [gcloud.auth.list] with arguments: [--filter: "status=ACTIVE", --format: "value(account)", --quiet: "True", --verbosity: "warning"]
2023-02-28 07:28:57,331 DEBUG    root            Running [gcloud.auth.list] with arguments: [--filter: "status=ACTIVE", --format: "value(account)", --quiet: "True", --verbosity: "warning"]
2023-02-28 07:28:57,340 DEBUG    root            Chosen display Format:    table[title='Credentialed Accounts'](
        status.yesno(yes='*', no=''):label=ACTIVE,
        account
    ) value(account)
2023-02-28 07:28:57,340 DEBUG    root            Chosen display Format:    table[title='Credentialed Accounts'](
        status.yesno(yes='*', no=''):label=ACTIVE,
        account
    ) value(account)
2023-02-28 07:28:57,341 INFO     root            Display format: "    table[title='Credentialed Accounts'](
        status.yesno(yes='*', no=''):label=ACTIVE,
        account
    ) value(account)"
2023-02-28 07:28:57,341 INFO     root            Display format: "    table[title='Credentialed Accounts'](
        status.yesno(yes='*', no=''):label=ACTIVE,
        account
    ) value(account)"
2023-02-28 07:28:57,341 INFO     ___FILE_ONLY___ wongshennan@gmail.com

2023-02-28 07:28:57,341 INFO     ___FILE_ONLY___ wongshennan@gmail.com

