2023-02-28 09:58:57,463 DEBUG    root            Loaded Command Group: ['gcloud', 'auth']
2023-02-28 09:58:57,464 DEBUG    root            Loaded Command Group: ['gcloud', 'auth']
2023-02-28 09:58:57,467 DEBUG    root            Loaded Command Group: ['gcloud', 'auth', 'list']
2023-02-28 09:58:57,467 DEBUG    root            Loaded Command Group: ['gcloud', 'auth', 'list']
2023-02-28 09:58:57,469 DEBUG    root            Running [gcloud.auth.list] with arguments: [--filter: "status=ACTIVE", --format: "value(account)", --quiet: "True", --verbosity: "warning"]
2023-02-28 09:58:57,469 DEBUG    root            Running [gcloud.auth.list] with arguments: [--filter: "status=ACTIVE", --format: "value(account)", --quiet: "True", --verbosity: "warning"]
2023-02-28 09:58:57,481 DEBUG    root            Chosen display Format:    table[title='Credentialed Accounts'](
        status.yesno(yes='*', no=''):label=ACTIVE,
        account
    ) value(account)
2023-02-28 09:58:57,481 DEBUG    root            Chosen display Format:    table[title='Credentialed Accounts'](
        status.yesno(yes='*', no=''):label=ACTIVE,
        account
    ) value(account)
2023-02-28 09:58:57,482 INFO     root            Display format: "    table[title='Credentialed Accounts'](
        status.yesno(yes='*', no=''):label=ACTIVE,
        account
    ) value(account)"
2023-02-28 09:58:57,482 INFO     root            Display format: "    table[title='Credentialed Accounts'](
        status.yesno(yes='*', no=''):label=ACTIVE,
        account
    ) value(account)"
2023-02-28 09:58:57,482 INFO     ___FILE_ONLY___ wongshennan@gmail.com

2023-02-28 09:58:57,482 INFO     ___FILE_ONLY___ wongshennan@gmail.com

