2023-02-28 18:10:00,979 DEBUG    root            Loaded Command Group: ['gcloud', 'auth']
2023-02-28 18:10:00,979 DEBUG    root            Loaded Command Group: ['gcloud', 'auth']
2023-02-28 18:10:00,982 DEBUG    root            Loaded Command Group: ['gcloud', 'auth', 'list']
2023-02-28 18:10:00,982 DEBUG    root            Loaded Command Group: ['gcloud', 'auth', 'list']
2023-02-28 18:10:00,984 DEBUG    root            Running [gcloud.auth.list] with arguments: [--filter: "status=ACTIVE", --format: "value(account)", --quiet: "True", --verbosity: "warning"]
2023-02-28 18:10:00,984 DEBUG    root            Running [gcloud.auth.list] with arguments: [--filter: "status=ACTIVE", --format: "value(account)", --quiet: "True", --verbosity: "warning"]
2023-02-28 18:10:00,998 DEBUG    root            Chosen display Format:    table[title='Credentialed Accounts'](
        status.yesno(yes='*', no=''):label=ACTIVE,
        account
    ) value(account)
2023-02-28 18:10:00,998 DEBUG    root            Chosen display Format:    table[title='Credentialed Accounts'](
        status.yesno(yes='*', no=''):label=ACTIVE,
        account
    ) value(account)
2023-02-28 18:10:00,999 INFO     root            Display format: "    table[title='Credentialed Accounts'](
        status.yesno(yes='*', no=''):label=ACTIVE,
        account
    ) value(account)"
2023-02-28 18:10:00,999 INFO     root            Display format: "    table[title='Credentialed Accounts'](
        status.yesno(yes='*', no=''):label=ACTIVE,
        account
    ) value(account)"
2023-02-28 18:10:01,000 INFO     ___FILE_ONLY___ wongshennan@gmail.com

2023-02-28 18:10:01,000 INFO     ___FILE_ONLY___ wongshennan@gmail.com

