2023-02-28 19:15:22,910 DEBUG    root            Loaded Command Group: ['gcloud', 'auth']
2023-02-28 19:15:22,910 DEBUG    root            Loaded Command Group: ['gcloud', 'auth']
2023-02-28 19:15:22,913 DEBUG    root            Loaded Command Group: ['gcloud', 'auth', 'list']
2023-02-28 19:15:22,913 DEBUG    root            Loaded Command Group: ['gcloud', 'auth', 'list']
2023-02-28 19:15:22,914 DEBUG    root            Running [gcloud.auth.list] with arguments: [--filter: "status=ACTIVE", --format: "value(account)", --quiet: "True", --verbosity: "warning"]
2023-02-28 19:15:22,915 DEBUG    root            Running [gcloud.auth.list] with arguments: [--filter: "status=ACTIVE", --format: "value(account)", --quiet: "True", --verbosity: "warning"]
2023-02-28 19:15:22,932 DEBUG    root            Chosen display Format:    table[title='Credentialed Accounts'](
        status.yesno(yes='*', no=''):label=ACTIVE,
        account
    ) value(account)
2023-02-28 19:15:22,932 DEBUG    root            Chosen display Format:    table[title='Credentialed Accounts'](
        status.yesno(yes='*', no=''):label=ACTIVE,
        account
    ) value(account)
2023-02-28 19:15:22,933 INFO     root            Display format: "    table[title='Credentialed Accounts'](
        status.yesno(yes='*', no=''):label=ACTIVE,
        account
    ) value(account)"
2023-02-28 19:15:22,933 INFO     root            Display format: "    table[title='Credentialed Accounts'](
        status.yesno(yes='*', no=''):label=ACTIVE,
        account
    ) value(account)"
2023-02-28 19:15:22,934 INFO     ___FILE_ONLY___ wongshennan@gmail.com

2023-02-28 19:15:22,934 INFO     ___FILE_ONLY___ wongshennan@gmail.com

