2023-02-28 20:06:19,790 DEBUG    root            Loaded Command Group: ['gcloud', 'components']
2023-02-28 20:06:19,794 DEBUG    root            Loaded Command Group: ['gcloud', 'components', 'update']
2023-02-28 20:06:19,795 DEBUG    root            Running [gcloud.components.update] with arguments: [--quiet: "True"]
2023-02-28 20:06:19,817 INFO     ___FILE_ONLY___ Beginning update. This process may take several minutes.

2023-02-28 20:06:19,830 DEBUG    urllib3.connectionpool Starting new HTTPS connection (1): dl.google.com:443
2023-02-28 20:06:19,871 DEBUG    urllib3.connectionpool https://dl.google.com:443 "GET /dl/cloudsdk/channels/rapid/components-2.json HTTP/1.1" 200 206156
2023-02-28 20:06:19,902 INFO     ___FILE_ONLY___ 

2023-02-28 20:06:19,903 INFO     ___FILE_ONLY___ 
Your current Google Cloud CLI version is: 418.0.0

2023-02-28 20:06:19,903 INFO     ___FILE_ONLY___ You will be upgraded to version: 419.0.0

2023-02-28 20:06:19,903 INFO     ___FILE_ONLY___ 

2023-02-28 20:06:19,903 DEBUG    root            Chosen display Format:table[box,title="These components will be removed."](details.display_name:label=Name:align=left,version.version_string:label=Version:align=right,data.size.size(zero="",min=1048576):label=Size:align=right)
2023-02-28 20:06:19,904 DEBUG    root            Chosen display Format:table[box,title="These components will be updated."](details.display_name:label=Name:align=left,version.version_string:label=Version:align=right,data.size.size(zero="",min=1048576):label=Size:align=right)
2023-02-28 20:06:19,905 INFO     ___FILE_ONLY___ ┌─────────────────────────────────────────────────────────┐
2023-02-28 20:06:19,905 INFO     ___FILE_ONLY___ 

2023-02-28 20:06:19,905 INFO     ___FILE_ONLY___ │            These components will be updated.            │
2023-02-28 20:06:19,905 INFO     ___FILE_ONLY___ 

2023-02-28 20:06:19,905 INFO     ___FILE_ONLY___ ├─────────────────────────────────┬────────────┬──────────┤
2023-02-28 20:06:19,905 INFO     ___FILE_ONLY___ 

2023-02-28 20:06:19,905 INFO     ___FILE_ONLY___ │               Name              │  Version   │   Size   │
2023-02-28 20:06:19,906 INFO     ___FILE_ONLY___ 

2023-02-28 20:06:19,906 INFO     ___FILE_ONLY___ ├─────────────────────────────────┼────────────┼──────────┤
2023-02-28 20:06:19,906 INFO     ___FILE_ONLY___ 

2023-02-28 20:06:19,906 INFO     ___FILE_ONLY___ │ 
2023-02-28 20:06:19,906 INFO     ___FILE_ONLY___ Google Cloud CLI Core Libraries
2023-02-28 20:06:19,906 INFO     ___FILE_ONLY___  
2023-02-28 20:06:19,906 INFO     ___FILE_ONLY___ │ 
2023-02-28 20:06:19,906 INFO     ___FILE_ONLY___ 2023.02.17
2023-02-28 20:06:19,906 INFO     ___FILE_ONLY___  
2023-02-28 20:06:19,906 INFO     ___FILE_ONLY___ │ 
2023-02-28 20:06:19,906 INFO     ___FILE_ONLY___ 26.6 MiB
2023-02-28 20:06:19,906 INFO     ___FILE_ONLY___  
2023-02-28 20:06:19,906 INFO     ___FILE_ONLY___ │
2023-02-28 20:06:19,906 INFO     ___FILE_ONLY___ 

2023-02-28 20:06:19,906 INFO     ___FILE_ONLY___ │ 
2023-02-28 20:06:19,906 INFO     ___FILE_ONLY___ gcloud Alpha Commands          
2023-02-28 20:06:19,906 INFO     ___FILE_ONLY___  
2023-02-28 20:06:19,906 INFO     ___FILE_ONLY___ │ 
2023-02-28 20:06:19,906 INFO     ___FILE_ONLY___ 2023.02.17
2023-02-28 20:06:19,906 INFO     ___FILE_ONLY___  
2023-02-28 20:06:19,906 INFO     ___FILE_ONLY___ │ 
2023-02-28 20:06:19,906 INFO     ___FILE_ONLY___  < 1 MiB
2023-02-28 20:06:19,906 INFO     ___FILE_ONLY___  
2023-02-28 20:06:19,906 INFO     ___FILE_ONLY___ │
2023-02-28 20:06:19,906 INFO     ___FILE_ONLY___ 

2023-02-28 20:06:19,906 INFO     ___FILE_ONLY___ │ 
2023-02-28 20:06:19,906 INFO     ___FILE_ONLY___ gcloud Beta Commands           
2023-02-28 20:06:19,907 INFO     ___FILE_ONLY___  
2023-02-28 20:06:19,907 INFO     ___FILE_ONLY___ │ 
2023-02-28 20:06:19,907 INFO     ___FILE_ONLY___ 2023.02.17
2023-02-28 20:06:19,907 INFO     ___FILE_ONLY___  
2023-02-28 20:06:19,907 INFO     ___FILE_ONLY___ │ 
2023-02-28 20:06:19,907 INFO     ___FILE_ONLY___  < 1 MiB
2023-02-28 20:06:19,907 INFO     ___FILE_ONLY___  
2023-02-28 20:06:19,907 INFO     ___FILE_ONLY___ │
2023-02-28 20:06:19,907 INFO     ___FILE_ONLY___ 

2023-02-28 20:06:19,907 INFO     ___FILE_ONLY___ └─────────────────────────────────┴────────────┴──────────┘
2023-02-28 20:06:19,907 INFO     ___FILE_ONLY___ 

2023-02-28 20:06:19,907 DEBUG    root            Chosen display Format:table[box,title="These components will be installed."](details.display_name:label=Name:align=left,version.version_string:label=Version:align=right,data.size.size(zero="",min=1048576):label=Size:align=right)
2023-02-28 20:06:19,907 INFO     ___FILE_ONLY___ 

2023-02-28 20:06:19,909 DEBUG    urllib3.connectionpool Starting new HTTPS connection (1): dl.google.com:443
2023-02-28 20:06:19,949 DEBUG    urllib3.connectionpool https://dl.google.com:443 "GET /dl/cloudsdk/channels/rapid/RELEASE_NOTES HTTP/1.1" 200 947210
2023-02-28 20:06:20,010 INFO     ___FILE_ONLY___ The following release notes are new in this upgrade.
Please read carefully for information about new features, breaking changes,
and bugs fixed.  The latest full release notes can be viewed at:
  https://cloud.google.com/sdk/release_notes


2023-02-28 20:06:20,013 INFO     ___FILE_ONLY___ [m
2023-02-28 20:06:20,014 INFO     ___FILE_ONLY___ [1m419.0.0 (2023-02-22)[m

2023-02-28 20:06:20,014 INFO     ___FILE_ONLY___ [m
2023-02-28 20:06:20,014 INFO     ___FILE_ONLY___   
2023-02-28 20:06:20,014 INFO     ___FILE_ONLY___ [1mApp Engine[m

2023-02-28 20:06:20,014 INFO     ___FILE_ONLY___       ▪
2023-02-28 20:06:20,014 INFO     ___FILE_ONLY___  
2023-02-28 20:06:20,014 INFO     ___FILE_ONLY___ Updated
2023-02-28 20:06:20,014 INFO     ___FILE_ONLY___  
2023-02-28 20:06:20,014 INFO     ___FILE_ONLY___ the
2023-02-28 20:06:20,014 INFO     ___FILE_ONLY___  
2023-02-28 20:06:20,014 INFO     ___FILE_ONLY___ Java
2023-02-28 20:06:20,014 INFO     ___FILE_ONLY___  
2023-02-28 20:06:20,014 INFO     ___FILE_ONLY___ SDK
2023-02-28 20:06:20,014 INFO     ___FILE_ONLY___  
2023-02-28 20:06:20,014 INFO     ___FILE_ONLY___ to
2023-02-28 20:06:20,014 INFO     ___FILE_ONLY___  
2023-02-28 20:06:20,014 INFO     ___FILE_ONLY___ version
2023-02-28 20:06:20,014 INFO     ___FILE_ONLY___  
2023-02-28 20:06:20,014 INFO     ___FILE_ONLY___ 2.0.11
2023-02-28 20:06:20,014 INFO     ___FILE_ONLY___  
2023-02-28 20:06:20,014 INFO     ___FILE_ONLY___ build
2023-02-28 20:06:20,014 INFO     ___FILE_ONLY___  
2023-02-28 20:06:20,014 INFO     ___FILE_ONLY___ from
2023-02-28 20:06:20,014 INFO     ___FILE_ONLY___  
2023-02-28 20:06:20,015 INFO     ___FILE_ONLY___ the
2023-02-28 20:06:20,015 INFO     ___FILE_ONLY___  
2023-02-28 20:06:20,015 INFO     ___FILE_ONLY___ open
2023-02-28 20:06:20,015 INFO     ___FILE_ONLY___  
2023-02-28 20:06:20,015 INFO     ___FILE_ONLY___ source
2023-02-28 20:06:20,015 INFO     ___FILE_ONLY___ 

2023-02-28 20:06:20,015 INFO     ___FILE_ONLY___         
2023-02-28 20:06:20,015 INFO     ___FILE_ONLY___ project
2023-02-28 20:06:20,015 INFO     ___FILE_ONLY___ 

2023-02-28 20:06:20,015 INFO     ___FILE_ONLY___         
2023-02-28 20:06:20,015 INFO     ___FILE_ONLY___ <https://github.com/GoogleCloudPlatform/appengine-java-standard/releases/tag/v2.0.11>.
2023-02-28 20:06:20,015 INFO     ___FILE_ONLY___ 

2023-02-28 20:06:20,015 INFO     ___FILE_ONLY___ 

2023-02-28 20:06:20,015 INFO     ___FILE_ONLY___ [m
2023-02-28 20:06:20,015 INFO     ___FILE_ONLY___   
2023-02-28 20:06:20,015 INFO     ___FILE_ONLY___ [1mArtifact Registry[m

2023-02-28 20:06:20,015 INFO     ___FILE_ONLY___       ▪
2023-02-28 20:06:20,015 INFO     ___FILE_ONLY___  
2023-02-28 20:06:20,015 INFO     ___FILE_ONLY___ Fix
2023-02-28 20:06:20,015 INFO     ___FILE_ONLY___  
2023-02-28 20:06:20,015 INFO     ___FILE_ONLY___ issue
2023-02-28 20:06:20,015 INFO     ___FILE_ONLY___  
2023-02-28 20:06:20,015 INFO     ___FILE_ONLY___ where
2023-02-28 20:06:20,015 INFO     ___FILE_ONLY___  
2023-02-28 20:06:20,015 INFO     ___FILE_ONLY___ [1martifacts
2023-02-28 20:06:20,016 INFO     ___FILE_ONLY___  
2023-02-28 20:06:20,016 INFO     ___FILE_ONLY___ repositories
2023-02-28 20:06:20,016 INFO     ___FILE_ONLY___  
2023-02-28 20:06:20,016 INFO     ___FILE_ONLY___ create[m
2023-02-28 20:06:20,016 INFO     ___FILE_ONLY___  
2023-02-28 20:06:20,016 INFO     ___FILE_ONLY___ failed
2023-02-28 20:06:20,016 INFO     ___FILE_ONLY___  
2023-02-28 20:06:20,016 INFO     ___FILE_ONLY___ unconditionally.
2023-02-28 20:06:20,016 INFO     ___FILE_ONLY___ 

2023-02-28 20:06:20,016 INFO     ___FILE_ONLY___ 

2023-02-28 20:06:20,016 INFO     ___FILE_ONLY___ [m
2023-02-28 20:06:20,016 INFO     ___FILE_ONLY___   
2023-02-28 20:06:20,016 INFO     ___FILE_ONLY___ [1mCloud Datastream[m

2023-02-28 20:06:20,016 INFO     ___FILE_ONLY___       ▪
2023-02-28 20:06:20,016 INFO     ___FILE_ONLY___  
2023-02-28 20:06:20,016 INFO     ___FILE_ONLY___ Added
2023-02-28 20:06:20,016 INFO     ___FILE_ONLY___  
2023-02-28 20:06:20,016 INFO     ___FILE_ONLY___ new
2023-02-28 20:06:20,016 INFO     ___FILE_ONLY___  
2023-02-28 20:06:20,016 INFO     ___FILE_ONLY___ [1m--full-hierarchy[m
2023-02-28 20:06:20,016 INFO     ___FILE_ONLY___  
2023-02-28 20:06:20,016 INFO     ___FILE_ONLY___ and
2023-02-28 20:06:20,016 INFO     ___FILE_ONLY___  
2023-02-28 20:06:20,017 INFO     ___FILE_ONLY___ [1m--hierarchy-depth[m
2023-02-28 20:06:20,017 INFO     ___FILE_ONLY___  
2023-02-28 20:06:20,017 INFO     ___FILE_ONLY___ flags
2023-02-28 20:06:20,017 INFO     ___FILE_ONLY___  
2023-02-28 20:06:20,019 INFO     ___FILE_ONLY___ for
2023-02-28 20:06:20,019 INFO     ___FILE_ONLY___ 

2023-02-28 20:06:20,019 INFO     ___FILE_ONLY___         
2023-02-28 20:06:20,019 INFO     ___FILE_ONLY___ connection-profiles
2023-02-28 20:06:20,020 INFO     ___FILE_ONLY___  
2023-02-28 20:06:20,020 INFO     ___FILE_ONLY___ discover.
2023-02-28 20:06:20,020 INFO     ___FILE_ONLY___ 

2023-02-28 20:06:20,020 INFO     ___FILE_ONLY___       ▪
2023-02-28 20:06:20,020 INFO     ___FILE_ONLY___  
2023-02-28 20:06:20,020 INFO     ___FILE_ONLY___ Deprecated
2023-02-28 20:06:20,020 INFO     ___FILE_ONLY___  
2023-02-28 20:06:20,020 INFO     ___FILE_ONLY___ [1m--recursive[m
2023-02-28 20:06:20,020 INFO     ___FILE_ONLY___  
2023-02-28 20:06:20,020 INFO     ___FILE_ONLY___ and
2023-02-28 20:06:20,020 INFO     ___FILE_ONLY___  
2023-02-28 20:06:20,020 INFO     ___FILE_ONLY___ [1m--recursive-depth[m
2023-02-28 20:06:20,020 INFO     ___FILE_ONLY___  
2023-02-28 20:06:20,020 INFO     ___FILE_ONLY___ flags
2023-02-28 20:06:20,020 INFO     ___FILE_ONLY___  
2023-02-28 20:06:20,020 INFO     ___FILE_ONLY___ for
2023-02-28 20:06:20,020 INFO     ___FILE_ONLY___ 

2023-02-28 20:06:20,020 INFO     ___FILE_ONLY___         
2023-02-28 20:06:20,020 INFO     ___FILE_ONLY___ connection-profiles-discover.
2023-02-28 20:06:20,020 INFO     ___FILE_ONLY___ 

2023-02-28 20:06:20,020 INFO     ___FILE_ONLY___ 

2023-02-28 20:06:20,021 INFO     ___FILE_ONLY___ [m
2023-02-28 20:06:20,021 INFO     ___FILE_ONLY___   
2023-02-28 20:06:20,021 INFO     ___FILE_ONLY___ [1mCloud Functions[m

2023-02-28 20:06:20,021 INFO     ___FILE_ONLY___       ▪
2023-02-28 20:06:20,021 INFO     ___FILE_ONLY___  
2023-02-28 20:06:20,021 INFO     ___FILE_ONLY___ Added
2023-02-28 20:06:20,021 INFO     ___FILE_ONLY___  
2023-02-28 20:06:20,021 INFO     ___FILE_ONLY___ support
2023-02-28 20:06:20,021 INFO     ___FILE_ONLY___  
2023-02-28 20:06:20,021 INFO     ___FILE_ONLY___ for
2023-02-28 20:06:20,021 INFO     ___FILE_ONLY___  
2023-02-28 20:06:20,021 INFO     ___FILE_ONLY___ Docker
2023-02-28 20:06:20,021 INFO     ___FILE_ONLY___  
2023-02-28 20:06:20,021 INFO     ___FILE_ONLY___ package
2023-02-28 20:06:20,021 INFO     ___FILE_ONLY___  
2023-02-28 20:06:20,021 INFO     ___FILE_ONLY___ format
2023-02-28 20:06:20,021 INFO     ___FILE_ONLY___ 

2023-02-28 20:06:20,021 INFO     ___FILE_ONLY___         
2023-02-28 20:06:20,021 INFO     ___FILE_ONLY___ [1m{location}-docker.pkg.dev/{project}/{repository}[m
2023-02-28 20:06:20,021 INFO     ___FILE_ONLY___  
2023-02-28 20:06:20,021 INFO     ___FILE_ONLY___ to
2023-02-28 20:06:20,021 INFO     ___FILE_ONLY___  
2023-02-28 20:06:20,021 INFO     ___FILE_ONLY___ [1m--docker-repository[m
2023-02-28 20:06:20,021 INFO     ___FILE_ONLY___ 

2023-02-28 20:06:20,021 INFO     ___FILE_ONLY___         
2023-02-28 20:06:20,021 INFO     ___FILE_ONLY___ flag
2023-02-28 20:06:20,022 INFO     ___FILE_ONLY___  
2023-02-28 20:06:20,022 INFO     ___FILE_ONLY___ of
2023-02-28 20:06:20,022 INFO     ___FILE_ONLY___  
2023-02-28 20:06:20,022 INFO     ___FILE_ONLY___ [1mgcloud
2023-02-28 20:06:20,022 INFO     ___FILE_ONLY___  
2023-02-28 20:06:20,022 INFO     ___FILE_ONLY___ functions
2023-02-28 20:06:20,022 INFO     ___FILE_ONLY___  
2023-02-28 20:06:20,022 INFO     ___FILE_ONLY___ deploy[m.
2023-02-28 20:06:20,022 INFO     ___FILE_ONLY___ 

2023-02-28 20:06:20,022 INFO     ___FILE_ONLY___       ▪
2023-02-28 20:06:20,022 INFO     ___FILE_ONLY___  
2023-02-28 20:06:20,022 INFO     ___FILE_ONLY___ Fixed
2023-02-28 20:06:20,022 INFO     ___FILE_ONLY___  
2023-02-28 20:06:20,022 INFO     ___FILE_ONLY___ issue
2023-02-28 20:06:20,022 INFO     ___FILE_ONLY___  
2023-02-28 20:06:20,022 INFO     ___FILE_ONLY___ where
2023-02-28 20:06:20,022 INFO     ___FILE_ONLY___  
2023-02-28 20:06:20,022 INFO     ___FILE_ONLY___ [1mgcloud
2023-02-28 20:06:20,022 INFO     ___FILE_ONLY___  
2023-02-28 20:06:20,022 INFO     ___FILE_ONLY___ functions
2023-02-28 20:06:20,022 INFO     ___FILE_ONLY___  
2023-02-28 20:06:20,022 INFO     ___FILE_ONLY___ deploy[m
2023-02-28 20:06:20,022 INFO     ___FILE_ONLY___  
2023-02-28 20:06:20,022 INFO     ___FILE_ONLY___ fails
2023-02-28 20:06:20,022 INFO     ___FILE_ONLY___  
2023-02-28 20:06:20,022 INFO     ___FILE_ONLY___ if
2023-02-28 20:06:20,022 INFO     ___FILE_ONLY___  
2023-02-28 20:06:20,022 INFO     ___FILE_ONLY___ the
2023-02-28 20:06:20,022 INFO     ___FILE_ONLY___  
2023-02-28 20:06:20,022 INFO     ___FILE_ONLY___ user
2023-02-28 20:06:20,023 INFO     ___FILE_ONLY___  
2023-02-28 20:06:20,023 INFO     ___FILE_ONLY___ doesn't
2023-02-28 20:06:20,023 INFO     ___FILE_ONLY___ 

2023-02-28 20:06:20,023 INFO     ___FILE_ONLY___         
2023-02-28 20:06:20,023 INFO     ___FILE_ONLY___ have
2023-02-28 20:06:20,023 INFO     ___FILE_ONLY___  
2023-02-28 20:06:20,023 INFO     ___FILE_ONLY___ the
2023-02-28 20:06:20,023 INFO     ___FILE_ONLY___  
2023-02-28 20:06:20,023 INFO     ___FILE_ONLY___ permission
2023-02-28 20:06:20,023 INFO     ___FILE_ONLY___  
2023-02-28 20:06:20,023 INFO     ___FILE_ONLY___ [1mserviceusage.services.get[m.
2023-02-28 20:06:20,023 INFO     ___FILE_ONLY___ 

2023-02-28 20:06:20,023 INFO     ___FILE_ONLY___ 

2023-02-28 20:06:20,023 INFO     ___FILE_ONLY___ [m
2023-02-28 20:06:20,023 INFO     ___FILE_ONLY___   
2023-02-28 20:06:20,023 INFO     ___FILE_ONLY___ [1mCloud Logging[m

2023-02-28 20:06:20,023 INFO     ___FILE_ONLY___       ▪
2023-02-28 20:06:20,023 INFO     ___FILE_ONLY___  
2023-02-28 20:06:20,024 INFO     ___FILE_ONLY___ Promote
2023-02-28 20:06:20,024 INFO     ___FILE_ONLY___  
2023-02-28 20:06:20,024 INFO     ___FILE_ONLY___ [1m--logging-optional[m
2023-02-28 20:06:20,024 INFO     ___FILE_ONLY___  
2023-02-28 20:06:20,024 INFO     ___FILE_ONLY___ and
2023-02-28 20:06:20,024 INFO     ___FILE_ONLY___  
2023-02-28 20:06:20,024 INFO     ___FILE_ONLY___ [1m--logging-optional-fields[m
2023-02-28 20:06:20,024 INFO     ___FILE_ONLY___  
2023-02-28 20:06:20,024 INFO     ___FILE_ONLY___ flags
2023-02-28 20:06:20,024 INFO     ___FILE_ONLY___  
2023-02-28 20:06:20,024 INFO     ___FILE_ONLY___ of
2023-02-28 20:06:20,024 INFO     ___FILE_ONLY___ 

2023-02-28 20:06:20,024 INFO     ___FILE_ONLY___         
2023-02-28 20:06:20,024 INFO     ___FILE_ONLY___ [1mgcloud
2023-02-28 20:06:20,024 INFO     ___FILE_ONLY___  
2023-02-28 20:06:20,024 INFO     ___FILE_ONLY___ compute
2023-02-28 20:06:20,024 INFO     ___FILE_ONLY___  
2023-02-28 20:06:20,024 INFO     ___FILE_ONLY___ backend-services
2023-02-28 20:06:20,024 INFO     ___FILE_ONLY___  
2023-02-28 20:06:20,024 INFO     ___FILE_ONLY___ create[m
2023-02-28 20:06:20,024 INFO     ___FILE_ONLY___  
2023-02-28 20:06:20,024 INFO     ___FILE_ONLY___ and
2023-02-28 20:06:20,024 INFO     ___FILE_ONLY___  
2023-02-28 20:06:20,024 INFO     ___FILE_ONLY___ [1mgcloud
2023-02-28 20:06:20,024 INFO     ___FILE_ONLY___  
2023-02-28 20:06:20,024 INFO     ___FILE_ONLY___ compute
2023-02-28 20:06:20,024 INFO     ___FILE_ONLY___ 

2023-02-28 20:06:20,024 INFO     ___FILE_ONLY___         
2023-02-28 20:06:20,024 INFO     ___FILE_ONLY___ backend-services
2023-02-28 20:06:20,024 INFO     ___FILE_ONLY___  
2023-02-28 20:06:20,025 INFO     ___FILE_ONLY___ update[m
2023-02-28 20:06:20,025 INFO     ___FILE_ONLY___  
2023-02-28 20:06:20,025 INFO     ___FILE_ONLY___ to
2023-02-28 20:06:20,025 INFO     ___FILE_ONLY___  
2023-02-28 20:06:20,025 INFO     ___FILE_ONLY___ GA.
2023-02-28 20:06:20,025 INFO     ___FILE_ONLY___ 

2023-02-28 20:06:20,025 INFO     ___FILE_ONLY___ 

2023-02-28 20:06:20,025 INFO     ___FILE_ONLY___ [m
2023-02-28 20:06:20,025 INFO     ___FILE_ONLY___   
2023-02-28 20:06:20,025 INFO     ___FILE_ONLY___ [1mCloud Run[m

2023-02-28 20:06:20,025 INFO     ___FILE_ONLY___       ▪
2023-02-28 20:06:20,025 INFO     ___FILE_ONLY___  
2023-02-28 20:06:20,025 INFO     ___FILE_ONLY___ Promoted
2023-02-28 20:06:20,025 INFO     ___FILE_ONLY___  
2023-02-28 20:06:20,025 INFO     ___FILE_ONLY___ [1mgcloud
2023-02-28 20:06:20,025 INFO     ___FILE_ONLY___  
2023-02-28 20:06:20,025 INFO     ___FILE_ONLY___ beta
2023-02-28 20:06:20,025 INFO     ___FILE_ONLY___  
2023-02-28 20:06:20,025 INFO     ___FILE_ONLY___ run
2023-02-28 20:06:20,025 INFO     ___FILE_ONLY___  
2023-02-28 20:06:20,025 INFO     ___FILE_ONLY___ jobs
2023-02-28 20:06:20,025 INFO     ___FILE_ONLY___  
2023-02-28 20:06:20,025 INFO     ___FILE_ONLY___ executions
2023-02-28 20:06:20,025 INFO     ___FILE_ONLY___  
2023-02-28 20:06:20,025 INFO     ___FILE_ONLY___ logs
2023-02-28 20:06:20,025 INFO     ___FILE_ONLY___  
2023-02-28 20:06:20,025 INFO     ___FILE_ONLY___ read[m
2023-02-28 20:06:20,025 INFO     ___FILE_ONLY___  
2023-02-28 20:06:20,025 INFO     ___FILE_ONLY___ to
2023-02-28 20:06:20,026 INFO     ___FILE_ONLY___  
2023-02-28 20:06:20,026 INFO     ___FILE_ONLY___ beta,
2023-02-28 20:06:20,026 INFO     ___FILE_ONLY___  
2023-02-28 20:06:20,026 INFO     ___FILE_ONLY___ which
2023-02-28 20:06:20,026 INFO     ___FILE_ONLY___ 

2023-02-28 20:06:20,026 INFO     ___FILE_ONLY___         
2023-02-28 20:06:20,026 INFO     ___FILE_ONLY___ reads
2023-02-28 20:06:20,026 INFO     ___FILE_ONLY___  
2023-02-28 20:06:20,026 INFO     ___FILE_ONLY___ logs
2023-02-28 20:06:20,026 INFO     ___FILE_ONLY___  
2023-02-28 20:06:20,026 INFO     ___FILE_ONLY___ from
2023-02-28 20:06:20,026 INFO     ___FILE_ONLY___  
2023-02-28 20:06:20,026 INFO     ___FILE_ONLY___ a
2023-02-28 20:06:20,026 INFO     ___FILE_ONLY___  
2023-02-28 20:06:20,026 INFO     ___FILE_ONLY___ selected
2023-02-28 20:06:20,026 INFO     ___FILE_ONLY___  
2023-02-28 20:06:20,026 INFO     ___FILE_ONLY___ resource.
2023-02-28 20:06:20,026 INFO     ___FILE_ONLY___ 

2023-02-28 20:06:20,026 INFO     ___FILE_ONLY___       ▪
2023-02-28 20:06:20,026 INFO     ___FILE_ONLY___  
2023-02-28 20:06:20,026 INFO     ___FILE_ONLY___ Promoted
2023-02-28 20:06:20,026 INFO     ___FILE_ONLY___  
2023-02-28 20:06:20,026 INFO     ___FILE_ONLY___ [1mgcloud
2023-02-28 20:06:20,026 INFO     ___FILE_ONLY___  
2023-02-28 20:06:20,026 INFO     ___FILE_ONLY___ beta
2023-02-28 20:06:20,026 INFO     ___FILE_ONLY___  
2023-02-28 20:06:20,026 INFO     ___FILE_ONLY___ run
2023-02-28 20:06:20,026 INFO     ___FILE_ONLY___  
2023-02-28 20:06:20,026 INFO     ___FILE_ONLY___ jobs
2023-02-28 20:06:20,026 INFO     ___FILE_ONLY___  
2023-02-28 20:06:20,026 INFO     ___FILE_ONLY___ executions
2023-02-28 20:06:20,026 INFO     ___FILE_ONLY___  
2023-02-28 20:06:20,027 INFO     ___FILE_ONLY___ logs
2023-02-28 20:06:20,027 INFO     ___FILE_ONLY___  
2023-02-28 20:06:20,027 INFO     ___FILE_ONLY___ tail[m
2023-02-28 20:06:20,027 INFO     ___FILE_ONLY___  
2023-02-28 20:06:20,027 INFO     ___FILE_ONLY___ to
2023-02-28 20:06:20,027 INFO     ___FILE_ONLY___  
2023-02-28 20:06:20,027 INFO     ___FILE_ONLY___ beta,
2023-02-28 20:06:20,027 INFO     ___FILE_ONLY___  
2023-02-28 20:06:20,027 INFO     ___FILE_ONLY___ which
2023-02-28 20:06:20,027 INFO     ___FILE_ONLY___ 

2023-02-28 20:06:20,027 INFO     ___FILE_ONLY___         
2023-02-28 20:06:20,027 INFO     ___FILE_ONLY___ tail
2023-02-28 20:06:20,027 INFO     ___FILE_ONLY___  
2023-02-28 20:06:20,027 INFO     ___FILE_ONLY___ logs
2023-02-28 20:06:20,027 INFO     ___FILE_ONLY___  
2023-02-28 20:06:20,027 INFO     ___FILE_ONLY___ from
2023-02-28 20:06:20,027 INFO     ___FILE_ONLY___  
2023-02-28 20:06:20,027 INFO     ___FILE_ONLY___ a
2023-02-28 20:06:20,027 INFO     ___FILE_ONLY___  
2023-02-28 20:06:20,027 INFO     ___FILE_ONLY___ selected
2023-02-28 20:06:20,027 INFO     ___FILE_ONLY___  
2023-02-28 20:06:20,027 INFO     ___FILE_ONLY___ resource.
2023-02-28 20:06:20,027 INFO     ___FILE_ONLY___ 

2023-02-28 20:06:20,027 INFO     ___FILE_ONLY___ 

2023-02-28 20:06:20,027 INFO     ___FILE_ONLY___ [m
2023-02-28 20:06:20,027 INFO     ___FILE_ONLY___   
2023-02-28 20:06:20,027 INFO     ___FILE_ONLY___ [1mCloud Storage[m

2023-02-28 20:06:20,027 INFO     ___FILE_ONLY___       ▪
2023-02-28 20:06:20,027 INFO     ___FILE_ONLY___  
2023-02-28 20:06:20,027 INFO     ___FILE_ONLY___ [1mgcloud
2023-02-28 20:06:20,027 INFO     ___FILE_ONLY___  
2023-02-28 20:06:20,028 INFO     ___FILE_ONLY___ storage
2023-02-28 20:06:20,028 INFO     ___FILE_ONLY___  
2023-02-28 20:06:20,028 INFO     ___FILE_ONLY___ cp[m
2023-02-28 20:06:20,028 INFO     ___FILE_ONLY___  
2023-02-28 20:06:20,028 INFO     ___FILE_ONLY___ will
2023-02-28 20:06:20,028 INFO     ___FILE_ONLY___  
2023-02-28 20:06:20,028 INFO     ___FILE_ONLY___ now
2023-02-28 20:06:20,028 INFO     ___FILE_ONLY___  
2023-02-28 20:06:20,028 INFO     ___FILE_ONLY___ silently
2023-02-28 20:06:20,028 INFO     ___FILE_ONLY___  
2023-02-28 20:06:20,028 INFO     ___FILE_ONLY___ ignore
2023-02-28 20:06:20,028 INFO     ___FILE_ONLY___  
2023-02-28 20:06:20,028 INFO     ___FILE_ONLY___ the
2023-02-28 20:06:20,028 INFO     ___FILE_ONLY___  
2023-02-28 20:06:20,028 INFO     ___FILE_ONLY___ Content-MD5
2023-02-28 20:06:20,028 INFO     ___FILE_ONLY___  
2023-02-28 20:06:20,028 INFO     ___FILE_ONLY___ header
2023-02-28 20:06:20,028 INFO     ___FILE_ONLY___  
2023-02-28 20:06:20,028 INFO     ___FILE_ONLY___ for
2023-02-28 20:06:20,028 INFO     ___FILE_ONLY___ 

2023-02-28 20:06:20,028 INFO     ___FILE_ONLY___         
2023-02-28 20:06:20,028 INFO     ___FILE_ONLY___ parallel
2023-02-28 20:06:20,028 INFO     ___FILE_ONLY___  
2023-02-28 20:06:20,028 INFO     ___FILE_ONLY___ composite
2023-02-28 20:06:20,028 INFO     ___FILE_ONLY___  
2023-02-28 20:06:20,028 INFO     ___FILE_ONLY___ uploads.
2023-02-28 20:06:20,028 INFO     ___FILE_ONLY___ 

2023-02-28 20:06:20,028 INFO     ___FILE_ONLY___       ▪
2023-02-28 20:06:20,028 INFO     ___FILE_ONLY___  
2023-02-28 20:06:20,028 INFO     ___FILE_ONLY___ [1mgcloud
2023-02-28 20:06:20,028 INFO     ___FILE_ONLY___  
2023-02-28 20:06:20,029 INFO     ___FILE_ONLY___ storage
2023-02-28 20:06:20,029 INFO     ___FILE_ONLY___  
2023-02-28 20:06:20,029 INFO     ___FILE_ONLY___ hash[m
2023-02-28 20:06:20,029 INFO     ___FILE_ONLY___  
2023-02-28 20:06:20,029 INFO     ___FILE_ONLY___ has
2023-02-28 20:06:20,029 INFO     ___FILE_ONLY___  
2023-02-28 20:06:20,029 INFO     ___FILE_ONLY___ been
2023-02-28 20:06:20,029 INFO     ___FILE_ONLY___  
2023-02-28 20:06:20,029 INFO     ___FILE_ONLY___ promoted
2023-02-28 20:06:20,029 INFO     ___FILE_ONLY___  
2023-02-28 20:06:20,029 INFO     ___FILE_ONLY___ to
2023-02-28 20:06:20,029 INFO     ___FILE_ONLY___  
2023-02-28 20:06:20,029 INFO     ___FILE_ONLY___ GA.
2023-02-28 20:06:20,029 INFO     ___FILE_ONLY___ 

2023-02-28 20:06:20,029 INFO     ___FILE_ONLY___ 

2023-02-28 20:06:20,029 INFO     ___FILE_ONLY___ [m
2023-02-28 20:06:20,029 INFO     ___FILE_ONLY___   
2023-02-28 20:06:20,029 INFO     ___FILE_ONLY___ [1mFirebase Test Lab[m

2023-02-28 20:06:20,029 INFO     ___FILE_ONLY___       ▪
2023-02-28 20:06:20,029 INFO     ___FILE_ONLY___  
2023-02-28 20:06:20,029 INFO     ___FILE_ONLY___ Promoted
2023-02-28 20:06:20,029 INFO     ___FILE_ONLY___  
2023-02-28 20:06:20,029 INFO     ___FILE_ONLY___ [1m--client-details[m
2023-02-28 20:06:20,029 INFO     ___FILE_ONLY___  
2023-02-28 20:06:20,029 INFO     ___FILE_ONLY___ flag
2023-02-28 20:06:20,029 INFO     ___FILE_ONLY___  
2023-02-28 20:06:20,029 INFO     ___FILE_ONLY___ of
2023-02-28 20:06:20,029 INFO     ___FILE_ONLY___  
2023-02-28 20:06:20,030 INFO     ___FILE_ONLY___ [1mgcloud
2023-02-28 20:06:20,030 INFO     ___FILE_ONLY___  
2023-02-28 20:06:20,030 INFO     ___FILE_ONLY___ firebase
2023-02-28 20:06:20,030 INFO     ___FILE_ONLY___  
2023-02-28 20:06:20,030 INFO     ___FILE_ONLY___ test
2023-02-28 20:06:20,030 INFO     ___FILE_ONLY___  
2023-02-28 20:06:20,030 INFO     ___FILE_ONLY___ [android|ios]
2023-02-28 20:06:20,030 INFO     ___FILE_ONLY___ 

2023-02-28 20:06:20,030 INFO     ___FILE_ONLY___         
2023-02-28 20:06:20,030 INFO     ___FILE_ONLY___ run[m
2023-02-28 20:06:20,030 INFO     ___FILE_ONLY___  
2023-02-28 20:06:20,030 INFO     ___FILE_ONLY___ to
2023-02-28 20:06:20,030 INFO     ___FILE_ONLY___  
2023-02-28 20:06:20,030 INFO     ___FILE_ONLY___ GA.
2023-02-28 20:06:20,030 INFO     ___FILE_ONLY___  
2023-02-28 20:06:20,030 INFO     ___FILE_ONLY___ This
2023-02-28 20:06:20,030 INFO     ___FILE_ONLY___  
2023-02-28 20:06:20,030 INFO     ___FILE_ONLY___ flag
2023-02-28 20:06:20,030 INFO     ___FILE_ONLY___  
2023-02-28 20:06:20,030 INFO     ___FILE_ONLY___ can
2023-02-28 20:06:20,030 INFO     ___FILE_ONLY___  
2023-02-28 20:06:20,030 INFO     ___FILE_ONLY___ be
2023-02-28 20:06:20,030 INFO     ___FILE_ONLY___  
2023-02-28 20:06:20,030 INFO     ___FILE_ONLY___ used
2023-02-28 20:06:20,030 INFO     ___FILE_ONLY___  
2023-02-28 20:06:20,031 INFO     ___FILE_ONLY___ to
2023-02-28 20:06:20,031 INFO     ___FILE_ONLY___  
2023-02-28 20:06:20,031 INFO     ___FILE_ONLY___ provide
2023-02-28 20:06:20,031 INFO     ___FILE_ONLY___  
2023-02-28 20:06:20,031 INFO     ___FILE_ONLY___ additional
2023-02-28 20:06:20,031 INFO     ___FILE_ONLY___  
2023-02-28 20:06:20,031 INFO     ___FILE_ONLY___ details
2023-02-28 20:06:20,031 INFO     ___FILE_ONLY___  
2023-02-28 20:06:20,031 INFO     ___FILE_ONLY___ to
2023-02-28 20:06:20,031 INFO     ___FILE_ONLY___ 

2023-02-28 20:06:20,031 INFO     ___FILE_ONLY___         
2023-02-28 20:06:20,031 INFO     ___FILE_ONLY___ attach
2023-02-28 20:06:20,031 INFO     ___FILE_ONLY___  
2023-02-28 20:06:20,031 INFO     ___FILE_ONLY___ to
2023-02-28 20:06:20,031 INFO     ___FILE_ONLY___  
2023-02-28 20:06:20,031 INFO     ___FILE_ONLY___ the
2023-02-28 20:06:20,031 INFO     ___FILE_ONLY___  
2023-02-28 20:06:20,031 INFO     ___FILE_ONLY___ test
2023-02-28 20:06:20,031 INFO     ___FILE_ONLY___  
2023-02-28 20:06:20,031 INFO     ___FILE_ONLY___ matrix,
2023-02-28 20:06:20,031 INFO     ___FILE_ONLY___  
2023-02-28 20:06:20,031 INFO     ___FILE_ONLY___ including
2023-02-28 20:06:20,031 INFO     ___FILE_ONLY___  
2023-02-28 20:06:20,031 INFO     ___FILE_ONLY___ a
2023-02-28 20:06:20,031 INFO     ___FILE_ONLY___  
2023-02-28 20:06:20,031 INFO     ___FILE_ONLY___ [1mmatrixLabel[m
2023-02-28 20:06:20,031 INFO     ___FILE_ONLY___  
2023-02-28 20:06:20,031 INFO     ___FILE_ONLY___ to
2023-02-28 20:06:20,031 INFO     ___FILE_ONLY___  
2023-02-28 20:06:20,031 INFO     ___FILE_ONLY___ help
2023-02-28 20:06:20,031 INFO     ___FILE_ONLY___  
2023-02-28 20:06:20,031 INFO     ___FILE_ONLY___ you
2023-02-28 20:06:20,032 INFO     ___FILE_ONLY___  
2023-02-28 20:06:20,032 INFO     ___FILE_ONLY___ identify
2023-02-28 20:06:20,032 INFO     ___FILE_ONLY___ 

2023-02-28 20:06:20,032 INFO     ___FILE_ONLY___         
2023-02-28 20:06:20,032 INFO     ___FILE_ONLY___ and
2023-02-28 20:06:20,032 INFO     ___FILE_ONLY___  
2023-02-28 20:06:20,032 INFO     ___FILE_ONLY___ locate
2023-02-28 20:06:20,032 INFO     ___FILE_ONLY___  
2023-02-28 20:06:20,032 INFO     ___FILE_ONLY___ your
2023-02-28 20:06:20,032 INFO     ___FILE_ONLY___  
2023-02-28 20:06:20,032 INFO     ___FILE_ONLY___ test
2023-02-28 20:06:20,032 INFO     ___FILE_ONLY___  
2023-02-28 20:06:20,032 INFO     ___FILE_ONLY___ in
2023-02-28 20:06:20,032 INFO     ___FILE_ONLY___  
2023-02-28 20:06:20,032 INFO     ___FILE_ONLY___ the
2023-02-28 20:06:20,032 INFO     ___FILE_ONLY___  
2023-02-28 20:06:20,032 INFO     ___FILE_ONLY___ Firebase
2023-02-28 20:06:20,032 INFO     ___FILE_ONLY___  
2023-02-28 20:06:20,032 INFO     ___FILE_ONLY___ console.
2023-02-28 20:06:20,032 INFO     ___FILE_ONLY___ 

2023-02-28 20:06:20,032 INFO     ___FILE_ONLY___ 

2023-02-28 20:06:20,032 INFO     ___FILE_ONLY___ [m
2023-02-28 20:06:20,032 INFO     ___FILE_ONLY___   
2023-02-28 20:06:20,032 INFO     ___FILE_ONLY___ [1mRecaptcha[m

2023-02-28 20:06:20,032 INFO     ___FILE_ONLY___       ▪
2023-02-28 20:06:20,032 INFO     ___FILE_ONLY___  
2023-02-28 20:06:20,032 INFO     ___FILE_ONLY___ Support
2023-02-28 20:06:20,032 INFO     ___FILE_ONLY___  
2023-02-28 20:06:20,033 INFO     ___FILE_ONLY___ creating
2023-02-28 20:06:20,033 INFO     ___FILE_ONLY___  
2023-02-28 20:06:20,033 INFO     ___FILE_ONLY___ Fastly
2023-02-28 20:06:20,033 INFO     ___FILE_ONLY___  
2023-02-28 20:06:20,033 INFO     ___FILE_ONLY___ enabled
2023-02-28 20:06:20,033 INFO     ___FILE_ONLY___  
2023-02-28 20:06:20,033 INFO     ___FILE_ONLY___ site
2023-02-28 20:06:20,033 INFO     ___FILE_ONLY___  
2023-02-28 20:06:20,033 INFO     ___FILE_ONLY___ keys
2023-02-28 20:06:20,033 INFO     ___FILE_ONLY___  
2023-02-28 20:06:20,033 INFO     ___FILE_ONLY___ using
2023-02-28 20:06:20,033 INFO     ___FILE_ONLY___  
2023-02-28 20:06:20,033 INFO     ___FILE_ONLY___ [1mrecaptcha
2023-02-28 20:06:20,033 INFO     ___FILE_ONLY___  
2023-02-28 20:06:20,033 INFO     ___FILE_ONLY___ keys
2023-02-28 20:06:20,033 INFO     ___FILE_ONLY___  
2023-02-28 20:06:20,033 INFO     ___FILE_ONLY___ create
2023-02-28 20:06:20,033 INFO     ___FILE_ONLY___ 

2023-02-28 20:06:20,033 INFO     ___FILE_ONLY___         
2023-02-28 20:06:20,033 INFO     ___FILE_ONLY___ --waf-service=fastly[m.
2023-02-28 20:06:20,033 INFO     ___FILE_ONLY___ 

2023-02-28 20:06:20,033 INFO     ___FILE_ONLY___ 

2023-02-28 20:06:20,033 INFO     ___FILE_ONLY___    
2023-02-28 20:06:20,033 INFO     ___FILE_ONLY___  
2023-02-28 20:06:20,033 INFO     ___FILE_ONLY___ Subscribe
2023-02-28 20:06:20,033 INFO     ___FILE_ONLY___  
2023-02-28 20:06:20,033 INFO     ___FILE_ONLY___ to
2023-02-28 20:06:20,033 INFO     ___FILE_ONLY___  
2023-02-28 20:06:20,034 INFO     ___FILE_ONLY___ these
2023-02-28 20:06:20,034 INFO     ___FILE_ONLY___  
2023-02-28 20:06:20,034 INFO     ___FILE_ONLY___ release
2023-02-28 20:06:20,034 INFO     ___FILE_ONLY___  
2023-02-28 20:06:20,034 INFO     ___FILE_ONLY___ notes
2023-02-28 20:06:20,034 INFO     ___FILE_ONLY___  
2023-02-28 20:06:20,034 INFO     ___FILE_ONLY___ at
2023-02-28 20:06:20,034 INFO     ___FILE_ONLY___ 

2023-02-28 20:06:20,034 INFO     ___FILE_ONLY___     
2023-02-28 20:06:20,034 INFO     ___FILE_ONLY___ https://groups.google.com/forum/#!forum/google-cloud-sdk-announce
2023-02-28 20:06:20,034 INFO     ___FILE_ONLY___ 

2023-02-28 20:06:20,034 INFO     ___FILE_ONLY___     
2023-02-28 20:06:20,034 INFO     ___FILE_ONLY___ (https://groups.google.com/forum/#!forum/google-cloud-sdk-announce).
2023-02-28 20:06:20,034 INFO     ___FILE_ONLY___ 

2023-02-28 20:06:20,034 INFO     ___FILE_ONLY___ [m
2023-02-28 20:06:20,034 INFO     ___FILE_ONLY___ 

2023-02-28 20:06:20,069 INFO     ___FILE_ONLY___ ╔════════════════════════════════════════════════════════════╗

2023-02-28 20:06:20,070 INFO     ___FILE_ONLY___ ╠═ Creating update staging area                             ═╣

2023-02-28 20:06:20,070 INFO     ___FILE_ONLY___ ╚
2023-02-28 20:06:20,070 INFO     ___FILE_ONLY___ ══════
2023-02-28 20:06:26,131 INFO     ___FILE_ONLY___ ══════
2023-02-28 20:06:26,132 INFO     ___FILE_ONLY___ ══════
2023-02-28 20:06:27,273 INFO     ___FILE_ONLY___ ═
2023-02-28 20:06:27,704 INFO     ___FILE_ONLY___ ═
2023-02-28 20:06:27,888 INFO     ___FILE_ONLY___ ═
2023-02-28 20:06:28,179 INFO     ___FILE_ONLY___ ═
2023-02-28 20:06:28,448 INFO     ___FILE_ONLY___ ═
2023-02-28 20:06:28,689 INFO     ___FILE_ONLY___ ═
2023-02-28 20:06:28,958 INFO     ___FILE_ONLY___ ═
2023-02-28 20:06:29,272 INFO     ___FILE_ONLY___ ═
2023-02-28 20:06:29,708 INFO     ___FILE_ONLY___ ═
2023-02-28 20:06:29,993 INFO     ___FILE_ONLY___ ═
2023-02-28 20:06:30,300 INFO     ___FILE_ONLY___ ═
2023-02-28 20:06:30,529 INFO     ___FILE_ONLY___ ═
2023-02-28 20:06:30,696 INFO     ___FILE_ONLY___ ═
2023-02-28 20:06:30,848 INFO     ___FILE_ONLY___ ═
2023-02-28 20:06:30,993 INFO     ___FILE_ONLY___ ═
2023-02-28 20:06:31,340 INFO     ___FILE_ONLY___ ═
2023-02-28 20:06:31,486 INFO     ___FILE_ONLY___ ═
2023-02-28 20:06:31,640 INFO     ___FILE_ONLY___ ═
2023-02-28 20:06:31,828 INFO     ___FILE_ONLY___ ═
2023-02-28 20:06:31,988 INFO     ___FILE_ONLY___ ═
2023-02-28 20:06:32,115 INFO     ___FILE_ONLY___ ═
2023-02-28 20:06:32,230 INFO     ___FILE_ONLY___ ═
2023-02-28 20:06:32,317 INFO     ___FILE_ONLY___ ═
2023-02-28 20:06:32,469 INFO     ___FILE_ONLY___ ═
2023-02-28 20:06:32,593 INFO     ___FILE_ONLY___ ═
2023-02-28 20:06:32,768 INFO     ___FILE_ONLY___ ═
2023-02-28 20:06:32,939 INFO     ___FILE_ONLY___ ═
2023-02-28 20:06:33,090 INFO     ___FILE_ONLY___ ═
2023-02-28 20:06:33,224 INFO     ___FILE_ONLY___ ═
2023-02-28 20:06:33,420 INFO     ___FILE_ONLY___ ═
2023-02-28 20:06:33,573 INFO     ___FILE_ONLY___ ═
2023-02-28 20:06:33,785 INFO     ___FILE_ONLY___ ═
2023-02-28 20:06:34,001 INFO     ___FILE_ONLY___ ═
2023-02-28 20:06:34,270 INFO     ___FILE_ONLY___ ═
2023-02-28 20:06:34,411 INFO     ___FILE_ONLY___ ═
2023-02-28 20:06:34,571 INFO     ___FILE_ONLY___ ═
2023-02-28 20:06:34,738 INFO     ___FILE_ONLY___ ═
2023-02-28 20:06:34,845 INFO     ___FILE_ONLY___ ═
2023-02-28 20:06:35,042 INFO     ___FILE_ONLY___ ═
2023-02-28 20:06:35,181 INFO     ___FILE_ONLY___ ═
2023-02-28 20:06:35,326 INFO     ___FILE_ONLY___ ═
2023-02-28 20:06:35,470 INFO     ___FILE_ONLY___ ═
2023-02-28 20:06:35,470 INFO     ___FILE_ONLY___ ╝

2023-02-28 20:06:41,497 INFO     ___FILE_ONLY___ ╔════════════════════════════════════════════════════════════╗

2023-02-28 20:06:41,497 INFO     ___FILE_ONLY___ ╠═ Uninstalling: Google Cloud CLI Core Libraries            ═╣

2023-02-28 20:06:41,497 INFO     ___FILE_ONLY___ ╚
2023-02-28 20:06:41,517 INFO     ___FILE_ONLY___ ═
2023-02-28 20:06:41,538 INFO     ___FILE_ONLY___ ═
2023-02-28 20:06:41,555 INFO     ___FILE_ONLY___ ═
2023-02-28 20:06:41,570 INFO     ___FILE_ONLY___ ═
2023-02-28 20:06:41,591 INFO     ___FILE_ONLY___ ═
2023-02-28 20:06:41,610 INFO     ___FILE_ONLY___ ═
2023-02-28 20:06:41,630 INFO     ___FILE_ONLY___ ═
2023-02-28 20:06:41,647 INFO     ___FILE_ONLY___ ═
2023-02-28 20:06:41,674 INFO     ___FILE_ONLY___ ═
2023-02-28 20:06:41,702 INFO     ___FILE_ONLY___ ═
2023-02-28 20:06:41,723 INFO     ___FILE_ONLY___ ═
2023-02-28 20:06:41,745 INFO     ___FILE_ONLY___ ═
2023-02-28 20:06:41,760 INFO     ___FILE_ONLY___ ═
2023-02-28 20:06:41,783 INFO     ___FILE_ONLY___ ═
2023-02-28 20:06:41,803 INFO     ___FILE_ONLY___ ═
2023-02-28 20:06:41,822 INFO     ___FILE_ONLY___ ═
2023-02-28 20:06:41,839 INFO     ___FILE_ONLY___ ═
2023-02-28 20:06:41,860 INFO     ___FILE_ONLY___ ═
2023-02-28 20:06:41,881 INFO     ___FILE_ONLY___ ═
2023-02-28 20:06:41,903 INFO     ___FILE_ONLY___ ═
2023-02-28 20:06:41,919 INFO     ___FILE_ONLY___ ═
2023-02-28 20:06:41,934 INFO     ___FILE_ONLY___ ═
2023-02-28 20:06:41,954 INFO     ___FILE_ONLY___ ═
2023-02-28 20:06:41,974 INFO     ___FILE_ONLY___ ═
2023-02-28 20:06:41,994 INFO     ___FILE_ONLY___ ═
2023-02-28 20:06:42,008 INFO     ___FILE_ONLY___ ═
2023-02-28 20:06:42,026 INFO     ___FILE_ONLY___ ═
2023-02-28 20:06:42,045 INFO     ___FILE_ONLY___ ═
2023-02-28 20:06:42,063 INFO     ___FILE_ONLY___ ═
2023-02-28 20:06:42,083 INFO     ___FILE_ONLY___ ═
2023-02-28 20:06:42,096 INFO     ___FILE_ONLY___ ═
2023-02-28 20:06:42,112 INFO     ___FILE_ONLY___ ═
2023-02-28 20:06:42,131 INFO     ___FILE_ONLY___ ═
2023-02-28 20:06:42,151 INFO     ___FILE_ONLY___ ═
2023-02-28 20:06:42,189 INFO     ___FILE_ONLY___ ═
2023-02-28 20:06:42,207 INFO     ___FILE_ONLY___ ═
2023-02-28 20:06:42,221 INFO     ___FILE_ONLY___ ═
2023-02-28 20:06:42,240 INFO     ___FILE_ONLY___ ═
2023-02-28 20:06:42,258 INFO     ___FILE_ONLY___ ═
2023-02-28 20:06:42,276 INFO     ___FILE_ONLY___ ═
2023-02-28 20:06:42,295 INFO     ___FILE_ONLY___ ═
2023-02-28 20:06:42,312 INFO     ___FILE_ONLY___ ═
2023-02-28 20:06:42,327 INFO     ___FILE_ONLY___ ═
2023-02-28 20:06:42,345 INFO     ___FILE_ONLY___ ═
2023-02-28 20:06:42,365 INFO     ___FILE_ONLY___ ═
2023-02-28 20:06:42,386 INFO     ___FILE_ONLY___ ═
2023-02-28 20:06:42,400 INFO     ___FILE_ONLY___ ═
2023-02-28 20:06:42,415 INFO     ___FILE_ONLY___ ═
2023-02-28 20:06:42,428 INFO     ___FILE_ONLY___ ═
2023-02-28 20:06:42,440 INFO     ___FILE_ONLY___ ═
2023-02-28 20:06:42,451 INFO     ___FILE_ONLY___ ═
2023-02-28 20:06:42,461 INFO     ___FILE_ONLY___ ═
2023-02-28 20:06:42,473 INFO     ___FILE_ONLY___ ═
2023-02-28 20:06:42,484 INFO     ___FILE_ONLY___ ═
2023-02-28 20:06:42,494 INFO     ___FILE_ONLY___ ═
2023-02-28 20:06:42,510 INFO     ___FILE_ONLY___ ═
2023-02-28 20:06:42,525 INFO     ___FILE_ONLY___ ═
2023-02-28 20:06:42,539 INFO     ___FILE_ONLY___ ═
2023-02-28 20:06:42,554 INFO     ___FILE_ONLY___ ═
2023-02-28 20:06:42,566 INFO     ___FILE_ONLY___ ═
2023-02-28 20:06:42,566 INFO     ___FILE_ONLY___ ╝

2023-02-28 20:06:43,512 INFO     ___FILE_ONLY___ ╔════════════════════════════════════════════════════════════╗

2023-02-28 20:06:43,512 INFO     ___FILE_ONLY___ ╠═ Uninstalling: gcloud Alpha Commands                      ═╣

2023-02-28 20:06:43,512 INFO     ___FILE_ONLY___ ╚
2023-02-28 20:06:43,513 INFO     ___FILE_ONLY___ ════════════════════════════════════════════════════════════
2023-02-28 20:06:43,513 INFO     ___FILE_ONLY___ ╝

2023-02-28 20:06:43,544 INFO     ___FILE_ONLY___ ╔════════════════════════════════════════════════════════════╗

2023-02-28 20:06:43,544 INFO     ___FILE_ONLY___ ╠═ Uninstalling: gcloud Beta Commands                       ═╣

2023-02-28 20:06:43,544 INFO     ___FILE_ONLY___ ╚
2023-02-28 20:06:43,545 INFO     ___FILE_ONLY___ ════════════════════════════════════════════════════════════
2023-02-28 20:06:43,545 INFO     ___FILE_ONLY___ ╝

2023-02-28 20:06:43,573 INFO     ___FILE_ONLY___ ╔════════════════════════════════════════════════════════════╗

2023-02-28 20:06:43,573 INFO     ___FILE_ONLY___ ╠═ Installing: Google Cloud CLI Core Libraries              ═╣

2023-02-28 20:06:43,573 INFO     ___FILE_ONLY___ ╚
2023-02-28 20:06:43,578 DEBUG    urllib3.connectionpool Starting new HTTPS connection (1): dl.google.com:443
2023-02-28 20:06:44,544 DEBUG    urllib3.connectionpool https://dl.google.com:443 "GET /dl/cloudsdk/channels/rapid/components/google-cloud-sdk-core-20230217153950.tar.gz HTTP/1.1" 200 27904551
2023-02-28 20:06:45,633 INFO     ___FILE_ONLY___ ═
2023-02-28 20:06:45,634 INFO     ___FILE_ONLY___ ═
2023-02-28 20:06:45,635 INFO     ___FILE_ONLY___ ═
2023-02-28 20:06:45,636 INFO     ___FILE_ONLY___ ═
2023-02-28 20:06:45,636 INFO     ___FILE_ONLY___ ═
2023-02-28 20:06:45,637 INFO     ___FILE_ONLY___ ═
2023-02-28 20:06:45,637 INFO     ___FILE_ONLY___ ═
2023-02-28 20:06:45,638 INFO     ___FILE_ONLY___ ═
2023-02-28 20:06:45,639 INFO     ___FILE_ONLY___ ═
2023-02-28 20:06:45,642 INFO     ___FILE_ONLY___ ═
2023-02-28 20:06:45,642 INFO     ___FILE_ONLY___ ═
2023-02-28 20:06:45,643 INFO     ___FILE_ONLY___ ═
2023-02-28 20:06:45,644 INFO     ___FILE_ONLY___ ═
2023-02-28 20:06:45,644 INFO     ___FILE_ONLY___ ═
2023-02-28 20:06:45,645 INFO     ___FILE_ONLY___ ═
2023-02-28 20:06:45,646 INFO     ___FILE_ONLY___ ═
2023-02-28 20:06:45,647 INFO     ___FILE_ONLY___ ═
2023-02-28 20:06:45,647 INFO     ___FILE_ONLY___ ═
2023-02-28 20:06:45,648 INFO     ___FILE_ONLY___ ═
2023-02-28 20:06:45,649 INFO     ___FILE_ONLY___ ═
2023-02-28 20:06:45,649 INFO     ___FILE_ONLY___ ═
2023-02-28 20:06:45,650 INFO     ___FILE_ONLY___ ═
2023-02-28 20:06:45,651 INFO     ___FILE_ONLY___ ═
2023-02-28 20:06:45,652 INFO     ___FILE_ONLY___ ═
2023-02-28 20:06:45,652 INFO     ___FILE_ONLY___ ═
2023-02-28 20:06:45,653 INFO     ___FILE_ONLY___ ═
2023-02-28 20:06:45,654 INFO     ___FILE_ONLY___ ═
2023-02-28 20:06:45,655 INFO     ___FILE_ONLY___ ═
2023-02-28 20:06:45,656 INFO     ___FILE_ONLY___ ═
2023-02-28 20:06:45,657 INFO     ___FILE_ONLY___ ═
2023-02-28 20:06:47,224 INFO     ___FILE_ONLY___ ═
2023-02-28 20:06:47,287 INFO     ___FILE_ONLY___ ═
2023-02-28 20:06:47,350 INFO     ___FILE_ONLY___ ═
2023-02-28 20:06:47,415 INFO     ___FILE_ONLY___ ═
2023-02-28 20:06:47,480 INFO     ___FILE_ONLY___ ═
2023-02-28 20:06:47,543 INFO     ___FILE_ONLY___ ═
2023-02-28 20:06:47,605 INFO     ___FILE_ONLY___ ═
2023-02-28 20:06:47,724 INFO     ___FILE_ONLY___ ═
2023-02-28 20:06:47,838 INFO     ___FILE_ONLY___ ═
2023-02-28 20:06:48,040 INFO     ___FILE_ONLY___ ═
2023-02-28 20:06:48,229 INFO     ___FILE_ONLY___ ═
2023-02-28 20:06:48,347 INFO     ___FILE_ONLY___ ═
2023-02-28 20:06:48,436 INFO     ___FILE_ONLY___ ═
2023-02-28 20:06:48,492 INFO     ___FILE_ONLY___ ═
2023-02-28 20:06:48,551 INFO     ___FILE_ONLY___ ═
2023-02-28 20:06:48,611 INFO     ___FILE_ONLY___ ═
2023-02-28 20:06:48,670 INFO     ___FILE_ONLY___ ═
2023-02-28 20:06:48,729 INFO     ___FILE_ONLY___ ═
2023-02-28 20:06:48,787 INFO     ___FILE_ONLY___ ═
2023-02-28 20:06:48,848 INFO     ___FILE_ONLY___ ═
2023-02-28 20:06:48,908 INFO     ___FILE_ONLY___ ═
2023-02-28 20:06:48,964 INFO     ___FILE_ONLY___ ═
2023-02-28 20:06:49,028 INFO     ___FILE_ONLY___ ═
2023-02-28 20:06:49,088 INFO     ___FILE_ONLY___ ═
2023-02-28 20:06:49,152 INFO     ___FILE_ONLY___ ═
2023-02-28 20:06:49,209 INFO     ___FILE_ONLY___ ═
2023-02-28 20:06:49,264 INFO     ___FILE_ONLY___ ═
2023-02-28 20:06:49,325 INFO     ___FILE_ONLY___ ═
2023-02-28 20:06:49,392 INFO     ___FILE_ONLY___ ═
2023-02-28 20:06:49,509 INFO     ___FILE_ONLY___ ═
2023-02-28 20:06:49,509 INFO     ___FILE_ONLY___ ╝

2023-02-28 20:06:49,618 INFO     ___FILE_ONLY___ ╔════════════════════════════════════════════════════════════╗

2023-02-28 20:06:49,618 INFO     ___FILE_ONLY___ ╠═ Installing: gcloud Alpha Commands                        ═╣

2023-02-28 20:06:49,618 INFO     ___FILE_ONLY___ ╚
2023-02-28 20:06:49,621 DEBUG    urllib3.connectionpool Starting new HTTPS connection (1): dl.google.com:443
2023-02-28 20:06:49,654 DEBUG    urllib3.connectionpool https://dl.google.com:443 "GET /dl/cloudsdk/channels/rapid/components/google-cloud-sdk-alpha-20230217153950.tar.gz HTTP/1.1" 200 800
2023-02-28 20:06:49,655 INFO     ___FILE_ONLY___ ══════════════════════════════
2023-02-28 20:06:49,655 INFO     ___FILE_ONLY___ ══════════════════════════════
2023-02-28 20:06:49,656 INFO     ___FILE_ONLY___ ╝

2023-02-28 20:06:49,685 INFO     ___FILE_ONLY___ ╔════════════════════════════════════════════════════════════╗

2023-02-28 20:06:49,685 INFO     ___FILE_ONLY___ ╠═ Installing: gcloud Beta Commands                         ═╣

2023-02-28 20:06:49,685 INFO     ___FILE_ONLY___ ╚
2023-02-28 20:06:49,688 DEBUG    urllib3.connectionpool Starting new HTTPS connection (1): dl.google.com:443
2023-02-28 20:06:49,746 DEBUG    urllib3.connectionpool https://dl.google.com:443 "GET /dl/cloudsdk/channels/rapid/components/google-cloud-sdk-beta-20230217153950.tar.gz HTTP/1.1" 200 797
2023-02-28 20:06:49,748 INFO     ___FILE_ONLY___ ══════════════════════════════
2023-02-28 20:06:49,752 INFO     ___FILE_ONLY___ ══════════════════════════════
2023-02-28 20:06:49,755 INFO     ___FILE_ONLY___ ╝

2023-02-28 20:06:49,799 INFO     ___FILE_ONLY___ ╔════════════════════════════════════════════════════════════╗

2023-02-28 20:06:49,799 INFO     ___FILE_ONLY___ ╠═ Creating backup and activating new installation          ═╣

2023-02-28 20:06:49,799 INFO     ___FILE_ONLY___ ╚
2023-02-28 20:06:49,799 DEBUG    root            Attempting to move directory [/Users/wongshennan/Library/Application Support/cloud-code/installer/google-cloud-sdk] to [/Users/wongshennan/Library/Application Support/cloud-code/installer/google-cloud-sdk.staging/.install/.backup]
2023-02-28 20:06:49,800 INFO     ___FILE_ONLY___ ══════════════════════════════
2023-02-28 20:06:49,800 DEBUG    root            Attempting to move directory [/Users/wongshennan/Library/Application Support/cloud-code/installer/google-cloud-sdk.staging] to [/Users/wongshennan/Library/Application Support/cloud-code/installer/google-cloud-sdk]
2023-02-28 20:06:49,800 INFO     ___FILE_ONLY___ ══════════════════════════════
2023-02-28 20:06:49,800 INFO     ___FILE_ONLY___ ╝

2023-02-28 20:06:49,809 DEBUG    root            Updating notification cache...
2023-02-28 20:06:49,811 INFO     ___FILE_ONLY___ 

2023-02-28 20:06:49,838 INFO     ___FILE_ONLY___ Performing post processing steps...
2023-02-28 20:06:49,839 DEBUG    root            Executing command: ['/Users/wongshennan/opt/anaconda3/bin/python3', '-S', '/Users/wongshennan/Library/Application Support/cloud-code/installer/google-cloud-sdk/lib/gcloud.py', 'components', 'post-process']
