2023-02-28 20:17:30,549 DEBUG    root            Loaded Command Group: ['gcloud', 'config']
2023-02-28 20:17:30,551 DEBUG    root            Loaded Command Group: ['gcloud', 'config', 'config_helper']
2023-02-28 20:17:30,552 DEBUG    root            Running [gcloud.config.config-helper] with arguments: [--format: "json"]
2023-02-28 20:17:30,560 DEBUG    root            Chosen display Format:default json
2023-02-28 20:17:30,560 INFO     root            Display format: "default json"
2023-02-28 20:17:30,561 INFO     ___FILE_ONLY___ {
  "configuration": {
    "active_configuration": "default",
    "properties": {
      "compute": {
        "region": "asia-southeast1-a"
      },
      "container": {
        "use_application_default_credentials": "true"
      },
      "core": {
        "account": "wongshennan@gmail.com",
        "disable_usage_reporting": "True",
        "print_unhandled_tracebacks": "true",
        "project": "test"
      },
      "metrics": {
        "environment": "cloudcode.vscode",
        "environment_version": "1.21.3"
      }
    }
  },
  "credential": {
    "access_token": "ya29.a0AVvZVsoFx7Wk1ghd3za6CT1dy62h9cXX9kWG4KOwMi9XLTwRowGx2UZ43P1TkvoG3iTxeOFV4xOVrj65Zk6qTfht147wR70cBnfg7vq1mtMS5S188_gmGOUsqS9-9mrmI-wSp86sUg-ACA6-79vM0xU6tz2HmV0OZUhlFiMaCgYKAYkSARMSFQGbdwaIsKL2EPFzCwksLvxDLD-AAg0174",
    "id_token": "eyJhbGciOiJSUzI1NiIsImtpZCI6ImQyNWY4ZGJjZjk3ZGM3ZWM0MDFmMDE3MWZiNmU2YmRhOWVkOWU3OTIiLCJ0eXAiOiJKV1QifQ.eyJpc3MiOiJodHRwczovL2FjY291bnRzLmdvb2dsZS5jb20iLCJhenAiOiIzMjU1NTk0MDU1OS5hcHBzLmdvb2dsZXVzZXJjb250ZW50LmNvbSIsImF1ZCI6IjMyNTU1OTQwNTU5LmFwcHMuZ29vZ2xldXNlcmNvbnRlbnQuY29tIiwic3ViIjoiMTE0MTQ0MTEzNTczMTc4NjIzNzc1IiwiZW1haWwiOiJ3b25nc2hlbm5hbkBnbWFpbC5jb20iLCJlbWFpbF92ZXJpZmllZCI6dHJ1ZSwiYXRfaGFzaCI6IndkdzRJTVF5OEI5dVBDYjRCaEJmNEEiLCJpYXQiOjE2Nzc1ODU5NzcsImV4cCI6MTY3NzU4OTU3N30.s9LHFHcNQCuvdMh9iGrJE8mfDlzYvXN9OP6brlQCdEtIqL_2oPrCLCBA-VhS0gf4dk2qhc9SGoT2S0N7FTz1O0Bhrzxz8EQKnP-k8iJIBBYDERrXcx2_KsKKA-FaF-nWoq4vhjGKMHgts3TsYTlHaGe9rRlaQ-_xGPFjvPLyATIQqQttLiCHJ6jXQzBshqVpxcWTQ1DndITzxKwIYgWos8_7PJkbL0QrFbtAU2XFLK5i4fwUlvZmjiR85xaOfXoVJ-3qJ7yGEex6Sb56oJXKmc_y26REkLPCU7VB3UJhmXp1PPJlHyJLO5hq1qLuEhmaPMxrd-82j0Vbnyxvfp2Vbw",
    "token_expiry": "2023-02-28T13:06:16Z"
  },
  "sentinels": {
    "config_sentinel": "/Users/wongshennan/.config/gcloud/config_sentinel"
  }
}
2023-02-28 20:17:30,561 INFO     ___FILE_ONLY___ 

