2023-03-09 00:06:15,745 DEBUG    root            Loaded Command Group: ['gcloud', 'config']
2023-03-09 00:06:15,748 DEBUG    root            Loaded Command Group: ['gcloud', 'config', 'config_helper']
2023-03-09 00:06:15,750 DEBUG    root            Running [gcloud.config.config-helper] with arguments: [--format: "json", --quiet: "True", --verbosity: "warning"]
2023-03-09 00:06:15,755 DEBUG    google.auth.transport.requests Making request: POST https://oauth2.googleapis.com/token
2023-03-09 00:06:15,762 DEBUG    urllib3.connectionpool Starting new HTTPS connection (1): oauth2.googleapis.com:443
2023-03-09 00:06:15,964 DEBUG    urllib3.connectionpool https://oauth2.googleapis.com:443 "POST /token HTTP/1.1" 200 None
2023-03-09 00:06:15,971 DEBUG    urllib3.connectionpool Starting new HTTPS connection (1): www.gstatic.com:443
2023-03-09 00:06:16,120 DEBUG    urllib3.connectionpool https://www.gstatic.com:443 "GET /cloudsdk/feature_flag_config_file.yaml HTTP/1.1" 200 101
2023-03-09 00:06:16,125 DEBUG    root            Chosen display Format:default json
2023-03-09 00:06:16,125 INFO     root            Display format: "default json"
2023-03-09 00:06:16,127 INFO     ___FILE_ONLY___ {
  "configuration": {
    "active_configuration": "default",
    "properties": {
      "compute": {
        "region": "asia-southeast1-a"
      },
      "container": {
        "use_application_default_credentials": "true"
      },
      "core": {
        "account": "wongshennan@gmail.com",
        "disable_prompts": "True",
        "disable_usage_reporting": "True",
        "print_unhandled_tracebacks": "true",
        "project": "test",
        "verbosity": "warning"
      },
      "metrics": {
        "environment": "cloudcode.vscode",
        "environment_version": "1.21.3"
      }
    }
  },
  "credential": {
    "access_token": "ya29.a0AVvZVsoBIEvmRMkXUpoFEqT2o0OHM6yAYk9uzK8pTKL7km3LB1N8G8BzpTQ77NzeR1mM2NQTwadnfokN-PngRBGAoYFIY331zJvuptrab1HndY1LbfDKpUftC4vV8u5e_v8DYgdVmHN5ogBjBTZfP8jtKXRbtdw62nmxe4QaCgYKAbUSARMSFQGbdwaIwTWmlMZwWwvfPyMNyxTRQg0174",
    "id_token": "eyJhbGciOiJSUzI1NiIsImtpZCI6IjI1NWNjYTZlYzI4MTA2MDJkODBiZWM4OWU0NTZjNDQ5NWQ3NDE4YmIiLCJ0eXAiOiJKV1QifQ.eyJpc3MiOiJodHRwczovL2FjY291bnRzLmdvb2dsZS5jb20iLCJhenAiOiIzMjU1NTk0MDU1OS5hcHBzLmdvb2dsZXVzZXJjb250ZW50LmNvbSIsImF1ZCI6IjMyNTU1OTQwNTU5LmFwcHMuZ29vZ2xldXNlcmNvbnRlbnQuY29tIiwic3ViIjoiMTE0MTQ0MTEzNTczMTc4NjIzNzc1IiwiZW1haWwiOiJ3b25nc2hlbm5hbkBnbWFpbC5jb20iLCJlbWFpbF92ZXJpZmllZCI6dHJ1ZSwiYXRfaGFzaCI6ImV6THZkYkFFN1BpSWo2NlN3dU1hUWciLCJpYXQiOjE2NzgyOTE1NzYsImV4cCI6MTY3ODI5NTE3Nn0.MtlfcdoKFBWYz6DalNWslaDB5Ga1Q4iZn4zwNokfoDic3EOVFmT5UGQ2ILSupHfBnZki5Jh6o4AiW44ntuoPSQZ_LaEpxsBECgAZjlNDnvdhaOiISIVKEu0FtJ3L_vcfR7K9_jkcPKa8_kJplsyfOQWiSmtJ45U9MEJwtE80nkzUFyvd_tt-Sk_P4rskr06mpmWkyZb1Czsl9UR0hpjOSl7OWM8i_WZW_ibGubs70wNSFf171JOJuxVQOuyARedAP-EVvVQi560rPatK6yMnfTr8rLvpLex1CqcBIzsjhOQTdeUVr79SVbcLVXp-LhZ2aR85LnvuxxNscfDdkJGbQQ",
    "token_expiry": "2023-03-08T17:06:14Z"
  },
  "sentinels": {
    "config_sentinel": "/Users/wongshennan/.config/gcloud/config_sentinel"
  }
}
2023-03-09 00:06:16,127 INFO     ___FILE_ONLY___ 

