2023-03-09 00:36:25,199 DEBUG    root            Loaded Command Group: ['gcloud', 'components']
2023-03-09 00:36:25,201 DEBUG    root            Loaded Command Group: ['gcloud', 'components', 'install']
2023-03-09 00:36:25,202 DEBUG    root            Running [gcloud.components.install] with arguments: [--quiet: "True", COMPONENT-IDS:7: "['alpha', 'beta', 'gke-gcloud-auth-plugin', 'kubectl', 'skaffold', 'minikube', 'gsutil']"]
2023-03-09 00:36:25,224 DEBUG    urllib3.connectionpool Starting new HTTPS connection (1): dl.google.com:443
2023-03-09 00:36:25,411 DEBUG    urllib3.connectionpool https://dl.google.com:443 "GET /dl/cloudsdk/channels/rapid/components-v421.0.0.json HTTP/1.1" 200 206156
2023-03-09 00:36:25,747 INFO     ___FILE_ONLY___ 

2023-03-09 00:36:25,748 INFO     ___FILE_ONLY___ 
Your current Google Cloud CLI version is: 421.0.0

2023-03-09 00:36:25,748 INFO     ___FILE_ONLY___ Installing components from version: 421.0.0

2023-03-09 00:36:25,748 INFO     ___FILE_ONLY___ 

2023-03-09 00:36:25,748 DEBUG    root            Chosen display Format:table[box,title="These components will be removed."](details.display_name:label=Name:align=left,version.version_string:label=Version:align=right,data.size.size(zero="",min=1048576):label=Size:align=right)
2023-03-09 00:36:25,749 DEBUG    root            Chosen display Format:table[box,title="These components will be updated."](details.display_name:label=Name:align=left,version.version_string:label=Version:align=right,data.size.size(zero="",min=1048576):label=Size:align=right)
2023-03-09 00:36:25,749 DEBUG    root            Chosen display Format:table[box,title="These components will be installed."](details.display_name:label=Name:align=left,version.version_string:label=Version:align=right,data.size.size(zero="",min=1048576):label=Size:align=right)
2023-03-09 00:36:25,753 INFO     ___FILE_ONLY___ ┌─────────────────────────────────────────────────┐
2023-03-09 00:36:25,753 INFO     ___FILE_ONLY___ 

2023-03-09 00:36:25,754 INFO     ___FILE_ONLY___ │       These components will be installed.       │
2023-03-09 00:36:25,754 INFO     ___FILE_ONLY___ 

2023-03-09 00:36:25,754 INFO     ___FILE_ONLY___ ├─────────────────────────┬────────────┬──────────┤
2023-03-09 00:36:25,754 INFO     ___FILE_ONLY___ 

2023-03-09 00:36:25,754 INFO     ___FILE_ONLY___ │           Name          │  Version   │   Size   │
2023-03-09 00:36:25,754 INFO     ___FILE_ONLY___ 

2023-03-09 00:36:25,754 INFO     ___FILE_ONLY___ ├─────────────────────────┼────────────┼──────────┤
2023-03-09 00:36:25,754 INFO     ___FILE_ONLY___ 

2023-03-09 00:36:25,754 INFO     ___FILE_ONLY___ │ 
2023-03-09 00:36:25,754 INFO     ___FILE_ONLY___ Minikube               
2023-03-09 00:36:25,754 INFO     ___FILE_ONLY___  
2023-03-09 00:36:25,754 INFO     ___FILE_ONLY___ │ 
2023-03-09 00:36:25,754 INFO     ___FILE_ONLY___     1.29.0
2023-03-09 00:36:25,754 INFO     ___FILE_ONLY___  
2023-03-09 00:36:25,754 INFO     ___FILE_ONLY___ │ 
2023-03-09 00:36:25,754 INFO     ___FILE_ONLY___ 31.3 MiB
2023-03-09 00:36:25,754 INFO     ___FILE_ONLY___  
2023-03-09 00:36:25,754 INFO     ___FILE_ONLY___ │
2023-03-09 00:36:25,754 INFO     ___FILE_ONLY___ 

2023-03-09 00:36:25,754 INFO     ___FILE_ONLY___ │ 
2023-03-09 00:36:25,755 INFO     ___FILE_ONLY___ Skaffold               
2023-03-09 00:36:25,755 INFO     ___FILE_ONLY___  
2023-03-09 00:36:25,755 INFO     ___FILE_ONLY___ │ 
2023-03-09 00:36:25,755 INFO     ___FILE_ONLY___      2.1.0
2023-03-09 00:36:25,755 INFO     ___FILE_ONLY___  
2023-03-09 00:36:25,755 INFO     ___FILE_ONLY___ │ 
2023-03-09 00:36:25,755 INFO     ___FILE_ONLY___ 20.0 MiB
2023-03-09 00:36:25,755 INFO     ___FILE_ONLY___  
2023-03-09 00:36:25,755 INFO     ___FILE_ONLY___ │
2023-03-09 00:36:25,755 INFO     ___FILE_ONLY___ 

2023-03-09 00:36:25,755 INFO     ___FILE_ONLY___ │ 
2023-03-09 00:36:25,755 INFO     ___FILE_ONLY___ gcloud Alpha Commands  
2023-03-09 00:36:25,755 INFO     ___FILE_ONLY___  
2023-03-09 00:36:25,755 INFO     ___FILE_ONLY___ │ 
2023-03-09 00:36:25,755 INFO     ___FILE_ONLY___ 2023.03.03
2023-03-09 00:36:25,755 INFO     ___FILE_ONLY___  
2023-03-09 00:36:25,755 INFO     ___FILE_ONLY___ │ 
2023-03-09 00:36:25,755 INFO     ___FILE_ONLY___  < 1 MiB
2023-03-09 00:36:25,755 INFO     ___FILE_ONLY___  
2023-03-09 00:36:25,755 INFO     ___FILE_ONLY___ │
2023-03-09 00:36:25,755 INFO     ___FILE_ONLY___ 

2023-03-09 00:36:25,755 INFO     ___FILE_ONLY___ │ 
2023-03-09 00:36:25,755 INFO     ___FILE_ONLY___ gcloud Beta Commands   
2023-03-09 00:36:25,756 INFO     ___FILE_ONLY___  
2023-03-09 00:36:25,756 INFO     ___FILE_ONLY___ │ 
2023-03-09 00:36:25,756 INFO     ___FILE_ONLY___ 2023.03.03
2023-03-09 00:36:25,756 INFO     ___FILE_ONLY___  
2023-03-09 00:36:25,756 INFO     ___FILE_ONLY___ │ 
2023-03-09 00:36:25,756 INFO     ___FILE_ONLY___  < 1 MiB
2023-03-09 00:36:25,756 INFO     ___FILE_ONLY___  
2023-03-09 00:36:25,756 INFO     ___FILE_ONLY___ │
2023-03-09 00:36:25,756 INFO     ___FILE_ONLY___ 

2023-03-09 00:36:25,756 INFO     ___FILE_ONLY___ │ 
2023-03-09 00:36:25,756 INFO     ___FILE_ONLY___ gcloud cli dependencies
2023-03-09 00:36:25,756 INFO     ___FILE_ONLY___  
2023-03-09 00:36:25,756 INFO     ___FILE_ONLY___ │ 
2023-03-09 00:36:25,756 INFO     ___FILE_ONLY___ 2021.04.16
2023-03-09 00:36:25,756 INFO     ___FILE_ONLY___  
2023-03-09 00:36:25,756 INFO     ___FILE_ONLY___ │ 
2023-03-09 00:36:25,756 INFO     ___FILE_ONLY___  < 1 MiB
2023-03-09 00:36:25,756 INFO     ___FILE_ONLY___  
2023-03-09 00:36:25,756 INFO     ___FILE_ONLY___ │
2023-03-09 00:36:25,756 INFO     ___FILE_ONLY___ 

2023-03-09 00:36:25,756 INFO     ___FILE_ONLY___ │ 
2023-03-09 00:36:25,757 INFO     ___FILE_ONLY___ gke-gcloud-auth-plugin 
2023-03-09 00:36:25,757 INFO     ___FILE_ONLY___  
2023-03-09 00:36:25,757 INFO     ___FILE_ONLY___ │ 
2023-03-09 00:36:25,757 INFO     ___FILE_ONLY___      0.5.0
2023-03-09 00:36:25,757 INFO     ___FILE_ONLY___  
2023-03-09 00:36:25,757 INFO     ___FILE_ONLY___ │ 
2023-03-09 00:36:25,757 INFO     ___FILE_ONLY___  7.1 MiB
2023-03-09 00:36:25,757 INFO     ___FILE_ONLY___  
2023-03-09 00:36:25,757 INFO     ___FILE_ONLY___ │
2023-03-09 00:36:25,757 INFO     ___FILE_ONLY___ 

2023-03-09 00:36:25,757 INFO     ___FILE_ONLY___ │ 
2023-03-09 00:36:25,757 INFO     ___FILE_ONLY___ kubectl                
2023-03-09 00:36:25,757 INFO     ___FILE_ONLY___  
2023-03-09 00:36:25,757 INFO     ___FILE_ONLY___ │ 
2023-03-09 00:36:25,757 INFO     ___FILE_ONLY___    1.24.11
2023-03-09 00:36:25,757 INFO     ___FILE_ONLY___  
2023-03-09 00:36:25,757 INFO     ___FILE_ONLY___ │ 
2023-03-09 00:36:25,757 INFO     ___FILE_ONLY___ 92.8 MiB
2023-03-09 00:36:25,757 INFO     ___FILE_ONLY___  
2023-03-09 00:36:25,757 INFO     ___FILE_ONLY___ │
2023-03-09 00:36:25,757 INFO     ___FILE_ONLY___ 

2023-03-09 00:36:25,757 INFO     ___FILE_ONLY___ │ 
2023-03-09 00:36:25,757 INFO     ___FILE_ONLY___ kubectl                
2023-03-09 00:36:25,757 INFO     ___FILE_ONLY___  
2023-03-09 00:36:25,758 INFO     ___FILE_ONLY___ │ 
2023-03-09 00:36:25,758 INFO     ___FILE_ONLY___    1.24.11
2023-03-09 00:36:25,758 INFO     ___FILE_ONLY___  
2023-03-09 00:36:25,758 INFO     ___FILE_ONLY___ │ 
2023-03-09 00:36:25,758 INFO     ___FILE_ONLY___  < 1 MiB
2023-03-09 00:36:25,758 INFO     ___FILE_ONLY___  
2023-03-09 00:36:25,758 INFO     ___FILE_ONLY___ │
2023-03-09 00:36:25,758 INFO     ___FILE_ONLY___ 

2023-03-09 00:36:25,758 INFO     ___FILE_ONLY___ └─────────────────────────┴────────────┴──────────┘
2023-03-09 00:36:25,758 INFO     ___FILE_ONLY___ 

2023-03-09 00:36:25,758 INFO     ___FILE_ONLY___ 

2023-03-09 00:36:25,760 DEBUG    urllib3.connectionpool Starting new HTTPS connection (1): dl.google.com:443
2023-03-09 00:36:25,915 DEBUG    urllib3.connectionpool https://dl.google.com:443 "GET /dl/cloudsdk/channels/rapid/RELEASE_NOTES HTTP/1.1" 200 956633
2023-03-09 00:36:26,422 INFO     ___FILE_ONLY___ For the latest full release notes, please visit:
  https://cloud.google.com/sdk/release_notes


2023-03-09 00:36:26,456 INFO     ___FILE_ONLY___ ╔════════════════════════════════════════════════════════════╗

2023-03-09 00:36:26,456 INFO     ___FILE_ONLY___ ╠═ Creating update staging area                             ═╣

2023-03-09 00:36:26,456 INFO     ___FILE_ONLY___ ╚
2023-03-09 00:36:26,457 INFO     ___FILE_ONLY___ ══════
2023-03-09 00:36:28,934 INFO     ___FILE_ONLY___ ══════
2023-03-09 00:36:28,934 INFO     ___FILE_ONLY___ ══════
2023-03-09 00:36:29,351 INFO     ___FILE_ONLY___ ═
2023-03-09 00:36:29,523 INFO     ___FILE_ONLY___ ═
2023-03-09 00:36:29,683 INFO     ___FILE_ONLY___ ═
2023-03-09 00:36:29,929 INFO     ___FILE_ONLY___ ═
2023-03-09 00:36:30,116 INFO     ___FILE_ONLY___ ═
2023-03-09 00:36:30,274 INFO     ___FILE_ONLY___ ═
2023-03-09 00:36:30,457 INFO     ___FILE_ONLY___ ═
2023-03-09 00:36:30,656 INFO     ___FILE_ONLY___ ═
2023-03-09 00:36:30,926 INFO     ___FILE_ONLY___ ═
2023-03-09 00:36:31,092 INFO     ___FILE_ONLY___ ═
2023-03-09 00:36:31,275 INFO     ___FILE_ONLY___ ═
2023-03-09 00:36:31,497 INFO     ___FILE_ONLY___ ═
2023-03-09 00:36:31,648 INFO     ___FILE_ONLY___ ═
2023-03-09 00:36:31,789 INFO     ___FILE_ONLY___ ═
2023-03-09 00:36:32,019 INFO     ___FILE_ONLY___ ═
2023-03-09 00:36:32,375 INFO     ___FILE_ONLY___ ═
2023-03-09 00:36:32,512 INFO     ___FILE_ONLY___ ═
2023-03-09 00:36:32,663 INFO     ___FILE_ONLY___ ═
2023-03-09 00:36:32,844 INFO     ___FILE_ONLY___ ═
2023-03-09 00:36:32,954 INFO     ___FILE_ONLY___ ═
2023-03-09 00:36:33,047 INFO     ___FILE_ONLY___ ═
2023-03-09 00:36:33,161 INFO     ___FILE_ONLY___ ═
2023-03-09 00:36:33,241 INFO     ___FILE_ONLY___ ═
2023-03-09 00:36:33,370 INFO     ___FILE_ONLY___ ═
2023-03-09 00:36:33,476 INFO     ___FILE_ONLY___ ═
2023-03-09 00:36:33,593 INFO     ___FILE_ONLY___ ═
2023-03-09 00:36:33,717 INFO     ___FILE_ONLY___ ═
2023-03-09 00:36:33,841 INFO     ___FILE_ONLY___ ═
2023-03-09 00:36:33,951 INFO     ___FILE_ONLY___ ═
2023-03-09 00:36:34,064 INFO     ___FILE_ONLY___ ═
2023-03-09 00:36:34,272 INFO     ___FILE_ONLY___ ═
2023-03-09 00:36:34,429 INFO     ___FILE_ONLY___ ═
2023-03-09 00:36:34,549 INFO     ___FILE_ONLY___ ═
2023-03-09 00:36:34,678 INFO     ___FILE_ONLY___ ═
2023-03-09 00:36:34,788 INFO     ___FILE_ONLY___ ═
2023-03-09 00:36:34,925 INFO     ___FILE_ONLY___ ═
2023-03-09 00:36:35,062 INFO     ___FILE_ONLY___ ═
2023-03-09 00:36:35,167 INFO     ___FILE_ONLY___ ═
2023-03-09 00:36:35,328 INFO     ___FILE_ONLY___ ═
2023-03-09 00:36:35,438 INFO     ___FILE_ONLY___ ═
2023-03-09 00:36:35,562 INFO     ___FILE_ONLY___ ═
2023-03-09 00:36:35,674 INFO     ___FILE_ONLY___ ═
2023-03-09 00:36:35,674 INFO     ___FILE_ONLY___ ╝

2023-03-09 00:36:40,452 INFO     ___FILE_ONLY___ ╔════════════════════════════════════════════════════════════╗

2023-03-09 00:36:40,453 INFO     ___FILE_ONLY___ ╠═ Installing: Minikube                                     ═╣

2023-03-09 00:36:40,453 INFO     ___FILE_ONLY___ ╚
2023-03-09 00:36:40,456 DEBUG    urllib3.connectionpool Starting new HTTPS connection (1): dl.google.com:443
2023-03-09 00:36:40,882 DEBUG    urllib3.connectionpool https://dl.google.com:443 "GET /dl/cloudsdk/channels/rapid/components/google-cloud-sdk-minikube-darwin-arm-20230130152419.tar.gz HTTP/1.1" 200 32825665
2023-03-09 00:36:47,069 INFO     ___FILE_ONLY___ ═
2023-03-09 00:36:47,070 INFO     ___FILE_ONLY___ ═
2023-03-09 00:36:47,071 INFO     ___FILE_ONLY___ ═
2023-03-09 00:36:47,072 INFO     ___FILE_ONLY___ ═
2023-03-09 00:36:47,073 INFO     ___FILE_ONLY___ ═
2023-03-09 00:36:47,074 INFO     ___FILE_ONLY___ ═
2023-03-09 00:36:47,075 INFO     ___FILE_ONLY___ ═
2023-03-09 00:36:47,077 INFO     ___FILE_ONLY___ ═
2023-03-09 00:36:47,078 INFO     ___FILE_ONLY___ ═
2023-03-09 00:36:47,079 INFO     ___FILE_ONLY___ ═
2023-03-09 00:36:47,079 INFO     ___FILE_ONLY___ ═
2023-03-09 00:36:47,080 INFO     ___FILE_ONLY___ ═
2023-03-09 00:36:47,081 INFO     ___FILE_ONLY___ ═
2023-03-09 00:36:47,082 INFO     ___FILE_ONLY___ ═
2023-03-09 00:36:47,083 INFO     ___FILE_ONLY___ ═
2023-03-09 00:36:47,084 INFO     ___FILE_ONLY___ ═
2023-03-09 00:36:47,085 INFO     ___FILE_ONLY___ ═
2023-03-09 00:36:47,086 INFO     ___FILE_ONLY___ ═
2023-03-09 00:36:47,087 INFO     ___FILE_ONLY___ ═
2023-03-09 00:36:47,088 INFO     ___FILE_ONLY___ ═
2023-03-09 00:36:47,089 INFO     ___FILE_ONLY___ ═
2023-03-09 00:36:47,090 INFO     ___FILE_ONLY___ ═
2023-03-09 00:36:47,091 INFO     ___FILE_ONLY___ ═
2023-03-09 00:36:47,092 INFO     ___FILE_ONLY___ ═
2023-03-09 00:36:47,093 INFO     ___FILE_ONLY___ ═
2023-03-09 00:36:47,094 INFO     ___FILE_ONLY___ ═
2023-03-09 00:36:47,094 INFO     ___FILE_ONLY___ ═
2023-03-09 00:36:47,095 INFO     ___FILE_ONLY___ ═
2023-03-09 00:36:47,096 INFO     ___FILE_ONLY___ ═
2023-03-09 00:36:47,097 INFO     ___FILE_ONLY___ ═
2023-03-09 00:36:47,714 INFO     ___FILE_ONLY___ ══════════════════════════════
2023-03-09 00:36:47,714 INFO     ___FILE_ONLY___ ╝

2023-03-09 00:36:47,748 INFO     ___FILE_ONLY___ ╔════════════════════════════════════════════════════════════╗

2023-03-09 00:36:47,748 INFO     ___FILE_ONLY___ ╠═ Installing: Minikube                                     ═╣

2023-03-09 00:36:47,748 INFO     ___FILE_ONLY___ ╚
2023-03-09 00:36:47,751 INFO     ___FILE_ONLY___ ════════════════════════════════════════════════════════════
2023-03-09 00:36:47,751 INFO     ___FILE_ONLY___ ╝

2023-03-09 00:36:47,778 INFO     ___FILE_ONLY___ ╔════════════════════════════════════════════════════════════╗

2023-03-09 00:36:47,779 INFO     ___FILE_ONLY___ ╠═ Installing: Skaffold                                     ═╣

2023-03-09 00:36:47,779 INFO     ___FILE_ONLY___ ╚
2023-03-09 00:36:47,781 DEBUG    urllib3.connectionpool Starting new HTTPS connection (1): dl.google.com:443
2023-03-09 00:36:48,196 DEBUG    urllib3.connectionpool https://dl.google.com:443 "GET /dl/cloudsdk/channels/rapid/components/google-cloud-sdk-skaffold-darwin-arm-20230130152419.tar.gz HTTP/1.1" 200 20943763
2023-03-09 00:36:51,293 INFO     ___FILE_ONLY___ ═
2023-03-09 00:36:51,294 INFO     ___FILE_ONLY___ ═
2023-03-09 00:36:51,295 INFO     ___FILE_ONLY___ ═
2023-03-09 00:36:51,296 INFO     ___FILE_ONLY___ ═
2023-03-09 00:36:51,297 INFO     ___FILE_ONLY___ ═
2023-03-09 00:36:51,298 INFO     ___FILE_ONLY___ ═
2023-03-09 00:36:51,299 INFO     ___FILE_ONLY___ ═
2023-03-09 00:36:51,300 INFO     ___FILE_ONLY___ ═
2023-03-09 00:36:51,301 INFO     ___FILE_ONLY___ ═
2023-03-09 00:36:51,302 INFO     ___FILE_ONLY___ ═
2023-03-09 00:36:51,303 INFO     ___FILE_ONLY___ ═
2023-03-09 00:36:51,304 INFO     ___FILE_ONLY___ ═
2023-03-09 00:36:51,307 INFO     ___FILE_ONLY___ ═
2023-03-09 00:36:51,308 INFO     ___FILE_ONLY___ ═
2023-03-09 00:36:51,309 INFO     ___FILE_ONLY___ ═
2023-03-09 00:36:51,309 INFO     ___FILE_ONLY___ ═
2023-03-09 00:36:51,310 INFO     ___FILE_ONLY___ ═
2023-03-09 00:36:51,311 INFO     ___FILE_ONLY___ ═
2023-03-09 00:36:51,312 INFO     ___FILE_ONLY___ ═
2023-03-09 00:36:51,313 INFO     ___FILE_ONLY___ ═
2023-03-09 00:36:51,314 INFO     ___FILE_ONLY___ ═
2023-03-09 00:36:51,314 INFO     ___FILE_ONLY___ ═
2023-03-09 00:36:51,315 INFO     ___FILE_ONLY___ ═
2023-03-09 00:36:51,315 INFO     ___FILE_ONLY___ ═
2023-03-09 00:36:51,317 INFO     ___FILE_ONLY___ ═
2023-03-09 00:36:51,317 INFO     ___FILE_ONLY___ ═
2023-03-09 00:36:51,318 INFO     ___FILE_ONLY___ ═
2023-03-09 00:36:51,318 INFO     ___FILE_ONLY___ ═
2023-03-09 00:36:51,319 INFO     ___FILE_ONLY___ ═
2023-03-09 00:36:51,319 INFO     ___FILE_ONLY___ ═
2023-03-09 00:36:51,900 INFO     ___FILE_ONLY___ ══════════════════════════════
2023-03-09 00:36:51,900 INFO     ___FILE_ONLY___ ╝

2023-03-09 00:36:51,933 INFO     ___FILE_ONLY___ ╔════════════════════════════════════════════════════════════╗

2023-03-09 00:36:51,933 INFO     ___FILE_ONLY___ ╠═ Installing: Skaffold                                     ═╣

2023-03-09 00:36:51,933 INFO     ___FILE_ONLY___ ╚
2023-03-09 00:36:51,936 INFO     ___FILE_ONLY___ ════════════════════════════════════════════════════════════
2023-03-09 00:36:51,936 INFO     ___FILE_ONLY___ ╝

2023-03-09 00:36:51,961 INFO     ___FILE_ONLY___ ╔════════════════════════════════════════════════════════════╗

2023-03-09 00:36:51,962 INFO     ___FILE_ONLY___ ╠═ Installing: gcloud Alpha Commands                        ═╣

2023-03-09 00:36:51,962 INFO     ___FILE_ONLY___ ╚
2023-03-09 00:36:51,964 DEBUG    urllib3.connectionpool Starting new HTTPS connection (1): dl.google.com:443
2023-03-09 00:36:52,116 DEBUG    urllib3.connectionpool https://dl.google.com:443 "GET /dl/cloudsdk/channels/rapid/components/google-cloud-sdk-alpha-20230303155151.tar.gz HTTP/1.1" 200 800
2023-03-09 00:36:52,117 INFO     ___FILE_ONLY___ ══════════════════════════════
2023-03-09 00:36:52,118 INFO     ___FILE_ONLY___ ══════════════════════════════
2023-03-09 00:36:52,119 INFO     ___FILE_ONLY___ ╝

2023-03-09 00:36:52,156 INFO     ___FILE_ONLY___ ╔════════════════════════════════════════════════════════════╗

2023-03-09 00:36:52,156 INFO     ___FILE_ONLY___ ╠═ Installing: gcloud Beta Commands                         ═╣

2023-03-09 00:36:52,157 INFO     ___FILE_ONLY___ ╚
2023-03-09 00:36:52,160 DEBUG    urllib3.connectionpool Starting new HTTPS connection (1): dl.google.com:443
2023-03-09 00:36:52,403 DEBUG    urllib3.connectionpool https://dl.google.com:443 "GET /dl/cloudsdk/channels/rapid/components/google-cloud-sdk-beta-20230303155151.tar.gz HTTP/1.1" 200 797
2023-03-09 00:36:52,404 INFO     ___FILE_ONLY___ ══════════════════════════════
2023-03-09 00:36:52,406 INFO     ___FILE_ONLY___ ══════════════════════════════
2023-03-09 00:36:52,406 INFO     ___FILE_ONLY___ ╝

2023-03-09 00:36:52,451 INFO     ___FILE_ONLY___ ╔════════════════════════════════════════════════════════════╗

2023-03-09 00:36:52,452 INFO     ___FILE_ONLY___ ╠═ Installing: gcloud cli dependencies                      ═╣

2023-03-09 00:36:52,452 INFO     ___FILE_ONLY___ ╚
2023-03-09 00:36:52,456 DEBUG    urllib3.connectionpool Starting new HTTPS connection (1): dl.google.com:443
2023-03-09 00:36:52,621 DEBUG    urllib3.connectionpool https://dl.google.com:443 "GET /dl/cloudsdk/channels/rapid/components/google-cloud-sdk-gcloud-deps-darwin-x86_64-20210416153011.tar.gz HTTP/1.1" 200 105
2023-03-09 00:36:52,623 INFO     ___FILE_ONLY___ ══════════════════════════════
2023-03-09 00:36:52,624 INFO     ___FILE_ONLY___ ══════════════════════════════
2023-03-09 00:36:52,624 INFO     ___FILE_ONLY___ ╝

2023-03-09 00:36:52,683 INFO     ___FILE_ONLY___ ╔════════════════════════════════════════════════════════════╗

2023-03-09 00:36:52,684 INFO     ___FILE_ONLY___ ╠═ Installing: gke-gcloud-auth-plugin                       ═╣

2023-03-09 00:36:52,684 INFO     ___FILE_ONLY___ ╚
2023-03-09 00:36:52,687 DEBUG    urllib3.connectionpool Starting new HTTPS connection (1): dl.google.com:443
2023-03-09 00:36:52,853 DEBUG    urllib3.connectionpool https://dl.google.com:443 "GET /dl/cloudsdk/channels/rapid/components/google-cloud-sdk-gke-gcloud-auth-plugin-darwin-arm-20230303155151.tar.gz HTTP/1.1" 200 7495694
2023-03-09 00:36:54,708 INFO     ___FILE_ONLY___ ═
2023-03-09 00:36:54,709 INFO     ___FILE_ONLY___ ═
2023-03-09 00:36:54,709 INFO     ___FILE_ONLY___ ═
2023-03-09 00:36:54,709 INFO     ___FILE_ONLY___ ═
2023-03-09 00:36:54,710 INFO     ___FILE_ONLY___ ═
2023-03-09 00:36:54,710 INFO     ___FILE_ONLY___ ═
2023-03-09 00:36:54,711 INFO     ___FILE_ONLY___ ═
2023-03-09 00:36:54,711 INFO     ___FILE_ONLY___ ═
2023-03-09 00:36:54,711 INFO     ___FILE_ONLY___ ═
2023-03-09 00:36:54,712 INFO     ___FILE_ONLY___ ═
2023-03-09 00:36:54,712 INFO     ___FILE_ONLY___ ═
2023-03-09 00:36:54,713 INFO     ___FILE_ONLY___ ═
2023-03-09 00:36:54,713 INFO     ___FILE_ONLY___ ═
2023-03-09 00:36:54,713 INFO     ___FILE_ONLY___ ═
2023-03-09 00:36:54,714 INFO     ___FILE_ONLY___ ═
2023-03-09 00:36:54,714 INFO     ___FILE_ONLY___ ═
2023-03-09 00:36:54,715 INFO     ___FILE_ONLY___ ═
2023-03-09 00:36:54,715 INFO     ___FILE_ONLY___ ═
2023-03-09 00:36:54,715 INFO     ___FILE_ONLY___ ═
2023-03-09 00:36:54,716 INFO     ___FILE_ONLY___ ═
2023-03-09 00:36:54,716 INFO     ___FILE_ONLY___ ═
2023-03-09 00:36:54,716 INFO     ___FILE_ONLY___ ═
2023-03-09 00:36:54,717 INFO     ___FILE_ONLY___ ═
2023-03-09 00:36:54,717 INFO     ___FILE_ONLY___ ═
2023-03-09 00:36:54,718 INFO     ___FILE_ONLY___ ═
2023-03-09 00:36:54,718 INFO     ___FILE_ONLY___ ═
2023-03-09 00:36:54,718 INFO     ___FILE_ONLY___ ═
2023-03-09 00:36:54,719 INFO     ___FILE_ONLY___ ═
2023-03-09 00:36:54,719 INFO     ___FILE_ONLY___ ═
2023-03-09 00:36:54,719 INFO     ___FILE_ONLY___ ═
2023-03-09 00:36:54,865 INFO     ___FILE_ONLY___ ══════════════════════════════
2023-03-09 00:36:54,865 INFO     ___FILE_ONLY___ ╝

2023-03-09 00:36:54,895 INFO     ___FILE_ONLY___ ╔════════════════════════════════════════════════════════════╗

2023-03-09 00:36:54,896 INFO     ___FILE_ONLY___ ╠═ Installing: gke-gcloud-auth-plugin                       ═╣

2023-03-09 00:36:54,896 INFO     ___FILE_ONLY___ ╚
2023-03-09 00:36:54,899 INFO     ___FILE_ONLY___ ════════════════════════════════════════════════════════════
2023-03-09 00:36:54,899 INFO     ___FILE_ONLY___ ╝

2023-03-09 00:36:54,926 INFO     ___FILE_ONLY___ ╔════════════════════════════════════════════════════════════╗

2023-03-09 00:36:54,926 INFO     ___FILE_ONLY___ ╠═ Installing: kubectl                                      ═╣

2023-03-09 00:36:54,926 INFO     ___FILE_ONLY___ ╚
2023-03-09 00:36:54,929 DEBUG    urllib3.connectionpool Starting new HTTPS connection (1): dl.google.com:443
2023-03-09 00:36:55,093 DEBUG    urllib3.connectionpool https://dl.google.com:443 "GET /dl/cloudsdk/channels/rapid/components/google-cloud-sdk-kubectl-darwin-arm-20230303155151.tar.gz HTTP/1.1" 200 97309494
2023-03-09 00:37:27,240 INFO     ___FILE_ONLY___ ═
2023-03-09 00:37:27,242 INFO     ___FILE_ONLY___ ═
2023-03-09 00:37:27,245 INFO     ___FILE_ONLY___ ═
2023-03-09 00:37:27,247 INFO     ___FILE_ONLY___ ═
2023-03-09 00:37:27,249 INFO     ___FILE_ONLY___ ═
2023-03-09 00:37:27,251 INFO     ___FILE_ONLY___ ═
2023-03-09 00:37:27,253 INFO     ___FILE_ONLY___ ═
2023-03-09 00:37:27,256 INFO     ___FILE_ONLY___ ═
2023-03-09 00:37:27,258 INFO     ___FILE_ONLY___ ═
2023-03-09 00:37:27,260 INFO     ___FILE_ONLY___ ═
2023-03-09 00:37:27,262 INFO     ___FILE_ONLY___ ═
2023-03-09 00:37:27,264 INFO     ___FILE_ONLY___ ═
2023-03-09 00:37:27,267 INFO     ___FILE_ONLY___ ═
2023-03-09 00:37:27,269 INFO     ___FILE_ONLY___ ═
2023-03-09 00:37:27,271 INFO     ___FILE_ONLY___ ═
2023-03-09 00:37:27,273 INFO     ___FILE_ONLY___ ═
2023-03-09 00:37:27,275 INFO     ___FILE_ONLY___ ═
2023-03-09 00:37:27,279 INFO     ___FILE_ONLY___ ═
2023-03-09 00:37:27,287 INFO     ___FILE_ONLY___ ═
2023-03-09 00:37:27,289 INFO     ___FILE_ONLY___ ═
2023-03-09 00:37:27,292 INFO     ___FILE_ONLY___ ═
2023-03-09 00:37:27,294 INFO     ___FILE_ONLY___ ═
2023-03-09 00:37:27,296 INFO     ___FILE_ONLY___ ═
2023-03-09 00:37:27,300 INFO     ___FILE_ONLY___ ═
2023-03-09 00:37:27,308 INFO     ___FILE_ONLY___ ═
2023-03-09 00:37:27,313 INFO     ___FILE_ONLY___ ═
2023-03-09 00:37:27,316 INFO     ___FILE_ONLY___ ═
2023-03-09 00:37:27,318 INFO     ___FILE_ONLY___ ═
2023-03-09 00:37:27,321 INFO     ___FILE_ONLY___ ═
2023-03-09 00:37:27,323 INFO     ___FILE_ONLY___ ═
2023-03-09 00:37:28,778 INFO     ___FILE_ONLY___ ════
2023-03-09 00:37:28,988 INFO     ___FILE_ONLY___ ════
2023-03-09 00:37:29,200 INFO     ___FILE_ONLY___ ════
2023-03-09 00:37:29,416 INFO     ___FILE_ONLY___ ═════
2023-03-09 00:37:29,636 INFO     ___FILE_ONLY___ ════
2023-03-09 00:37:29,853 INFO     ___FILE_ONLY___ ════
2023-03-09 00:37:30,078 INFO     ___FILE_ONLY___ ═════
2023-03-09 00:37:30,079 INFO     ___FILE_ONLY___ ╝

2023-03-09 00:37:30,119 INFO     ___FILE_ONLY___ ╔════════════════════════════════════════════════════════════╗

2023-03-09 00:37:30,120 INFO     ___FILE_ONLY___ ╠═ Installing: kubectl                                      ═╣

2023-03-09 00:37:30,120 INFO     ___FILE_ONLY___ ╚
2023-03-09 00:37:30,123 DEBUG    urllib3.connectionpool Starting new HTTPS connection (1): dl.google.com:443
2023-03-09 00:37:30,273 DEBUG    urllib3.connectionpool https://dl.google.com:443 "GET /dl/cloudsdk/channels/rapid/components/google-cloud-sdk-kubectl-20230303155151.tar.gz HTTP/1.1" 200 35450
2023-03-09 00:37:30,330 INFO     ___FILE_ONLY___ ═════════════
2023-03-09 00:37:30,330 INFO     ___FILE_ONLY___ ══════════════
2023-03-09 00:37:30,330 INFO     ___FILE_ONLY___ ═══
2023-03-09 00:37:30,336 INFO     ___FILE_ONLY___ ══════════════════════════════
2023-03-09 00:37:30,336 INFO     ___FILE_ONLY___ ╝

2023-03-09 00:37:30,389 INFO     ___FILE_ONLY___ ╔════════════════════════════════════════════════════════════╗

2023-03-09 00:37:30,389 INFO     ___FILE_ONLY___ ╠═ Creating backup and activating new installation          ═╣

2023-03-09 00:37:30,389 INFO     ___FILE_ONLY___ ╚
2023-03-09 00:37:30,390 DEBUG    root            Attempting to move directory [/Users/wongshennan/Library/Application Support/cloud-code/installer/google-cloud-sdk] to [/Users/wongshennan/Library/Application Support/cloud-code/installer/google-cloud-sdk.staging/.install/.backup]
2023-03-09 00:37:30,390 INFO     ___FILE_ONLY___ ══════════════════════════════
2023-03-09 00:37:30,390 DEBUG    root            Attempting to move directory [/Users/wongshennan/Library/Application Support/cloud-code/installer/google-cloud-sdk.staging] to [/Users/wongshennan/Library/Application Support/cloud-code/installer/google-cloud-sdk]
2023-03-09 00:37:30,390 INFO     ___FILE_ONLY___ ══════════════════════════════
2023-03-09 00:37:30,390 INFO     ___FILE_ONLY___ ╝

2023-03-09 00:37:30,396 DEBUG    root            Updating notification cache...
2023-03-09 00:37:30,397 INFO     ___FILE_ONLY___ 

2023-03-09 00:37:30,427 INFO     ___FILE_ONLY___ Performing post processing steps...
2023-03-09 00:37:30,427 DEBUG    root            Executing command: ['/Users/wongshennan/opt/anaconda3/bin/python3', '-S', '/Users/wongshennan/Library/Application Support/cloud-code/installer/google-cloud-sdk/lib/gcloud.py', 'components', 'post-process']
2023-03-09 00:37:46,664 DEBUG    ___FILE_ONLY___ 
2023-03-09 00:37:46,665 DEBUG    ___FILE_ONLY___ 
2023-03-09 00:37:46,668 INFO     ___FILE_ONLY___ 
Update done!


2023-03-09 00:37:46,685 WARNING  root              There are other instances of Google Cloud tools on your system PATH.
  Please remove the following to avoid confusion or accidental invocation:

  /Users/wongshennan/google-cloud-sdk/bin/bq
/Users/wongshennan/google-cloud-sdk/bin/anthoscli
/Users/wongshennan/google-cloud-sdk/bin/java_dev_appserver.sh
/Users/wongshennan/google-cloud-sdk/bin/gcloud
/Users/wongshennan/google-cloud-sdk/bin/gsutil
/opt/homebrew/Cellar/minikube/1.29.0/bin/minikube
/Applications/Docker.app/Contents/Resources/bin/kubectl
/opt/homebrew/Cellar/kubernetes-cli/1.26.2/bin/kubectl
/Users/wongshennan/google-cloud-sdk/bin/dev_appserver.py
/Users/wongshennan/google-cloud-sdk/bin/git-credential-gcloud.sh
/Users/wongshennan/google-cloud-sdk/bin/docker-credential-gcloud

  
2023-03-09 00:37:46,691 DEBUG    root            Chosen display Format:none
2023-03-09 00:37:46,691 INFO     root            Display format: "none"
