2023-03-09 00:36:23,503 DEBUG    root            Loaded Command Group: ['gcloud', 'auth']
2023-03-09 00:36:23,503 DEBUG    root            Loaded Command Group: ['gcloud', 'auth']
2023-03-09 00:36:23,503 DEBUG    root            Loaded Command Group: ['gcloud', 'config']
2023-03-09 00:36:23,504 DEBUG    root            Loaded Command Group: ['gcloud', 'auth', 'application_default']
2023-03-09 00:36:23,505 DEBUG    root            Loaded Command Group: ['gcloud', 'auth', 'application-default', 'print_access_token']
2023-03-09 00:36:23,505 DEBUG    root            Loaded Command Group: ['gcloud', 'auth', 'list']
2023-03-09 00:36:23,506 DEBUG    root            Loaded Command Group: ['gcloud', 'config', 'config_helper']
2023-03-09 00:36:23,507 DEBUG    root            Running [gcloud.auth.application-default.print-access-token] with arguments: [--quiet: "True", --verbosity: "warning"]
2023-03-09 00:36:23,507 DEBUG    root            Running [gcloud.auth.list] with arguments: [--filter: "status=ACTIVE", --format: "value(account)", --quiet: "True", --verbosity: "warning"]
2023-03-09 00:36:23,507 DEBUG    root            Running [gcloud.config.config-helper] with arguments: [--format: "json", --quiet: "True", --verbosity: "warning"]
2023-03-09 00:36:23,516 DEBUG    root            Chosen display Format:    table[title='Credentialed Accounts'](
        status.yesno(yes='*', no=''):label=ACTIVE,
        account
    ) value(account)
2023-03-09 00:36:23,517 INFO     root            Display format: "    table[title='Credentialed Accounts'](
        status.yesno(yes='*', no=''):label=ACTIVE,
        account
    ) value(account)"
2023-03-09 00:36:23,518 INFO     ___FILE_ONLY___ wongshennan@gmail.com

2023-03-09 00:36:23,526 DEBUG    urllib3.connectionpool Starting new HTTPS connection (1): www.gstatic.com:443
2023-03-09 00:36:23,725 DEBUG    urllib3.connectionpool https://www.gstatic.com:443 "GET /cloudsdk/feature_flag_config_file.yaml HTTP/1.1" 200 101
2023-03-09 00:36:23,729 DEBUG    root            Chosen display Format:default json
2023-03-09 00:36:23,729 INFO     root            Display format: "default json"
2023-03-09 00:36:23,730 INFO     ___FILE_ONLY___ {
  "configuration": {
    "active_configuration": "default",
    "properties": {
      "compute": {
        "region": "asia-southeast1-a"
      },
      "container": {
        "use_application_default_credentials": "true"
      },
      "core": {
        "account": "wongshennan@gmail.com",
        "disable_prompts": "True",
        "disable_usage_reporting": "True",
        "print_unhandled_tracebacks": "true",
        "project": "test",
        "verbosity": "warning"
      },
      "metrics": {
        "environment": "cloudcode.vscode",
        "environment_version": "1.21.3"
      }
    }
  },
  "credential": {
    "access_token": "ya29.a0AVvZVsoBIEvmRMkXUpoFEqT2o0OHM6yAYk9uzK8pTKL7km3LB1N8G8BzpTQ77NzeR1mM2NQTwadnfokN-PngRBGAoYFIY331zJvuptrab1HndY1LbfDKpUftC4vV8u5e_v8DYgdVmHN5ogBjBTZfP8jtKXRbtdw62nmxe4QaCgYKAbUSARMSFQGbdwaIwTWmlMZwWwvfPyMNyxTRQg0174",
    "id_token": "eyJhbGciOiJSUzI1NiIsImtpZCI6IjI1NWNjYTZlYzI4MTA2MDJkODBiZWM4OWU0NTZjNDQ5NWQ3NDE4YmIiLCJ0eXAiOiJKV1QifQ.eyJpc3MiOiJodHRwczovL2FjY291bnRzLmdvb2dsZS5jb20iLCJhenAiOiIzMjU1NTk0MDU1OS5hcHBzLmdvb2dsZXVzZXJjb250ZW50LmNvbSIsImF1ZCI6IjMyNTU1OTQwNTU5LmFwcHMuZ29vZ2xldXNlcmNvbnRlbnQuY29tIiwic3ViIjoiMTE0MTQ0MTEzNTczMTc4NjIzNzc1IiwiZW1haWwiOiJ3b25nc2hlbm5hbkBnbWFpbC5jb20iLCJlbWFpbF92ZXJpZmllZCI6dHJ1ZSwiYXRfaGFzaCI6ImV6THZkYkFFN1BpSWo2NlN3dU1hUWciLCJpYXQiOjE2NzgyOTE1NzYsImV4cCI6MTY3ODI5NTE3Nn0.MtlfcdoKFBWYz6DalNWslaDB5Ga1Q4iZn4zwNokfoDic3EOVFmT5UGQ2ILSupHfBnZki5Jh6o4AiW44ntuoPSQZ_LaEpxsBECgAZjlNDnvdhaOiISIVKEu0FtJ3L_vcfR7K9_jkcPKa8_kJplsyfOQWiSmtJ45U9MEJwtE80nkzUFyvd_tt-Sk_P4rskr06mpmWkyZb1Czsl9UR0hpjOSl7OWM8i_WZW_ibGubs70wNSFf171JOJuxVQOuyARedAP-EVvVQi560rPatK6yMnfTr8rLvpLex1CqcBIzsjhOQTdeUVr79SVbcLVXp-LhZ2aR85LnvuxxNscfDdkJGbQQ",
    "token_expiry": "2023-03-08T17:06:14Z"
  },
  "sentinels": {
    "config_sentinel": "/Users/wongshennan/.config/gcloud/config_sentinel"
  }
}
2023-03-09 00:36:23,730 INFO     ___FILE_ONLY___ 

2023-03-09 00:36:24,207 DEBUG    google.auth.transport.requests Making request: POST https://oauth2.googleapis.com/token
2023-03-09 00:36:24,218 DEBUG    urllib3.connectionpool Starting new HTTPS connection (1): oauth2.googleapis.com:443
2023-03-09 00:36:24,436 DEBUG    urllib3.connectionpool https://oauth2.googleapis.com:443 "POST /token HTTP/1.1" 200 None
2023-03-09 00:36:24,449 DEBUG    root            Chosen display Format:value(token)
2023-03-09 00:36:24,451 INFO     root            Display format: "value(token)"
2023-03-09 00:36:24,452 INFO     ___FILE_ONLY___ ya29.a0AVvZVsrS2GcLFNnCYwt373RQJJMjn9CTeA5C97kPMRiqkR8ya1USMAdmX2fk6H_0mwZkkssmw0EaraaMYBsOPXa3NUb34b7r1SUA7z8y5iT-QZgpFqnji-lYqQvh5425dXe2XeT9v43lGoR4sawJYZXqyq8MdcN85AaCgYKAYwSARMSFQGbdwaIDKmI7zxLaLQ7QKg80NT4Ug0169

