2023-03-16 10:46:34,806 DEBUG    root            Loaded Command Group: ['gcloud', 'components']
2023-03-16 10:46:34,813 DEBUG    root            Loaded Command Group: ['gcloud', 'components', 'update']
2023-03-16 10:46:34,815 DEBUG    root            Running [gcloud.components.update] with arguments: [--quiet: "True"]
2023-03-16 10:46:34,877 INFO     ___FILE_ONLY___ Beginning update. This process may take several minutes.

2023-03-16 10:46:34,897 DEBUG    urllib3.connectionpool Starting new HTTPS connection (1): dl.google.com:443
2023-03-16 10:46:34,953 DEBUG    urllib3.connectionpool https://dl.google.com:443 "GET /dl/cloudsdk/channels/rapid/components-2.json HTTP/1.1" 200 206156
2023-03-16 10:46:35,003 INFO     ___FILE_ONLY___ 

2023-03-16 10:46:35,004 INFO     ___FILE_ONLY___ 
Your current Google Cloud CLI version is: 421.0.0

2023-03-16 10:46:35,004 INFO     ___FILE_ONLY___ You will be upgraded to version: 422.0.0

2023-03-16 10:46:35,004 INFO     ___FILE_ONLY___ 

2023-03-16 10:46:35,004 DEBUG    root            Chosen display Format:table[box,title="These components will be removed."](details.display_name:label=Name:align=left,version.version_string:label=Version:align=right,data.size.size(zero="",min=1048576):label=Size:align=right)
2023-03-16 10:46:35,005 DEBUG    root            Chosen display Format:table[box,title="These components will be updated."](details.display_name:label=Name:align=left,version.version_string:label=Version:align=right,data.size.size(zero="",min=1048576):label=Size:align=right)
2023-03-16 10:46:35,009 INFO     ___FILE_ONLY___ â”Œâ”€â”€â”€â”€â”€â”€â”€â”€â”€â”€â”€â”€â”€â”€â”€â”€â”€â”€â”€â”€â”€â”€â”€â”€â”€â”€â”€â”€â”€â”€â”€â”€â”€â”€â”€â”€â”€â”€â”€â”€â”€â”€â”€â”€â”€â”€â”€â”€â”€â”€â”€â”€â”€â”€â”€â”€â”€â”
2023-03-16 10:46:35,010 INFO     ___FILE_ONLY___ 

2023-03-16 10:46:35,010 INFO     ___FILE_ONLY___ â”‚            These components will be updated.            â”‚
2023-03-16 10:46:35,010 INFO     ___FILE_ONLY___ 

2023-03-16 10:46:35,010 INFO     ___FILE_ONLY___ â”œâ”€â”€â”€â”€â”€â”€â”€â”€â”€â”€â”€â”€â”€â”€â”€â”€â”€â”€â”€â”€â”€â”€â”€â”€â”€â”€â”€â”€â”€â”€â”€â”€â”€â”¬â”€â”€â”€â”€â”€â”€â”€â”€â”€â”€â”€â”€â”¬â”€â”€â”€â”€â”€â”€â”€â”€â”€â”€â”¤
2023-03-16 10:46:35,010 INFO     ___FILE_ONLY___ 

2023-03-16 10:46:35,010 INFO     ___FILE_ONLY___ â”‚               Name              â”‚  Version   â”‚   Size   â”‚
2023-03-16 10:46:35,010 INFO     ___FILE_ONLY___ 

2023-03-16 10:46:35,010 INFO     ___FILE_ONLY___ â”œâ”€â”€â”€â”€â”€â”€â”€â”€â”€â”€â”€â”€â”€â”€â”€â”€â”€â”€â”€â”€â”€â”€â”€â”€â”€â”€â”€â”€â”€â”€â”€â”€â”€â”¼â”€â”€â”€â”€â”€â”€â”€â”€â”€â”€â”€â”€â”¼â”€â”€â”€â”€â”€â”€â”€â”€â”€â”€â”¤
2023-03-16 10:46:35,010 INFO     ___FILE_ONLY___ 

2023-03-16 10:46:35,010 INFO     ___FILE_ONLY___ â”‚ 
2023-03-16 10:46:35,010 INFO     ___FILE_ONLY___ BigQuery Command Line Tool     
2023-03-16 10:46:35,010 INFO     ___FILE_ONLY___  
2023-03-16 10:46:35,010 INFO     ___FILE_ONLY___ â”‚ 
2023-03-16 10:46:35,010 INFO     ___FILE_ONLY___     2.0.88
2023-03-16 10:46:35,010 INFO     ___FILE_ONLY___  
2023-03-16 10:46:35,010 INFO     ___FILE_ONLY___ â”‚ 
2023-03-16 10:46:35,010 INFO     ___FILE_ONLY___  1.6 MiB
2023-03-16 10:46:35,010 INFO     ___FILE_ONLY___  
2023-03-16 10:46:35,010 INFO     ___FILE_ONLY___ â”‚
2023-03-16 10:46:35,010 INFO     ___FILE_ONLY___ 

2023-03-16 10:46:35,010 INFO     ___FILE_ONLY___ â”‚ 
2023-03-16 10:46:35,010 INFO     ___FILE_ONLY___ Cloud Storage Command Line Tool
2023-03-16 10:46:35,010 INFO     ___FILE_ONLY___  
2023-03-16 10:46:35,010 INFO     ___FILE_ONLY___ â”‚ 
2023-03-16 10:46:35,010 INFO     ___FILE_ONLY___       5.21
2023-03-16 10:46:35,010 INFO     ___FILE_ONLY___  
2023-03-16 10:46:35,011 INFO     ___FILE_ONLY___ â”‚ 
2023-03-16 10:46:35,011 INFO     ___FILE_ONLY___ 15.5 MiB
2023-03-16 10:46:35,011 INFO     ___FILE_ONLY___  
2023-03-16 10:46:35,011 INFO     ___FILE_ONLY___ â”‚
2023-03-16 10:46:35,011 INFO     ___FILE_ONLY___ 

2023-03-16 10:46:35,011 INFO     ___FILE_ONLY___ â”‚ 
2023-03-16 10:46:35,011 INFO     ___FILE_ONLY___ Google Cloud CLI Core Libraries
2023-03-16 10:46:35,011 INFO     ___FILE_ONLY___  
2023-03-16 10:46:35,011 INFO     ___FILE_ONLY___ â”‚ 
2023-03-16 10:46:35,011 INFO     ___FILE_ONLY___ 2023.03.10
2023-03-16 10:46:35,011 INFO     ___FILE_ONLY___  
2023-03-16 10:46:35,011 INFO     ___FILE_ONLY___ â”‚ 
2023-03-16 10:46:35,011 INFO     ___FILE_ONLY___ 26.9 MiB
2023-03-16 10:46:35,011 INFO     ___FILE_ONLY___  
2023-03-16 10:46:35,011 INFO     ___FILE_ONLY___ â”‚
2023-03-16 10:46:35,011 INFO     ___FILE_ONLY___ 

2023-03-16 10:46:35,011 INFO     ___FILE_ONLY___ â”‚ 
2023-03-16 10:46:35,011 INFO     ___FILE_ONLY___ Skaffold                       
2023-03-16 10:46:35,011 INFO     ___FILE_ONLY___  
2023-03-16 10:46:35,011 INFO     ___FILE_ONLY___ â”‚ 
2023-03-16 10:46:35,011 INFO     ___FILE_ONLY___      2.2.0
2023-03-16 10:46:35,012 INFO     ___FILE_ONLY___  
2023-03-16 10:46:35,012 INFO     ___FILE_ONLY___ â”‚ 
2023-03-16 10:46:35,012 INFO     ___FILE_ONLY___ 21.7 MiB
2023-03-16 10:46:35,012 INFO     ___FILE_ONLY___  
2023-03-16 10:46:35,012 INFO     ___FILE_ONLY___ â”‚
2023-03-16 10:46:35,012 INFO     ___FILE_ONLY___ 

2023-03-16 10:46:35,012 INFO     ___FILE_ONLY___ â”‚ 
2023-03-16 10:46:35,012 INFO     ___FILE_ONLY___ gcloud Alpha Commands          
2023-03-16 10:46:35,012 INFO     ___FILE_ONLY___  
2023-03-16 10:46:35,012 INFO     ___FILE_ONLY___ â”‚ 
2023-03-16 10:46:35,012 INFO     ___FILE_ONLY___ 2023.03.10
2023-03-16 10:46:35,012 INFO     ___FILE_ONLY___  
2023-03-16 10:46:35,012 INFO     ___FILE_ONLY___ â”‚ 
2023-03-16 10:46:35,012 INFO     ___FILE_ONLY___  < 1 MiB
2023-03-16 10:46:35,012 INFO     ___FILE_ONLY___  
2023-03-16 10:46:35,012 INFO     ___FILE_ONLY___ â”‚
2023-03-16 10:46:35,012 INFO     ___FILE_ONLY___ 

2023-03-16 10:46:35,012 INFO     ___FILE_ONLY___ â”‚ 
2023-03-16 10:46:35,012 INFO     ___FILE_ONLY___ gcloud Beta Commands           
2023-03-16 10:46:35,012 INFO     ___FILE_ONLY___  
2023-03-16 10:46:35,012 INFO     ___FILE_ONLY___ â”‚ 
2023-03-16 10:46:35,012 INFO     ___FILE_ONLY___ 2023.03.10
2023-03-16 10:46:35,012 INFO     ___FILE_ONLY___  
2023-03-16 10:46:35,012 INFO     ___FILE_ONLY___ â”‚ 
2023-03-16 10:46:35,013 INFO     ___FILE_ONLY___  < 1 MiB
2023-03-16 10:46:35,013 INFO     ___FILE_ONLY___  
2023-03-16 10:46:35,013 INFO     ___FILE_ONLY___ â”‚
2023-03-16 10:46:35,013 INFO     ___FILE_ONLY___ 

2023-03-16 10:46:35,013 INFO     ___FILE_ONLY___ â””â”€â”€â”€â”€â”€â”€â”€â”€â”€â”€â”€â”€â”€â”€â”€â”€â”€â”€â”€â”€â”€â”€â”€â”€â”€â”€â”€â”€â”€â”€â”€â”€â”€â”´â”€â”€â”€â”€â”€â”€â”€â”€â”€â”€â”€â”€â”´â”€â”€â”€â”€â”€â”€â”€â”€â”€â”€â”˜
2023-03-16 10:46:35,013 INFO     ___FILE_ONLY___ 

2023-03-16 10:46:35,013 DEBUG    root            Chosen display Format:table[box,title="These components will be installed."](details.display_name:label=Name:align=left,version.version_string:label=Version:align=right,data.size.size(zero="",min=1048576):label=Size:align=right)
2023-03-16 10:46:35,013 INFO     ___FILE_ONLY___ 

2023-03-16 10:46:35,048 DEBUG    urllib3.connectionpool Starting new HTTPS connection (1): dl.google.com:443
2023-03-16 10:46:35,133 DEBUG    urllib3.connectionpool https://dl.google.com:443 "GET /dl/cloudsdk/channels/rapid/RELEASE_NOTES HTTP/1.1" 200 960341
2023-03-16 10:46:35,267 INFO     ___FILE_ONLY___ The following release notes are new in this upgrade.
Please read carefully for information about new features, breaking changes,
and bugs fixed.  The latest full release notes can be viewed at:
  https://cloud.google.com/sdk/release_notes


2023-03-16 10:46:35,267 INFO     ___FILE_ONLY___ [m
2023-03-16 10:46:35,267 INFO     ___FILE_ONLY___ [1m422.0.0 (2023-03-14)[m

2023-03-16 10:46:35,267 INFO     ___FILE_ONLY___ [m
2023-03-16 10:46:35,267 INFO     ___FILE_ONLY___   
2023-03-16 10:46:35,267 INFO     ___FILE_ONLY___ [1mBreaking Changes[m

2023-03-16 10:46:35,267 INFO     ___FILE_ONLY___       â–ª
2023-03-16 10:46:35,267 INFO     ___FILE_ONLY___  
2023-03-16 10:46:35,267 INFO     ___FILE_ONLY___ **(Cloud
2023-03-16 10:46:35,267 INFO     ___FILE_ONLY___  
2023-03-16 10:46:35,267 INFO     ___FILE_ONLY___ Pub/Sub)**
2023-03-16 10:46:35,267 INFO     ___FILE_ONLY___  
2023-03-16 10:46:35,267 INFO     ___FILE_ONLY___ Fixed
2023-03-16 10:46:35,267 INFO     ___FILE_ONLY___  
2023-03-16 10:46:35,268 INFO     ___FILE_ONLY___ output
2023-03-16 10:46:35,268 INFO     ___FILE_ONLY___  
2023-03-16 10:46:35,268 INFO     ___FILE_ONLY___ format
2023-03-16 10:46:35,268 INFO     ___FILE_ONLY___  
2023-03-16 10:46:35,268 INFO     ___FILE_ONLY___ of
2023-03-16 10:46:35,268 INFO     ___FILE_ONLY___  
2023-03-16 10:46:35,268 INFO     ___FILE_ONLY___ [1mgcloud
2023-03-16 10:46:35,268 INFO     ___FILE_ONLY___  
2023-03-16 10:46:35,268 INFO     ___FILE_ONLY___ schemas
2023-03-16 10:46:35,268 INFO     ___FILE_ONLY___  
2023-03-16 10:46:35,268 INFO     ___FILE_ONLY___ list[m
2023-03-16 10:46:35,268 INFO     ___FILE_ONLY___  
2023-03-16 10:46:35,268 INFO     ___FILE_ONLY___ and
2023-03-16 10:46:35,268 INFO     ___FILE_ONLY___ 

2023-03-16 10:46:35,268 INFO     ___FILE_ONLY___         
2023-03-16 10:46:35,268 INFO     ___FILE_ONLY___ [1mgcloud
2023-03-16 10:46:35,268 INFO     ___FILE_ONLY___  
2023-03-16 10:46:35,268 INFO     ___FILE_ONLY___ schemas
2023-03-16 10:46:35,268 INFO     ___FILE_ONLY___  
2023-03-16 10:46:35,268 INFO     ___FILE_ONLY___ list-revisions[m
2023-03-16 10:46:35,268 INFO     ___FILE_ONLY___  
2023-03-16 10:46:35,268 INFO     ___FILE_ONLY___ to
2023-03-16 10:46:35,268 INFO     ___FILE_ONLY___  
2023-03-16 10:46:35,268 INFO     ___FILE_ONLY___ remove
2023-03-16 10:46:35,268 INFO     ___FILE_ONLY___  
2023-03-16 10:46:35,268 INFO     ___FILE_ONLY___ the
2023-03-16 10:46:35,268 INFO     ___FILE_ONLY___  
2023-03-16 10:46:35,268 INFO     ___FILE_ONLY___ DEFINITION
2023-03-16 10:46:35,269 INFO     ___FILE_ONLY___  
2023-03-16 10:46:35,269 INFO     ___FILE_ONLY___ column
2023-03-16 10:46:35,269 INFO     ___FILE_ONLY___  
2023-03-16 10:46:35,269 INFO     ___FILE_ONLY___ if
2023-03-16 10:46:35,269 INFO     ___FILE_ONLY___  
2023-03-16 10:46:35,269 INFO     ___FILE_ONLY___ [1m--view[m
2023-03-16 10:46:35,269 INFO     ___FILE_ONLY___ 

2023-03-16 10:46:35,269 INFO     ___FILE_ONLY___         
2023-03-16 10:46:35,269 INFO     ___FILE_ONLY___ is
2023-03-16 10:46:35,269 INFO     ___FILE_ONLY___  
2023-03-16 10:46:35,269 INFO     ___FILE_ONLY___ not
2023-03-16 10:46:35,269 INFO     ___FILE_ONLY___  
2023-03-16 10:46:35,269 INFO     ___FILE_ONLY___ FULL.
2023-03-16 10:46:35,269 INFO     ___FILE_ONLY___ 

2023-03-16 10:46:35,269 INFO     ___FILE_ONLY___ 

2023-03-16 10:46:35,269 INFO     ___FILE_ONLY___ [m
2023-03-16 10:46:35,269 INFO     ___FILE_ONLY___   
2023-03-16 10:46:35,269 INFO     ___FILE_ONLY___ [1mGoogle Cloud CLI[m

2023-03-16 10:46:35,269 INFO     ___FILE_ONLY___       â–ª
2023-03-16 10:46:35,269 INFO     ___FILE_ONLY___  
2023-03-16 10:46:35,269 INFO     ___FILE_ONLY___ Added
2023-03-16 10:46:35,269 INFO     ___FILE_ONLY___  
2023-03-16 10:46:35,269 INFO     ___FILE_ONLY___ [1mgcloud
2023-03-16 10:46:35,269 INFO     ___FILE_ONLY___  
2023-03-16 10:46:35,269 INFO     ___FILE_ONLY___ auth
2023-03-16 10:46:35,270 INFO     ___FILE_ONLY___  
2023-03-16 10:46:35,270 INFO     ___FILE_ONLY___ enterprise-certificate-config[m
2023-03-16 10:46:35,270 INFO     ___FILE_ONLY___  
2023-03-16 10:46:35,270 INFO     ___FILE_ONLY___ to
2023-03-16 10:46:35,270 INFO     ___FILE_ONLY___  
2023-03-16 10:46:35,270 INFO     ___FILE_ONLY___ create
2023-03-16 10:46:35,270 INFO     ___FILE_ONLY___ 

2023-03-16 10:46:35,270 INFO     ___FILE_ONLY___         
2023-03-16 10:46:35,270 INFO     ___FILE_ONLY___ enterprise-certificate
2023-03-16 10:46:35,270 INFO     ___FILE_ONLY___  
2023-03-16 10:46:35,270 INFO     ___FILE_ONLY___ configurations.
2023-03-16 10:46:35,270 INFO     ___FILE_ONLY___ 

2023-03-16 10:46:35,270 INFO     ___FILE_ONLY___ 

2023-03-16 10:46:35,270 INFO     ___FILE_ONLY___ [m
2023-03-16 10:46:35,270 INFO     ___FILE_ONLY___   
2023-03-16 10:46:35,270 INFO     ___FILE_ONLY___ [1mAnthos Multi-Cloud[m

2023-03-16 10:46:35,270 INFO     ___FILE_ONLY___       â–ª
2023-03-16 10:46:35,270 INFO     ___FILE_ONLY___  
2023-03-16 10:46:35,270 INFO     ___FILE_ONLY___ Added
2023-03-16 10:46:35,270 INFO     ___FILE_ONLY___  
2023-03-16 10:46:35,270 INFO     ___FILE_ONLY___ [1m--clear-client[m
2023-03-16 10:46:35,270 INFO     ___FILE_ONLY___  
2023-03-16 10:46:35,270 INFO     ___FILE_ONLY___ flag
2023-03-16 10:46:35,270 INFO     ___FILE_ONLY___  
2023-03-16 10:46:35,271 INFO     ___FILE_ONLY___ to
2023-03-16 10:46:35,271 INFO     ___FILE_ONLY___  
2023-03-16 10:46:35,271 INFO     ___FILE_ONLY___ [1mgcloud
2023-03-16 10:46:35,271 INFO     ___FILE_ONLY___  
2023-03-16 10:46:35,271 INFO     ___FILE_ONLY___ container
2023-03-16 10:46:35,271 INFO     ___FILE_ONLY___  
2023-03-16 10:46:35,271 INFO     ___FILE_ONLY___ azure
2023-03-16 10:46:35,271 INFO     ___FILE_ONLY___  
2023-03-16 10:46:35,271 INFO     ___FILE_ONLY___ clusters
2023-03-16 10:46:35,271 INFO     ___FILE_ONLY___  
2023-03-16 10:46:35,271 INFO     ___FILE_ONLY___ update[m
2023-03-16 10:46:35,271 INFO     ___FILE_ONLY___ 

2023-03-16 10:46:35,271 INFO     ___FILE_ONLY___         
2023-03-16 10:46:35,271 INFO     ___FILE_ONLY___ to
2023-03-16 10:46:35,271 INFO     ___FILE_ONLY___  
2023-03-16 10:46:35,271 INFO     ___FILE_ONLY___ clear
2023-03-16 10:46:35,271 INFO     ___FILE_ONLY___  
2023-03-16 10:46:35,271 INFO     ___FILE_ONLY___ the
2023-03-16 10:46:35,271 INFO     ___FILE_ONLY___  
2023-03-16 10:46:35,271 INFO     ___FILE_ONLY___ Azure
2023-03-16 10:46:35,271 INFO     ___FILE_ONLY___  
2023-03-16 10:46:35,271 INFO     ___FILE_ONLY___ client.
2023-03-16 10:46:35,271 INFO     ___FILE_ONLY___  
2023-03-16 10:46:35,271 INFO     ___FILE_ONLY___ This
2023-03-16 10:46:35,271 INFO     ___FILE_ONLY___  
2023-03-16 10:46:35,271 INFO     ___FILE_ONLY___ flag
2023-03-16 10:46:35,271 INFO     ___FILE_ONLY___  
2023-03-16 10:46:35,271 INFO     ___FILE_ONLY___ is
2023-03-16 10:46:35,271 INFO     ___FILE_ONLY___  
2023-03-16 10:46:35,272 INFO     ___FILE_ONLY___ required
2023-03-16 10:46:35,272 INFO     ___FILE_ONLY___  
2023-03-16 10:46:35,272 INFO     ___FILE_ONLY___ when
2023-03-16 10:46:35,272 INFO     ___FILE_ONLY___  
2023-03-16 10:46:35,272 INFO     ___FILE_ONLY___ updating
2023-03-16 10:46:35,272 INFO     ___FILE_ONLY___  
2023-03-16 10:46:35,272 INFO     ___FILE_ONLY___ to
2023-03-16 10:46:35,272 INFO     ___FILE_ONLY___  
2023-03-16 10:46:35,272 INFO     ___FILE_ONLY___ use
2023-03-16 10:46:35,272 INFO     ___FILE_ONLY___ 

2023-03-16 10:46:35,272 INFO     ___FILE_ONLY___         
2023-03-16 10:46:35,272 INFO     ___FILE_ONLY___ Azure
2023-03-16 10:46:35,272 INFO     ___FILE_ONLY___  
2023-03-16 10:46:35,272 INFO     ___FILE_ONLY___ workload
2023-03-16 10:46:35,272 INFO     ___FILE_ONLY___  
2023-03-16 10:46:35,272 INFO     ___FILE_ONLY___ identity
2023-03-16 10:46:35,272 INFO     ___FILE_ONLY___  
2023-03-16 10:46:35,272 INFO     ___FILE_ONLY___ federation
2023-03-16 10:46:35,272 INFO     ___FILE_ONLY___  
2023-03-16 10:46:35,272 INFO     ___FILE_ONLY___ from
2023-03-16 10:46:35,272 INFO     ___FILE_ONLY___  
2023-03-16 10:46:35,272 INFO     ___FILE_ONLY___ Azure
2023-03-16 10:46:35,272 INFO     ___FILE_ONLY___  
2023-03-16 10:46:35,272 INFO     ___FILE_ONLY___ client
2023-03-16 10:46:35,272 INFO     ___FILE_ONLY___  
2023-03-16 10:46:35,272 INFO     ___FILE_ONLY___ to
2023-03-16 10:46:35,272 INFO     ___FILE_ONLY___  
2023-03-16 10:46:35,272 INFO     ___FILE_ONLY___ manage
2023-03-16 10:46:35,272 INFO     ___FILE_ONLY___  
2023-03-16 10:46:35,273 INFO     ___FILE_ONLY___ Azure
2023-03-16 10:46:35,273 INFO     ___FILE_ONLY___ 

2023-03-16 10:46:35,273 INFO     ___FILE_ONLY___         
2023-03-16 10:46:35,273 INFO     ___FILE_ONLY___ resources.
2023-03-16 10:46:35,273 INFO     ___FILE_ONLY___ 

2023-03-16 10:46:35,273 INFO     ___FILE_ONLY___ 

2023-03-16 10:46:35,273 INFO     ___FILE_ONLY___ [m
2023-03-16 10:46:35,273 INFO     ___FILE_ONLY___   
2023-03-16 10:46:35,273 INFO     ___FILE_ONLY___ [1mApp Engine[m

2023-03-16 10:46:35,273 INFO     ___FILE_ONLY___       â–ª
2023-03-16 10:46:35,273 INFO     ___FILE_ONLY___  
2023-03-16 10:46:35,273 INFO     ___FILE_ONLY___ Updated
2023-03-16 10:46:35,273 INFO     ___FILE_ONLY___  
2023-03-16 10:46:35,273 INFO     ___FILE_ONLY___ the
2023-03-16 10:46:35,273 INFO     ___FILE_ONLY___  
2023-03-16 10:46:35,273 INFO     ___FILE_ONLY___ Python
2023-03-16 10:46:35,273 INFO     ___FILE_ONLY___  
2023-03-16 10:46:35,273 INFO     ___FILE_ONLY___ App
2023-03-16 10:46:35,273 INFO     ___FILE_ONLY___  
2023-03-16 10:46:35,273 INFO     ___FILE_ONLY___ Engine
2023-03-16 10:46:35,273 INFO     ___FILE_ONLY___  
2023-03-16 10:46:35,273 INFO     ___FILE_ONLY___ devappserver
2023-03-16 10:46:35,273 INFO     ___FILE_ONLY___  
2023-03-16 10:46:35,274 INFO     ___FILE_ONLY___ to
2023-03-16 10:46:35,274 INFO     ___FILE_ONLY___  
2023-03-16 10:46:35,274 INFO     ___FILE_ONLY___ support
2023-03-16 10:46:35,274 INFO     ___FILE_ONLY___  
2023-03-16 10:46:35,274 INFO     ___FILE_ONLY___ a
2023-03-16 10:46:35,274 INFO     ___FILE_ONLY___  
2023-03-16 10:46:35,274 INFO     ___FILE_ONLY___ new
2023-03-16 10:46:35,274 INFO     ___FILE_ONLY___  
2023-03-16 10:46:35,274 INFO     ___FILE_ONLY___ flag
2023-03-16 10:46:35,274 INFO     ___FILE_ONLY___ 

2023-03-16 10:46:35,274 INFO     ___FILE_ONLY___         
2023-03-16 10:46:35,274 INFO     ___FILE_ONLY___ [1m--python_virtualenv_path[m.
2023-03-16 10:46:35,274 INFO     ___FILE_ONLY___  
2023-03-16 10:46:35,274 INFO     ___FILE_ONLY___ It
2023-03-16 10:46:35,274 INFO     ___FILE_ONLY___  
2023-03-16 10:46:35,274 INFO     ___FILE_ONLY___ is
2023-03-16 10:46:35,274 INFO     ___FILE_ONLY___  
2023-03-16 10:46:35,274 INFO     ___FILE_ONLY___ an
2023-03-16 10:46:35,274 INFO     ___FILE_ONLY___  
2023-03-16 10:46:35,274 INFO     ___FILE_ONLY___ optional
2023-03-16 10:46:35,274 INFO     ___FILE_ONLY___  
2023-03-16 10:46:35,274 INFO     ___FILE_ONLY___ directory
2023-03-16 10:46:35,274 INFO     ___FILE_ONLY___  
2023-03-16 10:46:35,274 INFO     ___FILE_ONLY___ that
2023-03-16 10:46:35,274 INFO     ___FILE_ONLY___  
2023-03-16 10:46:35,274 INFO     ___FILE_ONLY___ will
2023-03-16 10:46:35,274 INFO     ___FILE_ONLY___  
2023-03-16 10:46:35,274 INFO     ___FILE_ONLY___ be
2023-03-16 10:46:35,274 INFO     ___FILE_ONLY___  
2023-03-16 10:46:35,275 INFO     ___FILE_ONLY___ used
2023-03-16 10:46:35,275 INFO     ___FILE_ONLY___ 

2023-03-16 10:46:35,275 INFO     ___FILE_ONLY___         
2023-03-16 10:46:35,275 INFO     ___FILE_ONLY___ to
2023-03-16 10:46:35,275 INFO     ___FILE_ONLY___  
2023-03-16 10:46:35,275 INFO     ___FILE_ONLY___ setup
2023-03-16 10:46:35,275 INFO     ___FILE_ONLY___  
2023-03-16 10:46:35,275 INFO     ___FILE_ONLY___ a
2023-03-16 10:46:35,275 INFO     ___FILE_ONLY___  
2023-03-16 10:46:35,275 INFO     ___FILE_ONLY___ Python
2023-03-16 10:46:35,275 INFO     ___FILE_ONLY___  
2023-03-16 10:46:35,275 INFO     ___FILE_ONLY___ 3
2023-03-16 10:46:35,275 INFO     ___FILE_ONLY___  
2023-03-16 10:46:35,275 INFO     ___FILE_ONLY___ virtual
2023-03-16 10:46:35,275 INFO     ___FILE_ONLY___  
2023-03-16 10:46:35,275 INFO     ___FILE_ONLY___ env
2023-03-16 10:46:35,275 INFO     ___FILE_ONLY___  
2023-03-16 10:46:35,275 INFO     ___FILE_ONLY___ for
2023-03-16 10:46:35,275 INFO     ___FILE_ONLY___  
2023-03-16 10:46:35,275 INFO     ___FILE_ONLY___ the
2023-03-16 10:46:35,275 INFO     ___FILE_ONLY___  
2023-03-16 10:46:35,275 INFO     ___FILE_ONLY___ local
2023-03-16 10:46:35,275 INFO     ___FILE_ONLY___  
2023-03-16 10:46:35,276 INFO     ___FILE_ONLY___ devappserver
2023-03-16 10:46:35,276 INFO     ___FILE_ONLY___  
2023-03-16 10:46:35,276 INFO     ___FILE_ONLY___ execution
2023-03-16 10:46:35,276 INFO     ___FILE_ONLY___ 

2023-03-16 10:46:35,276 INFO     ___FILE_ONLY___         
2023-03-16 10:46:35,276 INFO     ___FILE_ONLY___ environment
2023-03-16 10:46:35,276 INFO     ___FILE_ONLY___  
2023-03-16 10:46:35,276 INFO     ___FILE_ONLY___ for
2023-03-16 10:46:35,276 INFO     ___FILE_ONLY___  
2023-03-16 10:46:35,276 INFO     ___FILE_ONLY___ Python
2023-03-16 10:46:35,276 INFO     ___FILE_ONLY___  
2023-03-16 10:46:35,276 INFO     ___FILE_ONLY___ 3
2023-03-16 10:46:35,276 INFO     ___FILE_ONLY___  
2023-03-16 10:46:35,276 INFO     ___FILE_ONLY___ applications.
2023-03-16 10:46:35,276 INFO     ___FILE_ONLY___  
2023-03-16 10:46:35,277 INFO     ___FILE_ONLY___ If
2023-03-16 10:46:35,277 INFO     ___FILE_ONLY___  
2023-03-16 10:46:35,277 INFO     ___FILE_ONLY___ the
2023-03-16 10:46:35,277 INFO     ___FILE_ONLY___  
2023-03-16 10:46:35,277 INFO     ___FILE_ONLY___ path
2023-03-16 10:46:35,277 INFO     ___FILE_ONLY___  
2023-03-16 10:46:35,277 INFO     ___FILE_ONLY___ does
2023-03-16 10:46:35,277 INFO     ___FILE_ONLY___  
2023-03-16 10:46:35,277 INFO     ___FILE_ONLY___ not
2023-03-16 10:46:35,277 INFO     ___FILE_ONLY___  
2023-03-16 10:46:35,277 INFO     ___FILE_ONLY___ exist
2023-03-16 10:46:35,277 INFO     ___FILE_ONLY___  
2023-03-16 10:46:35,277 INFO     ___FILE_ONLY___ it
2023-03-16 10:46:35,277 INFO     ___FILE_ONLY___ 

2023-03-16 10:46:35,277 INFO     ___FILE_ONLY___         
2023-03-16 10:46:35,277 INFO     ___FILE_ONLY___ will
2023-03-16 10:46:35,277 INFO     ___FILE_ONLY___  
2023-03-16 10:46:35,277 INFO     ___FILE_ONLY___ be
2023-03-16 10:46:35,277 INFO     ___FILE_ONLY___  
2023-03-16 10:46:35,277 INFO     ___FILE_ONLY___ created
2023-03-16 10:46:35,277 INFO     ___FILE_ONLY___  
2023-03-16 10:46:35,277 INFO     ___FILE_ONLY___ and
2023-03-16 10:46:35,277 INFO     ___FILE_ONLY___  
2023-03-16 10:46:35,277 INFO     ___FILE_ONLY___ it
2023-03-16 10:46:35,277 INFO     ___FILE_ONLY___  
2023-03-16 10:46:35,277 INFO     ___FILE_ONLY___ will
2023-03-16 10:46:35,277 INFO     ___FILE_ONLY___  
2023-03-16 10:46:35,277 INFO     ___FILE_ONLY___ not
2023-03-16 10:46:35,278 INFO     ___FILE_ONLY___  
2023-03-16 10:46:35,278 INFO     ___FILE_ONLY___ be
2023-03-16 10:46:35,278 INFO     ___FILE_ONLY___  
2023-03-16 10:46:35,278 INFO     ___FILE_ONLY___ cleanup
2023-03-16 10:46:35,278 INFO     ___FILE_ONLY___  
2023-03-16 10:46:35,278 INFO     ___FILE_ONLY___ at
2023-03-16 10:46:35,278 INFO     ___FILE_ONLY___  
2023-03-16 10:46:35,278 INFO     ___FILE_ONLY___ the
2023-03-16 10:46:35,278 INFO     ___FILE_ONLY___  
2023-03-16 10:46:35,278 INFO     ___FILE_ONLY___ end
2023-03-16 10:46:35,278 INFO     ___FILE_ONLY___  
2023-03-16 10:46:35,278 INFO     ___FILE_ONLY___ of
2023-03-16 10:46:35,278 INFO     ___FILE_ONLY___  
2023-03-16 10:46:35,278 INFO     ___FILE_ONLY___ the
2023-03-16 10:46:35,278 INFO     ___FILE_ONLY___ 

2023-03-16 10:46:35,278 INFO     ___FILE_ONLY___         
2023-03-16 10:46:35,278 INFO     ___FILE_ONLY___ devappserver
2023-03-16 10:46:35,278 INFO     ___FILE_ONLY___  
2023-03-16 10:46:35,279 INFO     ___FILE_ONLY___ execution,
2023-03-16 10:46:35,279 INFO     ___FILE_ONLY___  
2023-03-16 10:46:35,279 INFO     ___FILE_ONLY___ allowing
2023-03-16 10:46:35,279 INFO     ___FILE_ONLY___  
2023-03-16 10:46:35,279 INFO     ___FILE_ONLY___ for
2023-03-16 10:46:35,279 INFO     ___FILE_ONLY___  
2023-03-16 10:46:35,279 INFO     ___FILE_ONLY___ caching
2023-03-16 10:46:35,279 INFO     ___FILE_ONLY___  
2023-03-16 10:46:35,279 INFO     ___FILE_ONLY___ between
2023-03-16 10:46:35,279 INFO     ___FILE_ONLY___  
2023-03-16 10:46:35,279 INFO     ___FILE_ONLY___ invocations.
2023-03-16 10:46:35,279 INFO     ___FILE_ONLY___  
2023-03-16 10:46:35,279 INFO     ___FILE_ONLY___ If
2023-03-16 10:46:35,279 INFO     ___FILE_ONLY___ 

2023-03-16 10:46:35,279 INFO     ___FILE_ONLY___         
2023-03-16 10:46:35,279 INFO     ___FILE_ONLY___ not
2023-03-16 10:46:35,279 INFO     ___FILE_ONLY___  
2023-03-16 10:46:35,279 INFO     ___FILE_ONLY___ defined,
2023-03-16 10:46:35,279 INFO     ___FILE_ONLY___  
2023-03-16 10:46:35,279 INFO     ___FILE_ONLY___ a
2023-03-16 10:46:35,279 INFO     ___FILE_ONLY___  
2023-03-16 10:46:35,279 INFO     ___FILE_ONLY___ temporary
2023-03-16 10:46:35,279 INFO     ___FILE_ONLY___  
2023-03-16 10:46:35,279 INFO     ___FILE_ONLY___ directory
2023-03-16 10:46:35,279 INFO     ___FILE_ONLY___  
2023-03-16 10:46:35,279 INFO     ___FILE_ONLY___ will
2023-03-16 10:46:35,279 INFO     ___FILE_ONLY___  
2023-03-16 10:46:35,279 INFO     ___FILE_ONLY___ be
2023-03-16 10:46:35,279 INFO     ___FILE_ONLY___  
2023-03-16 10:46:35,280 INFO     ___FILE_ONLY___ used
2023-03-16 10:46:35,280 INFO     ___FILE_ONLY___  
2023-03-16 10:46:35,280 INFO     ___FILE_ONLY___ and
2023-03-16 10:46:35,280 INFO     ___FILE_ONLY___  
2023-03-16 10:46:35,280 INFO     ___FILE_ONLY___ cleaned
2023-03-16 10:46:35,280 INFO     ___FILE_ONLY___  
2023-03-16 10:46:35,280 INFO     ___FILE_ONLY___ up
2023-03-16 10:46:35,280 INFO     ___FILE_ONLY___  
2023-03-16 10:46:35,280 INFO     ___FILE_ONLY___ at
2023-03-16 10:46:35,280 INFO     ___FILE_ONLY___  
2023-03-16 10:46:35,280 INFO     ___FILE_ONLY___ the
2023-03-16 10:46:35,280 INFO     ___FILE_ONLY___ 

2023-03-16 10:46:35,280 INFO     ___FILE_ONLY___         
2023-03-16 10:46:35,280 INFO     ___FILE_ONLY___ end
2023-03-16 10:46:35,280 INFO     ___FILE_ONLY___  
2023-03-16 10:46:35,280 INFO     ___FILE_ONLY___ of
2023-03-16 10:46:35,280 INFO     ___FILE_ONLY___  
2023-03-16 10:46:35,280 INFO     ___FILE_ONLY___ the
2023-03-16 10:46:35,280 INFO     ___FILE_ONLY___  
2023-03-16 10:46:35,280 INFO     ___FILE_ONLY___ execution.
2023-03-16 10:46:35,280 INFO     ___FILE_ONLY___ 

2023-03-16 10:46:35,280 INFO     ___FILE_ONLY___ 

2023-03-16 10:46:35,280 INFO     ___FILE_ONLY___ [m
2023-03-16 10:46:35,280 INFO     ___FILE_ONLY___   
2023-03-16 10:46:35,280 INFO     ___FILE_ONLY___ [1mArtifact Registry[m

2023-03-16 10:46:35,280 INFO     ___FILE_ONLY___       â–ª
2023-03-16 10:46:35,281 INFO     ___FILE_ONLY___  
2023-03-16 10:46:35,281 INFO     ___FILE_ONLY___ [1mgcloud
2023-03-16 10:46:35,281 INFO     ___FILE_ONLY___  
2023-03-16 10:46:35,281 INFO     ___FILE_ONLY___ beta
2023-03-16 10:46:35,281 INFO     ___FILE_ONLY___  
2023-03-16 10:46:35,281 INFO     ___FILE_ONLY___ artifacts
2023-03-16 10:46:35,281 INFO     ___FILE_ONLY___  
2023-03-16 10:46:35,281 INFO     ___FILE_ONLY___ settings
2023-03-16 10:46:35,281 INFO     ___FILE_ONLY___  
2023-03-16 10:46:35,281 INFO     ___FILE_ONLY___ enable-upgrade-redirection[m
2023-03-16 10:46:35,281 INFO     ___FILE_ONLY___  
2023-03-16 10:46:35,281 INFO     ___FILE_ONLY___ command
2023-03-16 10:46:35,281 INFO     ___FILE_ONLY___  
2023-03-16 10:46:35,281 INFO     ___FILE_ONLY___ no
2023-03-16 10:46:35,282 INFO     ___FILE_ONLY___ 

2023-03-16 10:46:35,282 INFO     ___FILE_ONLY___         
2023-03-16 10:46:35,282 INFO     ___FILE_ONLY___ longer
2023-03-16 10:46:35,282 INFO     ___FILE_ONLY___  
2023-03-16 10:46:35,282 INFO     ___FILE_ONLY___ requires
2023-03-16 10:46:35,282 INFO     ___FILE_ONLY___  
2023-03-16 10:46:35,282 INFO     ___FILE_ONLY___ creating
2023-03-16 10:46:35,282 INFO     ___FILE_ONLY___  
2023-03-16 10:46:35,282 INFO     ___FILE_ONLY___ missing
2023-03-16 10:46:35,282 INFO     ___FILE_ONLY___  
2023-03-16 10:46:35,282 INFO     ___FILE_ONLY___ repos.
2023-03-16 10:46:35,282 INFO     ___FILE_ONLY___ 

2023-03-16 10:46:35,282 INFO     ___FILE_ONLY___ 

2023-03-16 10:46:35,282 INFO     ___FILE_ONLY___ [m
2023-03-16 10:46:35,282 INFO     ___FILE_ONLY___   
2023-03-16 10:46:35,282 INFO     ___FILE_ONLY___ [1mBare Metal Solution[m

2023-03-16 10:46:35,282 INFO     ___FILE_ONLY___       â–ª
2023-03-16 10:46:35,283 INFO     ___FILE_ONLY___  
2023-03-16 10:46:35,283 INFO     ___FILE_ONLY___ Promoted
2023-03-16 10:46:35,283 INFO     ___FILE_ONLY___  
2023-03-16 10:46:35,283 INFO     ___FILE_ONLY___ [1mgcloud
2023-03-16 10:46:35,283 INFO     ___FILE_ONLY___  
2023-03-16 10:46:35,283 INFO     ___FILE_ONLY___ bms
2023-03-16 10:46:35,283 INFO     ___FILE_ONLY___  
2023-03-16 10:46:35,283 INFO     ___FILE_ONLY___ instances
2023-03-16 10:46:35,283 INFO     ___FILE_ONLY___  
2023-03-16 10:46:35,283 INFO     ___FILE_ONLY___ enable-serial-console[m
2023-03-16 10:46:35,283 INFO     ___FILE_ONLY___  
2023-03-16 10:46:35,283 INFO     ___FILE_ONLY___ to
2023-03-16 10:46:35,283 INFO     ___FILE_ONLY___  
2023-03-16 10:46:35,283 INFO     ___FILE_ONLY___ GA.
2023-03-16 10:46:35,283 INFO     ___FILE_ONLY___ 

2023-03-16 10:46:35,283 INFO     ___FILE_ONLY___       â–ª
2023-03-16 10:46:35,283 INFO     ___FILE_ONLY___  
2023-03-16 10:46:35,283 INFO     ___FILE_ONLY___ Promoted
2023-03-16 10:46:35,283 INFO     ___FILE_ONLY___  
2023-03-16 10:46:35,283 INFO     ___FILE_ONLY___ [1mgcloud
2023-03-16 10:46:35,283 INFO     ___FILE_ONLY___  
2023-03-16 10:46:35,283 INFO     ___FILE_ONLY___ bms
2023-03-16 10:46:35,283 INFO     ___FILE_ONLY___  
2023-03-16 10:46:35,283 INFO     ___FILE_ONLY___ instances
2023-03-16 10:46:35,283 INFO     ___FILE_ONLY___  
2023-03-16 10:46:35,283 INFO     ___FILE_ONLY___ disable-serial-console[m
2023-03-16 10:46:35,284 INFO     ___FILE_ONLY___  
2023-03-16 10:46:35,284 INFO     ___FILE_ONLY___ to
2023-03-16 10:46:35,284 INFO     ___FILE_ONLY___  
2023-03-16 10:46:35,284 INFO     ___FILE_ONLY___ GA.
2023-03-16 10:46:35,284 INFO     ___FILE_ONLY___ 

2023-03-16 10:46:35,284 INFO     ___FILE_ONLY___ 

2023-03-16 10:46:35,284 INFO     ___FILE_ONLY___ [m
2023-03-16 10:46:35,284 INFO     ___FILE_ONLY___   
2023-03-16 10:46:35,284 INFO     ___FILE_ONLY___ [1mBigQuery[m

2023-03-16 10:46:35,284 INFO     ___FILE_ONLY___       â–ª
2023-03-16 10:46:35,284 INFO     ___FILE_ONLY___  
2023-03-16 10:46:35,284 INFO     ___FILE_ONLY___ Updated
2023-03-16 10:46:35,284 INFO     ___FILE_ONLY___  
2023-03-16 10:46:35,284 INFO     ___FILE_ONLY___ the
2023-03-16 10:46:35,284 INFO     ___FILE_ONLY___  
2023-03-16 10:46:35,284 INFO     ___FILE_ONLY___ bundled
2023-03-16 10:46:35,284 INFO     ___FILE_ONLY___  
2023-03-16 10:46:35,284 INFO     ___FILE_ONLY___ google
2023-03-16 10:46:35,285 INFO     ___FILE_ONLY___  
2023-03-16 10:46:35,285 INFO     ___FILE_ONLY___ auth
2023-03-16 10:46:35,285 INFO     ___FILE_ONLY___  
2023-03-16 10:46:35,285 INFO     ___FILE_ONLY___ libraries.
2023-03-16 10:46:35,285 INFO     ___FILE_ONLY___ 

2023-03-16 10:46:35,285 INFO     ___FILE_ONLY___       â–ª
2023-03-16 10:46:35,285 INFO     ___FILE_ONLY___  
2023-03-16 10:46:35,285 INFO     ___FILE_ONLY___ Updated
2023-03-16 10:46:35,285 INFO     ___FILE_ONLY___  
2023-03-16 10:46:35,285 INFO     ___FILE_ONLY___ bundled
2023-03-16 10:46:35,285 INFO     ___FILE_ONLY___  
2023-03-16 10:46:35,285 INFO     ___FILE_ONLY___ libraries
2023-03-16 10:46:35,286 INFO     ___FILE_ONLY___  
2023-03-16 10:46:35,286 INFO     ___FILE_ONLY___ to
2023-03-16 10:46:35,286 INFO     ___FILE_ONLY___  
2023-03-16 10:46:35,286 INFO     ___FILE_ONLY___ use
2023-03-16 10:46:35,286 INFO     ___FILE_ONLY___  
2023-03-16 10:46:35,286 INFO     ___FILE_ONLY___ charset_normalizer
2023-03-16 10:46:35,287 INFO     ___FILE_ONLY___  
2023-03-16 10:46:35,287 INFO     ___FILE_ONLY___ with
2023-03-16 10:46:35,287 INFO     ___FILE_ONLY___  
2023-03-16 10:46:35,287 INFO     ___FILE_ONLY___ the
2023-03-16 10:46:35,287 INFO     ___FILE_ONLY___  
2023-03-16 10:46:35,287 INFO     ___FILE_ONLY___ request
2023-03-16 10:46:35,287 INFO     ___FILE_ONLY___ 

2023-03-16 10:46:35,287 INFO     ___FILE_ONLY___         
2023-03-16 10:46:35,287 INFO     ___FILE_ONLY___ library.
2023-03-16 10:46:35,287 INFO     ___FILE_ONLY___ 

2023-03-16 10:46:35,287 INFO     ___FILE_ONLY___ 

2023-03-16 10:46:35,287 INFO     ___FILE_ONLY___ [m
2023-03-16 10:46:35,287 INFO     ___FILE_ONLY___   
2023-03-16 10:46:35,287 INFO     ___FILE_ONLY___ [1mCloud Datastream[m

2023-03-16 10:46:35,287 INFO     ___FILE_ONLY___       â–ª
2023-03-16 10:46:35,287 INFO     ___FILE_ONLY___  
2023-03-16 10:46:35,287 INFO     ___FILE_ONLY___ Added
2023-03-16 10:46:35,287 INFO     ___FILE_ONLY___  
2023-03-16 10:46:35,287 INFO     ___FILE_ONLY___ the
2023-03-16 10:46:35,287 INFO     ___FILE_ONLY___  
2023-03-16 10:46:35,287 INFO     ___FILE_ONLY___ [1mmax_concurrent_backfill_tasks
2023-03-16 10:46:35,287 INFO     ___FILE_ONLY___  
2023-03-16 10:46:35,288 INFO     ___FILE_ONLY___ [m
2023-03-16 10:46:35,288 INFO     ___FILE_ONLY___  
2023-03-16 10:46:35,288 INFO     ___FILE_ONLY___ support
2023-03-16 10:46:35,288 INFO     ___FILE_ONLY___  
2023-03-16 10:46:35,288 INFO     ___FILE_ONLY___ to
2023-03-16 10:46:35,288 INFO     ___FILE_ONLY___ 

2023-03-16 10:46:35,288 INFO     ___FILE_ONLY___         
2023-03-16 10:46:35,288 INFO     ___FILE_ONLY___ [1m--mysql-source-config[m,
2023-03-16 10:46:35,288 INFO     ___FILE_ONLY___  
2023-03-16 10:46:35,288 INFO     ___FILE_ONLY___ [1m--oracle-source-config[m,
2023-03-16 10:46:35,289 INFO     ___FILE_ONLY___ 

2023-03-16 10:46:35,289 INFO     ___FILE_ONLY___         
2023-03-16 10:46:35,289 INFO     ___FILE_ONLY___ [1m--postgresql-source-config[m
2023-03-16 10:46:35,289 INFO     ___FILE_ONLY___  
2023-03-16 10:46:35,289 INFO     ___FILE_ONLY___ flags
2023-03-16 10:46:35,289 INFO     ___FILE_ONLY___  
2023-03-16 10:46:35,289 INFO     ___FILE_ONLY___ in
2023-03-16 10:46:35,289 INFO     ___FILE_ONLY___  
2023-03-16 10:46:35,289 INFO     ___FILE_ONLY___ [1mgcloud
2023-03-16 10:46:35,289 INFO     ___FILE_ONLY___  
2023-03-16 10:46:35,289 INFO     ___FILE_ONLY___ datastream
2023-03-16 10:46:35,289 INFO     ___FILE_ONLY___  
2023-03-16 10:46:35,289 INFO     ___FILE_ONLY___ streams[m.
2023-03-16 10:46:35,289 INFO     ___FILE_ONLY___ 

2023-03-16 10:46:35,289 INFO     ___FILE_ONLY___ 

2023-03-16 10:46:35,289 INFO     ___FILE_ONLY___ [m
2023-03-16 10:46:35,289 INFO     ___FILE_ONLY___   
2023-03-16 10:46:35,289 INFO     ___FILE_ONLY___ [1mCloud Functions[m

2023-03-16 10:46:35,290 INFO     ___FILE_ONLY___       â–ª
2023-03-16 10:46:35,290 INFO     ___FILE_ONLY___  
2023-03-16 10:46:35,290 INFO     ___FILE_ONLY___ Preview
2023-03-16 10:46:35,290 INFO     ___FILE_ONLY___  
2023-03-16 10:46:35,290 INFO     ___FILE_ONLY___ of
2023-03-16 10:46:35,290 INFO     ___FILE_ONLY___  
2023-03-16 10:46:35,290 INFO     ___FILE_ONLY___ the
2023-03-16 10:46:35,290 INFO     ___FILE_ONLY___  
2023-03-16 10:46:35,290 INFO     ___FILE_ONLY___ CMEK
2023-03-16 10:46:35,290 INFO     ___FILE_ONLY___  
2023-03-16 10:46:35,290 INFO     ___FILE_ONLY___ support
2023-03-16 10:46:35,290 INFO     ___FILE_ONLY___  
2023-03-16 10:46:35,290 INFO     ___FILE_ONLY___ for
2023-03-16 10:46:35,290 INFO     ___FILE_ONLY___  
2023-03-16 10:46:35,290 INFO     ___FILE_ONLY___ Cloud
2023-03-16 10:46:35,290 INFO     ___FILE_ONLY___  
2023-03-16 10:46:35,290 INFO     ___FILE_ONLY___ Functions,
2023-03-16 10:46:35,290 INFO     ___FILE_ONLY___  
2023-03-16 10:46:35,290 INFO     ___FILE_ONLY___ 2nd
2023-03-16 10:46:35,290 INFO     ___FILE_ONLY___  
2023-03-16 10:46:35,290 INFO     ___FILE_ONLY___ Gen.
2023-03-16 10:46:35,290 INFO     ___FILE_ONLY___  
2023-03-16 10:46:35,290 INFO     ___FILE_ONLY___ In
2023-03-16 10:46:35,290 INFO     ___FILE_ONLY___ 

2023-03-16 10:46:35,290 INFO     ___FILE_ONLY___         
2023-03-16 10:46:35,291 INFO     ___FILE_ONLY___ particular,
2023-03-16 10:46:35,291 INFO     ___FILE_ONLY___  
2023-03-16 10:46:35,291 INFO     ___FILE_ONLY___ promoted
2023-03-16 10:46:35,291 INFO     ___FILE_ONLY___  
2023-03-16 10:46:35,291 INFO     ___FILE_ONLY___ [1m--docker-repository[m,
2023-03-16 10:46:35,291 INFO     ___FILE_ONLY___  
2023-03-16 10:46:35,291 INFO     ___FILE_ONLY___ [1m--kms-key[m,
2023-03-16 10:46:35,291 INFO     ___FILE_ONLY___ 

2023-03-16 10:46:35,291 INFO     ___FILE_ONLY___         
2023-03-16 10:46:35,291 INFO     ___FILE_ONLY___ [1m--clear-docker-repository[m
2023-03-16 10:46:35,291 INFO     ___FILE_ONLY___  
2023-03-16 10:46:35,291 INFO     ___FILE_ONLY___ and
2023-03-16 10:46:35,291 INFO     ___FILE_ONLY___  
2023-03-16 10:46:35,291 INFO     ___FILE_ONLY___ [1m--clear-kms-key[m
2023-03-16 10:46:35,291 INFO     ___FILE_ONLY___  
2023-03-16 10:46:35,291 INFO     ___FILE_ONLY___ flags
2023-03-16 10:46:35,291 INFO     ___FILE_ONLY___  
2023-03-16 10:46:35,291 INFO     ___FILE_ONLY___ of
2023-03-16 10:46:35,291 INFO     ___FILE_ONLY___  
2023-03-16 10:46:35,292 INFO     ___FILE_ONLY___ [1mgcloud
2023-03-16 10:46:35,292 INFO     ___FILE_ONLY___  
2023-03-16 10:46:35,293 INFO     ___FILE_ONLY___ functions
2023-03-16 10:46:35,293 INFO     ___FILE_ONLY___ 

2023-03-16 10:46:35,293 INFO     ___FILE_ONLY___         
2023-03-16 10:46:35,293 INFO     ___FILE_ONLY___ deploy
2023-03-16 10:46:35,293 INFO     ___FILE_ONLY___  
2023-03-16 10:46:35,293 INFO     ___FILE_ONLY___ --gen2[m
2023-03-16 10:46:35,293 INFO     ___FILE_ONLY___  
2023-03-16 10:46:35,293 INFO     ___FILE_ONLY___ to
2023-03-16 10:46:35,293 INFO     ___FILE_ONLY___  
2023-03-16 10:46:35,293 INFO     ___FILE_ONLY___ beta.
2023-03-16 10:46:35,293 INFO     ___FILE_ONLY___ 

2023-03-16 10:46:35,293 INFO     ___FILE_ONLY___ 

2023-03-16 10:46:35,293 INFO     ___FILE_ONLY___ [m
2023-03-16 10:46:35,293 INFO     ___FILE_ONLY___   
2023-03-16 10:46:35,293 INFO     ___FILE_ONLY___ [1mCloud Run[m

2023-03-16 10:46:35,294 INFO     ___FILE_ONLY___       â–ª
2023-03-16 10:46:35,294 INFO     ___FILE_ONLY___  
2023-03-16 10:46:35,294 INFO     ___FILE_ONLY___ Removed
2023-03-16 10:46:35,294 INFO     ___FILE_ONLY___  
2023-03-16 10:46:35,294 INFO     ___FILE_ONLY___ [1m--condition[m
2023-03-16 10:46:35,294 INFO     ___FILE_ONLY___  
2023-03-16 10:46:35,294 INFO     ___FILE_ONLY___ flag
2023-03-16 10:46:35,294 INFO     ___FILE_ONLY___  
2023-03-16 10:46:35,294 INFO     ___FILE_ONLY___ from
2023-03-16 10:46:35,295 INFO     ___FILE_ONLY___  
2023-03-16 10:46:35,295 INFO     ___FILE_ONLY___ [1mgcloud
2023-03-16 10:46:35,295 INFO     ___FILE_ONLY___  
2023-03-16 10:46:35,295 INFO     ___FILE_ONLY___ run
2023-03-16 10:46:35,295 INFO     ___FILE_ONLY___  
2023-03-16 10:46:35,295 INFO     ___FILE_ONLY___ {services,jobs}
2023-03-16 10:46:35,295 INFO     ___FILE_ONLY___ 

2023-03-16 10:46:35,295 INFO     ___FILE_ONLY___         
2023-03-16 10:46:35,295 INFO     ___FILE_ONLY___ {add,remove}-iam-policy-binding[m.
2023-03-16 10:46:35,295 INFO     ___FILE_ONLY___ 

2023-03-16 10:46:35,295 INFO     ___FILE_ONLY___ 

2023-03-16 10:46:35,295 INFO     ___FILE_ONLY___ [m
2023-03-16 10:46:35,295 INFO     ___FILE_ONLY___   
2023-03-16 10:46:35,295 INFO     ___FILE_ONLY___ [1mCloud Workflows[m

2023-03-16 10:46:35,295 INFO     ___FILE_ONLY___       â–ª
2023-03-16 10:46:35,295 INFO     ___FILE_ONLY___  
2023-03-16 10:46:35,295 INFO     ___FILE_ONLY___ Added
2023-03-16 10:46:35,295 INFO     ___FILE_ONLY___  
2023-03-16 10:46:35,295 INFO     ___FILE_ONLY___ [1m--revision-id[m
2023-03-16 10:46:35,295 INFO     ___FILE_ONLY___  
2023-03-16 10:46:35,295 INFO     ___FILE_ONLY___ flag
2023-03-16 10:46:35,296 INFO     ___FILE_ONLY___  
2023-03-16 10:46:35,296 INFO     ___FILE_ONLY___ to
2023-03-16 10:46:35,296 INFO     ___FILE_ONLY___  
2023-03-16 10:46:35,296 INFO     ___FILE_ONLY___ [1mgcloud
2023-03-16 10:46:35,296 INFO     ___FILE_ONLY___  
2023-03-16 10:46:35,296 INFO     ___FILE_ONLY___ workflows
2023-03-16 10:46:35,296 INFO     ___FILE_ONLY___  
2023-03-16 10:46:35,296 INFO     ___FILE_ONLY___ describe[m
2023-03-16 10:46:35,296 INFO     ___FILE_ONLY___  
2023-03-16 10:46:35,296 INFO     ___FILE_ONLY___ to
2023-03-16 10:46:35,296 INFO     ___FILE_ONLY___  
2023-03-16 10:46:35,296 INFO     ___FILE_ONLY___ allow
2023-03-16 10:46:35,296 INFO     ___FILE_ONLY___ 

2023-03-16 10:46:35,296 INFO     ___FILE_ONLY___         
2023-03-16 10:46:35,296 INFO     ___FILE_ONLY___ retrieving
2023-03-16 10:46:35,296 INFO     ___FILE_ONLY___  
2023-03-16 10:46:35,296 INFO     ___FILE_ONLY___ the
2023-03-16 10:46:35,296 INFO     ___FILE_ONLY___  
2023-03-16 10:46:35,296 INFO     ___FILE_ONLY___ source
2023-03-16 10:46:35,296 INFO     ___FILE_ONLY___  
2023-03-16 10:46:35,296 INFO     ___FILE_ONLY___ code
2023-03-16 10:46:35,296 INFO     ___FILE_ONLY___  
2023-03-16 10:46:35,296 INFO     ___FILE_ONLY___ of
2023-03-16 10:46:35,296 INFO     ___FILE_ONLY___  
2023-03-16 10:46:35,296 INFO     ___FILE_ONLY___ a
2023-03-16 10:46:35,296 INFO     ___FILE_ONLY___  
2023-03-16 10:46:35,296 INFO     ___FILE_ONLY___ workflow
2023-03-16 10:46:35,296 INFO     ___FILE_ONLY___  
2023-03-16 10:46:35,296 INFO     ___FILE_ONLY___ at
2023-03-16 10:46:35,297 INFO     ___FILE_ONLY___  
2023-03-16 10:46:35,297 INFO     ___FILE_ONLY___ a
2023-03-16 10:46:35,297 INFO     ___FILE_ONLY___  
2023-03-16 10:46:35,297 INFO     ___FILE_ONLY___ specific
2023-03-16 10:46:35,297 INFO     ___FILE_ONLY___  
2023-03-16 10:46:35,297 INFO     ___FILE_ONLY___ revision.
2023-03-16 10:46:35,297 INFO     ___FILE_ONLY___ 

2023-03-16 10:46:35,297 INFO     ___FILE_ONLY___ 

2023-03-16 10:46:35,297 INFO     ___FILE_ONLY___ [m
2023-03-16 10:46:35,297 INFO     ___FILE_ONLY___   
2023-03-16 10:46:35,297 INFO     ___FILE_ONLY___ [1mCloud Workstations[m

2023-03-16 10:46:35,297 INFO     ___FILE_ONLY___       â–ª
2023-03-16 10:46:35,297 INFO     ___FILE_ONLY___  
2023-03-16 10:46:35,297 INFO     ___FILE_ONLY___ Added
2023-03-16 10:46:35,297 INFO     ___FILE_ONLY___  
2023-03-16 10:46:35,297 INFO     ___FILE_ONLY___ [1mgcloud
2023-03-16 10:46:35,297 INFO     ___FILE_ONLY___  
2023-03-16 10:46:35,297 INFO     ___FILE_ONLY___ beta
2023-03-16 10:46:35,297 INFO     ___FILE_ONLY___  
2023-03-16 10:46:35,297 INFO     ___FILE_ONLY___ workstations
2023-03-16 10:46:35,297 INFO     ___FILE_ONLY___  
2023-03-16 10:46:35,297 INFO     ___FILE_ONLY___ configs
2023-03-16 10:46:35,297 INFO     ___FILE_ONLY___  
2023-03-16 10:46:35,297 INFO     ___FILE_ONLY___ update[m
2023-03-16 10:46:35,297 INFO     ___FILE_ONLY___  
2023-03-16 10:46:35,298 INFO     ___FILE_ONLY___ which
2023-03-16 10:46:35,298 INFO     ___FILE_ONLY___  
2023-03-16 10:46:35,298 INFO     ___FILE_ONLY___ updates
2023-03-16 10:46:35,298 INFO     ___FILE_ONLY___  
2023-03-16 10:46:35,298 INFO     ___FILE_ONLY___ a
2023-03-16 10:46:35,298 INFO     ___FILE_ONLY___ 

2023-03-16 10:46:35,298 INFO     ___FILE_ONLY___         
2023-03-16 10:46:35,298 INFO     ___FILE_ONLY___ specified
2023-03-16 10:46:35,298 INFO     ___FILE_ONLY___ 

2023-03-16 10:46:35,298 INFO     ___FILE_ONLY___       â–ª
2023-03-16 10:46:35,298 INFO     ___FILE_ONLY___  
2023-03-16 10:46:35,298 INFO     ___FILE_ONLY___ Added
2023-03-16 10:46:35,298 INFO     ___FILE_ONLY___  
2023-03-16 10:46:35,298 INFO     ___FILE_ONLY___ [1mgcloud
2023-03-16 10:46:35,298 INFO     ___FILE_ONLY___  
2023-03-16 10:46:35,298 INFO     ___FILE_ONLY___ beta
2023-03-16 10:46:35,298 INFO     ___FILE_ONLY___  
2023-03-16 10:46:35,298 INFO     ___FILE_ONLY___ workstations
2023-03-16 10:46:35,298 INFO     ___FILE_ONLY___  
2023-03-16 10:46:35,298 INFO     ___FILE_ONLY___ ssh[m
2023-03-16 10:46:35,298 INFO     ___FILE_ONLY___  
2023-03-16 10:46:35,298 INFO     ___FILE_ONLY___ which
2023-03-16 10:46:35,298 INFO     ___FILE_ONLY___  
2023-03-16 10:46:35,298 INFO     ___FILE_ONLY___ SSH's
2023-03-16 10:46:35,298 INFO     ___FILE_ONLY___  
2023-03-16 10:46:35,298 INFO     ___FILE_ONLY___ into
2023-03-16 10:46:35,298 INFO     ___FILE_ONLY___  
2023-03-16 10:46:35,298 INFO     ___FILE_ONLY___ a
2023-03-16 10:46:35,298 INFO     ___FILE_ONLY___  
2023-03-16 10:46:35,298 INFO     ___FILE_ONLY___ specified
2023-03-16 10:46:35,299 INFO     ___FILE_ONLY___ 

2023-03-16 10:46:35,299 INFO     ___FILE_ONLY___         
2023-03-16 10:46:35,299 INFO     ___FILE_ONLY___ workstation.
2023-03-16 10:46:35,299 INFO     ___FILE_ONLY___  
2023-03-16 10:46:35,299 INFO     ___FILE_ONLY___ workstation
2023-03-16 10:46:35,299 INFO     ___FILE_ONLY___  
2023-03-16 10:46:35,299 INFO     ___FILE_ONLY___ configuration.
2023-03-16 10:46:35,299 INFO     ___FILE_ONLY___ 

2023-03-16 10:46:35,299 INFO     ___FILE_ONLY___ 

2023-03-16 10:46:35,299 INFO     ___FILE_ONLY___ [m
2023-03-16 10:46:35,299 INFO     ___FILE_ONLY___   
2023-03-16 10:46:35,299 INFO     ___FILE_ONLY___ [1mCompute Engine[m

2023-03-16 10:46:35,299 INFO     ___FILE_ONLY___       â–ª
2023-03-16 10:46:35,299 INFO     ___FILE_ONLY___  
2023-03-16 10:46:35,299 INFO     ___FILE_ONLY___ Added
2023-03-16 10:46:35,299 INFO     ___FILE_ONLY___  
2023-03-16 10:46:35,299 INFO     ___FILE_ONLY___ [1m--plan[m
2023-03-16 10:46:35,299 INFO     ___FILE_ONLY___  
2023-03-16 10:46:35,299 INFO     ___FILE_ONLY___ to
2023-03-16 10:46:35,299 INFO     ___FILE_ONLY___  
2023-03-16 10:46:35,299 INFO     ___FILE_ONLY___ [1mgcloud
2023-03-16 10:46:35,299 INFO     ___FILE_ONLY___  
2023-03-16 10:46:35,299 INFO     ___FILE_ONLY___ compute
2023-03-16 10:46:35,299 INFO     ___FILE_ONLY___  
2023-03-16 10:46:35,299 INFO     ___FILE_ONLY___ commitments
2023-03-16 10:46:35,299 INFO     ___FILE_ONLY___  
2023-03-16 10:46:35,299 INFO     ___FILE_ONLY___ update[m
2023-03-16 10:46:35,299 INFO     ___FILE_ONLY___  
2023-03-16 10:46:35,300 INFO     ___FILE_ONLY___ to
2023-03-16 10:46:35,300 INFO     ___FILE_ONLY___  
2023-03-16 10:46:35,300 INFO     ___FILE_ONLY___ support
2023-03-16 10:46:35,300 INFO     ___FILE_ONLY___ 

2023-03-16 10:46:35,300 INFO     ___FILE_ONLY___         
2023-03-16 10:46:35,300 INFO     ___FILE_ONLY___ commitment
2023-03-16 10:46:35,300 INFO     ___FILE_ONLY___  
2023-03-16 10:46:35,300 INFO     ___FILE_ONLY___ term
2023-03-16 10:46:35,300 INFO     ___FILE_ONLY___  
2023-03-16 10:46:35,300 INFO     ___FILE_ONLY___ upgrade.
2023-03-16 10:46:35,300 INFO     ___FILE_ONLY___ 

2023-03-16 10:46:35,300 INFO     ___FILE_ONLY___       â–ª
2023-03-16 10:46:35,300 INFO     ___FILE_ONLY___  
2023-03-16 10:46:35,300 INFO     ___FILE_ONLY___ Promoted
2023-03-16 10:46:35,300 INFO     ___FILE_ONLY___  
2023-03-16 10:46:35,300 INFO     ___FILE_ONLY___ [1mgcloud
2023-03-16 10:46:35,300 INFO     ___FILE_ONLY___  
2023-03-16 10:46:35,300 INFO     ___FILE_ONLY___ compute
2023-03-16 10:46:35,300 INFO     ___FILE_ONLY___  
2023-03-16 10:46:35,300 INFO     ___FILE_ONLY___ security-policies
2023-03-16 10:46:35,300 INFO     ___FILE_ONLY___  
2023-03-16 10:46:35,300 INFO     ___FILE_ONLY___ rules
2023-03-16 10:46:35,300 INFO     ___FILE_ONLY___ 

2023-03-16 10:46:35,300 INFO     ___FILE_ONLY___         
2023-03-16 10:46:35,300 INFO     ___FILE_ONLY___ add-preconfig-waf-exclusion|remove-preconfig-waf-exclusion[m
2023-03-16 10:46:35,300 INFO     ___FILE_ONLY___  
2023-03-16 10:46:35,300 INFO     ___FILE_ONLY___ to
2023-03-16 10:46:35,301 INFO     ___FILE_ONLY___  
2023-03-16 10:46:35,301 INFO     ___FILE_ONLY___ GA.
2023-03-16 10:46:35,301 INFO     ___FILE_ONLY___ 

2023-03-16 10:46:35,301 INFO     ___FILE_ONLY___       â–ª
2023-03-16 10:46:35,301 INFO     ___FILE_ONLY___  
2023-03-16 10:46:35,301 INFO     ___FILE_ONLY___ Promoted
2023-03-16 10:46:35,301 INFO     ___FILE_ONLY___  
2023-03-16 10:46:35,301 INFO     ___FILE_ONLY___ [1m--queue-count[m
2023-03-16 10:46:35,301 INFO     ___FILE_ONLY___  
2023-03-16 10:46:35,301 INFO     ___FILE_ONLY___ flag
2023-03-16 10:46:35,301 INFO     ___FILE_ONLY___  
2023-03-16 10:46:35,301 INFO     ___FILE_ONLY___ in
2023-03-16 10:46:35,301 INFO     ___FILE_ONLY___  
2023-03-16 10:46:35,301 INFO     ___FILE_ONLY___ [1m--network-interface[m
2023-03-16 10:46:35,301 INFO     ___FILE_ONLY___  
2023-03-16 10:46:35,301 INFO     ___FILE_ONLY___ of
2023-03-16 10:46:35,301 INFO     ___FILE_ONLY___  
2023-03-16 10:46:35,301 INFO     ___FILE_ONLY___ [1mgcloud
2023-03-16 10:46:35,301 INFO     ___FILE_ONLY___  
2023-03-16 10:46:35,301 INFO     ___FILE_ONLY___ compute
2023-03-16 10:46:35,301 INFO     ___FILE_ONLY___ 

2023-03-16 10:46:35,301 INFO     ___FILE_ONLY___         
2023-03-16 10:46:35,301 INFO     ___FILE_ONLY___ instances
2023-03-16 10:46:35,301 INFO     ___FILE_ONLY___  
2023-03-16 10:46:35,301 INFO     ___FILE_ONLY___ create[m
2023-03-16 10:46:35,301 INFO     ___FILE_ONLY___  
2023-03-16 10:46:35,301 INFO     ___FILE_ONLY___ to
2023-03-16 10:46:35,301 INFO     ___FILE_ONLY___  
2023-03-16 10:46:35,302 INFO     ___FILE_ONLY___ GA.
2023-03-16 10:46:35,302 INFO     ___FILE_ONLY___ 

2023-03-16 10:46:35,302 INFO     ___FILE_ONLY___       â–ª
2023-03-16 10:46:35,302 INFO     ___FILE_ONLY___  
2023-03-16 10:46:35,302 INFO     ___FILE_ONLY___ Promoted
2023-03-16 10:46:35,302 INFO     ___FILE_ONLY___  
2023-03-16 10:46:35,302 INFO     ___FILE_ONLY___ [1m--internal-ipv6-address[m
2023-03-16 10:46:35,302 INFO     ___FILE_ONLY___  
2023-03-16 10:46:35,302 INFO     ___FILE_ONLY___ flag
2023-03-16 10:46:35,302 INFO     ___FILE_ONLY___  
2023-03-16 10:46:35,302 INFO     ___FILE_ONLY___ of
2023-03-16 10:46:35,302 INFO     ___FILE_ONLY___  
2023-03-16 10:46:35,302 INFO     ___FILE_ONLY___ [1mgcloud
2023-03-16 10:46:35,302 INFO     ___FILE_ONLY___  
2023-03-16 10:46:35,302 INFO     ___FILE_ONLY___ compute
2023-03-16 10:46:35,302 INFO     ___FILE_ONLY___  
2023-03-16 10:46:35,302 INFO     ___FILE_ONLY___ instances
2023-03-16 10:46:35,302 INFO     ___FILE_ONLY___ 

2023-03-16 10:46:35,302 INFO     ___FILE_ONLY___         
2023-03-16 10:46:35,302 INFO     ___FILE_ONLY___ create[m
2023-03-16 10:46:35,302 INFO     ___FILE_ONLY___  
2023-03-16 10:46:35,302 INFO     ___FILE_ONLY___ to
2023-03-16 10:46:35,302 INFO     ___FILE_ONLY___  
2023-03-16 10:46:35,302 INFO     ___FILE_ONLY___ GA.
2023-03-16 10:46:35,302 INFO     ___FILE_ONLY___ 

2023-03-16 10:46:35,302 INFO     ___FILE_ONLY___       â–ª
2023-03-16 10:46:35,302 INFO     ___FILE_ONLY___  
2023-03-16 10:46:35,303 INFO     ___FILE_ONLY___ Promoted
2023-03-16 10:46:35,303 INFO     ___FILE_ONLY___  
2023-03-16 10:46:35,303 INFO     ___FILE_ONLY___ [1m--internal-ipv6-prefix-length[m
2023-03-16 10:46:35,303 INFO     ___FILE_ONLY___  
2023-03-16 10:46:35,303 INFO     ___FILE_ONLY___ flag
2023-03-16 10:46:35,303 INFO     ___FILE_ONLY___  
2023-03-16 10:46:35,303 INFO     ___FILE_ONLY___ of
2023-03-16 10:46:35,303 INFO     ___FILE_ONLY___  
2023-03-16 10:46:35,303 INFO     ___FILE_ONLY___ [1mgcloud
2023-03-16 10:46:35,303 INFO     ___FILE_ONLY___  
2023-03-16 10:46:35,303 INFO     ___FILE_ONLY___ compute
2023-03-16 10:46:35,303 INFO     ___FILE_ONLY___ 

2023-03-16 10:46:35,303 INFO     ___FILE_ONLY___         
2023-03-16 10:46:35,303 INFO     ___FILE_ONLY___ instances
2023-03-16 10:46:35,303 INFO     ___FILE_ONLY___  
2023-03-16 10:46:35,303 INFO     ___FILE_ONLY___ create[m
2023-03-16 10:46:35,303 INFO     ___FILE_ONLY___  
2023-03-16 10:46:35,303 INFO     ___FILE_ONLY___ to
2023-03-16 10:46:35,304 INFO     ___FILE_ONLY___  
2023-03-16 10:46:35,304 INFO     ___FILE_ONLY___ GA.
2023-03-16 10:46:35,304 INFO     ___FILE_ONLY___ 

2023-03-16 10:46:35,304 INFO     ___FILE_ONLY___       â–ª
2023-03-16 10:46:35,304 INFO     ___FILE_ONLY___  
2023-03-16 10:46:35,304 INFO     ___FILE_ONLY___ Added
2023-03-16 10:46:35,304 INFO     ___FILE_ONLY___  
2023-03-16 10:46:35,304 INFO     ___FILE_ONLY___ new
2023-03-16 10:46:35,304 INFO     ___FILE_ONLY___  
2023-03-16 10:46:35,304 INFO     ___FILE_ONLY___ [1mADVANCED_PREVIEW[m
2023-03-16 10:46:35,304 INFO     ___FILE_ONLY___  
2023-03-16 10:46:35,304 INFO     ___FILE_ONLY___ enum
2023-03-16 10:46:35,304 INFO     ___FILE_ONLY___  
2023-03-16 10:46:35,304 INFO     ___FILE_ONLY___ option
2023-03-16 10:46:35,304 INFO     ___FILE_ONLY___  
2023-03-16 10:46:35,304 INFO     ___FILE_ONLY___ to
2023-03-16 10:46:35,304 INFO     ___FILE_ONLY___  
2023-03-16 10:46:35,304 INFO     ___FILE_ONLY___ [1m--network-ddos-protection[m
2023-03-16 10:46:35,304 INFO     ___FILE_ONLY___ 

2023-03-16 10:46:35,304 INFO     ___FILE_ONLY___         
2023-03-16 10:46:35,304 INFO     ___FILE_ONLY___ flag
2023-03-16 10:46:35,304 INFO     ___FILE_ONLY___  
2023-03-16 10:46:35,304 INFO     ___FILE_ONLY___ of
2023-03-16 10:46:35,304 INFO     ___FILE_ONLY___  
2023-03-16 10:46:35,304 INFO     ___FILE_ONLY___ [1mgcloud
2023-03-16 10:46:35,305 INFO     ___FILE_ONLY___  
2023-03-16 10:46:35,305 INFO     ___FILE_ONLY___ compute
2023-03-16 10:46:35,305 INFO     ___FILE_ONLY___  
2023-03-16 10:46:35,305 INFO     ___FILE_ONLY___ security-policies
2023-03-16 10:46:35,305 INFO     ___FILE_ONLY___  
2023-03-16 10:46:35,305 INFO     ___FILE_ONLY___ update[m
2023-03-16 10:46:35,305 INFO     ___FILE_ONLY___  
2023-03-16 10:46:35,305 INFO     ___FILE_ONLY___ in
2023-03-16 10:46:35,305 INFO     ___FILE_ONLY___  
2023-03-16 10:46:35,305 INFO     ___FILE_ONLY___ alpha
2023-03-16 10:46:35,305 INFO     ___FILE_ONLY___  
2023-03-16 10:46:35,305 INFO     ___FILE_ONLY___ and
2023-03-16 10:46:35,305 INFO     ___FILE_ONLY___  
2023-03-16 10:46:35,305 INFO     ___FILE_ONLY___ beta.
2023-03-16 10:46:35,305 INFO     ___FILE_ONLY___ 

2023-03-16 10:46:35,305 INFO     ___FILE_ONLY___ 

2023-03-16 10:46:35,305 INFO     ___FILE_ONLY___ [m
2023-03-16 10:46:35,305 INFO     ___FILE_ONLY___   
2023-03-16 10:46:35,305 INFO     ___FILE_ONLY___ [1mGKE Hub[m

2023-03-16 10:46:35,305 INFO     ___FILE_ONLY___       â–ª
2023-03-16 10:46:35,305 INFO     ___FILE_ONLY___  
2023-03-16 10:46:35,305 INFO     ___FILE_ONLY___ Changed
2023-03-16 10:46:35,305 INFO     ___FILE_ONLY___  
2023-03-16 10:46:35,305 INFO     ___FILE_ONLY___ [1mgcloud
2023-03-16 10:46:35,305 INFO     ___FILE_ONLY___  
2023-03-16 10:46:35,305 INFO     ___FILE_ONLY___ container
2023-03-16 10:46:35,305 INFO     ___FILE_ONLY___  
2023-03-16 10:46:35,306 INFO     ___FILE_ONLY___ fleet
2023-03-16 10:46:35,306 INFO     ___FILE_ONLY___  
2023-03-16 10:46:35,306 INFO     ___FILE_ONLY___ memberships
2023-03-16 10:46:35,306 INFO     ___FILE_ONLY___  
2023-03-16 10:46:35,306 INFO     ___FILE_ONLY___ unregister[m
2023-03-16 10:46:35,306 INFO     ___FILE_ONLY___  
2023-03-16 10:46:35,306 INFO     ___FILE_ONLY___ command
2023-03-16 10:46:35,306 INFO     ___FILE_ONLY___  
2023-03-16 10:46:35,306 INFO     ___FILE_ONLY___ to
2023-03-16 10:46:35,306 INFO     ___FILE_ONLY___ 

2023-03-16 10:46:35,306 INFO     ___FILE_ONLY___         
2023-03-16 10:46:35,306 INFO     ___FILE_ONLY___ assume
2023-03-16 10:46:35,306 INFO     ___FILE_ONLY___  
2023-03-16 10:46:35,306 INFO     ___FILE_ONLY___ membership
2023-03-16 10:46:35,306 INFO     ___FILE_ONLY___  
2023-03-16 10:46:35,306 INFO     ___FILE_ONLY___ region
2023-03-16 10:46:35,306 INFO     ___FILE_ONLY___  
2023-03-16 10:46:35,306 INFO     ___FILE_ONLY___ based
2023-03-16 10:46:35,306 INFO     ___FILE_ONLY___  
2023-03-16 10:46:35,306 INFO     ___FILE_ONLY___ on
2023-03-16 10:46:35,306 INFO     ___FILE_ONLY___  
2023-03-16 10:46:35,306 INFO     ___FILE_ONLY___ gke
2023-03-16 10:46:35,306 INFO     ___FILE_ONLY___  
2023-03-16 10:46:35,306 INFO     ___FILE_ONLY___ cluster
2023-03-16 10:46:35,306 INFO     ___FILE_ONLY___  
2023-03-16 10:46:35,306 INFO     ___FILE_ONLY___ region
2023-03-16 10:46:35,306 INFO     ___FILE_ONLY___  
2023-03-16 10:46:35,306 INFO     ___FILE_ONLY___ by
2023-03-16 10:46:35,306 INFO     ___FILE_ONLY___  
2023-03-16 10:46:35,306 INFO     ___FILE_ONLY___ default.
2023-03-16 10:46:35,307 INFO     ___FILE_ONLY___ 

2023-03-16 10:46:35,307 INFO     ___FILE_ONLY___ 

2023-03-16 10:46:35,307 INFO     ___FILE_ONLY___ [m
2023-03-16 10:46:35,307 INFO     ___FILE_ONLY___   
2023-03-16 10:46:35,307 INFO     ___FILE_ONLY___ [1mNetwork Connectivity[m

2023-03-16 10:46:35,307 INFO     ___FILE_ONLY___       â–ª
2023-03-16 10:46:35,307 INFO     ___FILE_ONLY___  
2023-03-16 10:46:35,307 INFO     ___FILE_ONLY___ Fixed
2023-03-16 10:46:35,307 INFO     ___FILE_ONLY___  
2023-03-16 10:46:35,307 INFO     ___FILE_ONLY___ issue
2023-03-16 10:46:35,307 INFO     ___FILE_ONLY___  
2023-03-16 10:46:35,307 INFO     ___FILE_ONLY___ where
2023-03-16 10:46:35,307 INFO     ___FILE_ONLY___  
2023-03-16 10:46:35,307 INFO     ___FILE_ONLY___ [1msort-by[m
2023-03-16 10:46:35,307 INFO     ___FILE_ONLY___  
2023-03-16 10:46:35,307 INFO     ___FILE_ONLY___ arguments
2023-03-16 10:46:35,307 INFO     ___FILE_ONLY___  
2023-03-16 10:46:35,307 INFO     ___FILE_ONLY___ in
2023-03-16 10:46:35,307 INFO     ___FILE_ONLY___  
2023-03-16 10:46:35,307 INFO     ___FILE_ONLY___ list
2023-03-16 10:46:35,307 INFO     ___FILE_ONLY___  
2023-03-16 10:46:35,307 INFO     ___FILE_ONLY___ spoke
2023-03-16 10:46:35,307 INFO     ___FILE_ONLY___  
2023-03-16 10:46:35,307 INFO     ___FILE_ONLY___ command
2023-03-16 10:46:35,307 INFO     ___FILE_ONLY___  
2023-03-16 10:46:35,307 INFO     ___FILE_ONLY___ produced
2023-03-16 10:46:35,307 INFO     ___FILE_ONLY___ 

2023-03-16 10:46:35,308 INFO     ___FILE_ONLY___         
2023-03-16 10:46:35,308 INFO     ___FILE_ONLY___ type
2023-03-16 10:46:35,308 INFO     ___FILE_ONLY___  
2023-03-16 10:46:35,308 INFO     ___FILE_ONLY___ validation
2023-03-16 10:46:35,308 INFO     ___FILE_ONLY___  
2023-03-16 10:46:35,308 INFO     ___FILE_ONLY___ errors.
2023-03-16 10:46:35,308 INFO     ___FILE_ONLY___ 

2023-03-16 10:46:35,308 INFO     ___FILE_ONLY___ 

2023-03-16 10:46:35,308 INFO     ___FILE_ONLY___ [m
2023-03-16 10:46:35,308 INFO     ___FILE_ONLY___   
2023-03-16 10:46:35,308 INFO     ___FILE_ONLY___ [1mRecaptcha[m

2023-03-16 10:46:35,308 INFO     ___FILE_ONLY___       â–ª
2023-03-16 10:46:35,308 INFO     ___FILE_ONLY___  
2023-03-16 10:46:35,308 INFO     ___FILE_ONLY___ Support
2023-03-16 10:46:35,308 INFO     ___FILE_ONLY___  
2023-03-16 10:46:35,308 INFO     ___FILE_ONLY___ creating
2023-03-16 10:46:35,308 INFO     ___FILE_ONLY___  
2023-03-16 10:46:35,308 INFO     ___FILE_ONLY___ express
2023-03-16 10:46:35,308 INFO     ___FILE_ONLY___  
2023-03-16 10:46:35,308 INFO     ___FILE_ONLY___ enabled
2023-03-16 10:46:35,308 INFO     ___FILE_ONLY___  
2023-03-16 10:46:35,308 INFO     ___FILE_ONLY___ site
2023-03-16 10:46:35,308 INFO     ___FILE_ONLY___  
2023-03-16 10:46:35,308 INFO     ___FILE_ONLY___ keys
2023-03-16 10:46:35,308 INFO     ___FILE_ONLY___  
2023-03-16 10:46:35,308 INFO     ___FILE_ONLY___ using
2023-03-16 10:46:35,308 INFO     ___FILE_ONLY___  
2023-03-16 10:46:35,309 INFO     ___FILE_ONLY___ [1mrecaptcha
2023-03-16 10:46:35,309 INFO     ___FILE_ONLY___  
2023-03-16 10:46:35,309 INFO     ___FILE_ONLY___ keys
2023-03-16 10:46:35,309 INFO     ___FILE_ONLY___ 

2023-03-16 10:46:35,309 INFO     ___FILE_ONLY___         
2023-03-16 10:46:35,309 INFO     ___FILE_ONLY___ create
2023-03-16 10:46:35,309 INFO     ___FILE_ONLY___  
2023-03-16 10:46:35,309 INFO     ___FILE_ONLY___ --waf-feature=express[m.
2023-03-16 10:46:35,309 INFO     ___FILE_ONLY___ 

2023-03-16 10:46:35,309 INFO     ___FILE_ONLY___ 

2023-03-16 10:46:35,309 INFO     ___FILE_ONLY___    
2023-03-16 10:46:35,309 INFO     ___FILE_ONLY___  
2023-03-16 10:46:35,309 INFO     ___FILE_ONLY___ Subscribe
2023-03-16 10:46:35,309 INFO     ___FILE_ONLY___  
2023-03-16 10:46:35,309 INFO     ___FILE_ONLY___ to
2023-03-16 10:46:35,309 INFO     ___FILE_ONLY___  
2023-03-16 10:46:35,309 INFO     ___FILE_ONLY___ these
2023-03-16 10:46:35,309 INFO     ___FILE_ONLY___  
2023-03-16 10:46:35,309 INFO     ___FILE_ONLY___ release
2023-03-16 10:46:35,309 INFO     ___FILE_ONLY___  
2023-03-16 10:46:35,309 INFO     ___FILE_ONLY___ notes
2023-03-16 10:46:35,309 INFO     ___FILE_ONLY___  
2023-03-16 10:46:35,309 INFO     ___FILE_ONLY___ at
2023-03-16 10:46:35,309 INFO     ___FILE_ONLY___ 

2023-03-16 10:46:35,309 INFO     ___FILE_ONLY___     
2023-03-16 10:46:35,309 INFO     ___FILE_ONLY___ https://groups.google.com/forum/#!forum/google-cloud-sdk-announce
2023-03-16 10:46:35,310 INFO     ___FILE_ONLY___ 

2023-03-16 10:46:35,310 INFO     ___FILE_ONLY___     
2023-03-16 10:46:35,310 INFO     ___FILE_ONLY___ (https://groups.google.com/forum/#!forum/google-cloud-sdk-announce).
2023-03-16 10:46:35,310 INFO     ___FILE_ONLY___ 

2023-03-16 10:46:35,310 INFO     ___FILE_ONLY___ [m
2023-03-16 10:46:35,310 INFO     ___FILE_ONLY___ 

2023-03-16 10:46:35,384 INFO     ___FILE_ONLY___ â•”â•â•â•â•â•â•â•â•â•â•â•â•â•â•â•â•â•â•â•â•â•â•â•â•â•â•â•â•â•â•â•â•â•â•â•â•â•â•â•â•â•â•â•â•â•â•â•â•â•â•â•â•â•â•â•â•â•â•â•â•â•—

2023-03-16 10:46:35,385 INFO     ___FILE_ONLY___ â• â• Creating update staging area                             â•â•£

2023-03-16 10:46:35,385 INFO     ___FILE_ONLY___ â•š
2023-03-16 10:46:35,386 INFO     ___FILE_ONLY___ â•â•â•â•â•â•
2023-03-16 10:46:44,507 INFO     ___FILE_ONLY___ â•â•â•â•â•â•
2023-03-16 10:46:44,508 INFO     ___FILE_ONLY___ â•â•â•â•â•â•
2023-03-16 10:46:45,945 INFO     ___FILE_ONLY___ â•
2023-03-16 10:46:46,502 INFO     ___FILE_ONLY___ â•
2023-03-16 10:46:46,955 INFO     ___FILE_ONLY___ â•
2023-03-16 10:46:47,422 INFO     ___FILE_ONLY___ â•
2023-03-16 10:46:48,263 INFO     ___FILE_ONLY___ â•
2023-03-16 10:46:48,760 INFO     ___FILE_ONLY___ â•
2023-03-16 10:46:49,313 INFO     ___FILE_ONLY___ â•
2023-03-16 10:46:50,143 INFO     ___FILE_ONLY___ â•
2023-03-16 10:46:50,894 INFO     ___FILE_ONLY___ â•
2023-03-16 10:46:51,566 INFO     ___FILE_ONLY___ â•
2023-03-16 10:46:52,506 INFO     ___FILE_ONLY___ â•
2023-03-16 10:46:54,020 INFO     ___FILE_ONLY___ â•
2023-03-16 10:46:54,912 INFO     ___FILE_ONLY___ â•
2023-03-16 10:46:55,670 INFO     ___FILE_ONLY___ â•
2023-03-16 10:46:56,051 INFO     ___FILE_ONLY___ â•
2023-03-16 10:46:56,861 INFO     ___FILE_ONLY___ â•
2023-03-16 10:46:57,082 INFO     ___FILE_ONLY___ â•
2023-03-16 10:46:57,370 INFO     ___FILE_ONLY___ â•
2023-03-16 10:46:57,735 INFO     ___FILE_ONLY___ â•
2023-03-16 10:46:58,197 INFO     ___FILE_ONLY___ â•
2023-03-16 10:46:58,635 INFO     ___FILE_ONLY___ â•
2023-03-16 10:46:59,027 INFO     ___FILE_ONLY___ â•
2023-03-16 10:46:59,137 INFO     ___FILE_ONLY___ â•
2023-03-16 10:46:59,796 INFO     ___FILE_ONLY___ â•
2023-03-16 10:47:00,144 INFO     ___FILE_ONLY___ â•
2023-03-16 10:47:00,659 INFO     ___FILE_ONLY___ â•
2023-03-16 10:47:00,870 INFO     ___FILE_ONLY___ â•
2023-03-16 10:47:01,247 INFO     ___FILE_ONLY___ â•
2023-03-16 10:47:01,817 INFO     ___FILE_ONLY___ â•
2023-03-16 10:47:02,000 INFO     ___FILE_ONLY___ â•
2023-03-16 10:47:02,300 INFO     ___FILE_ONLY___ â•
2023-03-16 10:47:02,684 INFO     ___FILE_ONLY___ â•
2023-03-16 10:47:03,114 INFO     ___FILE_ONLY___ â•
2023-03-16 10:47:04,184 INFO     ___FILE_ONLY___ â•
2023-03-16 10:47:04,419 INFO     ___FILE_ONLY___ â•
2023-03-16 10:47:04,948 INFO     ___FILE_ONLY___ â•
2023-03-16 10:47:05,552 INFO     ___FILE_ONLY___ â•
2023-03-16 10:47:06,062 INFO     ___FILE_ONLY___ â•
2023-03-16 10:47:06,486 INFO     ___FILE_ONLY___ â•
2023-03-16 10:47:06,769 INFO     ___FILE_ONLY___ â•
2023-03-16 10:47:07,092 INFO     ___FILE_ONLY___ â•
2023-03-16 10:47:07,833 INFO     ___FILE_ONLY___ â•
2023-03-16 10:47:07,833 INFO     ___FILE_ONLY___ â•

2023-03-16 10:47:14,286 INFO     ___FILE_ONLY___ â•”â•â•â•â•â•â•â•â•â•â•â•â•â•â•â•â•â•â•â•â•â•â•â•â•â•â•â•â•â•â•â•â•â•â•â•â•â•â•â•â•â•â•â•â•â•â•â•â•â•â•â•â•â•â•â•â•â•â•â•â•â•—

2023-03-16 10:47:14,287 INFO     ___FILE_ONLY___ â• â• Uninstalling: BigQuery Command Line Tool                 â•â•£

2023-03-16 10:47:14,287 INFO     ___FILE_ONLY___ â•š
2023-03-16 10:47:14,289 INFO     ___FILE_ONLY___ â•
2023-03-16 10:47:14,290 INFO     ___FILE_ONLY___ â•
2023-03-16 10:47:14,290 INFO     ___FILE_ONLY___ â•
2023-03-16 10:47:14,291 INFO     ___FILE_ONLY___ â•
2023-03-16 10:47:14,291 INFO     ___FILE_ONLY___ â•
2023-03-16 10:47:14,292 INFO     ___FILE_ONLY___ â•
2023-03-16 10:47:14,292 INFO     ___FILE_ONLY___ â•
2023-03-16 10:47:14,293 INFO     ___FILE_ONLY___ â•
2023-03-16 10:47:14,293 INFO     ___FILE_ONLY___ â•
2023-03-16 10:47:14,294 INFO     ___FILE_ONLY___ â•
2023-03-16 10:47:14,295 INFO     ___FILE_ONLY___ â•
2023-03-16 10:47:14,295 INFO     ___FILE_ONLY___ â•
2023-03-16 10:47:14,296 INFO     ___FILE_ONLY___ â•
2023-03-16 10:47:14,296 INFO     ___FILE_ONLY___ â•
2023-03-16 10:47:14,297 INFO     ___FILE_ONLY___ â•
2023-03-16 10:47:14,297 INFO     ___FILE_ONLY___ â•
2023-03-16 10:47:14,298 INFO     ___FILE_ONLY___ â•
2023-03-16 10:47:14,298 INFO     ___FILE_ONLY___ â•
2023-03-16 10:47:14,299 INFO     ___FILE_ONLY___ â•
2023-03-16 10:47:14,299 INFO     ___FILE_ONLY___ â•
2023-03-16 10:47:14,300 INFO     ___FILE_ONLY___ â•
2023-03-16 10:47:14,300 INFO     ___FILE_ONLY___ â•
2023-03-16 10:47:14,301 INFO     ___FILE_ONLY___ â•
2023-03-16 10:47:14,302 INFO     ___FILE_ONLY___ â•
2023-03-16 10:47:14,302 INFO     ___FILE_ONLY___ â•
2023-03-16 10:47:14,303 INFO     ___FILE_ONLY___ â•
2023-03-16 10:47:14,303 INFO     ___FILE_ONLY___ â•
2023-03-16 10:47:14,304 INFO     ___FILE_ONLY___ â•
2023-03-16 10:47:14,304 INFO     ___FILE_ONLY___ â•
2023-03-16 10:47:14,305 INFO     ___FILE_ONLY___ â•
2023-03-16 10:47:14,306 INFO     ___FILE_ONLY___ â•
2023-03-16 10:47:14,306 INFO     ___FILE_ONLY___ â•
2023-03-16 10:47:14,307 INFO     ___FILE_ONLY___ â•
2023-03-16 10:47:14,308 INFO     ___FILE_ONLY___ â•
2023-03-16 10:47:14,308 INFO     ___FILE_ONLY___ â•
2023-03-16 10:47:14,309 INFO     ___FILE_ONLY___ â•
2023-03-16 10:47:14,309 INFO     ___FILE_ONLY___ â•
2023-03-16 10:47:14,310 INFO     ___FILE_ONLY___ â•
2023-03-16 10:47:14,310 INFO     ___FILE_ONLY___ â•
2023-03-16 10:47:14,311 INFO     ___FILE_ONLY___ â•
2023-03-16 10:47:14,312 INFO     ___FILE_ONLY___ â•
2023-03-16 10:47:14,312 INFO     ___FILE_ONLY___ â•
2023-03-16 10:47:14,313 INFO     ___FILE_ONLY___ â•
2023-03-16 10:47:14,313 INFO     ___FILE_ONLY___ â•
2023-03-16 10:47:14,314 INFO     ___FILE_ONLY___ â•
2023-03-16 10:47:14,315 INFO     ___FILE_ONLY___ â•
2023-03-16 10:47:14,315 INFO     ___FILE_ONLY___ â•
2023-03-16 10:47:14,316 INFO     ___FILE_ONLY___ â•
2023-03-16 10:47:14,316 INFO     ___FILE_ONLY___ â•
2023-03-16 10:47:14,317 INFO     ___FILE_ONLY___ â•
2023-03-16 10:47:14,318 INFO     ___FILE_ONLY___ â•
2023-03-16 10:47:14,319 INFO     ___FILE_ONLY___ â•
2023-03-16 10:47:14,321 INFO     ___FILE_ONLY___ â•
2023-03-16 10:47:14,326 INFO     ___FILE_ONLY___ â•
2023-03-16 10:47:14,328 INFO     ___FILE_ONLY___ â•
2023-03-16 10:47:14,330 INFO     ___FILE_ONLY___ â•
2023-03-16 10:47:14,331 INFO     ___FILE_ONLY___ â•
2023-03-16 10:47:14,332 INFO     ___FILE_ONLY___ â•
2023-03-16 10:47:14,333 INFO     ___FILE_ONLY___ â•
2023-03-16 10:47:14,334 INFO     ___FILE_ONLY___ â•
2023-03-16 10:47:14,334 INFO     ___FILE_ONLY___ â•

2023-03-16 10:47:14,406 INFO     ___FILE_ONLY___ â•”â•â•â•â•â•â•â•â•â•â•â•â•â•â•â•â•â•â•â•â•â•â•â•â•â•â•â•â•â•â•â•â•â•â•â•â•â•â•â•â•â•â•â•â•â•â•â•â•â•â•â•â•â•â•â•â•â•â•â•â•â•—

2023-03-16 10:47:14,406 INFO     ___FILE_ONLY___ â• â• Uninstalling: Cloud Storage Command Line Tool            â•â•£

2023-03-16 10:47:14,406 INFO     ___FILE_ONLY___ â•š
2023-03-16 10:47:14,414 INFO     ___FILE_ONLY___ â•
2023-03-16 10:47:14,421 INFO     ___FILE_ONLY___ â•
2023-03-16 10:47:14,432 INFO     ___FILE_ONLY___ â•
2023-03-16 10:47:14,440 INFO     ___FILE_ONLY___ â•
2023-03-16 10:47:14,449 INFO     ___FILE_ONLY___ â•
2023-03-16 10:47:14,460 INFO     ___FILE_ONLY___ â•
2023-03-16 10:47:14,467 INFO     ___FILE_ONLY___ â•
2023-03-16 10:47:14,477 INFO     ___FILE_ONLY___ â•
2023-03-16 10:47:14,484 INFO     ___FILE_ONLY___ â•
2023-03-16 10:47:14,495 INFO     ___FILE_ONLY___ â•
2023-03-16 10:47:14,506 INFO     ___FILE_ONLY___ â•
2023-03-16 10:47:14,515 INFO     ___FILE_ONLY___ â•
2023-03-16 10:47:14,524 INFO     ___FILE_ONLY___ â•
2023-03-16 10:47:14,532 INFO     ___FILE_ONLY___ â•
2023-03-16 10:47:14,539 INFO     ___FILE_ONLY___ â•
2023-03-16 10:47:14,545 INFO     ___FILE_ONLY___ â•
2023-03-16 10:47:14,552 INFO     ___FILE_ONLY___ â•
2023-03-16 10:47:14,560 INFO     ___FILE_ONLY___ â•
2023-03-16 10:47:14,565 INFO     ___FILE_ONLY___ â•
2023-03-16 10:47:14,572 INFO     ___FILE_ONLY___ â•
2023-03-16 10:47:14,578 INFO     ___FILE_ONLY___ â•
2023-03-16 10:47:14,585 INFO     ___FILE_ONLY___ â•
2023-03-16 10:47:14,592 INFO     ___FILE_ONLY___ â•
2023-03-16 10:47:14,605 INFO     ___FILE_ONLY___ â•
2023-03-16 10:47:14,612 INFO     ___FILE_ONLY___ â•
2023-03-16 10:47:14,620 INFO     ___FILE_ONLY___ â•
2023-03-16 10:47:14,628 INFO     ___FILE_ONLY___ â•
2023-03-16 10:47:14,635 INFO     ___FILE_ONLY___ â•
2023-03-16 10:47:14,644 INFO     ___FILE_ONLY___ â•
2023-03-16 10:47:14,650 INFO     ___FILE_ONLY___ â•
2023-03-16 10:47:14,657 INFO     ___FILE_ONLY___ â•
2023-03-16 10:47:14,663 INFO     ___FILE_ONLY___ â•
2023-03-16 10:47:14,669 INFO     ___FILE_ONLY___ â•
2023-03-16 10:47:14,675 INFO     ___FILE_ONLY___ â•
2023-03-16 10:47:14,681 INFO     ___FILE_ONLY___ â•
2023-03-16 10:47:14,687 INFO     ___FILE_ONLY___ â•
2023-03-16 10:47:14,693 INFO     ___FILE_ONLY___ â•
2023-03-16 10:47:14,699 INFO     ___FILE_ONLY___ â•
2023-03-16 10:47:14,706 INFO     ___FILE_ONLY___ â•
2023-03-16 10:47:14,714 INFO     ___FILE_ONLY___ â•
2023-03-16 10:47:14,721 INFO     ___FILE_ONLY___ â•
2023-03-16 10:47:14,729 INFO     ___FILE_ONLY___ â•
2023-03-16 10:47:14,751 INFO     ___FILE_ONLY___ â•
2023-03-16 10:47:14,758 INFO     ___FILE_ONLY___ â•
2023-03-16 10:47:14,766 INFO     ___FILE_ONLY___ â•
2023-03-16 10:47:14,774 INFO     ___FILE_ONLY___ â•
2023-03-16 10:47:14,780 INFO     ___FILE_ONLY___ â•
2023-03-16 10:47:14,787 INFO     ___FILE_ONLY___ â•
2023-03-16 10:47:14,794 INFO     ___FILE_ONLY___ â•
2023-03-16 10:47:14,803 INFO     ___FILE_ONLY___ â•
2023-03-16 10:47:14,811 INFO     ___FILE_ONLY___ â•
2023-03-16 10:47:14,819 INFO     ___FILE_ONLY___ â•
2023-03-16 10:47:14,825 INFO     ___FILE_ONLY___ â•
2023-03-16 10:47:14,832 INFO     ___FILE_ONLY___ â•
2023-03-16 10:47:14,839 INFO     ___FILE_ONLY___ â•
2023-03-16 10:47:14,846 INFO     ___FILE_ONLY___ â•
2023-03-16 10:47:14,852 INFO     ___FILE_ONLY___ â•
2023-03-16 10:47:14,858 INFO     ___FILE_ONLY___ â•
2023-03-16 10:47:14,864 INFO     ___FILE_ONLY___ â•
2023-03-16 10:47:14,870 INFO     ___FILE_ONLY___ â•
2023-03-16 10:47:14,870 INFO     ___FILE_ONLY___ â•

2023-03-16 10:47:15,169 INFO     ___FILE_ONLY___ â•”â•â•â•â•â•â•â•â•â•â•â•â•â•â•â•â•â•â•â•â•â•â•â•â•â•â•â•â•â•â•â•â•â•â•â•â•â•â•â•â•â•â•â•â•â•â•â•â•â•â•â•â•â•â•â•â•â•â•â•â•â•—

2023-03-16 10:47:15,170 INFO     ___FILE_ONLY___ â• â• Uninstalling: Google Cloud CLI Core Libraries            â•â•£

2023-03-16 10:47:15,170 INFO     ___FILE_ONLY___ â•š
2023-03-16 10:47:15,191 INFO     ___FILE_ONLY___ â•
2023-03-16 10:47:15,207 INFO     ___FILE_ONLY___ â•
2023-03-16 10:47:15,225 INFO     ___FILE_ONLY___ â•
2023-03-16 10:47:15,239 INFO     ___FILE_ONLY___ â•
2023-03-16 10:47:15,256 INFO     ___FILE_ONLY___ â•
2023-03-16 10:47:15,272 INFO     ___FILE_ONLY___ â•
2023-03-16 10:47:15,288 INFO     ___FILE_ONLY___ â•
2023-03-16 10:47:15,300 INFO     ___FILE_ONLY___ â•
2023-03-16 10:47:15,313 INFO     ___FILE_ONLY___ â•
2023-03-16 10:47:15,332 INFO     ___FILE_ONLY___ â•
2023-03-16 10:47:15,346 INFO     ___FILE_ONLY___ â•
2023-03-16 10:47:15,403 INFO     ___FILE_ONLY___ â•
2023-03-16 10:47:15,427 INFO     ___FILE_ONLY___ â•
2023-03-16 10:47:15,445 INFO     ___FILE_ONLY___ â•
2023-03-16 10:47:15,465 INFO     ___FILE_ONLY___ â•
2023-03-16 10:47:15,484 INFO     ___FILE_ONLY___ â•
2023-03-16 10:47:15,500 INFO     ___FILE_ONLY___ â•
2023-03-16 10:47:15,516 INFO     ___FILE_ONLY___ â•
2023-03-16 10:47:15,531 INFO     ___FILE_ONLY___ â•
2023-03-16 10:47:15,546 INFO     ___FILE_ONLY___ â•
2023-03-16 10:47:15,566 INFO     ___FILE_ONLY___ â•
2023-03-16 10:47:15,583 INFO     ___FILE_ONLY___ â•
2023-03-16 10:47:15,604 INFO     ___FILE_ONLY___ â•
2023-03-16 10:47:15,621 INFO     ___FILE_ONLY___ â•
2023-03-16 10:47:15,636 INFO     ___FILE_ONLY___ â•
2023-03-16 10:47:15,648 INFO     ___FILE_ONLY___ â•
2023-03-16 10:47:15,660 INFO     ___FILE_ONLY___ â•
2023-03-16 10:47:15,672 INFO     ___FILE_ONLY___ â•
2023-03-16 10:47:15,734 INFO     ___FILE_ONLY___ â•
2023-03-16 10:47:15,758 INFO     ___FILE_ONLY___ â•
2023-03-16 10:47:15,778 INFO     ___FILE_ONLY___ â•
2023-03-16 10:47:15,799 INFO     ___FILE_ONLY___ â•
2023-03-16 10:47:15,822 INFO     ___FILE_ONLY___ â•
2023-03-16 10:47:15,844 INFO     ___FILE_ONLY___ â•
2023-03-16 10:47:15,861 INFO     ___FILE_ONLY___ â•
2023-03-16 10:47:15,881 INFO     ___FILE_ONLY___ â•
2023-03-16 10:47:15,896 INFO     ___FILE_ONLY___ â•
2023-03-16 10:47:15,909 INFO     ___FILE_ONLY___ â•
2023-03-16 10:47:15,922 INFO     ___FILE_ONLY___ â•
2023-03-16 10:47:15,935 INFO     ___FILE_ONLY___ â•
2023-03-16 10:47:15,958 INFO     ___FILE_ONLY___ â•
2023-03-16 10:47:15,977 INFO     ___FILE_ONLY___ â•
2023-03-16 10:47:15,994 INFO     ___FILE_ONLY___ â•
2023-03-16 10:47:16,009 INFO     ___FILE_ONLY___ â•
2023-03-16 10:47:16,027 INFO     ___FILE_ONLY___ â•
2023-03-16 10:47:16,043 INFO     ___FILE_ONLY___ â•
2023-03-16 10:47:16,063 INFO     ___FILE_ONLY___ â•
2023-03-16 10:47:16,123 INFO     ___FILE_ONLY___ â•
2023-03-16 10:47:16,139 INFO     ___FILE_ONLY___ â•
2023-03-16 10:47:16,163 INFO     ___FILE_ONLY___ â•
2023-03-16 10:47:16,204 INFO     ___FILE_ONLY___ â•
2023-03-16 10:47:16,223 INFO     ___FILE_ONLY___ â•
2023-03-16 10:47:16,240 INFO     ___FILE_ONLY___ â•
2023-03-16 10:47:16,255 INFO     ___FILE_ONLY___ â•
2023-03-16 10:47:16,296 INFO     ___FILE_ONLY___ â•
2023-03-16 10:47:16,311 INFO     ___FILE_ONLY___ â•
2023-03-16 10:47:16,324 INFO     ___FILE_ONLY___ â•
2023-03-16 10:47:16,348 INFO     ___FILE_ONLY___ â•
2023-03-16 10:47:16,369 INFO     ___FILE_ONLY___ â•
2023-03-16 10:47:16,385 INFO     ___FILE_ONLY___ â•
2023-03-16 10:47:16,385 INFO     ___FILE_ONLY___ â•

2023-03-16 10:47:17,463 INFO     ___FILE_ONLY___ â•”â•â•â•â•â•â•â•â•â•â•â•â•â•â•â•â•â•â•â•â•â•â•â•â•â•â•â•â•â•â•â•â•â•â•â•â•â•â•â•â•â•â•â•â•â•â•â•â•â•â•â•â•â•â•â•â•â•â•â•â•â•—

2023-03-16 10:47:17,463 INFO     ___FILE_ONLY___ â• â• Uninstalling: Skaffold                                   â•â•£

2023-03-16 10:47:17,463 INFO     ___FILE_ONLY___ â•š
2023-03-16 10:47:17,465 INFO     ___FILE_ONLY___ â•â•â•â•â•â•â•â•â•â•â•â•â•â•â•â•â•â•â•â•â•â•â•â•â•â•â•â•â•â•â•â•â•â•â•â•â•â•â•â•â•â•â•â•â•â•â•â•â•â•â•â•â•â•â•â•â•â•â•â•
2023-03-16 10:47:17,465 INFO     ___FILE_ONLY___ â•

2023-03-16 10:47:17,499 INFO     ___FILE_ONLY___ â•”â•â•â•â•â•â•â•â•â•â•â•â•â•â•â•â•â•â•â•â•â•â•â•â•â•â•â•â•â•â•â•â•â•â•â•â•â•â•â•â•â•â•â•â•â•â•â•â•â•â•â•â•â•â•â•â•â•â•â•â•â•—

2023-03-16 10:47:17,499 INFO     ___FILE_ONLY___ â• â• Uninstalling: gcloud Alpha Commands                      â•â•£

2023-03-16 10:47:17,499 INFO     ___FILE_ONLY___ â•š
2023-03-16 10:47:17,500 INFO     ___FILE_ONLY___ â•â•â•â•â•â•â•â•â•â•â•â•â•â•â•â•â•â•â•â•â•â•â•â•â•â•â•â•â•â•â•â•â•â•â•â•â•â•â•â•â•â•â•â•â•â•â•â•â•â•â•â•â•â•â•â•â•â•â•â•
2023-03-16 10:47:17,500 INFO     ___FILE_ONLY___ â•

2023-03-16 10:47:17,534 INFO     ___FILE_ONLY___ â•”â•â•â•â•â•â•â•â•â•â•â•â•â•â•â•â•â•â•â•â•â•â•â•â•â•â•â•â•â•â•â•â•â•â•â•â•â•â•â•â•â•â•â•â•â•â•â•â•â•â•â•â•â•â•â•â•â•â•â•â•â•—

2023-03-16 10:47:17,534 INFO     ___FILE_ONLY___ â• â• Uninstalling: gcloud Beta Commands                       â•â•£

2023-03-16 10:47:17,534 INFO     ___FILE_ONLY___ â•š
2023-03-16 10:47:17,535 INFO     ___FILE_ONLY___ â•â•â•â•â•â•â•â•â•â•â•â•â•â•â•â•â•â•â•â•â•â•â•â•â•â•â•â•â•â•â•â•â•â•â•â•â•â•â•â•â•â•â•â•â•â•â•â•â•â•â•â•â•â•â•â•â•â•â•â•
2023-03-16 10:47:17,535 INFO     ___FILE_ONLY___ â•

2023-03-16 10:47:17,568 INFO     ___FILE_ONLY___ â•”â•â•â•â•â•â•â•â•â•â•â•â•â•â•â•â•â•â•â•â•â•â•â•â•â•â•â•â•â•â•â•â•â•â•â•â•â•â•â•â•â•â•â•â•â•â•â•â•â•â•â•â•â•â•â•â•â•â•â•â•â•—

2023-03-16 10:47:17,568 INFO     ___FILE_ONLY___ â• â• Installing: BigQuery Command Line Tool                   â•â•£

2023-03-16 10:47:17,568 INFO     ___FILE_ONLY___ â•š
2023-03-16 10:47:17,573 DEBUG    urllib3.connectionpool Starting new HTTPS connection (1): dl.google.com:443
2023-03-16 10:47:18,273 DEBUG    urllib3.connectionpool https://dl.google.com:443 "GET /dl/cloudsdk/channels/rapid/components/google-cloud-sdk-bq-20230310163703.tar.gz HTTP/1.1" 200 1647199
2023-03-16 10:47:19,656 INFO     ___FILE_ONLY___ â•
2023-03-16 10:47:19,656 INFO     ___FILE_ONLY___ â•
2023-03-16 10:47:19,656 INFO     ___FILE_ONLY___ â•
2023-03-16 10:47:19,656 INFO     ___FILE_ONLY___ â•
2023-03-16 10:47:19,656 INFO     ___FILE_ONLY___ â•
2023-03-16 10:47:19,656 INFO     ___FILE_ONLY___ â•
2023-03-16 10:47:19,656 INFO     ___FILE_ONLY___ â•
2023-03-16 10:47:19,656 INFO     ___FILE_ONLY___ â•
2023-03-16 10:47:19,656 INFO     ___FILE_ONLY___ â•
2023-03-16 10:47:19,656 INFO     ___FILE_ONLY___ â•
2023-03-16 10:47:19,657 INFO     ___FILE_ONLY___ â•
2023-03-16 10:47:19,657 INFO     ___FILE_ONLY___ â•
2023-03-16 10:47:19,657 INFO     ___FILE_ONLY___ â•
2023-03-16 10:47:19,657 INFO     ___FILE_ONLY___ â•
2023-03-16 10:47:19,657 INFO     ___FILE_ONLY___ â•
2023-03-16 10:47:19,657 INFO     ___FILE_ONLY___ â•
2023-03-16 10:47:19,657 INFO     ___FILE_ONLY___ â•
2023-03-16 10:47:19,657 INFO     ___FILE_ONLY___ â•
2023-03-16 10:47:19,657 INFO     ___FILE_ONLY___ â•
2023-03-16 10:47:19,657 INFO     ___FILE_ONLY___ â•
2023-03-16 10:47:19,657 INFO     ___FILE_ONLY___ â•
2023-03-16 10:47:19,657 INFO     ___FILE_ONLY___ â•
2023-03-16 10:47:19,657 INFO     ___FILE_ONLY___ â•
2023-03-16 10:47:19,657 INFO     ___FILE_ONLY___ â•
2023-03-16 10:47:19,658 INFO     ___FILE_ONLY___ â•
2023-03-16 10:47:19,658 INFO     ___FILE_ONLY___ â•
2023-03-16 10:47:19,658 INFO     ___FILE_ONLY___ â•
2023-03-16 10:47:19,658 INFO     ___FILE_ONLY___ â•
2023-03-16 10:47:19,658 INFO     ___FILE_ONLY___ â•
2023-03-16 10:47:19,658 INFO     ___FILE_ONLY___ â•
2023-03-16 10:47:19,729 INFO     ___FILE_ONLY___ â•
2023-03-16 10:47:19,733 INFO     ___FILE_ONLY___ â•
2023-03-16 10:47:19,737 INFO     ___FILE_ONLY___ â•
2023-03-16 10:47:19,741 INFO     ___FILE_ONLY___ â•
2023-03-16 10:47:19,744 INFO     ___FILE_ONLY___ â•
2023-03-16 10:47:19,746 INFO     ___FILE_ONLY___ â•
2023-03-16 10:47:19,749 INFO     ___FILE_ONLY___ â•
2023-03-16 10:47:19,753 INFO     ___FILE_ONLY___ â•
2023-03-16 10:47:19,755 INFO     ___FILE_ONLY___ â•
2023-03-16 10:47:19,758 INFO     ___FILE_ONLY___ â•
2023-03-16 10:47:19,761 INFO     ___FILE_ONLY___ â•
2023-03-16 10:47:19,765 INFO     ___FILE_ONLY___ â•
2023-03-16 10:47:19,770 INFO     ___FILE_ONLY___ â•
2023-03-16 10:47:19,772 INFO     ___FILE_ONLY___ â•
2023-03-16 10:47:19,776 INFO     ___FILE_ONLY___ â•
2023-03-16 10:47:19,781 INFO     ___FILE_ONLY___ â•
2023-03-16 10:47:19,785 INFO     ___FILE_ONLY___ â•
2023-03-16 10:47:19,787 INFO     ___FILE_ONLY___ â•
2023-03-16 10:47:19,789 INFO     ___FILE_ONLY___ â•
2023-03-16 10:47:19,793 INFO     ___FILE_ONLY___ â•
2023-03-16 10:47:19,796 INFO     ___FILE_ONLY___ â•
2023-03-16 10:47:19,798 INFO     ___FILE_ONLY___ â•
2023-03-16 10:47:19,801 INFO     ___FILE_ONLY___ â•
2023-03-16 10:47:19,804 INFO     ___FILE_ONLY___ â•
2023-03-16 10:47:19,807 INFO     ___FILE_ONLY___ â•
2023-03-16 10:47:19,809 INFO     ___FILE_ONLY___ â•
2023-03-16 10:47:19,813 INFO     ___FILE_ONLY___ â•
2023-03-16 10:47:19,817 INFO     ___FILE_ONLY___ â•
2023-03-16 10:47:19,820 INFO     ___FILE_ONLY___ â•
2023-03-16 10:47:19,824 INFO     ___FILE_ONLY___ â•
2023-03-16 10:47:19,824 INFO     ___FILE_ONLY___ â•

2023-03-16 10:47:19,871 INFO     ___FILE_ONLY___ â•”â•â•â•â•â•â•â•â•â•â•â•â•â•â•â•â•â•â•â•â•â•â•â•â•â•â•â•â•â•â•â•â•â•â•â•â•â•â•â•â•â•â•â•â•â•â•â•â•â•â•â•â•â•â•â•â•â•â•â•â•â•—

2023-03-16 10:47:19,871 INFO     ___FILE_ONLY___ â• â• Installing: Cloud Storage Command Line Tool              â•â•£

2023-03-16 10:47:19,871 INFO     ___FILE_ONLY___ â•š
2023-03-16 10:47:19,875 DEBUG    urllib3.connectionpool Starting new HTTPS connection (1): dl.google.com:443
2023-03-16 10:47:20,316 DEBUG    urllib3.connectionpool https://dl.google.com:443 "GET /dl/cloudsdk/channels/rapid/components/google-cloud-sdk-gsutil-20230310163703.tar.gz HTTP/1.1" 200 16304023
2023-03-16 10:47:23,247 INFO     ___FILE_ONLY___ â•
2023-03-16 10:47:23,249 INFO     ___FILE_ONLY___ â•
2023-03-16 10:47:23,250 INFO     ___FILE_ONLY___ â•
2023-03-16 10:47:23,250 INFO     ___FILE_ONLY___ â•
2023-03-16 10:47:23,251 INFO     ___FILE_ONLY___ â•
2023-03-16 10:47:23,251 INFO     ___FILE_ONLY___ â•
2023-03-16 10:47:23,252 INFO     ___FILE_ONLY___ â•
2023-03-16 10:47:23,252 INFO     ___FILE_ONLY___ â•
2023-03-16 10:47:23,253 INFO     ___FILE_ONLY___ â•
2023-03-16 10:47:23,254 INFO     ___FILE_ONLY___ â•
2023-03-16 10:47:23,254 INFO     ___FILE_ONLY___ â•
2023-03-16 10:47:23,255 INFO     ___FILE_ONLY___ â•
2023-03-16 10:47:23,256 INFO     ___FILE_ONLY___ â•
2023-03-16 10:47:23,256 INFO     ___FILE_ONLY___ â•
2023-03-16 10:47:23,257 INFO     ___FILE_ONLY___ â•
2023-03-16 10:47:23,259 INFO     ___FILE_ONLY___ â•
2023-03-16 10:47:23,261 INFO     ___FILE_ONLY___ â•
2023-03-16 10:47:23,262 INFO     ___FILE_ONLY___ â•
2023-03-16 10:47:23,263 INFO     ___FILE_ONLY___ â•
2023-03-16 10:47:23,264 INFO     ___FILE_ONLY___ â•
2023-03-16 10:47:23,266 INFO     ___FILE_ONLY___ â•
2023-03-16 10:47:23,267 INFO     ___FILE_ONLY___ â•
2023-03-16 10:47:23,269 INFO     ___FILE_ONLY___ â•
2023-03-16 10:47:23,270 INFO     ___FILE_ONLY___ â•
2023-03-16 10:47:23,272 INFO     ___FILE_ONLY___ â•
2023-03-16 10:47:23,274 INFO     ___FILE_ONLY___ â•
2023-03-16 10:47:23,277 INFO     ___FILE_ONLY___ â•
2023-03-16 10:47:23,279 INFO     ___FILE_ONLY___ â•
2023-03-16 10:47:23,280 INFO     ___FILE_ONLY___ â•
2023-03-16 10:47:23,282 INFO     ___FILE_ONLY___ â•
2023-03-16 10:47:23,996 INFO     ___FILE_ONLY___ â•
2023-03-16 10:47:24,037 INFO     ___FILE_ONLY___ â•
2023-03-16 10:47:24,074 INFO     ___FILE_ONLY___ â•
2023-03-16 10:47:24,112 INFO     ___FILE_ONLY___ â•
2023-03-16 10:47:24,161 INFO     ___FILE_ONLY___ â•
2023-03-16 10:47:24,203 INFO     ___FILE_ONLY___ â•
2023-03-16 10:47:24,254 INFO     ___FILE_ONLY___ â•
2023-03-16 10:47:24,293 INFO     ___FILE_ONLY___ â•
2023-03-16 10:47:24,326 INFO     ___FILE_ONLY___ â•
2023-03-16 10:47:24,363 INFO     ___FILE_ONLY___ â•
2023-03-16 10:47:24,396 INFO     ___FILE_ONLY___ â•
2023-03-16 10:47:24,439 INFO     ___FILE_ONLY___ â•
2023-03-16 10:47:24,476 INFO     ___FILE_ONLY___ â•
2023-03-16 10:47:24,519 INFO     ___FILE_ONLY___ â•
2023-03-16 10:47:24,555 INFO     ___FILE_ONLY___ â•
2023-03-16 10:47:24,587 INFO     ___FILE_ONLY___ â•
2023-03-16 10:47:24,628 INFO     ___FILE_ONLY___ â•
2023-03-16 10:47:24,672 INFO     ___FILE_ONLY___ â•
2023-03-16 10:47:24,708 INFO     ___FILE_ONLY___ â•
2023-03-16 10:47:24,741 INFO     ___FILE_ONLY___ â•
2023-03-16 10:47:24,778 INFO     ___FILE_ONLY___ â•
2023-03-16 10:47:24,812 INFO     ___FILE_ONLY___ â•
2023-03-16 10:47:24,882 INFO     ___FILE_ONLY___ â•
2023-03-16 10:47:24,922 INFO     ___FILE_ONLY___ â•
2023-03-16 10:47:24,963 INFO     ___FILE_ONLY___ â•
2023-03-16 10:47:25,000 INFO     ___FILE_ONLY___ â•
2023-03-16 10:47:25,041 INFO     ___FILE_ONLY___ â•
2023-03-16 10:47:25,075 INFO     ___FILE_ONLY___ â•
2023-03-16 10:47:25,107 INFO     ___FILE_ONLY___ â•
2023-03-16 10:47:25,148 INFO     ___FILE_ONLY___ â•
2023-03-16 10:47:25,148 INFO     ___FILE_ONLY___ â•

2023-03-16 10:47:25,251 INFO     ___FILE_ONLY___ â•”â•â•â•â•â•â•â•â•â•â•â•â•â•â•â•â•â•â•â•â•â•â•â•â•â•â•â•â•â•â•â•â•â•â•â•â•â•â•â•â•â•â•â•â•â•â•â•â•â•â•â•â•â•â•â•â•â•â•â•â•â•—

2023-03-16 10:47:25,251 INFO     ___FILE_ONLY___ â• â• Installing: Google Cloud CLI Core Libraries              â•â•£

2023-03-16 10:47:25,251 INFO     ___FILE_ONLY___ â•š
2023-03-16 10:47:25,255 DEBUG    urllib3.connectionpool Starting new HTTPS connection (1): dl.google.com:443
2023-03-16 10:47:26,577 DEBUG    urllib3.connectionpool https://dl.google.com:443 "GET /dl/cloudsdk/channels/rapid/components/google-cloud-sdk-core-20230310163703.tar.gz HTTP/1.1" 200 28159941
2023-03-16 10:47:33,819 INFO     ___FILE_ONLY___ â•
2023-03-16 10:47:33,820 INFO     ___FILE_ONLY___ â•
2023-03-16 10:47:33,821 INFO     ___FILE_ONLY___ â•
2023-03-16 10:47:33,822 INFO     ___FILE_ONLY___ â•
2023-03-16 10:47:33,822 INFO     ___FILE_ONLY___ â•
2023-03-16 10:47:33,823 INFO     ___FILE_ONLY___ â•
2023-03-16 10:47:33,824 INFO     ___FILE_ONLY___ â•
2023-03-16 10:47:33,824 INFO     ___FILE_ONLY___ â•
2023-03-16 10:47:33,826 INFO     ___FILE_ONLY___ â•
2023-03-16 10:47:33,827 INFO     ___FILE_ONLY___ â•
2023-03-16 10:47:33,827 INFO     ___FILE_ONLY___ â•
2023-03-16 10:47:33,828 INFO     ___FILE_ONLY___ â•
2023-03-16 10:47:33,829 INFO     ___FILE_ONLY___ â•
2023-03-16 10:47:33,830 INFO     ___FILE_ONLY___ â•
2023-03-16 10:47:33,830 INFO     ___FILE_ONLY___ â•
2023-03-16 10:47:33,831 INFO     ___FILE_ONLY___ â•
2023-03-16 10:47:33,832 INFO     ___FILE_ONLY___ â•
2023-03-16 10:47:33,834 INFO     ___FILE_ONLY___ â•
2023-03-16 10:47:33,835 INFO     ___FILE_ONLY___ â•
2023-03-16 10:47:33,836 INFO     ___FILE_ONLY___ â•
2023-03-16 10:47:33,837 INFO     ___FILE_ONLY___ â•
2023-03-16 10:47:33,837 INFO     ___FILE_ONLY___ â•
2023-03-16 10:47:33,838 INFO     ___FILE_ONLY___ â•
2023-03-16 10:47:33,838 INFO     ___FILE_ONLY___ â•
2023-03-16 10:47:33,839 INFO     ___FILE_ONLY___ â•
2023-03-16 10:47:33,840 INFO     ___FILE_ONLY___ â•
2023-03-16 10:47:33,841 INFO     ___FILE_ONLY___ â•
2023-03-16 10:47:33,842 INFO     ___FILE_ONLY___ â•
2023-03-16 10:47:33,843 INFO     ___FILE_ONLY___ â•
2023-03-16 10:47:33,843 INFO     ___FILE_ONLY___ â•
2023-03-16 10:47:35,689 INFO     ___FILE_ONLY___ â•
2023-03-16 10:47:35,783 INFO     ___FILE_ONLY___ â•
2023-03-16 10:47:35,874 INFO     ___FILE_ONLY___ â•
2023-03-16 10:47:35,964 INFO     ___FILE_ONLY___ â•
2023-03-16 10:47:36,048 INFO     ___FILE_ONLY___ â•
2023-03-16 10:47:36,126 INFO     ___FILE_ONLY___ â•
2023-03-16 10:47:36,225 INFO     ___FILE_ONLY___ â•
2023-03-16 10:47:36,388 INFO     ___FILE_ONLY___ â•
2023-03-16 10:47:36,565 INFO     ___FILE_ONLY___ â•
2023-03-16 10:47:36,775 INFO     ___FILE_ONLY___ â•
2023-03-16 10:47:36,915 INFO     ___FILE_ONLY___ â•
2023-03-16 10:47:37,027 INFO     ___FILE_ONLY___ â•
2023-03-16 10:47:37,141 INFO     ___FILE_ONLY___ â•
2023-03-16 10:47:37,202 INFO     ___FILE_ONLY___ â•
2023-03-16 10:47:37,269 INFO     ___FILE_ONLY___ â•
2023-03-16 10:47:37,346 INFO     ___FILE_ONLY___ â•
2023-03-16 10:47:37,425 INFO     ___FILE_ONLY___ â•
2023-03-16 10:47:37,486 INFO     ___FILE_ONLY___ â•
2023-03-16 10:47:37,544 INFO     ___FILE_ONLY___ â•
2023-03-16 10:47:37,604 INFO     ___FILE_ONLY___ â•
2023-03-16 10:47:37,654 INFO     ___FILE_ONLY___ â•
2023-03-16 10:47:37,717 INFO     ___FILE_ONLY___ â•
2023-03-16 10:47:37,774 INFO     ___FILE_ONLY___ â•
2023-03-16 10:47:37,832 INFO     ___FILE_ONLY___ â•
2023-03-16 10:47:37,889 INFO     ___FILE_ONLY___ â•
2023-03-16 10:47:37,948 INFO     ___FILE_ONLY___ â•
2023-03-16 10:47:38,040 INFO     ___FILE_ONLY___ â•
2023-03-16 10:47:38,113 INFO     ___FILE_ONLY___ â•
2023-03-16 10:47:38,189 INFO     ___FILE_ONLY___ â•
2023-03-16 10:47:38,339 INFO     ___FILE_ONLY___ â•
2023-03-16 10:47:38,339 INFO     ___FILE_ONLY___ â•

2023-03-16 10:47:38,453 INFO     ___FILE_ONLY___ â•”â•â•â•â•â•â•â•â•â•â•â•â•â•â•â•â•â•â•â•â•â•â•â•â•â•â•â•â•â•â•â•â•â•â•â•â•â•â•â•â•â•â•â•â•â•â•â•â•â•â•â•â•â•â•â•â•â•â•â•â•â•—

2023-03-16 10:47:38,453 INFO     ___FILE_ONLY___ â• â• Installing: Skaffold                                     â•â•£

2023-03-16 10:47:38,453 INFO     ___FILE_ONLY___ â•š
2023-03-16 10:47:38,456 DEBUG    urllib3.connectionpool Starting new HTTPS connection (1): dl.google.com:443
2023-03-16 10:47:38,564 DEBUG    urllib3.connectionpool https://dl.google.com:443 "GET /dl/cloudsdk/channels/rapid/components/google-cloud-sdk-skaffold-darwin-arm-20230310163703.tar.gz HTTP/1.1" 200 22766948
2023-03-16 10:47:41,448 INFO     ___FILE_ONLY___ â•
2023-03-16 10:47:41,454 INFO     ___FILE_ONLY___ â•
2023-03-16 10:47:41,457 INFO     ___FILE_ONLY___ â•
2023-03-16 10:47:41,458 INFO     ___FILE_ONLY___ â•
2023-03-16 10:47:41,458 INFO     ___FILE_ONLY___ â•
2023-03-16 10:47:41,459 INFO     ___FILE_ONLY___ â•
2023-03-16 10:47:41,478 INFO     ___FILE_ONLY___ â•
2023-03-16 10:47:41,481 INFO     ___FILE_ONLY___ â•
2023-03-16 10:47:41,483 INFO     ___FILE_ONLY___ â•
2023-03-16 10:47:41,487 INFO     ___FILE_ONLY___ â•
2023-03-16 10:47:41,490 INFO     ___FILE_ONLY___ â•
2023-03-16 10:47:41,493 INFO     ___FILE_ONLY___ â•
2023-03-16 10:47:41,493 INFO     ___FILE_ONLY___ â•
2023-03-16 10:47:41,495 INFO     ___FILE_ONLY___ â•
2023-03-16 10:47:41,499 INFO     ___FILE_ONLY___ â•
2023-03-16 10:47:41,507 INFO     ___FILE_ONLY___ â•
2023-03-16 10:47:41,510 INFO     ___FILE_ONLY___ â•
2023-03-16 10:47:41,511 INFO     ___FILE_ONLY___ â•
2023-03-16 10:47:41,544 INFO     ___FILE_ONLY___ â•
2023-03-16 10:47:41,548 INFO     ___FILE_ONLY___ â•
2023-03-16 10:47:41,549 INFO     ___FILE_ONLY___ â•
2023-03-16 10:47:41,550 INFO     ___FILE_ONLY___ â•
2023-03-16 10:47:41,552 INFO     ___FILE_ONLY___ â•
2023-03-16 10:47:41,553 INFO     ___FILE_ONLY___ â•
2023-03-16 10:47:41,553 INFO     ___FILE_ONLY___ â•
2023-03-16 10:47:41,554 INFO     ___FILE_ONLY___ â•
2023-03-16 10:47:41,555 INFO     ___FILE_ONLY___ â•
2023-03-16 10:47:41,555 INFO     ___FILE_ONLY___ â•
2023-03-16 10:47:41,556 INFO     ___FILE_ONLY___ â•
2023-03-16 10:47:41,557 INFO     ___FILE_ONLY___ â•
2023-03-16 10:47:42,613 INFO     ___FILE_ONLY___ â•â•â•â•â•â•â•â•â•â•â•â•â•â•â•â•â•â•â•â•â•â•â•â•â•â•â•â•â•â•
2023-03-16 10:47:42,613 INFO     ___FILE_ONLY___ â•

2023-03-16 10:47:42,742 INFO     ___FILE_ONLY___ â•”â•â•â•â•â•â•â•â•â•â•â•â•â•â•â•â•â•â•â•â•â•â•â•â•â•â•â•â•â•â•â•â•â•â•â•â•â•â•â•â•â•â•â•â•â•â•â•â•â•â•â•â•â•â•â•â•â•â•â•â•â•—

2023-03-16 10:47:42,743 INFO     ___FILE_ONLY___ â• â• Installing: gcloud Alpha Commands                        â•â•£

2023-03-16 10:47:42,743 INFO     ___FILE_ONLY___ â•š
2023-03-16 10:47:42,752 DEBUG    urllib3.connectionpool Starting new HTTPS connection (1): dl.google.com:443
2023-03-16 10:47:42,880 DEBUG    urllib3.connectionpool https://dl.google.com:443 "GET /dl/cloudsdk/channels/rapid/components/google-cloud-sdk-alpha-20230310163703.tar.gz HTTP/1.1" 200 800
2023-03-16 10:47:42,881 INFO     ___FILE_ONLY___ â•â•â•â•â•â•â•â•â•â•â•â•â•â•â•â•â•â•â•â•â•â•â•â•â•â•â•â•â•â•
2023-03-16 10:47:42,884 INFO     ___FILE_ONLY___ â•â•â•â•â•â•â•â•â•â•â•â•â•â•â•â•â•â•â•â•â•â•â•â•â•â•â•â•â•â•
2023-03-16 10:47:42,884 INFO     ___FILE_ONLY___ â•

2023-03-16 10:47:42,950 INFO     ___FILE_ONLY___ â•”â•â•â•â•â•â•â•â•â•â•â•â•â•â•â•â•â•â•â•â•â•â•â•â•â•â•â•â•â•â•â•â•â•â•â•â•â•â•â•â•â•â•â•â•â•â•â•â•â•â•â•â•â•â•â•â•â•â•â•â•â•—

2023-03-16 10:47:42,950 INFO     ___FILE_ONLY___ â• â• Installing: gcloud Beta Commands                         â•â•£

2023-03-16 10:47:42,950 INFO     ___FILE_ONLY___ â•š
2023-03-16 10:47:42,954 DEBUG    urllib3.connectionpool Starting new HTTPS connection (1): dl.google.com:443
2023-03-16 10:47:43,084 DEBUG    urllib3.connectionpool https://dl.google.com:443 "GET /dl/cloudsdk/channels/rapid/components/google-cloud-sdk-beta-20230310163703.tar.gz HTTP/1.1" 200 797
2023-03-16 10:47:43,088 INFO     ___FILE_ONLY___ â•â•â•â•â•â•â•â•â•â•â•â•â•â•â•â•â•â•â•â•â•â•â•â•â•â•â•â•â•â•
2023-03-16 10:47:43,089 INFO     ___FILE_ONLY___ â•â•â•â•â•â•â•â•â•â•â•â•â•â•â•â•â•â•â•â•â•â•â•â•â•â•â•â•â•â•
2023-03-16 10:47:43,089 INFO     ___FILE_ONLY___ â•

2023-03-16 10:47:43,141 INFO     ___FILE_ONLY___ â•”â•â•â•â•â•â•â•â•â•â•â•â•â•â•â•â•â•â•â•â•â•â•â•â•â•â•â•â•â•â•â•â•â•â•â•â•â•â•â•â•â•â•â•â•â•â•â•â•â•â•â•â•â•â•â•â•â•â•â•â•â•—

2023-03-16 10:47:43,141 INFO     ___FILE_ONLY___ â• â• Creating backup and activating new installation          â•â•£

2023-03-16 10:47:43,141 INFO     ___FILE_ONLY___ â•š
2023-03-16 10:47:43,142 DEBUG    root            Attempting to move directory [/Users/wongshennan/Library/Application Support/cloud-code/installer/google-cloud-sdk] to [/Users/wongshennan/Library/Application Support/cloud-code/installer/google-cloud-sdk.staging/.install/.backup]
2023-03-16 10:47:43,143 INFO     ___FILE_ONLY___ â•â•â•â•â•â•â•â•â•â•â•â•â•â•â•â•â•â•â•â•â•â•â•â•â•â•â•â•â•â•
2023-03-16 10:47:43,143 DEBUG    root            Attempting to move directory [/Users/wongshennan/Library/Application Support/cloud-code/installer/google-cloud-sdk.staging] to [/Users/wongshennan/Library/Application Support/cloud-code/installer/google-cloud-sdk]
2023-03-16 10:47:43,143 INFO     ___FILE_ONLY___ â•â•â•â•â•â•â•â•â•â•â•â•â•â•â•â•â•â•â•â•â•â•â•â•â•â•â•â•â•â•
2023-03-16 10:47:43,143 INFO     ___FILE_ONLY___ â•

2023-03-16 10:47:43,153 DEBUG    root            Updating notification cache...
2023-03-16 10:47:43,155 INFO     ___FILE_ONLY___ 

2023-03-16 10:47:43,221 INFO     ___FILE_ONLY___ Performing post processing steps...
2023-03-16 10:47:43,222 DEBUG    root            Executing command: ['/Users/wongshennan/opt/anaconda3/bin/python3', '-S', '/Users/wongshennan/Library/Application Support/cloud-code/installer/google-cloud-sdk/lib/gcloud.py', 'components', 'post-process']
2023-03-16 10:48:05,597 DEBUG    ___FILE_ONLY___ 
2023-03-16 10:48:05,598 DEBUG    ___FILE_ONLY___ 
2023-03-16 10:48:05,776 INFO     ___FILE_ONLY___ 
Update done!


2023-03-16 10:48:05,777 INFO     ___FILE_ONLY___ To revert your CLI to the previously installed version, you may run:
  $ gcloud components update --version 421.0.0


2023-03-16 10:48:05,807 WARNING  root              There are other instances of Google Cloud tools on your system PATH.
  Please remove the following to avoid confusion or accidental invocation:

  /Users/wongshennan/google-cloud-sdk/bin/java_dev_appserver.sh
/Users/wongshennan/google-cloud-sdk/bin/git-credential-gcloud.sh
/Users/wongshennan/google-cloud-sdk/bin/gsutil
/Users/wongshennan/google-cloud-sdk/bin/gcloud
/Users/wongshennan/google-cloud-sdk/bin/bq
/Users/wongshennan/google-cloud-sdk/bin/dev_appserver.py
/Applications/Docker.app/Contents/Resources/bin/kubectl
/Users/wongshennan/google-cloud-sdk/bin/anthoscli
/opt/homebrew/Cellar/minikube/1.29.0/bin/minikube
/opt/homebrew/Cellar/kubernetes-cli/1.26.2/bin/kubectl
/Users/wongshennan/google-cloud-sdk/bin/docker-credential-gcloud

  
2023-03-16 10:48:05,818 DEBUG    root            Chosen display Format:none
2023-03-16 10:48:05,819 INFO     root            Display format: "none"
