2023-03-16 10:50:04,592 DEBUG    root            Loaded Command Group: ['gcloud', 'components']
2023-03-16 10:50:04,594 DEBUG    root            Loaded Command Group: ['gcloud', 'components', 'install']
2023-03-16 10:50:04,596 DEBUG    root            Running [gcloud.components.install] with arguments: [--quiet: "True", COMPONENT-IDS:7: "['alpha', 'beta', 'gke-gcloud-auth-plugin', 'kubectl', 'skaffold', 'minikube', 'gsutil']"]
2023-03-16 10:50:04,615 DEBUG    urllib3.connectionpool Starting new HTTPS connection (1): dl.google.com:443
2023-03-16 10:50:04,661 DEBUG    urllib3.connectionpool https://dl.google.com:443 "GET /dl/cloudsdk/channels/rapid/components-v422.0.0.json HTTP/1.1" 200 206156
2023-03-16 10:50:04,728 INFO     ___FILE_ONLY___ 

2023-03-16 10:50:04,728 INFO     ___FILE_ONLY___ 
Your current Google Cloud CLI version is: 422.0.0

2023-03-16 10:50:04,728 INFO     ___FILE_ONLY___ Installing components from version: 422.0.0

2023-03-16 10:50:04,729 INFO     ___FILE_ONLY___ 

2023-03-16 10:50:04,729 DEBUG    root            Chosen display Format:table[box,title="These components will be removed."](details.display_name:label=Name:align=left,version.version_string:label=Version:align=right,data.size.size(zero="",min=1048576):label=Size:align=right)
2023-03-16 10:50:04,729 DEBUG    root            Chosen display Format:table[box,title="These components will be updated."](details.display_name:label=Name:align=left,version.version_string:label=Version:align=right,data.size.size(zero="",min=1048576):label=Size:align=right)
2023-03-16 10:50:04,730 DEBUG    root            Chosen display Format:table[box,title="These components will be installed."](details.display_name:label=Name:align=left,version.version_string:label=Version:align=right,data.size.size(zero="",min=1048576):label=Size:align=right)
2023-03-16 10:50:04,733 INFO     ___FILE_ONLY___ ┌─────────────────────────────────────────────────┐
2023-03-16 10:50:04,733 INFO     ___FILE_ONLY___ 

2023-03-16 10:50:04,733 INFO     ___FILE_ONLY___ │       These components will be installed.       │
2023-03-16 10:50:04,733 INFO     ___FILE_ONLY___ 

2023-03-16 10:50:04,733 INFO     ___FILE_ONLY___ ├─────────────────────────┬────────────┬──────────┤
2023-03-16 10:50:04,733 INFO     ___FILE_ONLY___ 

2023-03-16 10:50:04,733 INFO     ___FILE_ONLY___ │           Name          │  Version   │   Size   │
2023-03-16 10:50:04,733 INFO     ___FILE_ONLY___ 

2023-03-16 10:50:04,733 INFO     ___FILE_ONLY___ ├─────────────────────────┼────────────┼──────────┤
2023-03-16 10:50:04,733 INFO     ___FILE_ONLY___ 

2023-03-16 10:50:04,733 INFO     ___FILE_ONLY___ │ 
2023-03-16 10:50:04,733 INFO     ___FILE_ONLY___ Minikube               
2023-03-16 10:50:04,733 INFO     ___FILE_ONLY___  
2023-03-16 10:50:04,733 INFO     ___FILE_ONLY___ │ 
2023-03-16 10:50:04,733 INFO     ___FILE_ONLY___     1.29.0
2023-03-16 10:50:04,733 INFO     ___FILE_ONLY___  
2023-03-16 10:50:04,733 INFO     ___FILE_ONLY___ │ 
2023-03-16 10:50:04,733 INFO     ___FILE_ONLY___ 31.3 MiB
2023-03-16 10:50:04,733 INFO     ___FILE_ONLY___  
2023-03-16 10:50:04,733 INFO     ___FILE_ONLY___ │
2023-03-16 10:50:04,733 INFO     ___FILE_ONLY___ 

2023-03-16 10:50:04,733 INFO     ___FILE_ONLY___ │ 
2023-03-16 10:50:04,733 INFO     ___FILE_ONLY___ Skaffold               
2023-03-16 10:50:04,734 INFO     ___FILE_ONLY___  
2023-03-16 10:50:04,734 INFO     ___FILE_ONLY___ │ 
2023-03-16 10:50:04,734 INFO     ___FILE_ONLY___      2.2.0
2023-03-16 10:50:04,734 INFO     ___FILE_ONLY___  
2023-03-16 10:50:04,734 INFO     ___FILE_ONLY___ │ 
2023-03-16 10:50:04,734 INFO     ___FILE_ONLY___ 21.7 MiB
2023-03-16 10:50:04,734 INFO     ___FILE_ONLY___  
2023-03-16 10:50:04,734 INFO     ___FILE_ONLY___ │
2023-03-16 10:50:04,734 INFO     ___FILE_ONLY___ 

2023-03-16 10:50:04,734 INFO     ___FILE_ONLY___ │ 
2023-03-16 10:50:04,734 INFO     ___FILE_ONLY___ gcloud Alpha Commands  
2023-03-16 10:50:04,734 INFO     ___FILE_ONLY___  
2023-03-16 10:50:04,734 INFO     ___FILE_ONLY___ │ 
2023-03-16 10:50:04,734 INFO     ___FILE_ONLY___ 2023.03.10
2023-03-16 10:50:04,734 INFO     ___FILE_ONLY___  
2023-03-16 10:50:04,734 INFO     ___FILE_ONLY___ │ 
2023-03-16 10:50:04,734 INFO     ___FILE_ONLY___  < 1 MiB
2023-03-16 10:50:04,734 INFO     ___FILE_ONLY___  
2023-03-16 10:50:04,734 INFO     ___FILE_ONLY___ │
2023-03-16 10:50:04,734 INFO     ___FILE_ONLY___ 

2023-03-16 10:50:04,734 INFO     ___FILE_ONLY___ │ 
2023-03-16 10:50:04,734 INFO     ___FILE_ONLY___ gcloud Beta Commands   
2023-03-16 10:50:04,734 INFO     ___FILE_ONLY___  
2023-03-16 10:50:04,734 INFO     ___FILE_ONLY___ │ 
2023-03-16 10:50:04,734 INFO     ___FILE_ONLY___ 2023.03.10
2023-03-16 10:50:04,734 INFO     ___FILE_ONLY___  
2023-03-16 10:50:04,734 INFO     ___FILE_ONLY___ │ 
2023-03-16 10:50:04,735 INFO     ___FILE_ONLY___  < 1 MiB
2023-03-16 10:50:04,735 INFO     ___FILE_ONLY___  
2023-03-16 10:50:04,735 INFO     ___FILE_ONLY___ │
2023-03-16 10:50:04,735 INFO     ___FILE_ONLY___ 

2023-03-16 10:50:04,735 INFO     ___FILE_ONLY___ │ 
2023-03-16 10:50:04,735 INFO     ___FILE_ONLY___ gcloud cli dependencies
2023-03-16 10:50:04,735 INFO     ___FILE_ONLY___  
2023-03-16 10:50:04,735 INFO     ___FILE_ONLY___ │ 
2023-03-16 10:50:04,735 INFO     ___FILE_ONLY___ 2021.04.16
2023-03-16 10:50:04,735 INFO     ___FILE_ONLY___  
2023-03-16 10:50:04,735 INFO     ___FILE_ONLY___ │ 
2023-03-16 10:50:04,735 INFO     ___FILE_ONLY___  < 1 MiB
2023-03-16 10:50:04,735 INFO     ___FILE_ONLY___  
2023-03-16 10:50:04,735 INFO     ___FILE_ONLY___ │
2023-03-16 10:50:04,735 INFO     ___FILE_ONLY___ 

2023-03-16 10:50:04,735 INFO     ___FILE_ONLY___ │ 
2023-03-16 10:50:04,735 INFO     ___FILE_ONLY___ gke-gcloud-auth-plugin 
2023-03-16 10:50:04,735 INFO     ___FILE_ONLY___  
2023-03-16 10:50:04,735 INFO     ___FILE_ONLY___ │ 
2023-03-16 10:50:04,735 INFO     ___FILE_ONLY___      0.5.0
2023-03-16 10:50:04,735 INFO     ___FILE_ONLY___  
2023-03-16 10:50:04,735 INFO     ___FILE_ONLY___ │ 
2023-03-16 10:50:04,736 INFO     ___FILE_ONLY___  7.1 MiB
2023-03-16 10:50:04,736 INFO     ___FILE_ONLY___  
2023-03-16 10:50:04,736 INFO     ___FILE_ONLY___ │
2023-03-16 10:50:04,736 INFO     ___FILE_ONLY___ 

2023-03-16 10:50:04,736 INFO     ___FILE_ONLY___ │ 
2023-03-16 10:50:04,736 INFO     ___FILE_ONLY___ kubectl                
2023-03-16 10:50:04,736 INFO     ___FILE_ONLY___  
2023-03-16 10:50:04,736 INFO     ___FILE_ONLY___ │ 
2023-03-16 10:50:04,736 INFO     ___FILE_ONLY___    1.24.11
2023-03-16 10:50:04,736 INFO     ___FILE_ONLY___  
2023-03-16 10:50:04,736 INFO     ___FILE_ONLY___ │ 
2023-03-16 10:50:04,736 INFO     ___FILE_ONLY___ 92.8 MiB
2023-03-16 10:50:04,736 INFO     ___FILE_ONLY___  
2023-03-16 10:50:04,736 INFO     ___FILE_ONLY___ │
2023-03-16 10:50:04,736 INFO     ___FILE_ONLY___ 

2023-03-16 10:50:04,736 INFO     ___FILE_ONLY___ │ 
2023-03-16 10:50:04,736 INFO     ___FILE_ONLY___ kubectl                
2023-03-16 10:50:04,736 INFO     ___FILE_ONLY___  
2023-03-16 10:50:04,736 INFO     ___FILE_ONLY___ │ 
2023-03-16 10:50:04,736 INFO     ___FILE_ONLY___    1.24.11
2023-03-16 10:50:04,736 INFO     ___FILE_ONLY___  
2023-03-16 10:50:04,736 INFO     ___FILE_ONLY___ │ 
2023-03-16 10:50:04,736 INFO     ___FILE_ONLY___  < 1 MiB
2023-03-16 10:50:04,736 INFO     ___FILE_ONLY___  
2023-03-16 10:50:04,736 INFO     ___FILE_ONLY___ │
2023-03-16 10:50:04,736 INFO     ___FILE_ONLY___ 

2023-03-16 10:50:04,736 INFO     ___FILE_ONLY___ └─────────────────────────┴────────────┴──────────┘
2023-03-16 10:50:04,736 INFO     ___FILE_ONLY___ 

2023-03-16 10:50:04,737 INFO     ___FILE_ONLY___ 

2023-03-16 10:50:04,739 DEBUG    urllib3.connectionpool Starting new HTTPS connection (1): dl.google.com:443
2023-03-16 10:50:04,777 DEBUG    urllib3.connectionpool https://dl.google.com:443 "GET /dl/cloudsdk/channels/rapid/RELEASE_NOTES HTTP/1.1" 200 960341
2023-03-16 10:50:05,181 INFO     ___FILE_ONLY___ For the latest full release notes, please visit:
  https://cloud.google.com/sdk/release_notes


2023-03-16 10:50:05,219 INFO     ___FILE_ONLY___ ╔════════════════════════════════════════════════════════════╗

2023-03-16 10:50:05,220 INFO     ___FILE_ONLY___ ╠═ Creating update staging area                             ═╣

2023-03-16 10:50:05,220 INFO     ___FILE_ONLY___ ╚
2023-03-16 10:50:05,220 INFO     ___FILE_ONLY___ ══════
2023-03-16 10:50:07,998 INFO     ___FILE_ONLY___ ══════
2023-03-16 10:50:07,998 INFO     ___FILE_ONLY___ ══════
2023-03-16 10:50:08,333 INFO     ___FILE_ONLY___ ═
2023-03-16 10:50:08,467 INFO     ___FILE_ONLY___ ═
2023-03-16 10:50:08,580 INFO     ___FILE_ONLY___ ═
2023-03-16 10:50:08,762 INFO     ___FILE_ONLY___ ═
2023-03-16 10:50:08,916 INFO     ___FILE_ONLY___ ═
2023-03-16 10:50:09,054 INFO     ___FILE_ONLY___ ═
2023-03-16 10:50:09,193 INFO     ___FILE_ONLY___ ═
2023-03-16 10:50:09,357 INFO     ___FILE_ONLY___ ═
2023-03-16 10:50:09,501 INFO     ___FILE_ONLY___ ═
2023-03-16 10:50:09,645 INFO     ___FILE_ONLY___ ═
2023-03-16 10:50:09,772 INFO     ___FILE_ONLY___ ═
2023-03-16 10:50:09,970 INFO     ___FILE_ONLY___ ═
2023-03-16 10:50:10,079 INFO     ___FILE_ONLY___ ═
2023-03-16 10:50:10,184 INFO     ___FILE_ONLY___ ═
2023-03-16 10:50:10,299 INFO     ___FILE_ONLY___ ═
2023-03-16 10:50:10,591 INFO     ___FILE_ONLY___ ═
2023-03-16 10:50:10,731 INFO     ___FILE_ONLY___ ═
2023-03-16 10:50:11,053 INFO     ___FILE_ONLY___ ═
2023-03-16 10:50:11,163 INFO     ___FILE_ONLY___ ═
2023-03-16 10:50:11,251 INFO     ___FILE_ONLY___ ═
2023-03-16 10:50:11,351 INFO     ___FILE_ONLY___ ═
2023-03-16 10:50:11,439 INFO     ___FILE_ONLY___ ═
2023-03-16 10:50:11,529 INFO     ___FILE_ONLY___ ═
2023-03-16 10:50:11,650 INFO     ___FILE_ONLY___ ═
2023-03-16 10:50:11,778 INFO     ___FILE_ONLY___ ═
2023-03-16 10:50:11,911 INFO     ___FILE_ONLY___ ═
2023-03-16 10:50:12,035 INFO     ___FILE_ONLY___ ═
2023-03-16 10:50:12,152 INFO     ___FILE_ONLY___ ═
2023-03-16 10:50:12,281 INFO     ___FILE_ONLY___ ═
2023-03-16 10:50:12,424 INFO     ___FILE_ONLY___ ═
2023-03-16 10:50:12,639 INFO     ___FILE_ONLY___ ═
2023-03-16 10:50:12,827 INFO     ___FILE_ONLY___ ═
2023-03-16 10:50:12,961 INFO     ___FILE_ONLY___ ═
2023-03-16 10:50:13,070 INFO     ___FILE_ONLY___ ═
2023-03-16 10:50:13,211 INFO     ___FILE_ONLY___ ═
2023-03-16 10:50:13,294 INFO     ___FILE_ONLY___ ═
2023-03-16 10:50:13,614 INFO     ___FILE_ONLY___ ═
2023-03-16 10:50:13,888 INFO     ___FILE_ONLY___ ═
2023-03-16 10:50:14,065 INFO     ___FILE_ONLY___ ═
2023-03-16 10:50:14,383 INFO     ___FILE_ONLY___ ═
2023-03-16 10:50:14,565 INFO     ___FILE_ONLY___ ═
2023-03-16 10:50:14,720 INFO     ___FILE_ONLY___ ═
2023-03-16 10:50:14,720 INFO     ___FILE_ONLY___ ╝

2023-03-16 10:50:20,119 INFO     ___FILE_ONLY___ ╔════════════════════════════════════════════════════════════╗

2023-03-16 10:50:20,120 INFO     ___FILE_ONLY___ ╠═ Installing: Minikube                                     ═╣

2023-03-16 10:50:20,120 INFO     ___FILE_ONLY___ ╚
2023-03-16 10:50:20,125 INFO     ___FILE_ONLY___ ════════════════════════════════════════════════════════════
2023-03-16 10:50:20,125 INFO     ___FILE_ONLY___ ╝

2023-03-16 10:50:20,180 INFO     ___FILE_ONLY___ ╔════════════════════════════════════════════════════════════╗

2023-03-16 10:50:20,180 INFO     ___FILE_ONLY___ ╠═ Installing: Minikube                                     ═╣

2023-03-16 10:50:20,180 INFO     ___FILE_ONLY___ ╚
2023-03-16 10:50:20,184 DEBUG    urllib3.connectionpool Starting new HTTPS connection (1): dl.google.com:443
2023-03-16 10:50:20,243 DEBUG    urllib3.connectionpool https://dl.google.com:443 "GET /dl/cloudsdk/channels/rapid/components/google-cloud-sdk-minikube-darwin-arm-20230130152419.tar.gz HTTP/1.1" 200 32825665
2023-03-16 10:50:24,576 INFO     ___FILE_ONLY___ ═
2023-03-16 10:50:24,577 INFO     ___FILE_ONLY___ ═
2023-03-16 10:50:24,578 INFO     ___FILE_ONLY___ ═
2023-03-16 10:50:24,578 INFO     ___FILE_ONLY___ ═
2023-03-16 10:50:24,579 INFO     ___FILE_ONLY___ ═
2023-03-16 10:50:24,580 INFO     ___FILE_ONLY___ ═
2023-03-16 10:50:24,581 INFO     ___FILE_ONLY___ ═
2023-03-16 10:50:24,582 INFO     ___FILE_ONLY___ ═
2023-03-16 10:50:24,583 INFO     ___FILE_ONLY___ ═
2023-03-16 10:50:24,584 INFO     ___FILE_ONLY___ ═
2023-03-16 10:50:24,584 INFO     ___FILE_ONLY___ ═
2023-03-16 10:50:24,585 INFO     ___FILE_ONLY___ ═
2023-03-16 10:50:24,586 INFO     ___FILE_ONLY___ ═
2023-03-16 10:50:24,586 INFO     ___FILE_ONLY___ ═
2023-03-16 10:50:24,587 INFO     ___FILE_ONLY___ ═
2023-03-16 10:50:24,588 INFO     ___FILE_ONLY___ ═
2023-03-16 10:50:24,589 INFO     ___FILE_ONLY___ ═
2023-03-16 10:50:24,589 INFO     ___FILE_ONLY___ ═
2023-03-16 10:50:24,590 INFO     ___FILE_ONLY___ ═
2023-03-16 10:50:24,591 INFO     ___FILE_ONLY___ ═
2023-03-16 10:50:24,592 INFO     ___FILE_ONLY___ ═
2023-03-16 10:50:24,593 INFO     ___FILE_ONLY___ ═
2023-03-16 10:50:24,594 INFO     ___FILE_ONLY___ ═
2023-03-16 10:50:24,595 INFO     ___FILE_ONLY___ ═
2023-03-16 10:50:24,596 INFO     ___FILE_ONLY___ ═
2023-03-16 10:50:24,596 INFO     ___FILE_ONLY___ ═
2023-03-16 10:50:24,597 INFO     ___FILE_ONLY___ ═
2023-03-16 10:50:24,598 INFO     ___FILE_ONLY___ ═
2023-03-16 10:50:24,598 INFO     ___FILE_ONLY___ ═
2023-03-16 10:50:24,599 INFO     ___FILE_ONLY___ ═
2023-03-16 10:50:25,326 INFO     ___FILE_ONLY___ ══════════════════════════════
2023-03-16 10:50:25,327 INFO     ___FILE_ONLY___ ╝

2023-03-16 10:50:25,384 INFO     ___FILE_ONLY___ ╔════════════════════════════════════════════════════════════╗

2023-03-16 10:50:25,385 INFO     ___FILE_ONLY___ ╠═ Installing: Skaffold                                     ═╣

2023-03-16 10:50:25,385 INFO     ___FILE_ONLY___ ╚
2023-03-16 10:50:25,388 DEBUG    urllib3.connectionpool Starting new HTTPS connection (1): dl.google.com:443
2023-03-16 10:50:25,470 DEBUG    urllib3.connectionpool https://dl.google.com:443 "GET /dl/cloudsdk/channels/rapid/components/google-cloud-sdk-skaffold-darwin-arm-20230310163703.tar.gz HTTP/1.1" 200 22766948
2023-03-16 10:50:27,893 INFO     ___FILE_ONLY___ ═
2023-03-16 10:50:27,894 INFO     ___FILE_ONLY___ ═
2023-03-16 10:50:27,895 INFO     ___FILE_ONLY___ ═
2023-03-16 10:50:27,895 INFO     ___FILE_ONLY___ ═
2023-03-16 10:50:27,896 INFO     ___FILE_ONLY___ ═
2023-03-16 10:50:27,896 INFO     ___FILE_ONLY___ ═
2023-03-16 10:50:27,896 INFO     ___FILE_ONLY___ ═
2023-03-16 10:50:27,897 INFO     ___FILE_ONLY___ ═
2023-03-16 10:50:27,897 INFO     ___FILE_ONLY___ ═
2023-03-16 10:50:27,898 INFO     ___FILE_ONLY___ ═
2023-03-16 10:50:27,898 INFO     ___FILE_ONLY___ ═
2023-03-16 10:50:27,900 INFO     ___FILE_ONLY___ ═
2023-03-16 10:50:27,900 INFO     ___FILE_ONLY___ ═
2023-03-16 10:50:27,901 INFO     ___FILE_ONLY___ ═
2023-03-16 10:50:27,901 INFO     ___FILE_ONLY___ ═
2023-03-16 10:50:27,902 INFO     ___FILE_ONLY___ ═
2023-03-16 10:50:27,902 INFO     ___FILE_ONLY___ ═
2023-03-16 10:50:27,902 INFO     ___FILE_ONLY___ ═
2023-03-16 10:50:27,903 INFO     ___FILE_ONLY___ ═
2023-03-16 10:50:27,903 INFO     ___FILE_ONLY___ ═
2023-03-16 10:50:27,904 INFO     ___FILE_ONLY___ ═
2023-03-16 10:50:27,904 INFO     ___FILE_ONLY___ ═
2023-03-16 10:50:27,905 INFO     ___FILE_ONLY___ ═
2023-03-16 10:50:27,906 INFO     ___FILE_ONLY___ ═
2023-03-16 10:50:27,907 INFO     ___FILE_ONLY___ ═
2023-03-16 10:50:27,907 INFO     ___FILE_ONLY___ ═
2023-03-16 10:50:27,908 INFO     ___FILE_ONLY___ ═
2023-03-16 10:50:27,908 INFO     ___FILE_ONLY___ ═
2023-03-16 10:50:27,909 INFO     ___FILE_ONLY___ ═
2023-03-16 10:50:27,909 INFO     ___FILE_ONLY___ ═
2023-03-16 10:50:28,605 INFO     ___FILE_ONLY___ ══════════════════════════════
2023-03-16 10:50:28,605 INFO     ___FILE_ONLY___ ╝

2023-03-16 10:50:28,643 INFO     ___FILE_ONLY___ ╔════════════════════════════════════════════════════════════╗

2023-03-16 10:50:28,643 INFO     ___FILE_ONLY___ ╠═ Installing: Skaffold                                     ═╣

2023-03-16 10:50:28,643 INFO     ___FILE_ONLY___ ╚
2023-03-16 10:50:28,646 INFO     ___FILE_ONLY___ ════════════════════════════════════════════════════════════
2023-03-16 10:50:28,646 INFO     ___FILE_ONLY___ ╝

2023-03-16 10:50:28,678 INFO     ___FILE_ONLY___ ╔════════════════════════════════════════════════════════════╗

2023-03-16 10:50:28,679 INFO     ___FILE_ONLY___ ╠═ Installing: gcloud Alpha Commands                        ═╣

2023-03-16 10:50:28,679 INFO     ___FILE_ONLY___ ╚
2023-03-16 10:50:28,682 DEBUG    urllib3.connectionpool Starting new HTTPS connection (1): dl.google.com:443
2023-03-16 10:50:28,731 DEBUG    urllib3.connectionpool https://dl.google.com:443 "GET /dl/cloudsdk/channels/rapid/components/google-cloud-sdk-alpha-20230310163703.tar.gz HTTP/1.1" 200 800
2023-03-16 10:50:28,732 INFO     ___FILE_ONLY___ ══════════════════════════════
2023-03-16 10:50:28,732 INFO     ___FILE_ONLY___ ══════════════════════════════
2023-03-16 10:50:28,732 INFO     ___FILE_ONLY___ ╝

2023-03-16 10:50:28,769 INFO     ___FILE_ONLY___ ╔════════════════════════════════════════════════════════════╗

2023-03-16 10:50:28,769 INFO     ___FILE_ONLY___ ╠═ Installing: gcloud Beta Commands                         ═╣

2023-03-16 10:50:28,769 INFO     ___FILE_ONLY___ ╚
2023-03-16 10:50:28,772 DEBUG    urllib3.connectionpool Starting new HTTPS connection (1): dl.google.com:443
2023-03-16 10:50:28,813 DEBUG    urllib3.connectionpool https://dl.google.com:443 "GET /dl/cloudsdk/channels/rapid/components/google-cloud-sdk-beta-20230310163703.tar.gz HTTP/1.1" 200 797
2023-03-16 10:50:28,814 INFO     ___FILE_ONLY___ ══════════════════════════════
2023-03-16 10:50:28,815 INFO     ___FILE_ONLY___ ══════════════════════════════
2023-03-16 10:50:28,815 INFO     ___FILE_ONLY___ ╝

2023-03-16 10:50:28,864 INFO     ___FILE_ONLY___ ╔════════════════════════════════════════════════════════════╗

2023-03-16 10:50:28,864 INFO     ___FILE_ONLY___ ╠═ Installing: gcloud cli dependencies                      ═╣

2023-03-16 10:50:28,864 INFO     ___FILE_ONLY___ ╚
2023-03-16 10:50:28,867 DEBUG    urllib3.connectionpool Starting new HTTPS connection (1): dl.google.com:443
2023-03-16 10:50:28,928 DEBUG    urllib3.connectionpool https://dl.google.com:443 "GET /dl/cloudsdk/channels/rapid/components/google-cloud-sdk-gcloud-deps-darwin-x86_64-20210416153011.tar.gz HTTP/1.1" 200 105
2023-03-16 10:50:28,929 INFO     ___FILE_ONLY___ ══════════════════════════════
2023-03-16 10:50:28,929 INFO     ___FILE_ONLY___ ══════════════════════════════
2023-03-16 10:50:28,929 INFO     ___FILE_ONLY___ ╝

2023-03-16 10:50:28,966 INFO     ___FILE_ONLY___ ╔════════════════════════════════════════════════════════════╗

2023-03-16 10:50:28,966 INFO     ___FILE_ONLY___ ╠═ Installing: gke-gcloud-auth-plugin                       ═╣

2023-03-16 10:50:28,966 INFO     ___FILE_ONLY___ ╚
2023-03-16 10:50:28,969 DEBUG    urllib3.connectionpool Starting new HTTPS connection (1): dl.google.com:443
2023-03-16 10:50:29,060 DEBUG    urllib3.connectionpool https://dl.google.com:443 "GET /dl/cloudsdk/channels/rapid/components/google-cloud-sdk-gke-gcloud-auth-plugin-darwin-arm-20230303155151.tar.gz HTTP/1.1" 200 7495694
2023-03-16 10:50:29,883 INFO     ___FILE_ONLY___ ═
2023-03-16 10:50:29,884 INFO     ___FILE_ONLY___ ═
2023-03-16 10:50:29,884 INFO     ___FILE_ONLY___ ═
2023-03-16 10:50:29,884 INFO     ___FILE_ONLY___ ═
2023-03-16 10:50:29,884 INFO     ___FILE_ONLY___ ═
2023-03-16 10:50:29,885 INFO     ___FILE_ONLY___ ═
2023-03-16 10:50:29,885 INFO     ___FILE_ONLY___ ═
2023-03-16 10:50:29,885 INFO     ___FILE_ONLY___ ═
2023-03-16 10:50:29,885 INFO     ___FILE_ONLY___ ═
2023-03-16 10:50:29,885 INFO     ___FILE_ONLY___ ═
2023-03-16 10:50:29,886 INFO     ___FILE_ONLY___ ═
2023-03-16 10:50:29,886 INFO     ___FILE_ONLY___ ═
2023-03-16 10:50:29,886 INFO     ___FILE_ONLY___ ═
2023-03-16 10:50:29,886 INFO     ___FILE_ONLY___ ═
2023-03-16 10:50:29,886 INFO     ___FILE_ONLY___ ═
2023-03-16 10:50:29,887 INFO     ___FILE_ONLY___ ═
2023-03-16 10:50:29,887 INFO     ___FILE_ONLY___ ═
2023-03-16 10:50:29,887 INFO     ___FILE_ONLY___ ═
2023-03-16 10:50:29,887 INFO     ___FILE_ONLY___ ═
2023-03-16 10:50:29,887 INFO     ___FILE_ONLY___ ═
2023-03-16 10:50:29,887 INFO     ___FILE_ONLY___ ═
2023-03-16 10:50:29,888 INFO     ___FILE_ONLY___ ═
2023-03-16 10:50:29,888 INFO     ___FILE_ONLY___ ═
2023-03-16 10:50:29,888 INFO     ___FILE_ONLY___ ═
2023-03-16 10:50:29,888 INFO     ___FILE_ONLY___ ═
2023-03-16 10:50:29,888 INFO     ___FILE_ONLY___ ═
2023-03-16 10:50:29,889 INFO     ___FILE_ONLY___ ═
2023-03-16 10:50:29,889 INFO     ___FILE_ONLY___ ═
2023-03-16 10:50:29,889 INFO     ___FILE_ONLY___ ═
2023-03-16 10:50:29,889 INFO     ___FILE_ONLY___ ═
2023-03-16 10:50:30,046 INFO     ___FILE_ONLY___ ══════════════════════════════
2023-03-16 10:50:30,046 INFO     ___FILE_ONLY___ ╝

2023-03-16 10:50:30,084 INFO     ___FILE_ONLY___ ╔════════════════════════════════════════════════════════════╗

2023-03-16 10:50:30,084 INFO     ___FILE_ONLY___ ╠═ Installing: gke-gcloud-auth-plugin                       ═╣

2023-03-16 10:50:30,084 INFO     ___FILE_ONLY___ ╚
2023-03-16 10:50:30,087 INFO     ___FILE_ONLY___ ════════════════════════════════════════════════════════════
2023-03-16 10:50:30,087 INFO     ___FILE_ONLY___ ╝

2023-03-16 10:50:30,121 INFO     ___FILE_ONLY___ ╔════════════════════════════════════════════════════════════╗

2023-03-16 10:50:30,122 INFO     ___FILE_ONLY___ ╠═ Installing: kubectl                                      ═╣

2023-03-16 10:50:30,122 INFO     ___FILE_ONLY___ ╚
2023-03-16 10:50:30,125 DEBUG    urllib3.connectionpool Starting new HTTPS connection (1): dl.google.com:443
2023-03-16 10:50:30,255 DEBUG    urllib3.connectionpool https://dl.google.com:443 "GET /dl/cloudsdk/channels/rapid/components/google-cloud-sdk-kubectl-darwin-arm-20230303155151.tar.gz HTTP/1.1" 200 97309494
2023-03-16 10:50:41,631 INFO     ___FILE_ONLY___ ═
2023-03-16 10:50:41,635 INFO     ___FILE_ONLY___ ═
2023-03-16 10:50:41,638 INFO     ___FILE_ONLY___ ═
2023-03-16 10:50:41,640 INFO     ___FILE_ONLY___ ═
2023-03-16 10:50:41,642 INFO     ___FILE_ONLY___ ═
2023-03-16 10:50:41,645 INFO     ___FILE_ONLY___ ═
2023-03-16 10:50:41,647 INFO     ___FILE_ONLY___ ═
2023-03-16 10:50:41,650 INFO     ___FILE_ONLY___ ═
2023-03-16 10:50:41,652 INFO     ___FILE_ONLY___ ═
2023-03-16 10:50:41,654 INFO     ___FILE_ONLY___ ═
2023-03-16 10:50:41,657 INFO     ___FILE_ONLY___ ═
2023-03-16 10:50:41,659 INFO     ___FILE_ONLY___ ═
2023-03-16 10:50:41,663 INFO     ___FILE_ONLY___ ═
2023-03-16 10:50:41,666 INFO     ___FILE_ONLY___ ═
2023-03-16 10:50:41,669 INFO     ___FILE_ONLY___ ═
2023-03-16 10:50:41,672 INFO     ___FILE_ONLY___ ═
2023-03-16 10:50:41,674 INFO     ___FILE_ONLY___ ═
2023-03-16 10:50:41,676 INFO     ___FILE_ONLY___ ═
2023-03-16 10:50:41,679 INFO     ___FILE_ONLY___ ═
2023-03-16 10:50:41,681 INFO     ___FILE_ONLY___ ═
2023-03-16 10:50:41,684 INFO     ___FILE_ONLY___ ═
2023-03-16 10:50:41,687 INFO     ___FILE_ONLY___ ═
2023-03-16 10:50:41,690 INFO     ___FILE_ONLY___ ═
2023-03-16 10:50:41,694 INFO     ___FILE_ONLY___ ═
2023-03-16 10:50:41,696 INFO     ___FILE_ONLY___ ═
2023-03-16 10:50:41,701 INFO     ___FILE_ONLY___ ═
2023-03-16 10:50:41,709 INFO     ___FILE_ONLY___ ═
2023-03-16 10:50:41,715 INFO     ___FILE_ONLY___ ═
2023-03-16 10:50:41,723 INFO     ___FILE_ONLY___ ═
2023-03-16 10:50:41,725 INFO     ___FILE_ONLY___ ═
2023-03-16 10:50:43,384 INFO     ___FILE_ONLY___ ════
2023-03-16 10:50:43,631 INFO     ___FILE_ONLY___ ════
2023-03-16 10:50:43,874 INFO     ___FILE_ONLY___ ════
2023-03-16 10:50:44,103 INFO     ___FILE_ONLY___ ═════
2023-03-16 10:50:44,369 INFO     ___FILE_ONLY___ ════
2023-03-16 10:50:44,604 INFO     ___FILE_ONLY___ ════
2023-03-16 10:50:44,840 INFO     ___FILE_ONLY___ ═════
2023-03-16 10:50:44,841 INFO     ___FILE_ONLY___ ╝

2023-03-16 10:50:44,886 INFO     ___FILE_ONLY___ ╔════════════════════════════════════════════════════════════╗

2023-03-16 10:50:44,886 INFO     ___FILE_ONLY___ ╠═ Installing: kubectl                                      ═╣

2023-03-16 10:50:44,886 INFO     ___FILE_ONLY___ ╚
2023-03-16 10:50:44,890 DEBUG    urllib3.connectionpool Starting new HTTPS connection (1): dl.google.com:443
2023-03-16 10:50:44,936 DEBUG    urllib3.connectionpool https://dl.google.com:443 "GET /dl/cloudsdk/channels/rapid/components/google-cloud-sdk-kubectl-20230303155151.tar.gz HTTP/1.1" 200 35450
2023-03-16 10:50:44,948 INFO     ___FILE_ONLY___ ═════════════
2023-03-16 10:50:44,949 INFO     ___FILE_ONLY___ ══════════════
2023-03-16 10:50:44,949 INFO     ___FILE_ONLY___ ═══
2023-03-16 10:50:44,952 INFO     ___FILE_ONLY___ ══════════════════════════════
2023-03-16 10:50:44,952 INFO     ___FILE_ONLY___ ╝

2023-03-16 10:50:44,986 INFO     ___FILE_ONLY___ ╔════════════════════════════════════════════════════════════╗

2023-03-16 10:50:44,987 INFO     ___FILE_ONLY___ ╠═ Creating backup and activating new installation          ═╣

2023-03-16 10:50:44,987 INFO     ___FILE_ONLY___ ╚
2023-03-16 10:50:44,987 DEBUG    root            Attempting to move directory [/Users/wongshennan/Library/Application Support/cloud-code/installer/google-cloud-sdk] to [/Users/wongshennan/Library/Application Support/cloud-code/installer/google-cloud-sdk.staging/.install/.backup]
2023-03-16 10:50:44,987 INFO     ___FILE_ONLY___ ══════════════════════════════
2023-03-16 10:50:44,988 DEBUG    root            Attempting to move directory [/Users/wongshennan/Library/Application Support/cloud-code/installer/google-cloud-sdk.staging] to [/Users/wongshennan/Library/Application Support/cloud-code/installer/google-cloud-sdk]
2023-03-16 10:50:44,988 INFO     ___FILE_ONLY___ ══════════════════════════════
2023-03-16 10:50:44,988 INFO     ___FILE_ONLY___ ╝

2023-03-16 10:50:44,994 DEBUG    root            Updating notification cache...
2023-03-16 10:50:44,994 INFO     ___FILE_ONLY___ 

2023-03-16 10:50:45,037 INFO     ___FILE_ONLY___ Performing post processing steps...
2023-03-16 10:50:45,038 DEBUG    root            Executing command: ['/Users/wongshennan/opt/anaconda3/bin/python3', '-S', '/Users/wongshennan/Library/Application Support/cloud-code/installer/google-cloud-sdk/lib/gcloud.py', 'components', 'post-process']
2023-03-16 10:51:01,387 DEBUG    ___FILE_ONLY___ 
2023-03-16 10:51:01,389 DEBUG    ___FILE_ONLY___ 
2023-03-16 10:51:01,531 INFO     ___FILE_ONLY___ 
Update done!


2023-03-16 10:51:01,553 WARNING  root              There are other instances of Google Cloud tools on your system PATH.
  Please remove the following to avoid confusion or accidental invocation:

  /Users/wongshennan/google-cloud-sdk/bin/gsutil
/Users/wongshennan/google-cloud-sdk/bin/bq
/Users/wongshennan/google-cloud-sdk/bin/git-credential-gcloud.sh
/Users/wongshennan/google-cloud-sdk/bin/dev_appserver.py
/Applications/Docker.app/Contents/Resources/bin/kubectl
/Users/wongshennan/google-cloud-sdk/bin/gcloud
/opt/homebrew/Cellar/minikube/1.29.0/bin/minikube
/Users/wongshennan/google-cloud-sdk/bin/anthoscli
/Users/wongshennan/google-cloud-sdk/bin/java_dev_appserver.sh
/Users/wongshennan/google-cloud-sdk/bin/docker-credential-gcloud
/opt/homebrew/Cellar/kubernetes-cli/1.26.2/bin/kubectl

  
2023-03-16 10:51:01,562 DEBUG    root            Chosen display Format:none
2023-03-16 10:51:01,563 INFO     root            Display format: "none"
