2023-03-16 14:36:06,541 DEBUG    root            Loaded Command Group: ['gcloud', 'config']
2023-03-16 14:36:06,549 DEBUG    root            Loaded Command Group: ['gcloud', 'config', 'config_helper']
2023-03-16 14:36:06,551 DEBUG    root            Running [gcloud.config.config-helper] with arguments: [--format: "json", --quiet: "True", --verbosity: "warning"]
2023-03-16 14:36:06,640 DEBUG    urllib3.connectionpool Starting new HTTPS connection (1): www.gstatic.com:443
2023-03-16 14:36:06,747 DEBUG    urllib3.connectionpool https://www.gstatic.com:443 "GET /cloudsdk/feature_flag_config_file.yaml HTTP/1.1" 200 101
2023-03-16 14:36:06,753 DEBUG    root            Chosen display Format:default json
2023-03-16 14:36:06,754 INFO     root            Display format: "default json"
2023-03-16 14:36:06,754 INFO     ___FILE_ONLY___ {
  "configuration": {
    "active_configuration": "default",
    "properties": {
      "compute": {
        "region": "asia-southeast1-a"
      },
      "container": {
        "use_application_default_credentials": "true"
      },
      "core": {
        "account": "wongshennan@gmail.com",
        "disable_prompts": "True",
        "disable_usage_reporting": "True",
        "print_unhandled_tracebacks": "true",
        "project": "test",
        "verbosity": "warning"
      },
      "metrics": {
        "environment": "cloudcode.vscode",
        "environment_version": "1.21.3"
      }
    }
  },
  "credential": {
    "access_token": "ya29.a0AVvZVsoSw7uIIsEgxkcSiyMYM9n51OZKg-aCZr4oLRk-l6O7sJwzzukhI2TD7YyJcSYeXb-XyBdHIPtYmRIkTIKHwyFKJ7BONx7g9A6j8V0W3dKIeewanIIR81RWkcZuGcmp2HUAeGOdW5xveonfCZeZaCdPkbHLJgbB6mMaCgYKARUSARMSFQGbdwaI0D4kavhdK7qYjtPdUnXj6w0174",
    "id_token": "eyJhbGciOiJSUzI1NiIsImtpZCI6IjVkZjFmOTQ1ZmY5MDZhZWFlZmE5M2MyNzY5OGRiNDA2ZDYwNmIwZTgiLCJ0eXAiOiJKV1QifQ.eyJpc3MiOiJodHRwczovL2FjY291bnRzLmdvb2dsZS5jb20iLCJhenAiOiIzMjU1NTk0MDU1OS5hcHBzLmdvb2dsZXVzZXJjb250ZW50LmNvbSIsImF1ZCI6IjMyNTU1OTQwNTU5LmFwcHMuZ29vZ2xldXNlcmNvbnRlbnQuY29tIiwic3ViIjoiMTE0MTQ0MTEzNTczMTc4NjIzNzc1IiwiZW1haWwiOiJ3b25nc2hlbm5hbkBnbWFpbC5jb20iLCJlbWFpbF92ZXJpZmllZCI6dHJ1ZSwiYXRfaGFzaCI6IlVBQWpselN0V2xoTktNZXFMYlRXckEiLCJpYXQiOjE2Nzg5NDY3NDQsImV4cCI6MTY3ODk1MDM0NH0.MgWH_KiA0Ky1pNdOQn6jnxPrYDyN_Sb6TNODpyR_pC_L5I74Ay6U5bhLaYDeanCPIklTK7pS6LrhQikGKMP5Nf-SFWCYardGJPoEDCMzs90qgiEzzFoRQdWMEvdd-hfPNfCRYZADw5BJ1HCCJZJaBU8gz66kcXfZSDVUx8W44KHIhGKQwf4KGk3sYF0OE_kZIpFvEzqCduN5xRXxQxfOkIzgU8oES_TlkeSXKdawQIedE9fmsRX2rBOT5THjP1tdnmE3Vg65dxFectpx-l29Z3ercW2bNfsaZrJqT_1Hpm5_GkH585JciTC7FMIj4ZdEvi-45lwCTbaJG3cXek925w",
    "token_expiry": "2023-03-16T07:05:43Z"
  },
  "sentinels": {
    "config_sentinel": "/Users/wongshennan/.config/gcloud/config_sentinel"
  }
}
2023-03-16 14:36:06,754 INFO     ___FILE_ONLY___ 

