2023-03-16 18:31:12,298 DEBUG    root            Loaded Command Group: ['gcloud', 'config']
2023-03-16 18:31:12,302 DEBUG    root            Loaded Command Group: ['gcloud', 'config', 'config_helper']
2023-03-16 18:31:12,305 DEBUG    root            Running [gcloud.config.config-helper] with arguments: [--format: "json", --quiet: "True", --verbosity: "warning"]
2023-03-16 18:31:12,311 DEBUG    google.auth.transport.requests Making request: POST https://oauth2.googleapis.com/token
2023-03-16 18:31:12,324 DEBUG    urllib3.connectionpool Starting new HTTPS connection (1): oauth2.googleapis.com:443
2023-03-16 18:31:12,477 DEBUG    urllib3.connectionpool https://oauth2.googleapis.com:443 "POST /token HTTP/1.1" 200 None
2023-03-16 18:31:12,536 DEBUG    urllib3.connectionpool Starting new HTTPS connection (1): www.gstatic.com:443
2023-03-16 18:31:12,605 DEBUG    urllib3.connectionpool https://www.gstatic.com:443 "GET /cloudsdk/feature_flag_config_file.yaml HTTP/1.1" 200 101
2023-03-16 18:31:12,613 DEBUG    root            Chosen display Format:default json
2023-03-16 18:31:12,613 INFO     root            Display format: "default json"
2023-03-16 18:31:12,614 INFO     ___FILE_ONLY___ {
  "configuration": {
    "active_configuration": "default",
    "properties": {
      "compute": {
        "region": "asia-southeast1-a"
      },
      "container": {
        "use_application_default_credentials": "true"
      },
      "core": {
        "account": "wongshennan@gmail.com",
        "disable_prompts": "True",
        "disable_usage_reporting": "True",
        "print_unhandled_tracebacks": "true",
        "project": "test",
        "verbosity": "warning"
      },
      "metrics": {
        "environment": "cloudcode.vscode",
        "environment_version": "1.21.3"
      }
    }
  },
  "credential": {
    "access_token": "ya29.a0AVvZVsq8TChYWeJlJOEqhLRk43WqgWcOhdMLbnELpiMdvclCkU8GOBNYSabcLG4ae8PSqhcisgqBWEIWXdDbXW4crkaBr3eujC7ouWe6-pRJkQHV81oKY8Rn--72XgufdbHCji_Xlu2PZKnajrK0vjcYjl0ZOABq9ziAiuIaCgYKASASARMSFQGbdwaIFjdYIJj83PrS4m8PJQ35Tg0174",
    "id_token": "eyJhbGciOiJSUzI1NiIsImtpZCI6IjVkZjFmOTQ1ZmY5MDZhZWFlZmE5M2MyNzY5OGRiNDA2ZDYwNmIwZTgiLCJ0eXAiOiJKV1QifQ.eyJpc3MiOiJodHRwczovL2FjY291bnRzLmdvb2dsZS5jb20iLCJhenAiOiIzMjU1NTk0MDU1OS5hcHBzLmdvb2dsZXVzZXJjb250ZW50LmNvbSIsImF1ZCI6IjMyNTU1OTQwNTU5LmFwcHMuZ29vZ2xldXNlcmNvbnRlbnQuY29tIiwic3ViIjoiMTE0MTQ0MTEzNTczMTc4NjIzNzc1IiwiZW1haWwiOiJ3b25nc2hlbm5hbkBnbWFpbC5jb20iLCJlbWFpbF92ZXJpZmllZCI6dHJ1ZSwiYXRfaGFzaCI6ImRxbloyck1weVpMRlBUb0pqblBlVlEiLCJpYXQiOjE2Nzg5NjI2NzIsImV4cCI6MTY3ODk2NjI3Mn0.u7_po8wGGJR060xbzx0FM1h36vjTBngovq25dlk4vn_LQedrOuoOtz4-imBtxuhCCL6Y-h-vNnNGST2oGZBSaCOkBl33_2vPG0dsddqpNI94eEGBA8dN0-4kWuDdOqXsbQYpW68yS6gsMCPDAamQJ42rfG3NCDC-E5j3Ioz0X5nHYlOy9_ip4E5Ma-paFqbWCY5hiFGduoSLM-L-YTTIwCOGH_K4qbmSucItKfJQv7FHn-3engSYG6sDC5jyD9P_6eAjmKGNAg9ddJfCxKjMzUFxxgBFvbn5de2CcsObMDfgmjRfOHpwYBwjn0UOv1MxlGbbY5P_Yyr72cjYr83wvQ",
    "token_expiry": "2023-03-16T11:31:11Z"
  },
  "sentinels": {
    "config_sentinel": "/Users/wongshennan/.config/gcloud/config_sentinel"
  }
}
2023-03-16 18:31:12,614 INFO     ___FILE_ONLY___ 

