2023-02-26 23:28:56,301 DEBUG    root            Loaded Command Group: ['gcloud', 'auth']
2023-02-26 23:28:56,301 DEBUG    root            Loaded Command Group: ['gcloud', 'auth']
2023-02-26 23:28:56,305 DEBUG    root            Loaded Command Group: ['gcloud', 'auth', 'list']
2023-02-26 23:28:56,305 DEBUG    root            Loaded Command Group: ['gcloud', 'auth', 'list']
2023-02-26 23:28:56,307 DEBUG    root            Running [gcloud.auth.list] with arguments: [--filter: "status=ACTIVE", --format: "value(account)", --quiet: "True", --verbosity: "warning"]
2023-02-26 23:28:56,307 DEBUG    root            Running [gcloud.auth.list] with arguments: [--filter: "status=ACTIVE", --format: "value(account)", --quiet: "True", --verbosity: "warning"]
2023-02-26 23:28:56,319 DEBUG    root            Chosen display Format:    table[title='Credentialed Accounts'](
        status.yesno(yes='*', no=''):label=ACTIVE,
        account
    ) value(account)
2023-02-26 23:28:56,319 DEBUG    root            Chosen display Format:    table[title='Credentialed Accounts'](
        status.yesno(yes='*', no=''):label=ACTIVE,
        account
    ) value(account)
2023-02-26 23:28:56,320 INFO     root            Display format: "    table[title='Credentialed Accounts'](
        status.yesno(yes='*', no=''):label=ACTIVE,
        account
    ) value(account)"
2023-02-26 23:28:56,320 INFO     root            Display format: "    table[title='Credentialed Accounts'](
        status.yesno(yes='*', no=''):label=ACTIVE,
        account
    ) value(account)"
2023-02-26 23:28:56,321 INFO     ___FILE_ONLY___ wongshennan@gmail.com

2023-02-26 23:28:56,321 INFO     ___FILE_ONLY___ wongshennan@gmail.com

